<?xml version="1.0" encoding="UTF-8"?>
<TestRun id="e9b4ffa7-a3ec-4173-99b4-db910b03f683" name="rbvm@BURSTINI 2013-05-28 04:15:00_Any CPU_Debug" runUser="AD-BEDAG-CH\rbvm" xmlns="http://microsoft.com/schemas/VisualStudio/TeamTest/2010">
    <TestSettings name="KiSS4 SQL Database" id="e65f2a6c-2120-48b0-99c9-9ec3db2aeff2">
        <Description>KiSS4 unit test settings for tests on a real database.</Description>
        <Deployment userDeploymentRoot="E:\KiSS-Builds\2\KiSS\KiSS4 Nightly Tests\TestResults" useDefaultDeploymentRoot="false" runDeploymentRoot="rbvm_BURSTINI 2013-05-28 04_15_00_Any CPU_Debug">
            <DeploymentItem filename="Database.config" />
        </Deployment>
        <Execution>
            <TestTypeSpecific>
                <UnitTestRunConfig testTypeId="13cdc9d9-ddb5-4fa4-a97d-d965ccfc6d4b">
                    <AssemblyResolution>
                        <TestDirectory useLoadContext="true" />
                    </AssemblyResolution>
                </UnitTestRunConfig>
            </TestTypeSpecific>
            <AgentRule name="Execution Agents">
            </AgentRule>
        </Execution>
    </TestSettings>
    <Times creation="2013-05-28T04:15:00.1259890+02:00" queuing="2013-05-28T04:15:12.9541961+02:00" start="2013-05-28T04:15:13.8760770+02:00" finish="2013-05-28T04:24:10.5357616+02:00" />
    <ResultSummary outcome="Inconclusive">
        <Counters total="354" executed="354" passed="352" error="0" failed="0" timeout="0" aborted="0" inconclusive="2" passedButRunAborted="0" notRunnable="0" notExecuted="0" disconnected="0" warning="0" completed="0" inProgress="0" pending="0" />
        <Output>
            <StdOut>
                Using DB (server=schinti\a99tdbsql08;initial catalog=KiSS_BSS_TestRelease_R4531;user id=kiss3;password=kiss2012).
                Using DB (server=schinti\a99tdbsql08;initial catalog=KiSS_BSS_TestRelease_R4531;user id=kiss3;password=kiss2012).
                Using DB (server=schinti\a99tdbsql08;initial catalog=KiSS_BSS_TestRelease_R4531;user id=kiss3;password=kiss2012).
                Using DB (server=schinti\a99tdbsql08;initial catalog=KiSS_BSS_TestRelease_R4531;user id=kiss3;password=kiss2012).
                Using DB (server=schinti\a99tdbsql08;initial catalog=KiSS_BSS_TestRelease_R4531;user id=kiss3;password=kiss2012).
                Using DB (server=schinti\a99tdbsql08;initial catalog=KiSS_BSS_TestRelease_R4531;user id=kiss3;password=kiss2012).
                Using DB (server=schinti\a99tdbsql08;initial catalog=KiSS_BSS_TestRelease_R4531;user id=kiss3;password=kiss2012).
                Using DB (server=schinti\a99tdbsql08;initial catalog=KiSS_BSS_TestRelease_R4531;user id=kiss3;password=kiss2012).
                Using DB (server=schinti\a99tdbsql08;initial catalog=KiSS_BSS_TestRelease_R4531;user id=kiss3;password=kiss2012).
                Using DB (server=schinti\a99tdbsql08;initial catalog=KiSS_BSS_TestRelease_R4531;user id=kiss3;password=kiss2012).
                Using DB (server=schinti\a99tdbsql08;initial catalog=KiSS_BSS_TestRelease_R4531;user id=kiss3;password=kiss2012).
                Using DB (server=schinti\a99tdbsql08;initial catalog=KiSS_BSS_TestRelease_R4531;user id=kiss3;password=kiss2012).
                Using DB (server=schinti\a99tdbsql08;initial catalog=KiSS_BSS_TestRelease_R4531;user id=kiss3;password=kiss2012).
                Using DB (server=schinti\a99tdbsql08;initial catalog=KiSS_BSS_TestRelease_R4531;user id=kiss3;password=kiss2012).
                Using DB (server=schinti\a99tdbsql08;initial catalog=KiSS_BSS_TestRelease_R4531;user id=kiss3;password=kiss2012).
                Using DB (server=schinti\a99tdbsql08;initial catalog=KiSS_BSS_TestRelease_R4531;user id=kiss3;password=kiss2012).
                Using DB (server=schinti\a99tdbsql08;initial catalog=KiSS_BSS_TestRelease_R4531;user id=kiss3;password=kiss2012).
                Using DB (server=schinti\a99tdbsql08;initial catalog=KiSS_BSS_TestRelease_R4531;user id=kiss3;password=kiss2012).
                Using DB (server=schinti\a99tdbsql08;initial catalog=KiSS_BSS_TestRelease_R4531;user id=kiss3;password=kiss2012).
                Using DB (server=schinti\a99tdbsql08;initial catalog=KiSS_BSS_TestRelease_R4531;user id=kiss3;password=kiss2012).
                Using DB (server=schinti\a99tdbsql08;initial catalog=KiSS_BSS_TestRelease_R4531;user id=kiss3;password=kiss2012).
                Using DB (server=schinti\a99tdbsql08;initial catalog=KiSS_BSS_TestRelease_R4531;user id=kiss3;password=kiss2012).
                Using DB (server=schinti\a99tdbsql08;initial catalog=KiSS_BSS_TestRelease_R4531;user id=kiss3;password=kiss2012).
                Using DB (server=schinti\a99tdbsql08;initial catalog=KiSS_BSS_TestRelease_R4531;user id=kiss3;password=kiss2012).
                Using DB (server=schinti\a99tdbsql08;initial catalog=KiSS_BSS_TestRelease_R4531;user id=kiss3;password=kiss2012).
                Using DB (server=schinti\a99tdbsql08;initial catalog=KiSS_BSS_TestRelease_R4531;user id=kiss3;password=kiss2012).
                Using DB (server=schinti\a99tdbsql08;initial catalog=KiSS_BSS_TestRelease_R4531;user id=kiss3;password=kiss2012).
            </StdOut>
            <DebugTrace>DBVersion: 4.5.31.0DBVersion: 4.5.31.0DBVersion: 4.5.31.0DBVersion: 4.5.31.0DBVersion: 4.5.31.0DBVersion: 4.5.31.0DBVersion: 4.5.31.0DBVersion: 4.5.31.0DBVersion: 4.5.31.0DBVersion: 4.5.31.0DBVersion: 4.5.31.0DBVersion: 4.5.31.0DBVersion: 4.5.31.0DBVersion: 4.5.31.0DBVersion: 4.5.31.0DBVersion: 4.5.31.0DBVersion: 4.5.31.0DBVersion: 4.5.31.0DBVersion: 4.5.31.0DBVersion: 4.5.31.0DBVersion: 4.5.31.0DBVersion: 4.5.31.0DBVersion: 4.5.31.0DBVersion: 4.5.31.0DBVersion: 4.5.31.0DBVersion: 4.5.31.0DBVersion: 4.5.31.0</DebugTrace>
        </Output>
    </ResultSummary>
    <TestDefinitions>
        <UnitTest name="Test_ParseTwoRecordFirstTooLongSecondWithoutEndLine" storage="e:\kiss-builds\2\kiss\kiss4 nightly tests\binaries\kiss.klibu.bl.test.dll" id="89ec15df-e80d-9335-0ec6-437c445bc34c">
            <Description>
                Parse a too long bank records, and a second correct one without
                .
            </Description>
            <TestCategory>
                <TestCategoryItem TestCategory="Local" />
            </TestCategory>
            <Execution id="379b7b78-f4f0-44f6-845a-060e2dac2249" />
            <TestMethod codeBase="E:/KiSS-Builds/2/KiSS/KiSS4 Nightly Tests/Binaries/KiSS.KliBu.BL.Test.DLL" adapterTypeName="Microsoft.VisualStudio.TestTools.TestTypes.Unit.UnitTestAdapter, Microsoft.VisualStudio.QualityTools.Tips.UnitTest.Adapter, Version=10.0.0.0, Culture=neutral, PublicKeyToken=b03f5f7f11d50a3a" className="KiSS.KliBu.BL.Test.UnitTest.BankParserTest, KiSS.KliBu.BL.Test, Version=4.5.22.204, Culture=neutral, PublicKeyToken=null" name="Test_ParseTwoRecordFirstTooLongSecondWithoutEndLine" />
        </UnitTest>
        <UnitTest name="Validate_ValidateEntity_ResultIsOk" storage="e:\kiss-builds\2\kiss\kiss4 nightly tests\binaries\kiss.bl.test.dll" id="30d316b1-da60-54f3-74f3-0b39d19fa594">
            <Execution id="cf582284-7aa3-437e-8cab-1a2cd699442f" />
            <TestMethod codeBase="E:/KiSS-Builds/2/KiSS/KiSS4 Nightly Tests/Binaries/Kiss.BL.Test.DLL" adapterTypeName="Microsoft.VisualStudio.TestTools.TestTypes.Unit.UnitTestAdapter, Microsoft.VisualStudio.QualityTools.Tips.UnitTest.Adapter, Version=10.0.0.0, Culture=neutral, PublicKeyToken=b03f5f7f11d50a3a" className="Kiss.BL.Test.Fs.FsReduktionServiceTest, Kiss.BL.Test, Version=4.5.22.204, Culture=neutral, PublicKeyToken=null" name="Validate_ValidateEntity_ResultIsOk" />
        </UnitTest>
        <UnitTest name="Validate_StandardAufwandIsLessThan0_ResultIsStandardAufwandError" storage="e:\kiss-builds\2\kiss\kiss4 nightly tests\binaries\kiss.bl.test.dll" id="315af571-203d-0b93-f525-0742cef6e329">
            <Execution id="f1a33027-b83c-4a07-bb55-c28a01f82d14" />
            <TestMethod codeBase="E:/KiSS-Builds/2/KiSS/KiSS4 Nightly Tests/Binaries/Kiss.BL.Test.DLL" adapterTypeName="Microsoft.VisualStudio.TestTools.TestTypes.Unit.UnitTestAdapter, Microsoft.VisualStudio.QualityTools.Tips.UnitTest.Adapter, Version=10.0.0.0, Culture=neutral, PublicKeyToken=b03f5f7f11d50a3a" className="Kiss.BL.Test.Fs.FsReduktionServiceTest, Kiss.BL.Test, Version=4.5.22.204, Culture=neutral, PublicKeyToken=null" name="Validate_StandardAufwandIsLessThan0_ResultIsStandardAufwandError" />
        </UnitTest>
        <UnitTest name="BetragJaehrlich_SetBetragMonatlich_BetragJaehrlichIsSet" storage="e:\kiss-builds\2\kiss\kiss4 nightly tests\binaries\kiss.model.test.dll" id="918db99d-82ca-371e-9670-611648da3a4b">
            <Execution id="77fe6d2d-c05b-473a-a6f3-60a944739354" />
            <TestMethod codeBase="E:/KiSS-Builds/2/KiSS/KiSS4 Nightly Tests/Binaries/Kiss.Model.Test.DLL" adapterTypeName="Microsoft.VisualStudio.TestTools.TestTypes.Unit.UnitTestAdapter, Microsoft.VisualStudio.QualityTools.Tips.UnitTest.Adapter, Version=10.0.0.0, Culture=neutral, PublicKeyToken=b03f5f7f11d50a3a" className="Kiss.Model.Test.PartialTest.VmPositionPartialTest, Kiss.Model.Test, Version=4.5.22.204, Culture=neutral, PublicKeyToken=null" name="BetragJaehrlich_SetBetragMonatlich_BetragJaehrlichIsSet" />
        </UnitTest>
        <UnitTest name="Test_RuleClearingNr" storage="e:\kiss-builds\2\kiss\kiss4 nightly tests\binaries\kiss.klibu.bl.test.dll" id="42d4cb89-70ae-b87d-3592-aae6175dec97">
            <Description>Test the rule for ClearingNr</Description>
            <TestCategory>
                <TestCategoryItem TestCategory="Local" />
            </TestCategory>
            <Execution id="fb544d55-0295-4e05-b4bc-3d24da80abd4" />
            <TestMethod codeBase="E:/KiSS-Builds/2/KiSS/KiSS4 Nightly Tests/Binaries/KiSS.KliBu.BL.Test.DLL" adapterTypeName="Microsoft.VisualStudio.TestTools.TestTypes.Unit.UnitTestAdapter, Microsoft.VisualStudio.QualityTools.Tips.UnitTest.Adapter, Version=10.0.0.0, Culture=neutral, PublicKeyToken=b03f5f7f11d50a3a" className="KiSS.KliBu.BL.Test.UnitTest.BankValidatorTest, KiSS.KliBu.BL.Test, Version=4.5.22.204, Culture=neutral, PublicKeyToken=null" name="Test_RuleClearingNr" />
        </UnitTest>
        <UnitTest name="GetByFaLeistungId_BudgetExists_ReturnBudget" storage="e:\kiss-builds\2\kiss\kiss4 nightly tests\binaries\kiss.bl.test.dll" id="08fd41ce-efa8-02b1-9c43-1e7f271f5126">
            <Execution id="1dcb9760-efff-4ae2-bdbe-3bf4770ea081" />
            <TestMethod codeBase="E:/KiSS-Builds/2/KiSS/KiSS4 Nightly Tests/Binaries/Kiss.BL.Test.DLL" adapterTypeName="Microsoft.VisualStudio.TestTools.TestTypes.Unit.UnitTestAdapter, Microsoft.VisualStudio.QualityTools.Tips.UnitTest.Adapter, Version=10.0.0.0, Culture=neutral, PublicKeyToken=b03f5f7f11d50a3a" className="Kiss.BL.Test.Vm.VmKlientenbudgetDTOServiceTest, Kiss.BL.Test, Version=4.5.22.204, Culture=neutral, PublicKeyToken=null" name="GetByFaLeistungId_BudgetExists_ReturnBudget" />
        </UnitTest>
        <UnitTest name="Validate_ModifiedIsLessThanSqlDateTimeMin_HasError" storage="e:\kiss-builds\2\kiss\kiss4 nightly tests\binaries\kiss.bl.test.dll" id="b64975c0-81f9-1a7f-761d-16630dffb25b">
            <Execution id="3af588be-6db6-4f57-be78-b3a223cad2fa" />
            <TestMethod codeBase="E:/KiSS-Builds/2/KiSS/KiSS4 Nightly Tests/Binaries/Kiss.BL.Test.DLL" adapterTypeName="Microsoft.VisualStudio.TestTools.TestTypes.Unit.UnitTestAdapter, Microsoft.VisualStudio.QualityTools.Tips.UnitTest.Adapter, Version=10.0.0.0, Culture=neutral, PublicKeyToken=b03f5f7f11d50a3a" className="Kiss.BL.Test.ValidatorBaseTest, Kiss.BL.Test, Version=4.5.22.204, Culture=neutral, PublicKeyToken=null" name="Validate_ModifiedIsLessThanSqlDateTimeMin_HasError" />
        </UnitTest>
        <UnitTest name="Validate_NullableDecimalIsNotInRange_HasError" storage="e:\kiss-builds\2\kiss\kiss4 nightly tests\binaries\kiss.bl.test.dll" id="19ae473f-6099-5227-f06d-3059e00ca763">
            <Execution id="2c51ff06-dae8-46cd-b2c6-2fbbb62d8206" />
            <TestMethod codeBase="E:/KiSS-Builds/2/KiSS/KiSS4 Nightly Tests/Binaries/Kiss.BL.Test.DLL" adapterTypeName="Microsoft.VisualStudio.TestTools.TestTypes.Unit.UnitTestAdapter, Microsoft.VisualStudio.QualityTools.Tips.UnitTest.Adapter, Version=10.0.0.0, Culture=neutral, PublicKeyToken=b03f5f7f11d50a3a" className="Kiss.BL.Test.ValidatorBaseTest, Kiss.BL.Test, Version=4.5.22.204, Culture=neutral, PublicKeyToken=null" name="Validate_NullableDecimalIsNotInRange_HasError" />
        </UnitTest>
        <UnitTest name="Test_DtaRecordFactoryKlibuNOK" storage="e:\kiss-builds\2\kiss\kiss4 nightly tests\binaries\kiss4.schnittstellen.test.dll" id="424019e2-33f0-2722-b86f-6c7ecd0b892c">
            <Execution id="00db78ea-1b2d-43f4-89ff-b7114edcf46d" />
            <TestMethod codeBase="E:/KiSS-Builds/2/KiSS/KiSS4 Nightly Tests/Binaries/KiSS4.Schnittstellen.Test.DLL" adapterTypeName="Microsoft.VisualStudio.TestTools.TestTypes.Unit.UnitTestAdapter, Microsoft.VisualStudio.QualityTools.Tips.UnitTest.Adapter, Version=10.0.0.0, Culture=neutral, PublicKeyToken=b03f5f7f11d50a3a" className="KiSS4.Schnittstellen.Test.DtaRecordFactoryTests, KiSS4.Schnittstellen.Test, Version=4.5.22.204, Culture=neutral, PublicKeyToken=null" name="Test_DtaRecordFactoryKlibuNOK" />
        </UnitTest>
        <UnitTest name="TryGetValue_NullableIntNull_ValueFound" storage="e:\kiss-builds\2\kiss\kiss4 nightly tests\binaries\kiss.infrastructure.test.dll" id="5555d58b-fc7e-dfb7-ee34-07fd8d30afaa">
            <Execution id="48d57731-8cd3-4c37-8cf5-c45c2fa7a136" />
            <TestMethod codeBase="E:/KiSS-Builds/2/KiSS/KiSS4 Nightly Tests/Binaries/Kiss.Infrastructure.Test.DLL" adapterTypeName="Microsoft.VisualStudio.TestTools.TestTypes.Unit.UnitTestAdapter, Microsoft.VisualStudio.QualityTools.Tips.UnitTest.Adapter, Version=10.0.0.0, Culture=neutral, PublicKeyToken=b03f5f7f11d50a3a" className="Kiss.Infrastructure.Test.ExtensionsTest, Kiss.Infrastructure.Test, Version=1.0.0.0, Culture=neutral, PublicKeyToken=null" name="TryGetValue_NullableIntNull_ValueFound" />
        </UnitTest>
        <UnitTest name="Test_FavoriteNameTooLong" storage="e:\kiss-builds\2\kiss\kiss4 nightly tests\binaries\kiss4.favoriten.test.dll" id="8128752c-b306-2d1d-1c8b-243eef322bee">
            <Execution id="ad4f72e2-2c64-4d89-9a14-26451115c26c" />
            <TestMethod codeBase="E:/KiSS-Builds/2/KiSS/KiSS4 Nightly Tests/Binaries/KiSS4.Favoriten.Test.DLL" adapterTypeName="Microsoft.VisualStudio.TestTools.TestTypes.Unit.UnitTestAdapter, Microsoft.VisualStudio.QualityTools.Tips.UnitTest.Adapter, Version=10.0.0.0, Culture=neutral, PublicKeyToken=b03f5f7f11d50a3a" className="KiSS4.Favoriten.Test.BusinessRules.IncorrectTests, KiSS4.Favoriten.Test, Version=4.5.22.204, Culture=neutral, PublicKeyToken=null" name="Test_FavoriteNameTooLong" />
        </UnitTest>
        <UnitTest name="Test_GetStream" storage="e:\kiss-builds\2\kiss\kiss4 nightly tests\binaries\kiss.common.test.dll" id="042da973-6a85-8394-aee7-3d19e352f7fb">
            <Description>Get the zip file stream</Description>
            <TestCategory>
                <TestCategoryItem TestCategory="TestData" />
            </TestCategory>
            <DeploymentItems>
                <DeploymentItem filename="TestFiles\bcbankenstamm.zip" outputDirectory="TestFiles" />
            </DeploymentItems>
            <Execution id="2706efdb-1bcb-44aa-a665-6dc0a5930e2a" />
            <TestMethod codeBase="E:/KiSS-Builds/2/KiSS/KiSS4 Nightly Tests/Binaries/KiSS.Common.Test.DLL" adapterTypeName="Microsoft.VisualStudio.TestTools.TestTypes.Unit.UnitTestAdapter, Microsoft.VisualStudio.QualityTools.Tips.UnitTest.Adapter, Version=10.0.0.0, Culture=neutral, PublicKeyToken=b03f5f7f11d50a3a" className="KiSS.Common.Test.ZipTest, KiSS.Common.Test, Version=4.5.22.204, Culture=neutral, PublicKeyToken=null" name="Test_GetStream" />
        </UnitTest>
        <UnitTest name="GetAlter_Geburtsdatum_Referenzdatum_Vor_Geburtsdatum" storage="e:\kiss-builds\2\kiss\kiss4 nightly tests\binaries\kiss.model.test.dll" id="e6bcacf8-0151-0a87-c575-f161af022554">
            <Execution id="5b2e9de9-2f38-45e0-b0fd-494a3e07d469" />
            <TestMethod codeBase="E:/KiSS-Builds/2/KiSS/KiSS4 Nightly Tests/Binaries/Kiss.Model.Test.DLL" adapterTypeName="Microsoft.VisualStudio.TestTools.TestTypes.Unit.UnitTestAdapter, Microsoft.VisualStudio.QualityTools.Tips.UnitTest.Adapter, Version=10.0.0.0, Culture=neutral, PublicKeyToken=b03f5f7f11d50a3a" className="Kiss.Model.Test.PartialTest.BaPersonPartialTest, Kiss.Model.Test, Version=4.5.22.204, Culture=neutral, PublicKeyToken=null" name="GetAlter_Geburtsdatum_Referenzdatum_Vor_Geburtsdatum" />
        </UnitTest>
        <UnitTest name="ImportData_VvgPosition_ImportIsOk" storage="e:\kiss-builds\2\kiss\kiss4 nightly tests\binaries\kiss.bl.test.dll" id="845463c6-be67-9168-aa02-32cc56abb085">
            <Execution id="8196973e-d24e-4d05-abfe-ed7d01aab69f" />
            <TestMethod codeBase="E:/KiSS-Builds/2/KiSS/KiSS4 Nightly Tests/Binaries/Kiss.BL.Test.DLL" adapterTypeName="Microsoft.VisualStudio.TestTools.TestTypes.Unit.UnitTestAdapter, Microsoft.VisualStudio.QualityTools.Tips.UnitTest.Adapter, Version=10.0.0.0, Culture=neutral, PublicKeyToken=b03f5f7f11d50a3a" className="Kiss.BL.Test.Vm.VmPositionServiceTest, Kiss.BL.Test, Version=4.5.22.204, Culture=neutral, PublicKeyToken=null" name="ImportData_VvgPosition_ImportIsOk" />
        </UnitTest>
        <UnitTest name="DeleteEntries_LastMonth" storage="e:\kiss-builds\2\kiss\kiss4 nightly tests\binaries\kiss.bl.test.dll" id="0fa75a26-8d65-73df-a2b0-1501e8ec7d6c">
            <Execution id="14021413-074d-45bf-8279-20d9f0f15819" />
            <TestMethod codeBase="E:/KiSS-Builds/2/KiSS/KiSS4 Nightly Tests/Binaries/Kiss.BL.Test.DLL" adapterTypeName="Microsoft.VisualStudio.TestTools.TestTypes.Unit.UnitTestAdapter, Microsoft.VisualStudio.QualityTools.Tips.UnitTest.Adapter, Version=10.0.0.0, Culture=neutral, PublicKeyToken=b03f5f7f11d50a3a" className="Kiss.BL.Test.Fs.FsReduktionMitarbeiterServiceTest, Kiss.BL.Test, Version=4.5.22.204, Culture=neutral, PublicKeyToken=null" name="DeleteEntries_LastMonth" />
        </UnitTest>
        <UnitTest name="Test_AdditionOverOneYear" storage="e:\kiss-builds\2\kiss\kiss4 nightly tests\binaries\kiss.infrastructure.test.dll" id="263a091e-04e4-80c2-31c0-2c80c6abb1e5">
            <Execution id="c94a71a7-6fc2-4936-aae8-1075c415bb75" />
            <TestMethod codeBase="E:/KiSS-Builds/2/KiSS/KiSS4 Nightly Tests/Binaries/Kiss.Infrastructure.Test.DLL" adapterTypeName="Microsoft.VisualStudio.TestTools.TestTypes.Unit.UnitTestAdapter, Microsoft.VisualStudio.QualityTools.Tips.UnitTest.Adapter, Version=10.0.0.0, Culture=neutral, PublicKeyToken=b03f5f7f11d50a3a" className="Kiss.Infrastructure.Test.MonthYearTest, Kiss.Infrastructure.Test, Version=1.0.0.0, Culture=neutral, PublicKeyToken=null" name="Test_AdditionOverOneYear" />
        </UnitTest>
        <UnitTest name="Test_AdditionOverOneYearMinusOneMonth" storage="e:\kiss-builds\2\kiss\kiss4 nightly tests\binaries\kiss.infrastructure.test.dll" id="6fe0716b-c936-6af7-a3bc-5d6332e177be">
            <Execution id="fde2a548-99db-458b-a77a-22d0df9191e8" />
            <TestMethod codeBase="E:/KiSS-Builds/2/KiSS/KiSS4 Nightly Tests/Binaries/Kiss.Infrastructure.Test.DLL" adapterTypeName="Microsoft.VisualStudio.TestTools.TestTypes.Unit.UnitTestAdapter, Microsoft.VisualStudio.QualityTools.Tips.UnitTest.Adapter, Version=10.0.0.0, Culture=neutral, PublicKeyToken=b03f5f7f11d50a3a" className="Kiss.Infrastructure.Test.MonthYearTest, Kiss.Infrastructure.Test, Version=1.0.0.0, Culture=neutral, PublicKeyToken=null" name="Test_AdditionOverOneYearMinusOneMonth" />
        </UnitTest>
        <UnitTest name="Test_OkWhenGueltigAbIsNotNull" storage="e:\kiss-builds\2\kiss\kiss4 nightly tests\binaries\kiss.klibu.bl.test.dll" id="565f04c6-b8aa-3519-5264-acbe004f5e3b">
            <Description>Should not have a validation error when the FilialeNr is in the range</Description>
            <TestCategory>
                <TestCategoryItem TestCategory="Local" />
            </TestCategory>
            <Execution id="5cc2fdf8-0a3c-48cc-aa7e-2c7f2b89a764" />
            <TestMethod codeBase="E:/KiSS-Builds/2/KiSS/KiSS4 Nightly Tests/Binaries/KiSS.KliBu.BL.Test.DLL" adapterTypeName="Microsoft.VisualStudio.TestTools.TestTypes.Unit.UnitTestAdapter, Microsoft.VisualStudio.QualityTools.Tips.UnitTest.Adapter, Version=10.0.0.0, Culture=neutral, PublicKeyToken=b03f5f7f11d50a3a" className="KiSS.KliBu.BL.Test.UnitTest.BankValidatorTest, KiSS.KliBu.BL.Test, Version=4.5.22.204, Culture=neutral, PublicKeyToken=null" name="Test_OkWhenGueltigAbIsNotNull" />
        </UnitTest>
        <UnitTest name="Test_Increment" storage="e:\kiss-builds\2\kiss\kiss4 nightly tests\binaries\kiss.infrastructure.test.dll" id="d8d9d74b-2f99-cbee-02fa-042af5e2dc03">
            <Execution id="31e5b2ff-8e11-4133-ab22-72fac5c09050" />
            <TestMethod codeBase="E:/KiSS-Builds/2/KiSS/KiSS4 Nightly Tests/Binaries/Kiss.Infrastructure.Test.DLL" adapterTypeName="Microsoft.VisualStudio.TestTools.TestTypes.Unit.UnitTestAdapter, Microsoft.VisualStudio.QualityTools.Tips.UnitTest.Adapter, Version=10.0.0.0, Culture=neutral, PublicKeyToken=b03f5f7f11d50a3a" className="Kiss.Infrastructure.Test.MonthYearTest, Kiss.Infrastructure.Test, Version=1.0.0.0, Culture=neutral, PublicKeyToken=null" name="Test_Increment" />
        </UnitTest>
        <UnitTest name="Validate_NameIsEmpty_HasError" storage="e:\kiss-builds\2\kiss\kiss4 nightly tests\binaries\kiss.bl.test.dll" id="62f4c7f7-c916-7381-e674-e01e1bc0b2f5">
            <Execution id="a9a4cb04-23c3-400a-819d-7ef10b097e97" />
            <TestMethod codeBase="E:/KiSS-Builds/2/KiSS/KiSS4 Nightly Tests/Binaries/Kiss.BL.Test.DLL" adapterTypeName="Microsoft.VisualStudio.TestTools.TestTypes.Unit.UnitTestAdapter, Microsoft.VisualStudio.QualityTools.Tips.UnitTest.Adapter, Version=10.0.0.0, Culture=neutral, PublicKeyToken=b03f5f7f11d50a3a" className="Kiss.BL.Test.Fs.Validation.FsReduktionMitarbeiterValidatorTest, Kiss.BL.Test, Version=4.5.22.204, Culture=neutral, PublicKeyToken=null" name="Validate_NameIsEmpty_HasError" />
        </UnitTest>
        <UnitTest name="TryGetValue_ListOfIntValid_ValueFound" storage="e:\kiss-builds\2\kiss\kiss4 nightly tests\binaries\kiss.infrastructure.test.dll" id="1658fb11-50b8-c151-13dc-864f9ff21bed">
            <Execution id="5338a9d1-2d9c-42b2-8d60-ecc88c207680" />
            <TestMethod codeBase="E:/KiSS-Builds/2/KiSS/KiSS4 Nightly Tests/Binaries/Kiss.Infrastructure.Test.DLL" adapterTypeName="Microsoft.VisualStudio.TestTools.TestTypes.Unit.UnitTestAdapter, Microsoft.VisualStudio.QualityTools.Tips.UnitTest.Adapter, Version=10.0.0.0, Culture=neutral, PublicKeyToken=b03f5f7f11d50a3a" className="Kiss.Infrastructure.Test.ExtensionsTest, Kiss.Infrastructure.Test, Version=1.0.0.0, Culture=neutral, PublicKeyToken=null" name="TryGetValue_ListOfIntValid_ValueFound" />
        </UnitTest>
        <UnitTest name="TryGetValue_DateTimeNull_ValueNotFound" storage="e:\kiss-builds\2\kiss\kiss4 nightly tests\binaries\kiss.infrastructure.test.dll" id="4784fe70-2b06-ef61-fd27-07f8060294ae">
            <Execution id="0f988389-3de3-4aaf-a30b-74d71e243064" />
            <TestMethod codeBase="E:/KiSS-Builds/2/KiSS/KiSS4 Nightly Tests/Binaries/Kiss.Infrastructure.Test.DLL" adapterTypeName="Microsoft.VisualStudio.TestTools.TestTypes.Unit.UnitTestAdapter, Microsoft.VisualStudio.QualityTools.Tips.UnitTest.Adapter, Version=10.0.0.0, Culture=neutral, PublicKeyToken=b03f5f7f11d50a3a" className="Kiss.Infrastructure.Test.ExtensionsTest, Kiss.Infrastructure.Test, Version=1.0.0.0, Culture=neutral, PublicKeyToken=null" name="TryGetValue_DateTimeNull_ValueNotFound" />
        </UnitTest>
        <UnitTest name="Test_GetData_Datum" storage="e:\kiss-builds\2\kiss\kiss4 nightly tests\binaries\kiss.bl.test.dll" id="f8e4995b-0945-3e0a-b223-bccb3758b1f1">
            <Execution id="b74a8b39-6456-4e4a-87c7-186fd2353de3" />
            <TestMethod codeBase="E:/KiSS-Builds/2/KiSS/KiSS4 Nightly Tests/Binaries/Kiss.BL.Test.DLL" adapterTypeName="Microsoft.VisualStudio.TestTools.TestTypes.Unit.UnitTestAdapter, Microsoft.VisualStudio.QualityTools.Tips.UnitTest.Adapter, Version=10.0.0.0, Culture=neutral, PublicKeyToken=b03f5f7f11d50a3a" className="Kiss.BL.Test.Ba.BaPlzServiceTest, Kiss.BL.Test, Version=4.5.22.204, Culture=neutral, PublicKeyToken=null" name="Test_GetData_Datum" />
        </UnitTest>
        <UnitTest name="GetLovCodeByLovName_LovFilteredWithComma_ResultIsFiltered" storage="e:\kiss-builds\2\kiss\kiss4 nightly tests\binaries\kiss.bl.test.dll" id="054d52ce-7662-e679-f27e-f371bc7dc7c0">
            <Execution id="681e7966-00e2-473a-b438-726f18cafbfd" />
            <TestMethod codeBase="E:/KiSS-Builds/2/KiSS/KiSS4 Nightly Tests/Binaries/Kiss.BL.Test.DLL" adapterTypeName="Microsoft.VisualStudio.TestTools.TestTypes.Unit.UnitTestAdapter, Microsoft.VisualStudio.QualityTools.Tips.UnitTest.Adapter, Version=10.0.0.0, Culture=neutral, PublicKeyToken=b03f5f7f11d50a3a" className="Kiss.BL.Test.System.XLovServiceTest, Kiss.BL.Test, Version=4.5.22.204, Culture=neutral, PublicKeyToken=null" name="GetLovCodeByLovName_LovFilteredWithComma_ResultIsFiltered" />
        </UnitTest>
        <UnitTest name="T03_NichtAbgetreteneEinnahmen" storage="e:\kiss-builds\2\kiss\kiss4 nightly tests\binaries\kiss4.sozialhilfe.test.dll" id="23eb2fbb-0237-a001-bfb7-660ed8208fd1">
            <TestCategory>
                <TestCategoryItem TestCategory="LongRunning" />
            </TestCategory>
            <Execution id="b356034a-3b1f-4282-9233-99ef74a0a553" />
            <TestMethod codeBase="E:/KiSS-Builds/2/KiSS/KiSS4 Nightly Tests/Binaries/KiSS4.Sozialhilfe.Test.DLL" adapterTypeName="Microsoft.VisualStudio.TestTools.TestTypes.Unit.UnitTestAdapter, Microsoft.VisualStudio.QualityTools.Tips.UnitTest.Adapter, Version=10.0.0.0, Culture=neutral, PublicKeyToken=b03f5f7f11d50a3a" className="KiSS4.Sozialhilfe.Test.GruenstellenTest, KiSS4.Sozialhilfe.Test, Version=4.5.22.204, Culture=neutral, PublicKeyToken=null" name="T03_NichtAbgetreteneEinnahmen" />
        </UnitTest>
        <UnitTest name="Test_RuleGruppe" storage="e:\kiss-builds\2\kiss\kiss4 nightly tests\binaries\kiss.klibu.bl.test.dll" id="ea62c1f6-fcbc-f24d-8352-4ed30c0c8dbe">
            <Description>Test the rule for Gruppe</Description>
            <TestCategory>
                <TestCategoryItem TestCategory="Local" />
            </TestCategory>
            <Execution id="4ec084fe-f458-4c78-b46e-bd24a1426aeb" />
            <TestMethod codeBase="E:/KiSS-Builds/2/KiSS/KiSS4 Nightly Tests/Binaries/KiSS.KliBu.BL.Test.DLL" adapterTypeName="Microsoft.VisualStudio.TestTools.TestTypes.Unit.UnitTestAdapter, Microsoft.VisualStudio.QualityTools.Tips.UnitTest.Adapter, Version=10.0.0.0, Culture=neutral, PublicKeyToken=b03f5f7f11d50a3a" className="KiSS.KliBu.BL.Test.UnitTest.BankValidatorTest, KiSS.KliBu.BL.Test, Version=4.5.22.204, Culture=neutral, PublicKeyToken=null" name="Test_RuleGruppe" />
        </UnitTest>
        <UnitTest name="SaveData_validPerson_returnOk" storage="e:\kiss-builds\2\kiss\kiss4 nightly tests\binaries\kiss.bl.test.dll" id="fce2a239-c078-a7b5-513c-1d670159b328">
            <Execution id="d75d70ca-3ef7-4ff3-84e2-a525ea902e46" />
            <TestMethod codeBase="E:/KiSS-Builds/2/KiSS/KiSS4 Nightly Tests/Binaries/Kiss.BL.Test.DLL" adapterTypeName="Microsoft.VisualStudio.TestTools.TestTypes.Unit.UnitTestAdapter, Microsoft.VisualStudio.QualityTools.Tips.UnitTest.Adapter, Version=10.0.0.0, Culture=neutral, PublicKeyToken=b03f5f7f11d50a3a" className="Kiss.BL.Test.Ba.BaPersonServiceTest, Kiss.BL.Test, Version=4.5.22.204, Culture=neutral, PublicKeyToken=null" name="SaveData_validPerson_returnOk" />
        </UnitTest>
        <UnitTest name="UsableUsingTypeString" storage="e:\kiss-builds\2\kiss\kiss4 nightly tests\binaries\kiss.infrastructure.test.dll" id="823e4246-1240-3608-9118-e1f8c34ce8ea">
            <Execution id="f72090f7-a2ff-4c0e-a61d-b543ef0eb0d1" />
            <TestMethod codeBase="E:/KiSS-Builds/2/KiSS/KiSS4 Nightly Tests/Binaries/Kiss.Infrastructure.Test.DLL" adapterTypeName="Microsoft.VisualStudio.TestTools.TestTypes.Unit.UnitTestAdapter, Microsoft.VisualStudio.QualityTools.Tips.UnitTest.Adapter, Version=10.0.0.0, Culture=neutral, PublicKeyToken=b03f5f7f11d50a3a" className="Kiss.Infrastructure.Test.IoC.UsableByAttributeTest, Kiss.Infrastructure.Test, Version=1.0.0.0, Culture=neutral, PublicKeyToken=null" name="UsableUsingTypeString" />
        </UnitTest>
        <UnitTest name="Test_Equals" storage="e:\kiss-builds\2\kiss\kiss4 nightly tests\binaries\kiss.infrastructure.test.dll" id="ec568631-d9bb-a368-61c0-4ec9fab82d7f">
            <Execution id="05bffb1b-04bf-4c13-bd90-0055fdd910d2" />
            <TestMethod codeBase="E:/KiSS-Builds/2/KiSS/KiSS4 Nightly Tests/Binaries/Kiss.Infrastructure.Test.DLL" adapterTypeName="Microsoft.VisualStudio.TestTools.TestTypes.Unit.UnitTestAdapter, Microsoft.VisualStudio.QualityTools.Tips.UnitTest.Adapter, Version=10.0.0.0, Culture=neutral, PublicKeyToken=b03f5f7f11d50a3a" className="Kiss.Infrastructure.Test.MonthYearTest, Kiss.Infrastructure.Test, Version=1.0.0.0, Culture=neutral, PublicKeyToken=null" name="Test_Equals" />
        </UnitTest>
        <UnitTest name="Test_DeleteObjectSet" storage="e:\kiss-builds\2\kiss\kiss4 nightly tests\binaries\kiss.bl.test.dll" id="d9a90e3b-7bcd-8b28-93b5-b81682e5191c">
            <Execution id="29459cfe-afe8-459b-a8ce-8183b80d64b0" />
            <TestMethod codeBase="E:/KiSS-Builds/2/KiSS/KiSS4 Nightly Tests/Binaries/Kiss.BL.Test.DLL" adapterTypeName="Microsoft.VisualStudio.TestTools.TestTypes.Unit.UnitTestAdapter, Microsoft.VisualStudio.QualityTools.Tips.UnitTest.Adapter, Version=10.0.0.0, Culture=neutral, PublicKeyToken=b03f5f7f11d50a3a" className="Kiss.BL.Test.Common.SelfTrackingEntitiesCascadingTest, Kiss.BL.Test, Version=4.5.22.204, Culture=neutral, PublicKeyToken=null" name="Test_DeleteObjectSet" />
        </UnitTest>
        <UnitTest name="GetConfigValueDateTimeTest" storage="e:\kiss-builds\2\kiss\kiss4 nightly tests\binaries\kiss.bl.test.dll" id="9f8f3a0f-4f38-e82d-8d72-c0700cc01252">
            <Execution id="156ac1dd-5229-44dd-ba65-c3956f119d91" />
            <TestMethod codeBase="E:/KiSS-Builds/2/KiSS/KiSS4 Nightly Tests/Binaries/Kiss.BL.Test.DLL" adapterTypeName="Microsoft.VisualStudio.TestTools.TestTypes.Unit.UnitTestAdapter, Microsoft.VisualStudio.QualityTools.Tips.UnitTest.Adapter, Version=10.0.0.0, Culture=neutral, PublicKeyToken=b03f5f7f11d50a3a" className="Kiss.BL.Test.System.XConfigServiceTest, Kiss.BL.Test, Version=4.5.22.204, Culture=neutral, PublicKeyToken=null" name="GetConfigValueDateTimeTest" />
        </UnitTest>
        <UnitTest name="GetAlter_Geburtsdatum_Berechnung_Vor_Geburtstag_Im_Jahr" storage="e:\kiss-builds\2\kiss\kiss4 nightly tests\binaries\kiss.model.test.dll" id="cd083bb8-76c1-ee8e-1f45-20819147eaec">
            <Execution id="b37784d2-22a5-4352-93e2-426b1dc55c4e" />
            <TestMethod codeBase="E:/KiSS-Builds/2/KiSS/KiSS4 Nightly Tests/Binaries/Kiss.Model.Test.DLL" adapterTypeName="Microsoft.VisualStudio.TestTools.TestTypes.Unit.UnitTestAdapter, Microsoft.VisualStudio.QualityTools.Tips.UnitTest.Adapter, Version=10.0.0.0, Culture=neutral, PublicKeyToken=b03f5f7f11d50a3a" className="Kiss.Model.Test.PartialTest.BaPersonPartialTest, Kiss.Model.Test, Version=4.5.22.204, Culture=neutral, PublicKeyToken=null" name="GetAlter_Geburtsdatum_Berechnung_Vor_Geburtstag_Im_Jahr" />
        </UnitTest>
        <UnitTest name="Test_GetData" storage="e:\kiss-builds\2\kiss\kiss4 nightly tests\binaries\kiss.bl.test.dll" id="b8758357-8487-f956-e44f-316f00451c2c">
            <Execution id="f46e8db0-6d4f-43d3-9f5f-98c16cc76e57" />
            <TestMethod codeBase="E:/KiSS-Builds/2/KiSS/KiSS4 Nightly Tests/Binaries/Kiss.BL.Test.DLL" adapterTypeName="Microsoft.VisualStudio.TestTools.TestTypes.Unit.UnitTestAdapter, Microsoft.VisualStudio.QualityTools.Tips.UnitTest.Adapter, Version=10.0.0.0, Culture=neutral, PublicKeyToken=b03f5f7f11d50a3a" className="Kiss.BL.Test.Bde.BdeLeistungsartServiceTest, Kiss.BL.Test, Version=4.5.22.204, Culture=neutral, PublicKeyToken=null" name="Test_GetData" />
        </UnitTest>
        <UnitTest name="Test_ErrorWhenBaPersonIDAndBaInstitutionIDAreSet" storage="e:\kiss-builds\2\kiss\kiss4 nightly tests\binaries\kiss.bl.test.dll" id="7b38958a-c33b-cbf3-3386-3091cad0afb4">
            <Execution id="a196abc1-1658-4cf3-8e16-de9e26e3aa85" />
            <TestMethod codeBase="E:/KiSS-Builds/2/KiSS/KiSS4 Nightly Tests/Binaries/Kiss.BL.Test.DLL" adapterTypeName="Microsoft.VisualStudio.TestTools.TestTypes.Unit.UnitTestAdapter, Microsoft.VisualStudio.QualityTools.Tips.UnitTest.Adapter, Version=10.0.0.0, Culture=neutral, PublicKeyToken=b03f5f7f11d50a3a" className="Kiss.BL.Test.Ba.Validation.BaAdresseValidatorTest, Kiss.BL.Test, Version=4.5.22.204, Culture=neutral, PublicKeyToken=null" name="Test_ErrorWhenBaPersonIDAndBaInstitutionIDAreSet" />
        </UnitTest>
        <UnitTest name="Test_CurrentMonth" storage="e:\kiss-builds\2\kiss\kiss4 nightly tests\binaries\kiss.infrastructure.test.dll" id="e2f1aea9-edbd-1f04-fc29-8b55fab441fa">
            <Execution id="d7fb9c15-bfa1-41f6-81fd-969a80507d47" />
            <TestMethod codeBase="E:/KiSS-Builds/2/KiSS/KiSS4 Nightly Tests/Binaries/Kiss.Infrastructure.Test.DLL" adapterTypeName="Microsoft.VisualStudio.TestTools.TestTypes.Unit.UnitTestAdapter, Microsoft.VisualStudio.QualityTools.Tips.UnitTest.Adapter, Version=10.0.0.0, Culture=neutral, PublicKeyToken=b03f5f7f11d50a3a" className="Kiss.Infrastructure.Test.MonthYearTest, Kiss.Infrastructure.Test, Version=1.0.0.0, Culture=neutral, PublicKeyToken=null" name="Test_CurrentMonth" />
        </UnitTest>
        <UnitTest name="Test_InvalidMonth" storage="e:\kiss-builds\2\kiss\kiss4 nightly tests\binaries\kiss.infrastructure.test.dll" id="2695fc1b-9f72-2581-e363-b4a0c021be59">
            <Execution id="485148b8-7d48-4462-a43a-de49d091e879" />
            <TestMethod codeBase="E:/KiSS-Builds/2/KiSS/KiSS4 Nightly Tests/Binaries/Kiss.Infrastructure.Test.DLL" adapterTypeName="Microsoft.VisualStudio.TestTools.TestTypes.Unit.UnitTestAdapter, Microsoft.VisualStudio.QualityTools.Tips.UnitTest.Adapter, Version=10.0.0.0, Culture=neutral, PublicKeyToken=b03f5f7f11d50a3a" className="Kiss.Infrastructure.Test.MonthYearTest, Kiss.Infrastructure.Test, Version=1.0.0.0, Culture=neutral, PublicKeyToken=null" name="Test_InvalidMonth" />
        </UnitTest>
        <UnitTest name="NewData_createNewPerson_returnOk" storage="e:\kiss-builds\2\kiss\kiss4 nightly tests\binaries\kiss.bl.test.dll" id="a5e9df99-d8d1-fc9a-7b70-22c01ba65e14">
            <Execution id="7e631f04-89aa-4a5d-9470-d1e326d0b09f" />
            <TestMethod codeBase="E:/KiSS-Builds/2/KiSS/KiSS4 Nightly Tests/Binaries/Kiss.BL.Test.DLL" adapterTypeName="Microsoft.VisualStudio.TestTools.TestTypes.Unit.UnitTestAdapter, Microsoft.VisualStudio.QualityTools.Tips.UnitTest.Adapter, Version=10.0.0.0, Culture=neutral, PublicKeyToken=b03f5f7f11d50a3a" className="Kiss.BL.Test.Ba.BaPersonServiceTest, Kiss.BL.Test, Version=4.5.22.204, Culture=neutral, PublicKeyToken=null" name="NewData_createNewPerson_returnOk" />
        </UnitTest>
        <UnitTest name="InstanceScopeDefault" storage="e:\kiss-builds\2\kiss\kiss4 nightly tests\binaries\kiss.infrastructure.test.dll" id="46f37710-a920-f66b-a3f3-c6ac79c370a3">
            <Execution id="be6f2d93-8180-4503-ab49-b0a503c08ec2" />
            <TestMethod codeBase="E:/KiSS-Builds/2/KiSS/KiSS4 Nightly Tests/Binaries/Kiss.Infrastructure.Test.DLL" adapterTypeName="Microsoft.VisualStudio.TestTools.TestTypes.Unit.UnitTestAdapter, Microsoft.VisualStudio.QualityTools.Tips.UnitTest.Adapter, Version=10.0.0.0, Culture=neutral, PublicKeyToken=b03f5f7f11d50a3a" className="Kiss.Infrastructure.Test.IoC.ContainerTest, Kiss.Infrastructure.Test, Version=1.0.0.0, Culture=neutral, PublicKeyToken=null" name="InstanceScopeDefault" />
        </UnitTest>
        <UnitTest name="SaveData_GetNewDataWithEmptyName_ResultIsError" storage="e:\kiss-builds\2\kiss\kiss4 nightly tests\binaries\kiss.bl.test.dll" id="57d343cd-5eb1-6a4b-45cf-a335d13d3ad4">
            <Execution id="9b4c5462-bd8f-473a-b6b9-342d6c3e74b4" />
            <TestMethod codeBase="E:/KiSS-Builds/2/KiSS/KiSS4 Nightly Tests/Binaries/Kiss.BL.Test.DLL" adapterTypeName="Microsoft.VisualStudio.TestTools.TestTypes.Unit.UnitTestAdapter, Microsoft.VisualStudio.QualityTools.Tips.UnitTest.Adapter, Version=10.0.0.0, Culture=neutral, PublicKeyToken=b03f5f7f11d50a3a" className="Kiss.BL.Test.Fs.FsDienstleistungspaketServiceTest, Kiss.BL.Test, Version=4.5.22.204, Culture=neutral, PublicKeyToken=null" name="SaveData_GetNewDataWithEmptyName_ResultIsError" />
        </UnitTest>
        <UnitTest name="Validate_StandardAufwandIsInRange_IsValid" storage="e:\kiss-builds\2\kiss\kiss4 nightly tests\binaries\kiss.bl.test.dll" id="1dbd89f5-20fc-d67d-d64d-99bb3b817cab">
            <Execution id="9affab9e-7b07-4855-bb69-54a65d2ad1ca" />
            <TestMethod codeBase="E:/KiSS-Builds/2/KiSS/KiSS4 Nightly Tests/Binaries/Kiss.BL.Test.DLL" adapterTypeName="Microsoft.VisualStudio.TestTools.TestTypes.Unit.UnitTestAdapter, Microsoft.VisualStudio.QualityTools.Tips.UnitTest.Adapter, Version=10.0.0.0, Culture=neutral, PublicKeyToken=b03f5f7f11d50a3a" className="Kiss.BL.Test.Fs.Validation.FsReduktionValidatorTest, Kiss.BL.Test, Version=4.5.22.204, Culture=neutral, PublicKeyToken=null" name="Validate_StandardAufwandIsInRange_IsValid" />
        </UnitTest>
        <UnitTest name="DeleteData_BudgetWithPosition_IsOk" storage="e:\kiss-builds\2\kiss\kiss4 nightly tests\binaries\kiss.bl.test.dll" id="ad6a5c08-3e58-043c-fe4e-0b26c7021f1d">
            <Execution id="1c7f8c0c-5cbb-4ce8-83ba-2141b1ce4837" />
            <TestMethod codeBase="E:/KiSS-Builds/2/KiSS/KiSS4 Nightly Tests/Binaries/Kiss.BL.Test.DLL" adapterTypeName="Microsoft.VisualStudio.TestTools.TestTypes.Unit.UnitTestAdapter, Microsoft.VisualStudio.QualityTools.Tips.UnitTest.Adapter, Version=10.0.0.0, Culture=neutral, PublicKeyToken=b03f5f7f11d50a3a" className="Kiss.BL.Test.Vm.VmKlientenbudgetServiceTest, Kiss.BL.Test, Version=4.5.22.204, Culture=neutral, PublicKeyToken=null" name="DeleteData_BudgetWithPosition_IsOk" />
        </UnitTest>
        <UnitTest name="Test_OkWhenNameNotEmpty" storage="e:\kiss-builds\2\kiss\kiss4 nightly tests\binaries\kiss.klibu.bl.test.dll" id="48c09c38-70cd-3ea4-61ac-7aa921f8cd38">
            <Description>Should not have a validation error when the name is not empty</Description>
            <TestCategory>
                <TestCategoryItem TestCategory="Local" />
            </TestCategory>
            <Execution id="6054d4f9-84cc-4f89-8863-2360368ff97f" />
            <TestMethod codeBase="E:/KiSS-Builds/2/KiSS/KiSS4 Nightly Tests/Binaries/KiSS.KliBu.BL.Test.DLL" adapterTypeName="Microsoft.VisualStudio.TestTools.TestTypes.Unit.UnitTestAdapter, Microsoft.VisualStudio.QualityTools.Tips.UnitTest.Adapter, Version=10.0.0.0, Culture=neutral, PublicKeyToken=b03f5f7f11d50a3a" className="KiSS.KliBu.BL.Test.UnitTest.BankValidatorTest, KiSS.KliBu.BL.Test, Version=4.5.22.204, Culture=neutral, PublicKeyToken=null" name="Test_OkWhenNameNotEmpty" />
        </UnitTest>
        <UnitTest name="Test_LowerThan" storage="e:\kiss-builds\2\kiss\kiss4 nightly tests\binaries\kiss.infrastructure.test.dll" id="08e4a310-6ae5-98bb-e923-0e8b0a77a3c5">
            <Execution id="7c2d3942-61c2-4229-8dee-12ddf3a5a44a" />
            <TestMethod codeBase="E:/KiSS-Builds/2/KiSS/KiSS4 Nightly Tests/Binaries/Kiss.Infrastructure.Test.DLL" adapterTypeName="Microsoft.VisualStudio.TestTools.TestTypes.Unit.UnitTestAdapter, Microsoft.VisualStudio.QualityTools.Tips.UnitTest.Adapter, Version=10.0.0.0, Culture=neutral, PublicKeyToken=b03f5f7f11d50a3a" className="Kiss.Infrastructure.Test.MonthYearTest, Kiss.Infrastructure.Test, Version=1.0.0.0, Culture=neutral, PublicKeyToken=null" name="Test_LowerThan" />
        </UnitTest>
        <UnitTest name="Test_KeineLaufzeit" storage="e:\kiss-builds\2\kiss\kiss4 nightly tests\binaries\kiss.bl.test.dll" id="4960ddc2-7dcd-290c-dac8-5026f8e0d54f">
            <Execution id="889ba813-8af7-41fb-9d7d-54de988f1f75" />
            <TestMethod codeBase="E:/KiSS-Builds/2/KiSS/KiSS4 Nightly Tests/Binaries/Kiss.BL.Test.DLL" adapterTypeName="Microsoft.VisualStudio.TestTools.TestTypes.Unit.UnitTestAdapter, Microsoft.VisualStudio.QualityTools.Tips.UnitTest.Adapter, Version=10.0.0.0, Culture=neutral, PublicKeyToken=b03f5f7f11d50a3a" className="Kiss.BL.Test.Fs.FsDienstleistungAuswertungServiceTest, Kiss.BL.Test, Version=4.5.22.204, Culture=neutral, PublicKeyToken=null" name="Test_KeineLaufzeit" />
        </UnitTest>
        <UnitTest name="Test_ParseTwoRecordFirstIncorrectAndTooShort" storage="e:\kiss-builds\2\kiss\kiss4 nightly tests\binaries\kiss.klibu.bl.test.dll" id="25015ca8-1942-7e2f-9c24-661d7bf9cd4e">
            <Description>Parse 2 bank records where the first one isn't correct, only the second bank is in the list</Description>
            <TestCategory>
                <TestCategoryItem TestCategory="Local" />
            </TestCategory>
            <Execution id="e099799b-48e3-46b4-b140-f4784b515aae" />
            <TestMethod codeBase="E:/KiSS-Builds/2/KiSS/KiSS4 Nightly Tests/Binaries/KiSS.KliBu.BL.Test.DLL" adapterTypeName="Microsoft.VisualStudio.TestTools.TestTypes.Unit.UnitTestAdapter, Microsoft.VisualStudio.QualityTools.Tips.UnitTest.Adapter, Version=10.0.0.0, Culture=neutral, PublicKeyToken=b03f5f7f11d50a3a" className="KiSS.KliBu.BL.Test.UnitTest.BankParserTest, KiSS.KliBu.BL.Test, Version=4.5.22.204, Culture=neutral, PublicKeyToken=null" name="Test_ParseTwoRecordFirstIncorrectAndTooShort" />
        </UnitTest>
        <UnitTest name="Test_ParseRecordTooLong" storage="e:\kiss-builds\2\kiss\kiss4 nightly tests\binaries\kiss.klibu.bl.test.dll" id="a5e834e3-6a47-4c0c-6c85-7e0fb36d96da">
            <Description>Parse a too long bank record</Description>
            <TestCategory>
                <TestCategoryItem TestCategory="Local" />
            </TestCategory>
            <Execution id="eaab3cfe-ba8d-45b0-bf28-d23d79df6164" />
            <TestMethod codeBase="E:/KiSS-Builds/2/KiSS/KiSS4 Nightly Tests/Binaries/KiSS.KliBu.BL.Test.DLL" adapterTypeName="Microsoft.VisualStudio.TestTools.TestTypes.Unit.UnitTestAdapter, Microsoft.VisualStudio.QualityTools.Tips.UnitTest.Adapter, Version=10.0.0.0, Culture=neutral, PublicKeyToken=b03f5f7f11d50a3a" className="KiSS.KliBu.BL.Test.UnitTest.BankParserTest, KiSS.KliBu.BL.Test, Version=4.5.22.204, Culture=neutral, PublicKeyToken=null" name="Test_ParseRecordTooLong" />
        </UnitTest>
        <UnitTest name="Test_ValidateBankOk" storage="e:\kiss-builds\2\kiss\kiss4 nightly tests\binaries\kiss.klibu.bl.test.dll" id="94d956e8-5687-4511-0bc4-b322550bd16d">
            <Description>Validate a valid Bank</Description>
            <TestCategory>
                <TestCategoryItem TestCategory="Local" />
            </TestCategory>
            <Execution id="2c0e3501-8c12-4f85-b9d8-5dc9b8434934" />
            <TestMethod codeBase="E:/KiSS-Builds/2/KiSS/KiSS4 Nightly Tests/Binaries/KiSS.KliBu.BL.Test.DLL" adapterTypeName="Microsoft.VisualStudio.TestTools.TestTypes.Unit.UnitTestAdapter, Microsoft.VisualStudio.QualityTools.Tips.UnitTest.Adapter, Version=10.0.0.0, Culture=neutral, PublicKeyToken=b03f5f7f11d50a3a" className="KiSS.KliBu.BL.Test.UnitTest.BankValidatorTest, KiSS.KliBu.BL.Test, Version=4.5.22.204, Culture=neutral, PublicKeyToken=null" name="Test_ValidateBankOk" />
        </UnitTest>
        <UnitTest name="Test_CascadingUpdateDlAndDlp" storage="e:\kiss-builds\2\kiss\kiss4 nightly tests\binaries\kiss.bl.test.dll" id="10049e04-a198-43c5-ec23-d6c027a81ac5">
            <Execution id="e058b4d3-1801-4113-ac53-f2b357d63617" />
            <TestMethod codeBase="E:/KiSS-Builds/2/KiSS/KiSS4 Nightly Tests/Binaries/Kiss.BL.Test.DLL" adapterTypeName="Microsoft.VisualStudio.TestTools.TestTypes.Unit.UnitTestAdapter, Microsoft.VisualStudio.QualityTools.Tips.UnitTest.Adapter, Version=10.0.0.0, Culture=neutral, PublicKeyToken=b03f5f7f11d50a3a" className="Kiss.BL.Test.Common.SelfTrackingEntitiesCascadingTest, Kiss.BL.Test, Version=4.5.22.204, Culture=neutral, PublicKeyToken=null" name="Test_CascadingUpdateDlAndDlp" />
        </UnitTest>
        <UnitTest name="Test_TwoBankWithSameIDInRepository" storage="e:\kiss-builds\2\kiss\kiss4 nightly tests\binaries\kiss.klibu.bl.test.dll" id="8db491d3-ecf4-9a34-4f89-849a3463b494">
            <Description>Two BaBank with the same ClearingNr and FilialeNr in the Repository</Description>
            <TestCategory>
                <TestCategoryItem TestCategory="LongRunning" />
            </TestCategory>
            <Execution id="aa59061c-7bd5-4565-9274-3b6d7dfebd22" />
            <TestMethod codeBase="E:/KiSS-Builds/2/KiSS/KiSS4 Nightly Tests/Binaries/KiSS.KliBu.BL.Test.DLL" adapterTypeName="Microsoft.VisualStudio.TestTools.TestTypes.Unit.UnitTestAdapter, Microsoft.VisualStudio.QualityTools.Tips.UnitTest.Adapter, Version=10.0.0.0, Culture=neutral, PublicKeyToken=b03f5f7f11d50a3a" className="KiSS.KliBu.BL.Test.UnitTest.BankabgleichMocked, KiSS.KliBu.BL.Test, Version=4.5.22.204, Culture=neutral, PublicKeyToken=null" name="Test_TwoBankWithSameIDInRepository" />
        </UnitTest>
        <UnitTest name="CreateEntires_ThisMonthForAllUsers" storage="e:\kiss-builds\2\kiss\kiss4 nightly tests\binaries\kiss.bl.test.dll" id="8ed2abb7-a6be-8330-b4c4-cc06338b326f">
            <Execution id="d71cf7de-7542-47e1-907e-fea5d9320636" />
            <TestMethod codeBase="E:/KiSS-Builds/2/KiSS/KiSS4 Nightly Tests/Binaries/Kiss.BL.Test.DLL" adapterTypeName="Microsoft.VisualStudio.TestTools.TestTypes.Unit.UnitTestAdapter, Microsoft.VisualStudio.QualityTools.Tips.UnitTest.Adapter, Version=10.0.0.0, Culture=neutral, PublicKeyToken=b03f5f7f11d50a3a" className="Kiss.BL.Test.Fs.FsReduktionMitarbeiterServiceTest, Kiss.BL.Test, Version=4.5.22.204, Culture=neutral, PublicKeyToken=null" name="CreateEntires_ThisMonthForAllUsers" />
        </UnitTest>
        <UnitTest name="Test_ErrorWhenSterbedatumBeforeGeburtsdatum" storage="e:\kiss-builds\2\kiss\kiss4 nightly tests\binaries\kiss.bl.test.dll" id="ef92ec3a-6dde-459b-9dde-74fa38be3b42">
            <Execution id="1d8415b4-2318-48e8-8d5f-832c9eed9561" />
            <TestMethod codeBase="E:/KiSS-Builds/2/KiSS/KiSS4 Nightly Tests/Binaries/Kiss.BL.Test.DLL" adapterTypeName="Microsoft.VisualStudio.TestTools.TestTypes.Unit.UnitTestAdapter, Microsoft.VisualStudio.QualityTools.Tips.UnitTest.Adapter, Version=10.0.0.0, Culture=neutral, PublicKeyToken=b03f5f7f11d50a3a" className="Kiss.BL.Test.Ba.Validation.BaPersonValidatorTest, Kiss.BL.Test, Version=4.5.22.204, Culture=neutral, PublicKeyToken=null" name="Test_ErrorWhenSterbedatumBeforeGeburtsdatum" />
        </UnitTest>
        <UnitTest name="T05_Verrechnung" storage="e:\kiss-builds\2\kiss\kiss4 nightly tests\binaries\kiss4.sozialhilfe.test.dll" id="476a1207-a2f2-5701-9405-419a32bd4b48">
            <TestCategory>
                <TestCategoryItem TestCategory="LongRunning" />
            </TestCategory>
            <Execution id="105a112a-5cc2-4f0d-a16d-33c26b33a5a4" />
            <TestMethod codeBase="E:/KiSS-Builds/2/KiSS/KiSS4 Nightly Tests/Binaries/KiSS4.Sozialhilfe.Test.DLL" adapterTypeName="Microsoft.VisualStudio.TestTools.TestTypes.Unit.UnitTestAdapter, Microsoft.VisualStudio.QualityTools.Tips.UnitTest.Adapter, Version=10.0.0.0, Culture=neutral, PublicKeyToken=b03f5f7f11d50a3a" className="KiSS4.Sozialhilfe.Test.GruenstellenTest, KiSS4.Sozialhilfe.Test, Version=4.5.22.204, Culture=neutral, PublicKeyToken=null" name="T05_Verrechnung" />
        </UnitTest>
        <UnitTest name="TryGetValue_TimestampNull_ValueFound" storage="e:\kiss-builds\2\kiss\kiss4 nightly tests\binaries\kiss.infrastructure.test.dll" id="044f1fa7-2da1-06f3-8e36-a085ceef9d17">
            <Execution id="315834b5-99e9-4430-9bb5-c3a18a2530f4" />
            <TestMethod codeBase="E:/KiSS-Builds/2/KiSS/KiSS4 Nightly Tests/Binaries/Kiss.Infrastructure.Test.DLL" adapterTypeName="Microsoft.VisualStudio.TestTools.TestTypes.Unit.UnitTestAdapter, Microsoft.VisualStudio.QualityTools.Tips.UnitTest.Adapter, Version=10.0.0.0, Culture=neutral, PublicKeyToken=b03f5f7f11d50a3a" className="Kiss.Infrastructure.Test.ExtensionsTest, Kiss.Infrastructure.Test, Version=1.0.0.0, Culture=neutral, PublicKeyToken=null" name="TryGetValue_TimestampNull_ValueFound" />
        </UnitTest>
        <UnitTest name="Test_Length836_Referenzzeile" storage="e:\kiss-builds\2\kiss\kiss4 nightly tests\binaries\kiss4.schnittstellen.test.dll" id="5bbc164c-0a70-32b7-227b-9aac8695beba">
            <Execution id="cd0a78b2-d5c5-4e4c-8c4a-5fdb6d1a0fa8" />
            <TestMethod codeBase="E:/KiSS-Builds/2/KiSS/KiSS4 Nightly Tests/Binaries/KiSS4.Schnittstellen.Test.DLL" adapterTypeName="Microsoft.VisualStudio.TestTools.TestTypes.Unit.UnitTestAdapter, Microsoft.VisualStudio.QualityTools.Tips.UnitTest.Adapter, Version=10.0.0.0, Culture=neutral, PublicKeyToken=b03f5f7f11d50a3a" className="KiSS4.Schnittstellen.Test.DtaRecordTests, KiSS4.Schnittstellen.Test, Version=4.5.22.204, Culture=neutral, PublicKeyToken=null" name="Test_Length836_Referenzzeile" />
        </UnitTest>
        <UnitTest name="Test_Verguetungsbetrag836" storage="e:\kiss-builds\2\kiss\kiss4 nightly tests\binaries\kiss4.schnittstellen.test.dll" id="95936405-755a-2f41-1c07-c3b2f1837b75">
            <Execution id="eb29a916-1581-4a92-b8e6-3c07c95a797b" />
            <TestMethod codeBase="E:/KiSS-Builds/2/KiSS/KiSS4 Nightly Tests/Binaries/KiSS4.Schnittstellen.Test.DLL" adapterTypeName="Microsoft.VisualStudio.TestTools.TestTypes.Unit.UnitTestAdapter, Microsoft.VisualStudio.QualityTools.Tips.UnitTest.Adapter, Version=10.0.0.0, Culture=neutral, PublicKeyToken=b03f5f7f11d50a3a" className="KiSS4.Schnittstellen.Test.DtaRecordTests, KiSS4.Schnittstellen.Test, Version=4.5.22.204, Culture=neutral, PublicKeyToken=null" name="Test_Verguetungsbetrag836" />
        </UnitTest>
        <UnitTest name="Test_OkWhenZivilstandCodeInRange" storage="e:\kiss-builds\2\kiss\kiss4 nightly tests\binaries\kiss.bl.test.dll" id="1b330d1a-ef9a-aff4-caf8-00b2bbc1e2cc">
            <Execution id="1547fdeb-bf1b-4c53-9d17-9c51b0f3c964" />
            <TestMethod codeBase="E:/KiSS-Builds/2/KiSS/KiSS4 Nightly Tests/Binaries/Kiss.BL.Test.DLL" adapterTypeName="Microsoft.VisualStudio.TestTools.TestTypes.Unit.UnitTestAdapter, Microsoft.VisualStudio.QualityTools.Tips.UnitTest.Adapter, Version=10.0.0.0, Culture=neutral, PublicKeyToken=b03f5f7f11d50a3a" className="Kiss.BL.Test.Ba.Validation.BaPersonValidatorTest, Kiss.BL.Test, Version=4.5.22.204, Culture=neutral, PublicKeyToken=null" name="Test_OkWhenZivilstandCodeInRange" />
        </UnitTest>
        <UnitTest name="TryGetValue_TimestampValid_ValueFound" storage="e:\kiss-builds\2\kiss\kiss4 nightly tests\binaries\kiss.infrastructure.test.dll" id="dcc8d0e2-f154-8ddb-092d-8beb0e8671e5">
            <Execution id="3ed5c4b0-73d1-4727-a1c2-e770581860ca" />
            <TestMethod codeBase="E:/KiSS-Builds/2/KiSS/KiSS4 Nightly Tests/Binaries/Kiss.Infrastructure.Test.DLL" adapterTypeName="Microsoft.VisualStudio.TestTools.TestTypes.Unit.UnitTestAdapter, Microsoft.VisualStudio.QualityTools.Tips.UnitTest.Adapter, Version=10.0.0.0, Culture=neutral, PublicKeyToken=b03f5f7f11d50a3a" className="Kiss.Infrastructure.Test.ExtensionsTest, Kiss.Infrastructure.Test, Version=1.0.0.0, Culture=neutral, PublicKeyToken=null" name="TryGetValue_TimestampValid_ValueFound" />
        </UnitTest>
        <UnitTest name="Test_RuleGueltigAb" storage="e:\kiss-builds\2\kiss\kiss4 nightly tests\binaries\kiss.klibu.bl.test.dll" id="3a77ed93-09eb-bff6-df5c-96d5af51a483">
            <Description>Test the rule for GueltigAb</Description>
            <TestCategory>
                <TestCategoryItem TestCategory="Local" />
            </TestCategory>
            <Execution id="84356d17-a263-4763-bc0d-9bdc8039e73c" />
            <TestMethod codeBase="E:/KiSS-Builds/2/KiSS/KiSS4 Nightly Tests/Binaries/KiSS.KliBu.BL.Test.DLL" adapterTypeName="Microsoft.VisualStudio.TestTools.TestTypes.Unit.UnitTestAdapter, Microsoft.VisualStudio.QualityTools.Tips.UnitTest.Adapter, Version=10.0.0.0, Culture=neutral, PublicKeyToken=b03f5f7f11d50a3a" className="KiSS.KliBu.BL.Test.UnitTest.BankValidatorTest, KiSS.KliBu.BL.Test, Version=4.5.22.204, Culture=neutral, PublicKeyToken=null" name="Test_RuleGueltigAb" />
        </UnitTest>
        <UnitTest name="SaveChangesError" storage="e:\kiss-builds\2\kiss\kiss4 nightly tests\binaries\kiss.bl.test.dll" id="ef79a2c1-1487-48bd-45f0-f4f9f5abb9f1">
            <Execution id="f49b2325-9d49-423b-a480-33160594ba87" />
            <TestMethod codeBase="E:/KiSS-Builds/2/KiSS/KiSS4 Nightly Tests/Binaries/Kiss.BL.Test.DLL" adapterTypeName="Microsoft.VisualStudio.TestTools.TestTypes.Unit.UnitTestAdapter, Microsoft.VisualStudio.QualityTools.Tips.UnitTest.Adapter, Version=10.0.0.0, Culture=neutral, PublicKeyToken=b03f5f7f11d50a3a" className="Kiss.BL.Test.TransactionTest, Kiss.BL.Test, Version=4.5.22.204, Culture=neutral, PublicKeyToken=null" name="SaveChangesError" />
        </UnitTest>
        <UnitTest name="RegisterAndResolveTypeWithParameter" storage="e:\kiss-builds\2\kiss\kiss4 nightly tests\binaries\kiss.infrastructure.test.dll" id="524ccb4d-4a6e-d8b1-0e61-fb5d56b89384">
            <Execution id="89a3cc75-82bd-41c3-b77c-b2a240ce965f" />
            <TestMethod codeBase="E:/KiSS-Builds/2/KiSS/KiSS4 Nightly Tests/Binaries/Kiss.Infrastructure.Test.DLL" adapterTypeName="Microsoft.VisualStudio.TestTools.TestTypes.Unit.UnitTestAdapter, Microsoft.VisualStudio.QualityTools.Tips.UnitTest.Adapter, Version=10.0.0.0, Culture=neutral, PublicKeyToken=b03f5f7f11d50a3a" className="Kiss.Infrastructure.Test.IoC.ContainerTest, Kiss.Infrastructure.Test, Version=1.0.0.0, Culture=neutral, PublicKeyToken=null" name="RegisterAndResolveTypeWithParameter" />
        </UnitTest>
        <UnitTest name="Usable" storage="e:\kiss-builds\2\kiss\kiss4 nightly tests\binaries\kiss.infrastructure.test.dll" id="ec7198f3-312e-290e-b3d2-59e0efc30d61">
            <Execution id="0055f19e-5203-49e2-acc3-2dd5b9124897" />
            <TestMethod codeBase="E:/KiSS-Builds/2/KiSS/KiSS4 Nightly Tests/Binaries/Kiss.Infrastructure.Test.DLL" adapterTypeName="Microsoft.VisualStudio.TestTools.TestTypes.Unit.UnitTestAdapter, Microsoft.VisualStudio.QualityTools.Tips.UnitTest.Adapter, Version=10.0.0.0, Culture=neutral, PublicKeyToken=b03f5f7f11d50a3a" className="Kiss.Infrastructure.Test.IoC.UsableByAttributeTest, Kiss.Infrastructure.Test, Version=1.0.0.0, Culture=neutral, PublicKeyToken=null" name="Usable" />
        </UnitTest>
        <UnitTest name="GetData_GetInsertedData_DienstleistungExists" storage="e:\kiss-builds\2\kiss\kiss4 nightly tests\binaries\kiss.bl.test.dll" id="3b418b4a-a0c0-3df0-d1f8-a4005ff2c324">
            <Execution id="e8eb7eef-82bd-4883-a19d-7668c2c8276d" />
            <TestMethod codeBase="E:/KiSS-Builds/2/KiSS/KiSS4 Nightly Tests/Binaries/Kiss.BL.Test.DLL" adapterTypeName="Microsoft.VisualStudio.TestTools.TestTypes.Unit.UnitTestAdapter, Microsoft.VisualStudio.QualityTools.Tips.UnitTest.Adapter, Version=10.0.0.0, Culture=neutral, PublicKeyToken=b03f5f7f11d50a3a" className="Kiss.BL.Test.Fs.FsDienstleistungServiceTest, Kiss.BL.Test, Version=4.5.22.204, Culture=neutral, PublicKeyToken=null" name="GetData_GetInsertedData_DienstleistungExists" />
        </UnitTest>
        <UnitTest name="TestPostkontoUnformatiert_ConvertBackSingle" storage="e:\kiss-builds\2\kiss\kiss4 nightly tests\binaries\kiss.ui.controls.test.dll" id="b1ac53d6-b5dc-0c46-0002-5c5cbcb16283">
            <Execution id="b8063b32-f648-4e30-8813-f52f7d8885a1" />
            <TestMethod codeBase="E:/KiSS-Builds/2/KiSS/KiSS4 Nightly Tests/Binaries/Kiss.UI.Controls.Test.DLL" adapterTypeName="Microsoft.VisualStudio.TestTools.TestTypes.Unit.UnitTestAdapter, Microsoft.VisualStudio.QualityTools.Tips.UnitTest.Adapter, Version=10.0.0.0, Culture=neutral, PublicKeyToken=b03f5f7f11d50a3a" className="Kiss.UI.Controls.Test.PostkontoNrFormattingConverterTest, Kiss.UI.Controls.Test, Version=4.5.22.204, Culture=neutral, PublicKeyToken=null" name="TestPostkontoUnformatiert_ConvertBackSingle" />
        </UnitTest>
        <UnitTest name="Test_Gesamt_Nichts_Zugewiesen" storage="e:\kiss-builds\2\kiss\kiss4 nightly tests\binaries\kiss.bl.test.dll" id="48badc67-48cb-add0-d632-3c4bd1722866">
            <Execution id="6254f76e-402e-419e-9565-94f80d074ccf" />
            <TestMethod codeBase="E:/KiSS-Builds/2/KiSS/KiSS4 Nightly Tests/Binaries/Kiss.BL.Test.DLL" adapterTypeName="Microsoft.VisualStudio.TestTools.TestTypes.Unit.UnitTestAdapter, Microsoft.VisualStudio.QualityTools.Tips.UnitTest.Adapter, Version=10.0.0.0, Culture=neutral, PublicKeyToken=b03f5f7f11d50a3a" className="Kiss.BL.Test.Fs.FsDienstleistungAuswertungServiceTest, Kiss.BL.Test, Version=4.5.22.204, Culture=neutral, PublicKeyToken=null" name="Test_Gesamt_Nichts_Zugewiesen" />
        </UnitTest>
        <UnitTest name="Test_CascadingUpdateWithNewSearch_NewContext_OnlyDLP" storage="e:\kiss-builds\2\kiss\kiss4 nightly tests\binaries\kiss.bl.test.dll" id="aa50949b-8911-d318-f806-cb1f8a36d29a">
            <Execution id="21e5ce7c-2c7f-4d8a-8e59-0a50296ed582" />
            <TestMethod codeBase="E:/KiSS-Builds/2/KiSS/KiSS4 Nightly Tests/Binaries/Kiss.BL.Test.DLL" adapterTypeName="Microsoft.VisualStudio.TestTools.TestTypes.Unit.UnitTestAdapter, Microsoft.VisualStudio.QualityTools.Tips.UnitTest.Adapter, Version=10.0.0.0, Culture=neutral, PublicKeyToken=b03f5f7f11d50a3a" className="Kiss.BL.Test.Common.SelfTrackingEntitiesCascadingTest, Kiss.BL.Test, Version=4.5.22.204, Culture=neutral, PublicKeyToken=null" name="Test_CascadingUpdateWithNewSearch_NewContext_OnlyDLP" />
        </UnitTest>
        <UnitTest name="Test_FavoriteNameOnlySpaces" storage="e:\kiss-builds\2\kiss\kiss4 nightly tests\binaries\kiss4.favoriten.test.dll" id="7ae5cd42-f5fa-314a-7a2a-f80f7df804ba">
            <Execution id="01269fe6-1eb1-45a2-ad6b-8e71c369901e" />
            <TestMethod codeBase="E:/KiSS-Builds/2/KiSS/KiSS4 Nightly Tests/Binaries/KiSS4.Favoriten.Test.DLL" adapterTypeName="Microsoft.VisualStudio.TestTools.TestTypes.Unit.UnitTestAdapter, Microsoft.VisualStudio.QualityTools.Tips.UnitTest.Adapter, Version=10.0.0.0, Culture=neutral, PublicKeyToken=b03f5f7f11d50a3a" className="KiSS4.Favoriten.Test.Model.IncorrectTests, KiSS4.Favoriten.Test, Version=4.5.22.204, Culture=neutral, PublicKeyToken=null" name="Test_FavoriteNameOnlySpaces" />
        </UnitTest>
        <UnitTest name="Test_DlpLaufzeit_Kuerzer" storage="e:\kiss-builds\2\kiss\kiss4 nightly tests\binaries\kiss.bl.test.dll" id="0ac09f26-e80d-671b-0f8b-e03fd753ad59">
            <Execution id="e2be3b48-06b4-40f3-9484-07a321187435" />
            <TestMethod codeBase="E:/KiSS-Builds/2/KiSS/KiSS4 Nightly Tests/Binaries/Kiss.BL.Test.DLL" adapterTypeName="Microsoft.VisualStudio.TestTools.TestTypes.Unit.UnitTestAdapter, Microsoft.VisualStudio.QualityTools.Tips.UnitTest.Adapter, Version=10.0.0.0, Culture=neutral, PublicKeyToken=b03f5f7f11d50a3a" className="Kiss.BL.Test.Fs.FsDienstleistungAuswertungServiceTest, Kiss.BL.Test, Version=4.5.22.204, Culture=neutral, PublicKeyToken=null" name="Test_DlpLaufzeit_Kuerzer" />
        </UnitTest>
        <UnitTest name="TryGetValue_IntValid_ValueFound" storage="e:\kiss-builds\2\kiss\kiss4 nightly tests\binaries\kiss.infrastructure.test.dll" id="30ba71cd-7345-0da0-82f9-0067a67f51cf">
            <Execution id="504e0f09-1fa0-45ba-95bb-a39e0eb6cc0c" />
            <TestMethod codeBase="E:/KiSS-Builds/2/KiSS/KiSS4 Nightly Tests/Binaries/Kiss.Infrastructure.Test.DLL" adapterTypeName="Microsoft.VisualStudio.TestTools.TestTypes.Unit.UnitTestAdapter, Microsoft.VisualStudio.QualityTools.Tips.UnitTest.Adapter, Version=10.0.0.0, Culture=neutral, PublicKeyToken=b03f5f7f11d50a3a" className="Kiss.Infrastructure.Test.ExtensionsTest, Kiss.Infrastructure.Test, Version=1.0.0.0, Culture=neutral, PublicKeyToken=null" name="TryGetValue_IntValid_ValueFound" />
        </UnitTest>
        <UnitTest name="NewData_KlientenbudgetUndStandardPositionenErstellt" storage="e:\kiss-builds\2\kiss\kiss4 nightly tests\binaries\kiss.bl.test.dll" id="71aa2394-9492-8bcb-ec97-d7f2fc4ee7c0">
            <Execution id="c3feb4bd-7233-49af-aaf1-34e3f9f0e55f" />
            <TestMethod codeBase="E:/KiSS-Builds/2/KiSS/KiSS4 Nightly Tests/Binaries/Kiss.BL.Test.DLL" adapterTypeName="Microsoft.VisualStudio.TestTools.TestTypes.Unit.UnitTestAdapter, Microsoft.VisualStudio.QualityTools.Tips.UnitTest.Adapter, Version=10.0.0.0, Culture=neutral, PublicKeyToken=b03f5f7f11d50a3a" className="Kiss.BL.Test.Vm.VmKlientenbudgetServiceTest, Kiss.BL.Test, Version=4.5.22.204, Culture=neutral, PublicKeyToken=null" name="NewData_KlientenbudgetUndStandardPositionenErstellt" />
        </UnitTest>
        <UnitTest name="GetAssignedDienstleistungRelationen_assign2Dienstleistungen_Has2DienstleistungRelationen" storage="e:\kiss-builds\2\kiss\kiss4 nightly tests\binaries\kiss.bl.test.dll" id="c173b1d2-a46a-4380-f2e0-7e1b8da9fd73">
            <Execution id="37888cd6-ba0f-4518-b013-5e75308977ed" />
            <TestMethod codeBase="E:/KiSS-Builds/2/KiSS/KiSS4 Nightly Tests/Binaries/Kiss.BL.Test.DLL" adapterTypeName="Microsoft.VisualStudio.TestTools.TestTypes.Unit.UnitTestAdapter, Microsoft.VisualStudio.QualityTools.Tips.UnitTest.Adapter, Version=10.0.0.0, Culture=neutral, PublicKeyToken=b03f5f7f11d50a3a" className="Kiss.BL.Test.Fs.FsDienstleistungspaketServiceTest, Kiss.BL.Test, Version=4.5.22.204, Culture=neutral, PublicKeyToken=null" name="GetAssignedDienstleistungRelationen_assign2Dienstleistungen_Has2DienstleistungRelationen" />
        </UnitTest>
        <UnitTest name="Test_Utils_ConvertToInt" storage="e:\kiss-builds\2\kiss\kiss4 nightly tests\binaries\kiss4.common.test.dll" id="6952d85f-a789-56e0-c9b8-d8d42a97589b">
            <Execution id="9924f6f1-cd70-4c9e-a39d-c2298b132df1" />
            <TestMethod codeBase="E:/KiSS-Builds/2/KiSS/KiSS4 Nightly Tests/Binaries/KiSS4.Common.Test.DLL" adapterTypeName="Microsoft.VisualStudio.TestTools.TestTypes.Unit.UnitTestAdapter, Microsoft.VisualStudio.QualityTools.Tips.UnitTest.Adapter, Version=10.0.0.0, Culture=neutral, PublicKeyToken=b03f5f7f11d50a3a" className="KiSS4.Common.Test.UtilsTest, KiSS4.Common.Test, Version=4.5.22.204, Culture=neutral, PublicKeyToken=null" name="Test_Utils_ConvertToInt" />
        </UnitTest>
        <UnitTest name="Test_ParseThreeRecordTwoFirstIncorrect" storage="e:\kiss-builds\2\kiss\kiss4 nightly tests\binaries\kiss.klibu.bl.test.dll" id="e1bec994-c6a6-d13c-d9bf-72c89bc30ff0">
            <Description>Parse 3 bank records where the two first one aren't correct, only the third bank is in the list</Description>
            <TestCategory>
                <TestCategoryItem TestCategory="Local" />
            </TestCategory>
            <Execution id="c692f443-5f95-4f89-8cc7-3e1fbf29fbae" />
            <TestMethod codeBase="E:/KiSS-Builds/2/KiSS/KiSS4 Nightly Tests/Binaries/KiSS.KliBu.BL.Test.DLL" adapterTypeName="Microsoft.VisualStudio.TestTools.TestTypes.Unit.UnitTestAdapter, Microsoft.VisualStudio.QualityTools.Tips.UnitTest.Adapter, Version=10.0.0.0, Culture=neutral, PublicKeyToken=b03f5f7f11d50a3a" className="KiSS.KliBu.BL.Test.UnitTest.BankParserTest, KiSS.KliBu.BL.Test, Version=4.5.22.204, Culture=neutral, PublicKeyToken=null" name="Test_ParseThreeRecordTwoFirstIncorrect" />
        </UnitTest>
        <UnitTest name="GetConfigValueBitTest" storage="e:\kiss-builds\2\kiss\kiss4 nightly tests\binaries\kiss.bl.test.dll" id="e60dffb4-ca8e-0ef1-e9a7-d459cd070073">
            <Execution id="624dfe51-a122-4e33-851f-d8c1e6101bf8" />
            <TestMethod codeBase="E:/KiSS-Builds/2/KiSS/KiSS4 Nightly Tests/Binaries/Kiss.BL.Test.DLL" adapterTypeName="Microsoft.VisualStudio.TestTools.TestTypes.Unit.UnitTestAdapter, Microsoft.VisualStudio.QualityTools.Tips.UnitTest.Adapter, Version=10.0.0.0, Culture=neutral, PublicKeyToken=b03f5f7f11d50a3a" className="Kiss.BL.Test.System.XConfigServiceTest, Kiss.BL.Test, Version=4.5.22.204, Culture=neutral, PublicKeyToken=null" name="GetConfigValueBitTest" />
        </UnitTest>
        <UnitTest name="Test_Abschluss" storage="e:\kiss-builds\2\kiss\kiss4 nightly tests\binaries\kiss.bl.test.dll" id="e540f327-293d-b9c1-8b2a-4cfc123a1441">
            <Execution id="abb4c7c3-eba9-4e4e-aef0-f3ea77d7c202" />
            <TestMethod codeBase="E:/KiSS-Builds/2/KiSS/KiSS4 Nightly Tests/Binaries/Kiss.BL.Test.DLL" adapterTypeName="Microsoft.VisualStudio.TestTools.TestTypes.Unit.UnitTestAdapter, Microsoft.VisualStudio.QualityTools.Tips.UnitTest.Adapter, Version=10.0.0.0, Culture=neutral, PublicKeyToken=b03f5f7f11d50a3a" className="Kiss.BL.Test.Fa.FaKategorisierungServiceTest, Kiss.BL.Test, Version=4.5.22.204, Culture=neutral, PublicKeyToken=null" name="Test_Abschluss" />
        </UnitTest>
        <UnitTest name="Test_AddPerson_GetPerson_Via_Different_UnitOfWork" storage="e:\kiss-builds\2\kiss\kiss4 nightly tests\binaries\kiss.bl.test.dll" id="1b9902d0-db7e-030e-8697-aceebc9836f1">
            <Execution id="122e49ec-f00a-4f13-89eb-d9a0908dc185" />
            <TestMethod codeBase="E:/KiSS-Builds/2/KiSS/KiSS4 Nightly Tests/Binaries/Kiss.BL.Test.DLL" adapterTypeName="Microsoft.VisualStudio.TestTools.TestTypes.Unit.UnitTestAdapter, Microsoft.VisualStudio.QualityTools.Tips.UnitTest.Adapter, Version=10.0.0.0, Culture=neutral, PublicKeyToken=b03f5f7f11d50a3a" className="Kiss.BL.Test.Ba.PersonServiceTest, Kiss.BL.Test, Version=4.5.22.204, Culture=neutral, PublicKeyToken=null" name="Test_AddPerson_GetPerson_Via_Different_UnitOfWork" />
        </UnitTest>
        <UnitTest name="Test_OkWhenNameIsNotEmpty" storage="e:\kiss-builds\2\kiss\kiss4 nightly tests\binaries\kiss.bl.test.dll" id="65c8dfb6-8c52-6515-a65c-0cfd53b82716">
            <Execution id="3d93401c-1e57-4b9a-a9b6-8c8636bcbfc5" />
            <TestMethod codeBase="E:/KiSS-Builds/2/KiSS/KiSS4 Nightly Tests/Binaries/Kiss.BL.Test.DLL" adapterTypeName="Microsoft.VisualStudio.TestTools.TestTypes.Unit.UnitTestAdapter, Microsoft.VisualStudio.QualityTools.Tips.UnitTest.Adapter, Version=10.0.0.0, Culture=neutral, PublicKeyToken=b03f5f7f11d50a3a" className="Kiss.BL.Test.Ba.Validation.BaPersonValidatorTest, Kiss.BL.Test, Version=4.5.22.204, Culture=neutral, PublicKeyToken=null" name="Test_OkWhenNameIsNotEmpty" />
        </UnitTest>
        <UnitTest name="Validate_LaufzeitIsGreaterThan0_IsValid" storage="e:\kiss-builds\2\kiss\kiss4 nightly tests\binaries\kiss.bl.test.dll" id="0bf00f0e-fc64-1ddf-f931-47473e44508a">
            <Execution id="f042aa7f-fd43-4a83-8db9-f44d9b44d61b" />
            <TestMethod codeBase="E:/KiSS-Builds/2/KiSS/KiSS4 Nightly Tests/Binaries/Kiss.BL.Test.DLL" adapterTypeName="Microsoft.VisualStudio.TestTools.TestTypes.Unit.UnitTestAdapter, Microsoft.VisualStudio.QualityTools.Tips.UnitTest.Adapter, Version=10.0.0.0, Culture=neutral, PublicKeyToken=b03f5f7f11d50a3a" className="Kiss.BL.Test.Fs.Validation.FsDienstleistungspaketValidatorTest, Kiss.BL.Test, Version=4.5.22.204, Culture=neutral, PublicKeyToken=null" name="Validate_LaufzeitIsGreaterThan0_IsValid" />
        </UnitTest>
        <UnitTest name="GetById_BudgetWithIdExists_NotNull" storage="e:\kiss-builds\2\kiss\kiss4 nightly tests\binaries\kiss.bl.test.dll" id="2abbccd8-f2a0-cb90-76fa-a0dd1042cd56">
            <Execution id="8eed9c39-8a28-48fa-a103-a5a59b1f07e6" />
            <TestMethod codeBase="E:/KiSS-Builds/2/KiSS/KiSS4 Nightly Tests/Binaries/Kiss.BL.Test.DLL" adapterTypeName="Microsoft.VisualStudio.TestTools.TestTypes.Unit.UnitTestAdapter, Microsoft.VisualStudio.QualityTools.Tips.UnitTest.Adapter, Version=10.0.0.0, Culture=neutral, PublicKeyToken=b03f5f7f11d50a3a" className="Kiss.BL.Test.Vm.VmKlientenbudgetServiceTest, Kiss.BL.Test, Version=4.5.22.204, Culture=neutral, PublicKeyToken=null" name="GetById_BudgetWithIdExists_NotNull" />
        </UnitTest>
        <UnitTest name="Validate_ModifierIsSet_IsValid" storage="e:\kiss-builds\2\kiss\kiss4 nightly tests\binaries\kiss.bl.test.dll" id="f89da2ae-9b5b-326c-1a3f-c9bf97fcaafd">
            <Execution id="4769b7e6-3349-4ca6-8ae4-f147cf22a326" />
            <TestMethod codeBase="E:/KiSS-Builds/2/KiSS/KiSS4 Nightly Tests/Binaries/Kiss.BL.Test.DLL" adapterTypeName="Microsoft.VisualStudio.TestTools.TestTypes.Unit.UnitTestAdapter, Microsoft.VisualStudio.QualityTools.Tips.UnitTest.Adapter, Version=10.0.0.0, Culture=neutral, PublicKeyToken=b03f5f7f11d50a3a" className="Kiss.BL.Test.ValidatorBaseTest, Kiss.BL.Test, Version=4.5.22.204, Culture=neutral, PublicKeyToken=null" name="Validate_ModifierIsSet_IsValid" />
        </UnitTest>
        <UnitTest name="Test_ErrorWhenNameIsEmpty" storage="e:\kiss-builds\2\kiss\kiss4 nightly tests\binaries\kiss.bl.test.dll" id="cb61c375-661d-2f04-00ac-e99dfea50049">
            <Execution id="15d30252-7e59-4008-8a89-f6d46bc41e34" />
            <TestMethod codeBase="E:/KiSS-Builds/2/KiSS/KiSS4 Nightly Tests/Binaries/Kiss.BL.Test.DLL" adapterTypeName="Microsoft.VisualStudio.TestTools.TestTypes.Unit.UnitTestAdapter, Microsoft.VisualStudio.QualityTools.Tips.UnitTest.Adapter, Version=10.0.0.0, Culture=neutral, PublicKeyToken=b03f5f7f11d50a3a" className="Kiss.BL.Test.Ba.Validation.BaPersonValidatorTest, Kiss.BL.Test, Version=4.5.22.204, Culture=neutral, PublicKeyToken=null" name="Test_ErrorWhenNameIsEmpty" />
        </UnitTest>
        <UnitTest name="DeleteData_paketHasAssignedDienstleistung_resultIsOkRelationsAreAlsoDeleted" storage="e:\kiss-builds\2\kiss\kiss4 nightly tests\binaries\kiss.bl.test.dll" id="745d59ee-4996-0ec7-af4a-dcd14b7035cf">
            <Execution id="0690a8e3-76b2-4c77-a2d4-0a2321804264" />
            <TestMethod codeBase="E:/KiSS-Builds/2/KiSS/KiSS4 Nightly Tests/Binaries/Kiss.BL.Test.DLL" adapterTypeName="Microsoft.VisualStudio.TestTools.TestTypes.Unit.UnitTestAdapter, Microsoft.VisualStudio.QualityTools.Tips.UnitTest.Adapter, Version=10.0.0.0, Culture=neutral, PublicKeyToken=b03f5f7f11d50a3a" className="Kiss.BL.Test.Fs.FsDienstleistungspaketServiceTest, Kiss.BL.Test, Version=4.5.22.204, Culture=neutral, PublicKeyToken=null" name="DeleteData_paketHasAssignedDienstleistung_resultIsOkRelationsAreAlsoDeleted" />
        </UnitTest>
        <UnitTest name="Test_RulePcKontoNr" storage="e:\kiss-builds\2\kiss\kiss4 nightly tests\binaries\kiss.klibu.bl.test.dll" id="0488a5fb-1a6b-f214-223a-9b00f5013c63">
            <Description>Test the rule for PCKontoNr</Description>
            <TestCategory>
                <TestCategoryItem TestCategory="Local" />
            </TestCategory>
            <Execution id="702e4758-b862-4f45-bf9e-f0ec8c359da0" />
            <TestMethod codeBase="E:/KiSS-Builds/2/KiSS/KiSS4 Nightly Tests/Binaries/KiSS.KliBu.BL.Test.DLL" adapterTypeName="Microsoft.VisualStudio.TestTools.TestTypes.Unit.UnitTestAdapter, Microsoft.VisualStudio.QualityTools.Tips.UnitTest.Adapter, Version=10.0.0.0, Culture=neutral, PublicKeyToken=b03f5f7f11d50a3a" className="KiSS.KliBu.BL.Test.UnitTest.BankValidatorTest, KiSS.KliBu.BL.Test, Version=4.5.22.204, Culture=neutral, PublicKeyToken=null" name="Test_RulePcKontoNr" />
        </UnitTest>
        <UnitTest name="RegisterAndResolveInstanceByInterface" storage="e:\kiss-builds\2\kiss\kiss4 nightly tests\binaries\kiss.infrastructure.test.dll" id="81e01c92-c57c-694f-83af-4933f7191d40">
            <Execution id="359f52b4-d031-4683-9928-1aba1b0aa43d" />
            <TestMethod codeBase="E:/KiSS-Builds/2/KiSS/KiSS4 Nightly Tests/Binaries/Kiss.Infrastructure.Test.DLL" adapterTypeName="Microsoft.VisualStudio.TestTools.TestTypes.Unit.UnitTestAdapter, Microsoft.VisualStudio.QualityTools.Tips.UnitTest.Adapter, Version=10.0.0.0, Culture=neutral, PublicKeyToken=b03f5f7f11d50a3a" className="Kiss.Infrastructure.Test.IoC.ContainerTest, Kiss.Infrastructure.Test, Version=1.0.0.0, Culture=neutral, PublicKeyToken=null" name="RegisterAndResolveInstanceByInterface" />
        </UnitTest>
        <UnitTest name="Test_AddPerson_GetPerson_UpdatePerson_Via_Different_UnitOfWork" storage="e:\kiss-builds\2\kiss\kiss4 nightly tests\binaries\kiss.bl.test.dll" id="24fb927d-4fc2-0364-cf33-80e5c052afac">
            <Execution id="94a14fdb-52e0-4396-8e82-8e9db1bfb635" />
            <TestMethod codeBase="E:/KiSS-Builds/2/KiSS/KiSS4 Nightly Tests/Binaries/Kiss.BL.Test.DLL" adapterTypeName="Microsoft.VisualStudio.TestTools.TestTypes.Unit.UnitTestAdapter, Microsoft.VisualStudio.QualityTools.Tips.UnitTest.Adapter, Version=10.0.0.0, Culture=neutral, PublicKeyToken=b03f5f7f11d50a3a" className="Kiss.BL.Test.Ba.PersonServiceTest, Kiss.BL.Test, Version=4.5.22.204, Culture=neutral, PublicKeyToken=null" name="Test_AddPerson_GetPerson_UpdatePerson_Via_Different_UnitOfWork" />
        </UnitTest>
        <UnitTest name="T07_EinzelzahlungVomGbl" storage="e:\kiss-builds\2\kiss\kiss4 nightly tests\binaries\kiss4.sozialhilfe.test.dll" id="f5c289d1-9947-8019-4237-d6894169e2ee">
            <TestCategory>
                <TestCategoryItem TestCategory="LongRunning" />
            </TestCategory>
            <Execution id="a400c009-2a42-4913-808d-a908f4763b75" />
            <TestMethod codeBase="E:/KiSS-Builds/2/KiSS/KiSS4 Nightly Tests/Binaries/KiSS4.Sozialhilfe.Test.DLL" adapterTypeName="Microsoft.VisualStudio.TestTools.TestTypes.Unit.UnitTestAdapter, Microsoft.VisualStudio.QualityTools.Tips.UnitTest.Adapter, Version=10.0.0.0, Culture=neutral, PublicKeyToken=b03f5f7f11d50a3a" className="KiSS4.Sozialhilfe.Test.GruenstellenTest, KiSS4.Sozialhilfe.Test, Version=4.5.22.204, Culture=neutral, PublicKeyToken=null" name="T07_EinzelzahlungVomGbl" />
        </UnitTest>
        <UnitTest name="HatUserSpezialrecht_Ok" storage="e:\kiss-builds\2\kiss\kiss4 nightly tests\binaries\kiss.bl.test.dll" id="c9c5fd09-8478-f66f-150f-8e5070def7a7">
            <Execution id="f79bf2d5-82c3-4c61-a55e-7270e68d2eed" />
            <TestMethod codeBase="E:/KiSS-Builds/2/KiSS/KiSS4 Nightly Tests/Binaries/Kiss.BL.Test.DLL" adapterTypeName="Microsoft.VisualStudio.TestTools.TestTypes.Unit.UnitTestAdapter, Microsoft.VisualStudio.QualityTools.Tips.UnitTest.Adapter, Version=10.0.0.0, Culture=neutral, PublicKeyToken=b03f5f7f11d50a3a" className="Kiss.BL.Test.KissSystem.BerechtigungsServiceTest, Kiss.BL.Test, Version=4.5.22.204, Culture=neutral, PublicKeyToken=null" name="HatUserSpezialrecht_Ok" />
        </UnitTest>
        <UnitTest name="Test_GetByBaPlzId" storage="e:\kiss-builds\2\kiss\kiss4 nightly tests\binaries\kiss.bl.test.dll" id="4a4440eb-c130-5fea-967d-f3a5f327a4ba">
            <Execution id="abfe9ddf-cdc9-4441-9daa-07dd69c88051" />
            <TestMethod codeBase="E:/KiSS-Builds/2/KiSS/KiSS4 Nightly Tests/Binaries/Kiss.BL.Test.DLL" adapterTypeName="Microsoft.VisualStudio.TestTools.TestTypes.Unit.UnitTestAdapter, Microsoft.VisualStudio.QualityTools.Tips.UnitTest.Adapter, Version=10.0.0.0, Culture=neutral, PublicKeyToken=b03f5f7f11d50a3a" className="Kiss.BL.Test.Ba.BaPlzServiceTest, Kiss.BL.Test, Version=4.5.22.204, Culture=neutral, PublicKeyToken=null" name="Test_GetByBaPlzId" />
        </UnitTest>
        <UnitTest name="Test_UpdateBaGemeinde" storage="e:\kiss-builds\2\kiss\kiss4 nightly tests\binaries\kiss.bl.test.dll" id="77d65b05-59ac-0766-4609-9511e30dcbe6">
            <DeploymentItems>
                <DeploymentItem filename="TestFiles\BaGemeindeServiceTestFiles.zip" outputDirectory="TestFiles" />
            </DeploymentItems>
            <Execution id="4f8bc455-d7bd-4516-b137-f43096668637" />
            <TestMethod codeBase="E:/KiSS-Builds/2/KiSS/KiSS4 Nightly Tests/Binaries/Kiss.BL.Test.DLL" adapterTypeName="Microsoft.VisualStudio.TestTools.TestTypes.Unit.UnitTestAdapter, Microsoft.VisualStudio.QualityTools.Tips.UnitTest.Adapter, Version=10.0.0.0, Culture=neutral, PublicKeyToken=b03f5f7f11d50a3a" className="Kiss.BL.Test.Ba.BaGemeindeServiceTest, Kiss.BL.Test, Version=4.5.22.204, Culture=neutral, PublicKeyToken=null" name="Test_UpdateBaGemeinde" />
        </UnitTest>
        <UnitTest name="Should_not_update_bank_after_rollback" storage="e:\kiss-builds\2\kiss\kiss4 nightly tests\binaries\kiss.klibu.bl.test.dll" id="a37f1836-1b78-836c-0496-9b6bee0ae308">
            <TestCategory>
                <TestCategoryItem TestCategory="LongRunning" />
            </TestCategory>
            <Execution id="3a9a7968-a10e-4a4f-8ff6-d54c13ef1c22" />
            <TestMethod codeBase="E:/KiSS-Builds/2/KiSS/KiSS4 Nightly Tests/Binaries/KiSS.KliBu.BL.Test.DLL" adapterTypeName="Microsoft.VisualStudio.TestTools.TestTypes.Unit.UnitTestAdapter, Microsoft.VisualStudio.QualityTools.Tips.UnitTest.Adapter, Version=10.0.0.0, Culture=neutral, PublicKeyToken=b03f5f7f11d50a3a" className="KiSS.KliBu.BL.Test.IntegrationTest.BankenServiceTest, KiSS.KliBu.BL.Test, Version=4.5.22.204, Culture=neutral, PublicKeyToken=null" name="Should_not_update_bank_after_rollback" />
        </UnitTest>
        <UnitTest name="Test_RuleSprachcode" storage="e:\kiss-builds\2\kiss\kiss4 nightly tests\binaries\kiss.klibu.bl.test.dll" id="878041d0-e80d-0df3-462b-f9ba7c7c1f5d">
            <Description>Test the rule for Sprachcode</Description>
            <TestCategory>
                <TestCategoryItem TestCategory="Local" />
            </TestCategory>
            <Execution id="3b9f1660-e4bb-4368-b3fd-e4459e081590" />
            <TestMethod codeBase="E:/KiSS-Builds/2/KiSS/KiSS4 Nightly Tests/Binaries/KiSS.KliBu.BL.Test.DLL" adapterTypeName="Microsoft.VisualStudio.TestTools.TestTypes.Unit.UnitTestAdapter, Microsoft.VisualStudio.QualityTools.Tips.UnitTest.Adapter, Version=10.0.0.0, Culture=neutral, PublicKeyToken=b03f5f7f11d50a3a" className="KiSS.KliBu.BL.Test.UnitTest.BankValidatorTest, KiSS.KliBu.BL.Test, Version=4.5.22.204, Culture=neutral, PublicKeyToken=null" name="Test_RuleSprachcode" />
        </UnitTest>
        <UnitTest name="UpdateBetragSaldoOtherPositions_Vermoegen_UpdateSaldoElBerechnung" storage="e:\kiss-builds\2\kiss\kiss4 nightly tests\binaries\kiss.bl.test.dll" id="1b1789c9-1488-cb1b-cb2a-126653ecd022">
            <Execution id="0f48e27a-2e32-4580-a2cb-6cf4cc3f6fae" />
            <TestMethod codeBase="E:/KiSS-Builds/2/KiSS/KiSS4 Nightly Tests/Binaries/Kiss.BL.Test.DLL" adapterTypeName="Microsoft.VisualStudio.TestTools.TestTypes.Unit.UnitTestAdapter, Microsoft.VisualStudio.QualityTools.Tips.UnitTest.Adapter, Version=10.0.0.0, Culture=neutral, PublicKeyToken=b03f5f7f11d50a3a" className="Kiss.BL.Test.Vm.VmPositionDTOServiceTest, Kiss.BL.Test, Version=4.5.22.204, Culture=neutral, PublicKeyToken=null" name="UpdateBetragSaldoOtherPositions_Vermoegen_UpdateSaldoElBerechnung" />
        </UnitTest>
        <UnitTest name="Test_FavoriteNameEmptyString" storage="e:\kiss-builds\2\kiss\kiss4 nightly tests\binaries\kiss4.favoriten.test.dll" id="53661b11-c745-48b2-edf1-898cfa9ef740">
            <Execution id="a954cddd-3bbb-41b8-a1af-f0e81794338a" />
            <TestMethod codeBase="E:/KiSS-Builds/2/KiSS/KiSS4 Nightly Tests/Binaries/KiSS4.Favoriten.Test.DLL" adapterTypeName="Microsoft.VisualStudio.TestTools.TestTypes.Unit.UnitTestAdapter, Microsoft.VisualStudio.QualityTools.Tips.UnitTest.Adapter, Version=10.0.0.0, Culture=neutral, PublicKeyToken=b03f5f7f11d50a3a" className="KiSS4.Favoriten.Test.Model.IncorrectTests, KiSS4.Favoriten.Test, Version=4.5.22.204, Culture=neutral, PublicKeyToken=null" name="Test_FavoriteNameEmptyString" />
        </UnitTest>
        <UnitTest name="T10_GblAufAusgabekontoUndEzVomGblUndVerrechnung" storage="e:\kiss-builds\2\kiss\kiss4 nightly tests\binaries\kiss4.sozialhilfe.test.dll" id="578beedf-15d4-d490-fa82-565220dc00c1">
            <TestCategory>
                <TestCategoryItem TestCategory="LongRunning" />
            </TestCategory>
            <Execution id="35f714ac-b980-4615-a2dc-b94795a70e42" />
            <TestMethod codeBase="E:/KiSS-Builds/2/KiSS/KiSS4 Nightly Tests/Binaries/KiSS4.Sozialhilfe.Test.DLL" adapterTypeName="Microsoft.VisualStudio.TestTools.TestTypes.Unit.UnitTestAdapter, Microsoft.VisualStudio.QualityTools.Tips.UnitTest.Adapter, Version=10.0.0.0, Culture=neutral, PublicKeyToken=b03f5f7f11d50a3a" className="KiSS4.Sozialhilfe.Test.GruenstellenTest, KiSS4.Sozialhilfe.Test, Version=4.5.22.204, Culture=neutral, PublicKeyToken=null" name="T10_GblAufAusgabekontoUndEzVomGblUndVerrechnung" />
        </UnitTest>
        <UnitTest name="Validate_NameIsEmpty_HasError" storage="e:\kiss-builds\2\kiss\kiss4 nightly tests\binaries\kiss.bl.test.dll" id="0e901f68-dff1-716c-d7b0-32b31bfeb00a">
            <Execution id="c05063b5-eac6-4ae7-8d77-85cc0f28d430" />
            <TestMethod codeBase="E:/KiSS-Builds/2/KiSS/KiSS4 Nightly Tests/Binaries/Kiss.BL.Test.DLL" adapterTypeName="Microsoft.VisualStudio.TestTools.TestTypes.Unit.UnitTestAdapter, Microsoft.VisualStudio.QualityTools.Tips.UnitTest.Adapter, Version=10.0.0.0, Culture=neutral, PublicKeyToken=b03f5f7f11d50a3a" className="Kiss.BL.Test.Fs.Validation.FsReduktionValidatorTest, Kiss.BL.Test, Version=4.5.22.204, Culture=neutral, PublicKeyToken=null" name="Validate_NameIsEmpty_HasError" />
        </UnitTest>
        <UnitTest name="GetAssignedDienstleistungen_assign2Dienstleistungen_Has2AssignedDienstleistungen" storage="e:\kiss-builds\2\kiss\kiss4 nightly tests\binaries\kiss.bl.test.dll" id="b2bde516-1257-821b-915d-889af6ae7a55">
            <Execution id="80147a53-9fb6-4909-b7cc-1cb67d8a28b2" />
            <TestMethod codeBase="E:/KiSS-Builds/2/KiSS/KiSS4 Nightly Tests/Binaries/Kiss.BL.Test.DLL" adapterTypeName="Microsoft.VisualStudio.TestTools.TestTypes.Unit.UnitTestAdapter, Microsoft.VisualStudio.QualityTools.Tips.UnitTest.Adapter, Version=10.0.0.0, Culture=neutral, PublicKeyToken=b03f5f7f11d50a3a" className="Kiss.BL.Test.Fs.FsDienstleistungspaketServiceTest, Kiss.BL.Test, Version=4.5.22.204, Culture=neutral, PublicKeyToken=null" name="GetAssignedDienstleistungen_assign2Dienstleistungen_Has2AssignedDienstleistungen" />
        </UnitTest>
        <UnitTest name="Validate_CreatorIsSet_IsValid" storage="e:\kiss-builds\2\kiss\kiss4 nightly tests\binaries\kiss.bl.test.dll" id="05de721c-b33f-8ce4-de02-627057a01278">
            <Execution id="cd702e47-e1f3-4f78-b06f-7b308214368f" />
            <TestMethod codeBase="E:/KiSS-Builds/2/KiSS/KiSS4 Nightly Tests/Binaries/Kiss.BL.Test.DLL" adapterTypeName="Microsoft.VisualStudio.TestTools.TestTypes.Unit.UnitTestAdapter, Microsoft.VisualStudio.QualityTools.Tips.UnitTest.Adapter, Version=10.0.0.0, Culture=neutral, PublicKeyToken=b03f5f7f11d50a3a" className="Kiss.BL.Test.ValidatorBaseTest, Kiss.BL.Test, Version=4.5.22.204, Culture=neutral, PublicKeyToken=null" name="Validate_CreatorIsSet_IsValid" />
        </UnitTest>
        <UnitTest name="Test_OkWhenClearingNrInRange" storage="e:\kiss-builds\2\kiss\kiss4 nightly tests\binaries\kiss.klibu.bl.test.dll" id="186d353e-fa3c-c0e9-a38e-a92028526f51">
            <Description>Should not have a validation error when the ClearingNr is in the range</Description>
            <TestCategory>
                <TestCategoryItem TestCategory="Local" />
            </TestCategory>
            <Execution id="29e1ee45-e162-4b4f-84a9-69826abba692" />
            <TestMethod codeBase="E:/KiSS-Builds/2/KiSS/KiSS4 Nightly Tests/Binaries/KiSS.KliBu.BL.Test.DLL" adapterTypeName="Microsoft.VisualStudio.TestTools.TestTypes.Unit.UnitTestAdapter, Microsoft.VisualStudio.QualityTools.Tips.UnitTest.Adapter, Version=10.0.0.0, Culture=neutral, PublicKeyToken=b03f5f7f11d50a3a" className="KiSS.KliBu.BL.Test.UnitTest.BankValidatorTest, KiSS.KliBu.BL.Test, Version=4.5.22.204, Culture=neutral, PublicKeyToken=null" name="Test_OkWhenClearingNrInRange" />
        </UnitTest>
        <UnitTest name="Test_GetMonthList" storage="e:\kiss-builds\2\kiss\kiss4 nightly tests\binaries\kiss.infrastructure.test.dll" id="95f71f0b-5a17-9a56-c998-c84f9e681b27">
            <Execution id="06921201-47c4-4eb6-b735-aa48b15cb351" />
            <TestMethod codeBase="E:/KiSS-Builds/2/KiSS/KiSS4 Nightly Tests/Binaries/Kiss.Infrastructure.Test.DLL" adapterTypeName="Microsoft.VisualStudio.TestTools.TestTypes.Unit.UnitTestAdapter, Microsoft.VisualStudio.QualityTools.Tips.UnitTest.Adapter, Version=10.0.0.0, Culture=neutral, PublicKeyToken=b03f5f7f11d50a3a" className="Kiss.Infrastructure.Test.MonthYearTest, Kiss.Infrastructure.Test, Version=1.0.0.0, Culture=neutral, PublicKeyToken=null" name="Test_GetMonthList" />
        </UnitTest>
        <UnitTest name="Test_ParseThreeRecordTwoFirstIncorrectAndTooShort" storage="e:\kiss-builds\2\kiss\kiss4 nightly tests\binaries\kiss.klibu.bl.test.dll" id="8060efb1-937f-fc07-d654-d58be3705ea3">
            <Description>Parse 3 bank records where the two first one aren't correct, only the third bank is in the list</Description>
            <TestCategory>
                <TestCategoryItem TestCategory="Local" />
            </TestCategory>
            <Execution id="5787d5ba-1820-418f-8932-9ff7d326d953" />
            <TestMethod codeBase="E:/KiSS-Builds/2/KiSS/KiSS4 Nightly Tests/Binaries/KiSS.KliBu.BL.Test.DLL" adapterTypeName="Microsoft.VisualStudio.TestTools.TestTypes.Unit.UnitTestAdapter, Microsoft.VisualStudio.QualityTools.Tips.UnitTest.Adapter, Version=10.0.0.0, Culture=neutral, PublicKeyToken=b03f5f7f11d50a3a" className="KiSS.KliBu.BL.Test.UnitTest.BankParserTest, KiSS.KliBu.BL.Test, Version=4.5.22.204, Culture=neutral, PublicKeyToken=null" name="Test_ParseThreeRecordTwoFirstIncorrectAndTooShort" />
        </UnitTest>
        <UnitTest name="Test_RuleHauptsitzBcl" storage="e:\kiss-builds\2\kiss\kiss4 nightly tests\binaries\kiss.klibu.bl.test.dll" id="e66cf475-76cf-2525-9edc-5365178d7bd2">
            <Description>Test the rule for HauptsitzBCL</Description>
            <TestCategory>
                <TestCategoryItem TestCategory="Local" />
            </TestCategory>
            <Execution id="70ca2216-93ed-4099-a31b-b56e1673efd6" />
            <TestMethod codeBase="E:/KiSS-Builds/2/KiSS/KiSS4 Nightly Tests/Binaries/KiSS.KliBu.BL.Test.DLL" adapterTypeName="Microsoft.VisualStudio.TestTools.TestTypes.Unit.UnitTestAdapter, Microsoft.VisualStudio.QualityTools.Tips.UnitTest.Adapter, Version=10.0.0.0, Culture=neutral, PublicKeyToken=b03f5f7f11d50a3a" className="KiSS.KliBu.BL.Test.UnitTest.BankValidatorTest, KiSS.KliBu.BL.Test, Version=4.5.22.204, Culture=neutral, PublicKeyToken=null" name="Test_RuleHauptsitzBcl" />
        </UnitTest>
        <UnitTest name="EntriesGenerated_ThisMonthSingleUser" storage="e:\kiss-builds\2\kiss\kiss4 nightly tests\binaries\kiss.bl.test.dll" id="fddc661a-a92d-0ab1-10d9-60121ec8abd2">
            <Execution id="231e4012-2a47-422e-a9e6-91677d5a0571" />
            <TestMethod codeBase="E:/KiSS-Builds/2/KiSS/KiSS4 Nightly Tests/Binaries/Kiss.BL.Test.DLL" adapterTypeName="Microsoft.VisualStudio.TestTools.TestTypes.Unit.UnitTestAdapter, Microsoft.VisualStudio.QualityTools.Tips.UnitTest.Adapter, Version=10.0.0.0, Culture=neutral, PublicKeyToken=b03f5f7f11d50a3a" className="Kiss.BL.Test.Fs.FsReduktionMitarbeiterServiceTest, Kiss.BL.Test, Version=4.5.22.204, Culture=neutral, PublicKeyToken=null" name="EntriesGenerated_ThisMonthSingleUser" />
        </UnitTest>
        <UnitTest name="T01_NurGBL" storage="e:\kiss-builds\2\kiss\kiss4 nightly tests\binaries\kiss4.sozialhilfe.test.dll" id="5a93a515-6be9-9b6d-241b-c88501809c8b">
            <TestCategory>
                <TestCategoryItem TestCategory="LongRunning" />
            </TestCategory>
            <Execution id="a19bc0b7-721c-42e2-a310-6974baad6ffc" />
            <TestMethod codeBase="E:/KiSS-Builds/2/KiSS/KiSS4 Nightly Tests/Binaries/KiSS4.Sozialhilfe.Test.DLL" adapterTypeName="Microsoft.VisualStudio.TestTools.TestTypes.Unit.UnitTestAdapter, Microsoft.VisualStudio.QualityTools.Tips.UnitTest.Adapter, Version=10.0.0.0, Culture=neutral, PublicKeyToken=b03f5f7f11d50a3a" className="KiSS4.Sozialhilfe.Test.GruenstellenTest, KiSS4.Sozialhilfe.Test, Version=4.5.22.204, Culture=neutral, PublicKeyToken=null" name="T01_NurGBL" />
        </UnitTest>
        <UnitTest name="RegisterAndResolveTypeByInterface" storage="e:\kiss-builds\2\kiss\kiss4 nightly tests\binaries\kiss.infrastructure.test.dll" id="07915cd5-b0b3-203d-d7cd-1957a203b6ea">
            <Execution id="426f0bcd-1e09-4da9-afe1-8565008d68c5" />
            <TestMethod codeBase="E:/KiSS-Builds/2/KiSS/KiSS4 Nightly Tests/Binaries/Kiss.Infrastructure.Test.DLL" adapterTypeName="Microsoft.VisualStudio.TestTools.TestTypes.Unit.UnitTestAdapter, Microsoft.VisualStudio.QualityTools.Tips.UnitTest.Adapter, Version=10.0.0.0, Culture=neutral, PublicKeyToken=b03f5f7f11d50a3a" className="Kiss.Infrastructure.Test.IoC.ContainerTest, Kiss.Infrastructure.Test, Version=1.0.0.0, Culture=neutral, PublicKeyToken=null" name="RegisterAndResolveTypeByInterface" />
        </UnitTest>
        <UnitTest name="GetConfigValueLovCodeTest" storage="e:\kiss-builds\2\kiss\kiss4 nightly tests\binaries\kiss.bl.test.dll" id="f6411559-ce73-5d15-ab1a-e8c8cb87ffbe">
            <Execution id="4a00e4a6-6bcf-4994-9320-f1571d0e5e1e" />
            <TestMethod codeBase="E:/KiSS-Builds/2/KiSS/KiSS4 Nightly Tests/Binaries/Kiss.BL.Test.DLL" adapterTypeName="Microsoft.VisualStudio.TestTools.TestTypes.Unit.UnitTestAdapter, Microsoft.VisualStudio.QualityTools.Tips.UnitTest.Adapter, Version=10.0.0.0, Culture=neutral, PublicKeyToken=b03f5f7f11d50a3a" className="Kiss.BL.Test.System.XConfigServiceTest, Kiss.BL.Test, Version=4.5.22.204, Culture=neutral, PublicKeyToken=null" name="GetConfigValueLovCodeTest" />
        </UnitTest>
        <UnitTest name="Add_New_Bank" storage="e:\kiss-builds\2\kiss\kiss4 nightly tests\binaries\kiss.klibu.bl.test.dll" id="9e05b7e1-9c9d-33ff-7ec0-0988fade634d">
            <TestCategory>
                <TestCategoryItem TestCategory="LongRunning" />
            </TestCategory>
            <Execution id="76a629ff-ff95-45d2-8fbc-a86366942e2d" />
            <TestMethod codeBase="E:/KiSS-Builds/2/KiSS/KiSS4 Nightly Tests/Binaries/KiSS.KliBu.BL.Test.DLL" adapterTypeName="Microsoft.VisualStudio.TestTools.TestTypes.Unit.UnitTestAdapter, Microsoft.VisualStudio.QualityTools.Tips.UnitTest.Adapter, Version=10.0.0.0, Culture=neutral, PublicKeyToken=b03f5f7f11d50a3a" className="KiSS.KliBu.BL.Test.IntegrationTest.BankenServiceTest, KiSS.KliBu.BL.Test, Version=4.5.22.204, Culture=neutral, PublicKeyToken=null" name="Add_New_Bank" />
        </UnitTest>
        <UnitTest name="Test_FavoriteNameOk" storage="e:\kiss-builds\2\kiss\kiss4 nightly tests\binaries\kiss4.favoriten.test.dll" id="3ab093c9-e9bd-bd61-14af-3f410975aa33">
            <Execution id="3cb1dbd5-284e-4136-b0a9-ed025f64aa6f" />
            <TestMethod codeBase="E:/KiSS-Builds/2/KiSS/KiSS4 Nightly Tests/Binaries/KiSS4.Favoriten.Test.DLL" adapterTypeName="Microsoft.VisualStudio.TestTools.TestTypes.Unit.UnitTestAdapter, Microsoft.VisualStudio.QualityTools.Tips.UnitTest.Adapter, Version=10.0.0.0, Culture=neutral, PublicKeyToken=b03f5f7f11d50a3a" className="KiSS4.Favoriten.Test.BusinessRules.CorrectTests, KiSS4.Favoriten.Test, Version=4.5.22.204, Culture=neutral, PublicKeyToken=null" name="Test_FavoriteNameOk" />
        </UnitTest>
        <UnitTest name="Validate_ModifierIsEmpty_HasError" storage="e:\kiss-builds\2\kiss\kiss4 nightly tests\binaries\kiss.bl.test.dll" id="76926bac-89c6-b29d-12f5-59a1309acf8d">
            <Execution id="6bd96533-07e2-432b-98df-f7667bdd4bbd" />
            <TestMethod codeBase="E:/KiSS-Builds/2/KiSS/KiSS4 Nightly Tests/Binaries/Kiss.BL.Test.DLL" adapterTypeName="Microsoft.VisualStudio.TestTools.TestTypes.Unit.UnitTestAdapter, Microsoft.VisualStudio.QualityTools.Tips.UnitTest.Adapter, Version=10.0.0.0, Culture=neutral, PublicKeyToken=b03f5f7f11d50a3a" className="Kiss.BL.Test.ValidatorBaseTest, Kiss.BL.Test, Version=4.5.22.204, Culture=neutral, PublicKeyToken=null" name="Validate_ModifierIsEmpty_HasError" />
        </UnitTest>
        <UnitTest name="SaveData_GetNewData_ResultIsOk" storage="e:\kiss-builds\2\kiss\kiss4 nightly tests\binaries\kiss.bl.test.dll" id="05650a59-32bf-1d6c-4f29-fe643603e471">
            <Execution id="598913e6-be2e-4282-9c88-71c78c1045d8" />
            <TestMethod codeBase="E:/KiSS-Builds/2/KiSS/KiSS4 Nightly Tests/Binaries/Kiss.BL.Test.DLL" adapterTypeName="Microsoft.VisualStudio.TestTools.TestTypes.Unit.UnitTestAdapter, Microsoft.VisualStudio.QualityTools.Tips.UnitTest.Adapter, Version=10.0.0.0, Culture=neutral, PublicKeyToken=b03f5f7f11d50a3a" className="Kiss.BL.Test.Fs.FsDienstleistungspaketServiceTest, Kiss.BL.Test, Version=4.5.22.204, Culture=neutral, PublicKeyToken=null" name="SaveData_GetNewData_ResultIsOk" />
        </UnitTest>
        <UnitTest name="Validate_NameIsEmpty_HasError" storage="e:\kiss-builds\2\kiss\kiss4 nightly tests\binaries\kiss.bl.test.dll" id="e3f1335d-2040-c5cf-0ca6-6bac4d6abd51">
            <Execution id="9629e4ae-1025-4cd4-960d-f659c848a3ba" />
            <TestMethod codeBase="E:/KiSS-Builds/2/KiSS/KiSS4 Nightly Tests/Binaries/Kiss.BL.Test.DLL" adapterTypeName="Microsoft.VisualStudio.TestTools.TestTypes.Unit.UnitTestAdapter, Microsoft.VisualStudio.QualityTools.Tips.UnitTest.Adapter, Version=10.0.0.0, Culture=neutral, PublicKeyToken=b03f5f7f11d50a3a" className="Kiss.BL.Test.Fs.Validation.FsDienstleistungValidatorTest, Kiss.BL.Test, Version=4.5.22.204, Culture=neutral, PublicKeyToken=null" name="Validate_NameIsEmpty_HasError" />
        </UnitTest>
        <UnitTest name="Validate_NameIsEmpty_HasError" storage="e:\kiss-builds\2\kiss\kiss4 nightly tests\binaries\kiss.bl.test.dll" id="c57a4ff8-b0c8-a5fe-38a6-624b6048d0eb">
            <Execution id="c97b1ed1-440e-4ac2-b99b-30131ffcf9ce" />
            <TestMethod codeBase="E:/KiSS-Builds/2/KiSS/KiSS4 Nightly Tests/Binaries/Kiss.BL.Test.DLL" adapterTypeName="Microsoft.VisualStudio.TestTools.TestTypes.Unit.UnitTestAdapter, Microsoft.VisualStudio.QualityTools.Tips.UnitTest.Adapter, Version=10.0.0.0, Culture=neutral, PublicKeyToken=b03f5f7f11d50a3a" className="Kiss.BL.Test.Vm.Validation.VmPositionValidatorTest, Kiss.BL.Test, Version=4.5.22.204, Culture=neutral, PublicKeyToken=null" name="Validate_NameIsEmpty_HasError" />
        </UnitTest>
        <UnitTest name="Test_RuleClearingNrNEU" storage="e:\kiss-builds\2\kiss\kiss4 nightly tests\binaries\kiss.klibu.bl.test.dll" id="7db55114-2805-35eb-463d-7c8f31e8b4ca">
            <Description>Test the rule for ClearingNr_NEU</Description>
            <TestCategory>
                <TestCategoryItem TestCategory="Local" />
            </TestCategory>
            <Execution id="147eb967-6f07-4d59-a89f-9322d6685a1f" />
            <TestMethod codeBase="E:/KiSS-Builds/2/KiSS/KiSS4 Nightly Tests/Binaries/KiSS.KliBu.BL.Test.DLL" adapterTypeName="Microsoft.VisualStudio.TestTools.TestTypes.Unit.UnitTestAdapter, Microsoft.VisualStudio.QualityTools.Tips.UnitTest.Adapter, Version=10.0.0.0, Culture=neutral, PublicKeyToken=b03f5f7f11d50a3a" className="KiSS.KliBu.BL.Test.UnitTest.BankValidatorTest, KiSS.KliBu.BL.Test, Version=4.5.22.204, Culture=neutral, PublicKeyToken=null" name="Test_RuleClearingNrNEU" />
        </UnitTest>
        <UnitTest name="Validate_StandardAufwandIsGreaterThan8760_Error" storage="e:\kiss-builds\2\kiss\kiss4 nightly tests\binaries\kiss.bl.test.dll" id="6f4f7a85-42c2-1d68-4f91-cd40ccc7d9f8">
            <Execution id="65178190-4af0-437f-b8d1-e941301a1661" />
            <TestMethod codeBase="E:/KiSS-Builds/2/KiSS/KiSS4 Nightly Tests/Binaries/Kiss.BL.Test.DLL" adapterTypeName="Microsoft.VisualStudio.TestTools.TestTypes.Unit.UnitTestAdapter, Microsoft.VisualStudio.QualityTools.Tips.UnitTest.Adapter, Version=10.0.0.0, Culture=neutral, PublicKeyToken=b03f5f7f11d50a3a" className="Kiss.BL.Test.Fs.Validation.FsReduktionValidatorTest, Kiss.BL.Test, Version=4.5.22.204, Culture=neutral, PublicKeyToken=null" name="Validate_StandardAufwandIsGreaterThan8760_Error" />
        </UnitTest>
        <UnitTest name="TestPostkontoUnformatiert_ConvertMulti_PostkontoAndBankkonto" storage="e:\kiss-builds\2\kiss\kiss4 nightly tests\binaries\kiss.ui.controls.test.dll" id="73c7c0d4-3c81-5c21-ef1a-1ba891ac8e4b">
            <Execution id="17140fd9-cff7-43e3-bb4f-7229c55fc786" />
            <TestMethod codeBase="E:/KiSS-Builds/2/KiSS/KiSS4 Nightly Tests/Binaries/Kiss.UI.Controls.Test.DLL" adapterTypeName="Microsoft.VisualStudio.TestTools.TestTypes.Unit.UnitTestAdapter, Microsoft.VisualStudio.QualityTools.Tips.UnitTest.Adapter, Version=10.0.0.0, Culture=neutral, PublicKeyToken=b03f5f7f11d50a3a" className="Kiss.UI.Controls.Test.PostkontoNrFormattingConverterTest, Kiss.UI.Controls.Test, Version=4.5.22.204, Culture=neutral, PublicKeyToken=null" name="TestPostkontoUnformatiert_ConvertMulti_PostkontoAndBankkonto" />
        </UnitTest>
        <UnitTest name="GetLov_LovExists_NameIsEqual" storage="e:\kiss-builds\2\kiss\kiss4 nightly tests\binaries\kiss.bl.test.dll" id="149a6d5d-0af0-1c63-d473-0d8873514abf">
            <Execution id="ef0ff814-4868-4a88-9b90-b4e231e5240b" />
            <TestMethod codeBase="E:/KiSS-Builds/2/KiSS/KiSS4 Nightly Tests/Binaries/Kiss.BL.Test.DLL" adapterTypeName="Microsoft.VisualStudio.TestTools.TestTypes.Unit.UnitTestAdapter, Microsoft.VisualStudio.QualityTools.Tips.UnitTest.Adapter, Version=10.0.0.0, Culture=neutral, PublicKeyToken=b03f5f7f11d50a3a" className="Kiss.BL.Test.System.XLovServiceTest, Kiss.BL.Test, Version=4.5.22.204, Culture=neutral, PublicKeyToken=null" name="GetLov_LovExists_NameIsEqual" />
        </UnitTest>
        <UnitTest name="Test_DtaRecordFactoryKlibuBankzahlungIbanOK" storage="e:\kiss-builds\2\kiss\kiss4 nightly tests\binaries\kiss4.schnittstellen.test.dll" id="577300b3-e1ce-0257-4d88-a2c0363ac254">
            <Execution id="0bfe3d23-910d-4e65-a9e0-4a462f8b6655" />
            <TestMethod codeBase="E:/KiSS-Builds/2/KiSS/KiSS4 Nightly Tests/Binaries/KiSS4.Schnittstellen.Test.DLL" adapterTypeName="Microsoft.VisualStudio.TestTools.TestTypes.Unit.UnitTestAdapter, Microsoft.VisualStudio.QualityTools.Tips.UnitTest.Adapter, Version=10.0.0.0, Culture=neutral, PublicKeyToken=b03f5f7f11d50a3a" className="KiSS4.Schnittstellen.Test.DtaRecordFactoryTests, KiSS4.Schnittstellen.Test, Version=4.5.22.204, Culture=neutral, PublicKeyToken=null" name="Test_DtaRecordFactoryKlibuBankzahlungIbanOK" />
        </UnitTest>
        <UnitTest name="SaveData_GetNewData_ResultIsOk" storage="e:\kiss-builds\2\kiss\kiss4 nightly tests\binaries\kiss.bl.test.dll" id="c4c7e3ae-c8a1-7aa5-9af1-8345c6b9c42b">
            <Execution id="1a17fcfe-d262-4776-88a6-3dac8ef17ef5" />
            <TestMethod codeBase="E:/KiSS-Builds/2/KiSS/KiSS4 Nightly Tests/Binaries/Kiss.BL.Test.DLL" adapterTypeName="Microsoft.VisualStudio.TestTools.TestTypes.Unit.UnitTestAdapter, Microsoft.VisualStudio.QualityTools.Tips.UnitTest.Adapter, Version=10.0.0.0, Culture=neutral, PublicKeyToken=b03f5f7f11d50a3a" className="Kiss.BL.Test.Fs.FsDienstleistungServiceTest, Kiss.BL.Test, Version=4.5.22.204, Culture=neutral, PublicKeyToken=null" name="SaveData_GetNewData_ResultIsOk" />
        </UnitTest>
        <UnitTest name="Test_EscapedImport" storage="e:\kiss-builds\2\kiss\kiss4 nightly tests\binaries\kiss4.basis.test.dll" id="23f561bd-1fb9-aa1a-fb84-886320f51d36">
            <Execution id="5d49b539-8f2c-42d9-82ab-de7e2472481a" />
            <TestMethod codeBase="E:/KiSS-Builds/2/KiSS/KiSS4 Nightly Tests/Binaries/KiSS4.Basis.Test.DLL" adapterTypeName="Microsoft.VisualStudio.TestTools.TestTypes.Unit.UnitTestAdapter, Microsoft.VisualStudio.QualityTools.Tips.UnitTest.Adapter, Version=10.0.0.0, Culture=neutral, PublicKeyToken=b03f5f7f11d50a3a" className="KiSS4.Basis.Test.BaStrassenverzeichnisParserTest, KiSS4.Basis.Test, Version=4.5.22.204, Culture=neutral, PublicKeyToken=null" name="Test_EscapedImport" />
        </UnitTest>
        <UnitTest name="Test_OkWhenGeschlechtCodeInRange" storage="e:\kiss-builds\2\kiss\kiss4 nightly tests\binaries\kiss.bl.test.dll" id="8ec217d7-f568-d639-66a0-47232733c2ed">
            <Execution id="a7bbd1d5-0d63-440d-a932-66dbf1a16661" />
            <TestMethod codeBase="E:/KiSS-Builds/2/KiSS/KiSS4 Nightly Tests/Binaries/Kiss.BL.Test.DLL" adapterTypeName="Microsoft.VisualStudio.TestTools.TestTypes.Unit.UnitTestAdapter, Microsoft.VisualStudio.QualityTools.Tips.UnitTest.Adapter, Version=10.0.0.0, Culture=neutral, PublicKeyToken=b03f5f7f11d50a3a" className="Kiss.BL.Test.Ba.Validation.BaPersonValidatorTest, Kiss.BL.Test, Version=4.5.22.204, Culture=neutral, PublicKeyToken=null" name="Test_OkWhenGeschlechtCodeInRange" />
        </UnitTest>
        <UnitTest name="TryGetValue_DateTimeValid_ValueFound" storage="e:\kiss-builds\2\kiss\kiss4 nightly tests\binaries\kiss.infrastructure.test.dll" id="b5066d2c-6823-69c7-d7d6-824a48713ce0">
            <Execution id="931b66f3-98ee-4e79-a769-4dfc6a245e8d" />
            <TestMethod codeBase="E:/KiSS-Builds/2/KiSS/KiSS4 Nightly Tests/Binaries/Kiss.Infrastructure.Test.DLL" adapterTypeName="Microsoft.VisualStudio.TestTools.TestTypes.Unit.UnitTestAdapter, Microsoft.VisualStudio.QualityTools.Tips.UnitTest.Adapter, Version=10.0.0.0, Culture=neutral, PublicKeyToken=b03f5f7f11d50a3a" className="Kiss.Infrastructure.Test.ExtensionsTest, Kiss.Infrastructure.Test, Version=1.0.0.0, Culture=neutral, PublicKeyToken=null" name="TryGetValue_DateTimeValid_ValueFound" />
        </UnitTest>
        <UnitTest name="Should_update_bank" storage="e:\kiss-builds\2\kiss\kiss4 nightly tests\binaries\kiss.klibu.bl.test.dll" id="583db28a-9b7e-487a-384f-c11be73e9e1d">
            <TestCategory>
                <TestCategoryItem TestCategory="LongRunning" />
            </TestCategory>
            <Execution id="f49d5401-17ba-4f86-885d-c3576be65482" />
            <TestMethod codeBase="E:/KiSS-Builds/2/KiSS/KiSS4 Nightly Tests/Binaries/KiSS.KliBu.BL.Test.DLL" adapterTypeName="Microsoft.VisualStudio.TestTools.TestTypes.Unit.UnitTestAdapter, Microsoft.VisualStudio.QualityTools.Tips.UnitTest.Adapter, Version=10.0.0.0, Culture=neutral, PublicKeyToken=b03f5f7f11d50a3a" className="KiSS.KliBu.BL.Test.IntegrationTest.BankenServiceTest, KiSS.KliBu.BL.Test, Version=4.5.22.204, Culture=neutral, PublicKeyToken=null" name="Should_update_bank" />
        </UnitTest>
        <UnitTest name="Test_ParseAnotherIncorrectDataRecord" storage="e:\kiss-builds\2\kiss\kiss4 nightly tests\binaries\kiss.klibu.bl.test.dll" id="f1ac08be-b7ba-0081-ad6a-ca4ca44ab6e7">
            <Description>Parse a correct length bank record but incorrect data, no bank in the list</Description>
            <TestCategory>
                <TestCategoryItem TestCategory="Local" />
            </TestCategory>
            <Execution id="ad0d8737-0fe1-4592-b228-e47b634cad23" />
            <TestMethod codeBase="E:/KiSS-Builds/2/KiSS/KiSS4 Nightly Tests/Binaries/KiSS.KliBu.BL.Test.DLL" adapterTypeName="Microsoft.VisualStudio.TestTools.TestTypes.Unit.UnitTestAdapter, Microsoft.VisualStudio.QualityTools.Tips.UnitTest.Adapter, Version=10.0.0.0, Culture=neutral, PublicKeyToken=b03f5f7f11d50a3a" className="KiSS.KliBu.BL.Test.UnitTest.BankParserTest, KiSS.KliBu.BL.Test, Version=4.5.22.204, Culture=neutral, PublicKeyToken=null" name="Test_ParseAnotherIncorrectDataRecord" />
        </UnitTest>
        <UnitTest name="Test_AdditionOverYear" storage="e:\kiss-builds\2\kiss\kiss4 nightly tests\binaries\kiss.infrastructure.test.dll" id="6a714d3d-5f95-ba09-1e68-dd991de58b43">
            <Execution id="a568eacb-3824-489c-9e07-25c08b0940ef" />
            <TestMethod codeBase="E:/KiSS-Builds/2/KiSS/KiSS4 Nightly Tests/Binaries/Kiss.Infrastructure.Test.DLL" adapterTypeName="Microsoft.VisualStudio.TestTools.TestTypes.Unit.UnitTestAdapter, Microsoft.VisualStudio.QualityTools.Tips.UnitTest.Adapter, Version=10.0.0.0, Culture=neutral, PublicKeyToken=b03f5f7f11d50a3a" className="Kiss.Infrastructure.Test.MonthYearTest, Kiss.Infrastructure.Test, Version=1.0.0.0, Culture=neutral, PublicKeyToken=null" name="Test_AdditionOverYear" />
        </UnitTest>
        <UnitTest name="TestPostkontoUnformatiert_ConvertMulti_OnlyBankkonto" storage="e:\kiss-builds\2\kiss\kiss4 nightly tests\binaries\kiss.ui.controls.test.dll" id="15e1bbf6-183f-d332-6f5c-e2d979c2dd7e">
            <Execution id="6af5f135-5661-4637-8a98-938226160f3b" />
            <TestMethod codeBase="E:/KiSS-Builds/2/KiSS/KiSS4 Nightly Tests/Binaries/Kiss.UI.Controls.Test.DLL" adapterTypeName="Microsoft.VisualStudio.TestTools.TestTypes.Unit.UnitTestAdapter, Microsoft.VisualStudio.QualityTools.Tips.UnitTest.Adapter, Version=10.0.0.0, Culture=neutral, PublicKeyToken=b03f5f7f11d50a3a" className="Kiss.UI.Controls.Test.PostkontoNrFormattingConverterTest, Kiss.UI.Controls.Test, Version=4.5.22.204, Culture=neutral, PublicKeyToken=null" name="TestPostkontoUnformatiert_ConvertMulti_OnlyBankkonto" />
        </UnitTest>
        <UnitTest name="Test_Verguetungsbetrag836NoDecimals" storage="e:\kiss-builds\2\kiss\kiss4 nightly tests\binaries\kiss4.schnittstellen.test.dll" id="da8a17b7-a70a-c0b2-c06d-054e05d40867">
            <Execution id="49b279e9-7cb9-4228-a370-883037382472" />
            <TestMethod codeBase="E:/KiSS-Builds/2/KiSS/KiSS4 Nightly Tests/Binaries/KiSS4.Schnittstellen.Test.DLL" adapterTypeName="Microsoft.VisualStudio.TestTools.TestTypes.Unit.UnitTestAdapter, Microsoft.VisualStudio.QualityTools.Tips.UnitTest.Adapter, Version=10.0.0.0, Culture=neutral, PublicKeyToken=b03f5f7f11d50a3a" className="KiSS4.Schnittstellen.Test.DtaRecordTests, KiSS4.Schnittstellen.Test, Version=4.5.22.204, Culture=neutral, PublicKeyToken=null" name="Test_Verguetungsbetrag836NoDecimals" />
        </UnitTest>
        <UnitTest name="Test_Search_Institution" storage="e:\kiss-builds\2\kiss\kiss4 nightly tests\binaries\kiss.bl.test.dll" id="09d472ac-41b7-c26b-e890-9cc2e3761243">
            <Execution id="34f8d7ab-69f4-4521-b9fb-c6861afbb2c1" />
            <TestMethod codeBase="E:/KiSS-Builds/2/KiSS/KiSS4 Nightly Tests/Binaries/Kiss.BL.Test.DLL" adapterTypeName="Microsoft.VisualStudio.TestTools.TestTypes.Unit.UnitTestAdapter, Microsoft.VisualStudio.QualityTools.Tips.UnitTest.Adapter, Version=10.0.0.0, Culture=neutral, PublicKeyToken=b03f5f7f11d50a3a" className="Kiss.BL.Test.Ba.BaDebitorSearchServiceTest, Kiss.BL.Test, Version=4.5.22.204, Culture=neutral, PublicKeyToken=null" name="Test_Search_Institution" />
        </UnitTest>
        <UnitTest name="Test_GetEntityFromFileString" storage="e:\kiss-builds\2\kiss\kiss4 nightly tests\binaries\kiss.bl.test.dll" id="55e15dae-f266-2eae-ed6a-d8571f63397e">
            <Execution id="ff9e378c-9004-4645-9872-81f0eb68e31a" />
            <TestMethod codeBase="E:/KiSS-Builds/2/KiSS/KiSS4 Nightly Tests/Binaries/Kiss.BL.Test.DLL" adapterTypeName="Microsoft.VisualStudio.TestTools.TestTypes.Unit.UnitTestAdapter, Microsoft.VisualStudio.QualityTools.Tips.UnitTest.Adapter, Version=10.0.0.0, Culture=neutral, PublicKeyToken=b03f5f7f11d50a3a" className="Kiss.BL.Test.Ba.BaPlzServiceTest, Kiss.BL.Test, Version=4.5.22.204, Culture=neutral, PublicKeyToken=null" name="Test_GetEntityFromFileString" />
        </UnitTest>
        <UnitTest name="GetMitarbeiterArbeitszeit_ListeOk" storage="e:\kiss-builds\2\kiss\kiss4 nightly tests\binaries\kiss.bl.test.dll" id="12ca63d0-d37b-caa3-427a-b5c1731949fb">
            <Execution id="c8627188-0db6-4d50-8e34-962506280277" />
            <TestMethod codeBase="E:/KiSS-Builds/2/KiSS/KiSS4 Nightly Tests/Binaries/Kiss.BL.Test.DLL" adapterTypeName="Microsoft.VisualStudio.TestTools.TestTypes.Unit.UnitTestAdapter, Microsoft.VisualStudio.QualityTools.Tips.UnitTest.Adapter, Version=10.0.0.0, Culture=neutral, PublicKeyToken=b03f5f7f11d50a3a" className="Kiss.BL.Test.Fs.FsVerfuegbareArbeitszeitServiceTest, Kiss.BL.Test, Version=4.5.22.204, Culture=neutral, PublicKeyToken=null" name="GetMitarbeiterArbeitszeit_ListeOk" />
        </UnitTest>
        <UnitTest name="T09_GblAufAusgabekontoUndVerrechnung" storage="e:\kiss-builds\2\kiss\kiss4 nightly tests\binaries\kiss4.sozialhilfe.test.dll" id="f435cbad-1293-e7b0-683f-1dca0173df0e">
            <TestCategory>
                <TestCategoryItem TestCategory="LongRunning" />
            </TestCategory>
            <Execution id="18068802-1e27-48be-a0e3-04699c9a28ed" />
            <TestMethod codeBase="E:/KiSS-Builds/2/KiSS/KiSS4 Nightly Tests/Binaries/KiSS4.Sozialhilfe.Test.DLL" adapterTypeName="Microsoft.VisualStudio.TestTools.TestTypes.Unit.UnitTestAdapter, Microsoft.VisualStudio.QualityTools.Tips.UnitTest.Adapter, Version=10.0.0.0, Culture=neutral, PublicKeyToken=b03f5f7f11d50a3a" className="KiSS4.Sozialhilfe.Test.GruenstellenTest, KiSS4.Sozialhilfe.Test, Version=4.5.22.204, Culture=neutral, PublicKeyToken=null" name="T09_GblAufAusgabekontoUndVerrechnung" />
        </UnitTest>
        <UnitTest name="Test_FavoriteNameOk" storage="e:\kiss-builds\2\kiss\kiss4 nightly tests\binaries\kiss4.favoriten.test.dll" id="bfcb8c04-1d3f-a83f-389f-7720f1f0918f">
            <Execution id="fcb64703-6a7b-4047-acf5-55f390291458" />
            <TestMethod codeBase="E:/KiSS-Builds/2/KiSS/KiSS4 Nightly Tests/Binaries/KiSS4.Favoriten.Test.DLL" adapterTypeName="Microsoft.VisualStudio.TestTools.TestTypes.Unit.UnitTestAdapter, Microsoft.VisualStudio.QualityTools.Tips.UnitTest.Adapter, Version=10.0.0.0, Culture=neutral, PublicKeyToken=b03f5f7f11d50a3a" className="KiSS4.Favoriten.Test.Model.CorrectTests, KiSS4.Favoriten.Test, Version=4.5.22.204, Culture=neutral, PublicKeyToken=null" name="Test_FavoriteNameOk" />
        </UnitTest>
        <UnitTest name="Test_ParseThreeRecordSecondTooShort" storage="e:\kiss-builds\2\kiss\kiss4 nightly tests\binaries\kiss.klibu.bl.test.dll" id="436c37d9-48dc-cbdb-a89e-5c68b9f72041">
            <Description>Parse 3 bank record where the second one is too short, add only the first and the third one in the list</Description>
            <TestCategory>
                <TestCategoryItem TestCategory="Local" />
            </TestCategory>
            <Execution id="7da8efe7-eac9-4136-8d59-98f5dc5e2306" />
            <TestMethod codeBase="E:/KiSS-Builds/2/KiSS/KiSS4 Nightly Tests/Binaries/KiSS.KliBu.BL.Test.DLL" adapterTypeName="Microsoft.VisualStudio.TestTools.TestTypes.Unit.UnitTestAdapter, Microsoft.VisualStudio.QualityTools.Tips.UnitTest.Adapter, Version=10.0.0.0, Culture=neutral, PublicKeyToken=b03f5f7f11d50a3a" className="KiSS.KliBu.BL.Test.UnitTest.BankParserTest, KiSS.KliBu.BL.Test, Version=4.5.22.204, Culture=neutral, PublicKeyToken=null" name="Test_ParseThreeRecordSecondTooShort" />
        </UnitTest>
        <UnitTest name="Get_not_existing_bank_should_return_null" storage="e:\kiss-builds\2\kiss\kiss4 nightly tests\binaries\kiss.klibu.bl.test.dll" id="e29510c6-352e-3b02-1a7d-8240a849491a">
            <TestCategory>
                <TestCategoryItem TestCategory="LongRunning" />
            </TestCategory>
            <Execution id="c1f98d8f-d2b1-4572-b8ee-6227c1c73f98" />
            <TestMethod codeBase="E:/KiSS-Builds/2/KiSS/KiSS4 Nightly Tests/Binaries/KiSS.KliBu.BL.Test.DLL" adapterTypeName="Microsoft.VisualStudio.TestTools.TestTypes.Unit.UnitTestAdapter, Microsoft.VisualStudio.QualityTools.Tips.UnitTest.Adapter, Version=10.0.0.0, Culture=neutral, PublicKeyToken=b03f5f7f11d50a3a" className="KiSS.KliBu.BL.Test.IntegrationTest.BankenServiceTest, KiSS.KliBu.BL.Test, Version=4.5.22.204, Culture=neutral, PublicKeyToken=null" name="Get_not_existing_bank_should_return_null" />
        </UnitTest>
        <UnitTest name="Test_ParseTwoRecordFirstTooLongSecondCorrectWithoutEndLine" storage="e:\kiss-builds\2\kiss\kiss4 nightly tests\binaries\kiss.klibu.bl.test.dll" id="18905ac0-e891-5110-9989-1fc71e7e448e">
            <Description>
                Parse a too long bank record and a second correct one without '
                '
            </Description>
            <TestCategory>
                <TestCategoryItem TestCategory="Local" />
            </TestCategory>
            <Execution id="7ac952c4-1b22-4e73-84e4-007e73402263" />
            <TestMethod codeBase="E:/KiSS-Builds/2/KiSS/KiSS4 Nightly Tests/Binaries/KiSS.KliBu.BL.Test.DLL" adapterTypeName="Microsoft.VisualStudio.TestTools.TestTypes.Unit.UnitTestAdapter, Microsoft.VisualStudio.QualityTools.Tips.UnitTest.Adapter, Version=10.0.0.0, Culture=neutral, PublicKeyToken=b03f5f7f11d50a3a" className="KiSS.KliBu.BL.Test.UnitTest.BankParserTest, KiSS.KliBu.BL.Test, Version=4.5.22.204, Culture=neutral, PublicKeyToken=null" name="Test_ParseTwoRecordFirstTooLongSecondCorrectWithoutEndLine" />
        </UnitTest>
        <UnitTest name="Test_FavoriteNameOnlySpaces" storage="e:\kiss-builds\2\kiss\kiss4 nightly tests\binaries\kiss4.favoriten.test.dll" id="4c677963-2ba8-387d-b544-835ecd654a96">
            <Execution id="4518da6a-bfeb-4baa-9f86-e5e0e2306dc9" />
            <TestMethod codeBase="E:/KiSS-Builds/2/KiSS/KiSS4 Nightly Tests/Binaries/KiSS4.Favoriten.Test.DLL" adapterTypeName="Microsoft.VisualStudio.TestTools.TestTypes.Unit.UnitTestAdapter, Microsoft.VisualStudio.QualityTools.Tips.UnitTest.Adapter, Version=10.0.0.0, Culture=neutral, PublicKeyToken=b03f5f7f11d50a3a" className="KiSS4.Favoriten.Test.BusinessRules.IncorrectTests, KiSS4.Favoriten.Test, Version=4.5.22.204, Culture=neutral, PublicKeyToken=null" name="Test_FavoriteNameOnlySpaces" />
        </UnitTest>
        <UnitTest name="TestUpdateLand" storage="e:\kiss-builds\2\kiss\kiss4 nightly tests\binaries\kiss.bl.test.dll" id="1e900ecb-0147-37ef-7415-f671d421755b">
            <Description>Extract the content of the zip file</Description>
            <TestCategory>
                <TestCategoryItem TestCategory="TestData" />
            </TestCategory>
            <DeploymentItems>
                <DeploymentItem filename="TestFiles\BaLandServiceTestFiles.zip" outputDirectory="TestFiles" />
            </DeploymentItems>
            <Execution id="061254ac-855c-4d66-858f-04559d148fe4" />
            <TestMethod codeBase="E:/KiSS-Builds/2/KiSS/KiSS4 Nightly Tests/Binaries/Kiss.BL.Test.DLL" adapterTypeName="Microsoft.VisualStudio.TestTools.TestTypes.Unit.UnitTestAdapter, Microsoft.VisualStudio.QualityTools.Tips.UnitTest.Adapter, Version=10.0.0.0, Culture=neutral, PublicKeyToken=b03f5f7f11d50a3a" className="Kiss.BL.Test.Ba.BaLandServiceTest, Kiss.BL.Test, Version=4.5.22.204, Culture=neutral, PublicKeyToken=null" name="TestUpdateLand" />
        </UnitTest>
        <UnitTest name="Validate_NullableDecimalIsInRange_IsValid" storage="e:\kiss-builds\2\kiss\kiss4 nightly tests\binaries\kiss.bl.test.dll" id="af6080a9-e9f5-07be-296d-4f3bf3ee9413">
            <Execution id="54d4324a-70ad-4691-a3a6-5be1224c3976" />
            <TestMethod codeBase="E:/KiSS-Builds/2/KiSS/KiSS4 Nightly Tests/Binaries/Kiss.BL.Test.DLL" adapterTypeName="Microsoft.VisualStudio.TestTools.TestTypes.Unit.UnitTestAdapter, Microsoft.VisualStudio.QualityTools.Tips.UnitTest.Adapter, Version=10.0.0.0, Culture=neutral, PublicKeyToken=b03f5f7f11d50a3a" className="Kiss.BL.Test.ValidatorBaseTest, Kiss.BL.Test, Version=4.5.22.204, Culture=neutral, PublicKeyToken=null" name="Validate_NullableDecimalIsInRange_IsValid" />
        </UnitTest>
        <UnitTest name="Test_ParseTwoCorrectRecord" storage="e:\kiss-builds\2\kiss\kiss4 nightly tests\binaries\kiss.klibu.bl.test.dll" id="530d7ece-6beb-7191-8b54-17f34db07f34">
            <Description>Parse 2 correct bank record</Description>
            <TestCategory>
                <TestCategoryItem TestCategory="Local" />
            </TestCategory>
            <Execution id="a6d3f83d-ecf9-48a6-b25f-e91006185bc3" />
            <TestMethod codeBase="E:/KiSS-Builds/2/KiSS/KiSS4 Nightly Tests/Binaries/KiSS.KliBu.BL.Test.DLL" adapterTypeName="Microsoft.VisualStudio.TestTools.TestTypes.Unit.UnitTestAdapter, Microsoft.VisualStudio.QualityTools.Tips.UnitTest.Adapter, Version=10.0.0.0, Culture=neutral, PublicKeyToken=b03f5f7f11d50a3a" className="KiSS.KliBu.BL.Test.UnitTest.BankParserTest, KiSS.KliBu.BL.Test, Version=4.5.22.204, Culture=neutral, PublicKeyToken=null" name="Test_ParseTwoCorrectRecord" />
        </UnitTest>
        <UnitTest name="DeleteEntries_LastMonthAllUser" storage="e:\kiss-builds\2\kiss\kiss4 nightly tests\binaries\kiss.bl.test.dll" id="ef20ab64-fa6d-e0a5-74ee-17d5d97e964a">
            <Execution id="087358bd-76a3-44ed-83ac-68ce8dac1e81" />
            <TestMethod codeBase="E:/KiSS-Builds/2/KiSS/KiSS4 Nightly Tests/Binaries/Kiss.BL.Test.DLL" adapterTypeName="Microsoft.VisualStudio.TestTools.TestTypes.Unit.UnitTestAdapter, Microsoft.VisualStudio.QualityTools.Tips.UnitTest.Adapter, Version=10.0.0.0, Culture=neutral, PublicKeyToken=b03f5f7f11d50a3a" className="Kiss.BL.Test.Fs.FsReduktionMitarbeiterServiceTest, Kiss.BL.Test, Version=4.5.22.204, Culture=neutral, PublicKeyToken=null" name="DeleteEntries_LastMonthAllUser" />
        </UnitTest>
        <UnitTest name="SaveData_withoutTransactionNoError_stateAfterIsUnchanged" storage="e:\kiss-builds\2\kiss\kiss4 nightly tests\binaries\kiss.bl.test.dll" id="b4676536-2f3e-fd6d-7136-5feffc77ba1f">
            <Execution id="0aa57345-2db0-4d4e-b8dd-bf78d4d22cf1" />
            <TestMethod codeBase="E:/KiSS-Builds/2/KiSS/KiSS4 Nightly Tests/Binaries/Kiss.BL.Test.DLL" adapterTypeName="Microsoft.VisualStudio.TestTools.TestTypes.Unit.UnitTestAdapter, Microsoft.VisualStudio.QualityTools.Tips.UnitTest.Adapter, Version=10.0.0.0, Culture=neutral, PublicKeyToken=b03f5f7f11d50a3a" className="Kiss.BL.Test.Common.TransactionScopeTest, Kiss.BL.Test, Version=4.5.22.204, Culture=neutral, PublicKeyToken=null" name="SaveData_withoutTransactionNoError_stateAfterIsUnchanged" />
        </UnitTest>
        <UnitTest name="Test_ParseRecordWithoutGroup" storage="e:\kiss-builds\2\kiss\kiss4 nightly tests\binaries\kiss.klibu.bl.test.dll" id="41f413e8-95d4-6b63-343e-a73c02ce8055">
            <Description>Parse a correct length bank record without group number, no bank in the list</Description>
            <TestCategory>
                <TestCategoryItem TestCategory="Local" />
            </TestCategory>
            <Execution id="bce42a61-f46a-40e8-a2f2-f67737a7dc4e" />
            <TestMethod codeBase="E:/KiSS-Builds/2/KiSS/KiSS4 Nightly Tests/Binaries/KiSS.KliBu.BL.Test.DLL" adapterTypeName="Microsoft.VisualStudio.TestTools.TestTypes.Unit.UnitTestAdapter, Microsoft.VisualStudio.QualityTools.Tips.UnitTest.Adapter, Version=10.0.0.0, Culture=neutral, PublicKeyToken=b03f5f7f11d50a3a" className="KiSS.KliBu.BL.Test.UnitTest.BankParserTest, KiSS.KliBu.BL.Test, Version=4.5.22.204, Culture=neutral, PublicKeyToken=null" name="Test_ParseRecordWithoutGroup" />
        </UnitTest>
        <UnitTest name="T11_ZweiNichtAbgetreteneEinnahmen_GblReichtNicht" storage="e:\kiss-builds\2\kiss\kiss4 nightly tests\binaries\kiss4.sozialhilfe.test.dll" id="c643173c-7523-55b1-4dfb-7a6e8439c5d0">
            <TestCategory>
                <TestCategoryItem TestCategory="LongRunning" />
            </TestCategory>
            <Execution id="7b7ddcf7-ad69-49ef-b4d1-54759a770bc4" />
            <TestMethod codeBase="E:/KiSS-Builds/2/KiSS/KiSS4 Nightly Tests/Binaries/KiSS4.Sozialhilfe.Test.DLL" adapterTypeName="Microsoft.VisualStudio.TestTools.TestTypes.Unit.UnitTestAdapter, Microsoft.VisualStudio.QualityTools.Tips.UnitTest.Adapter, Version=10.0.0.0, Culture=neutral, PublicKeyToken=b03f5f7f11d50a3a" className="KiSS4.Sozialhilfe.Test.GruenstellenTest, KiSS4.Sozialhilfe.Test, Version=4.5.22.204, Culture=neutral, PublicKeyToken=null" name="T11_ZweiNichtAbgetreteneEinnahmen_GblReichtNicht" />
        </UnitTest>
        <UnitTest name="Test_GetMonthDiff" storage="e:\kiss-builds\2\kiss\kiss4 nightly tests\binaries\kiss.infrastructure.test.dll" id="d7704856-2c4d-a316-b45b-52bed37ec58f">
            <Execution id="109d37c9-6208-45dc-b6b1-ca871c4d1819" />
            <TestMethod codeBase="E:/KiSS-Builds/2/KiSS/KiSS4 Nightly Tests/Binaries/Kiss.Infrastructure.Test.DLL" adapterTypeName="Microsoft.VisualStudio.TestTools.TestTypes.Unit.UnitTestAdapter, Microsoft.VisualStudio.QualityTools.Tips.UnitTest.Adapter, Version=10.0.0.0, Culture=neutral, PublicKeyToken=b03f5f7f11d50a3a" className="Kiss.Infrastructure.Test.MonthYearTest, Kiss.Infrastructure.Test, Version=1.0.0.0, Culture=neutral, PublicKeyToken=null" name="Test_GetMonthDiff" />
        </UnitTest>
        <UnitTest name="Test_ErrorWhenKonfessionCodeNotInRange" storage="e:\kiss-builds\2\kiss\kiss4 nightly tests\binaries\kiss.bl.test.dll" id="b3e36dd1-6e99-cfdf-6fbe-1857bd2b2e94">
            <Execution id="9e5e27c2-1b07-412d-a503-44ebd08d7fb1" />
            <TestMethod codeBase="E:/KiSS-Builds/2/KiSS/KiSS4 Nightly Tests/Binaries/Kiss.BL.Test.DLL" adapterTypeName="Microsoft.VisualStudio.TestTools.TestTypes.Unit.UnitTestAdapter, Microsoft.VisualStudio.QualityTools.Tips.UnitTest.Adapter, Version=10.0.0.0, Culture=neutral, PublicKeyToken=b03f5f7f11d50a3a" className="Kiss.BL.Test.Ba.Validation.BaPersonValidatorTest, Kiss.BL.Test, Version=4.5.22.204, Culture=neutral, PublicKeyToken=null" name="Test_ErrorWhenKonfessionCodeNotInRange" />
        </UnitTest>
        <UnitTest name="Test_OkWhenVornameIsNotEmpty" storage="e:\kiss-builds\2\kiss\kiss4 nightly tests\binaries\kiss.bl.test.dll" id="f9d4766d-313b-a2d1-8f48-bd2381ce4781">
            <Execution id="4c933258-9bfc-4401-be3f-a0e6de03489b" />
            <TestMethod codeBase="E:/KiSS-Builds/2/KiSS/KiSS4 Nightly Tests/Binaries/Kiss.BL.Test.DLL" adapterTypeName="Microsoft.VisualStudio.TestTools.TestTypes.Unit.UnitTestAdapter, Microsoft.VisualStudio.QualityTools.Tips.UnitTest.Adapter, Version=10.0.0.0, Culture=neutral, PublicKeyToken=b03f5f7f11d50a3a" className="Kiss.BL.Test.Ba.Validation.BaPersonValidatorTest, Kiss.BL.Test, Version=4.5.22.204, Culture=neutral, PublicKeyToken=null" name="Test_OkWhenVornameIsNotEmpty" />
        </UnitTest>
        <UnitTest name="GetLovCodeByLovName_LovNameDoesNotExist_ExpectException" storage="e:\kiss-builds\2\kiss\kiss4 nightly tests\binaries\kiss.bl.test.dll" id="d50c28ee-4b22-b059-f054-3776f50239fe">
            <Execution id="d8492614-079d-4677-9379-24c6a110e773" />
            <TestMethod codeBase="E:/KiSS-Builds/2/KiSS/KiSS4 Nightly Tests/Binaries/Kiss.BL.Test.DLL" adapterTypeName="Microsoft.VisualStudio.TestTools.TestTypes.Unit.UnitTestAdapter, Microsoft.VisualStudio.QualityTools.Tips.UnitTest.Adapter, Version=10.0.0.0, Culture=neutral, PublicKeyToken=b03f5f7f11d50a3a" className="Kiss.BL.Test.System.XLovServiceTest, Kiss.BL.Test, Version=4.5.22.204, Culture=neutral, PublicKeyToken=null" name="GetLovCodeByLovName_LovNameDoesNotExist_ExpectException" />
        </UnitTest>
        <UnitTest name="Test_ReplacePlaceholder" storage="e:\kiss-builds\2\kiss\kiss4 nightly tests\binaries\kiss.common.test.dll" id="c4a2ea83-2f17-e495-c476-f842c9caaed6">
            <Execution id="ae2a1730-be07-4d10-a69f-d2653e244505" />
            <TestMethod codeBase="E:/KiSS-Builds/2/KiSS/KiSS4 Nightly Tests/Binaries/KiSS.Common.Test.DLL" adapterTypeName="Microsoft.VisualStudio.TestTools.TestTypes.Unit.UnitTestAdapter, Microsoft.VisualStudio.QualityTools.Tips.UnitTest.Adapter, Version=10.0.0.0, Culture=neutral, PublicKeyToken=b03f5f7f11d50a3a" className="KiSS.Common.Test.FormattedMessageTest, KiSS.Common.Test, Version=4.5.22.204, Culture=neutral, PublicKeyToken=null" name="Test_ReplacePlaceholder" />
        </UnitTest>
        <UnitTest name="GetTypesString" storage="e:\kiss-builds\2\kiss\kiss4 nightly tests\binaries\kiss.infrastructure.test.dll" id="48e342bc-6a3f-6d08-cdd2-4a84f6983149">
            <Execution id="5ffa0cfa-0a78-4202-80b4-777af21959fc" />
            <TestMethod codeBase="E:/KiSS-Builds/2/KiSS/KiSS4 Nightly Tests/Binaries/Kiss.Infrastructure.Test.DLL" adapterTypeName="Microsoft.VisualStudio.TestTools.TestTypes.Unit.UnitTestAdapter, Microsoft.VisualStudio.QualityTools.Tips.UnitTest.Adapter, Version=10.0.0.0, Culture=neutral, PublicKeyToken=b03f5f7f11d50a3a" className="Kiss.Infrastructure.Test.IoC.UsableByAttributeTest, Kiss.Infrastructure.Test, Version=1.0.0.0, Culture=neutral, PublicKeyToken=null" name="GetTypesString" />
        </UnitTest>
        <UnitTest name="Test_RuleBcArt" storage="e:\kiss-builds\2\kiss\kiss4 nightly tests\binaries\kiss.klibu.bl.test.dll" id="57e186ec-8e87-ae13-8973-761f140c08a8">
            <Description>Test the rule for BcArt</Description>
            <TestCategory>
                <TestCategoryItem TestCategory="Local" />
            </TestCategory>
            <Execution id="10b85628-8360-408a-a6ed-af8341a5803a" />
            <TestMethod codeBase="E:/KiSS-Builds/2/KiSS/KiSS4 Nightly Tests/Binaries/KiSS.KliBu.BL.Test.DLL" adapterTypeName="Microsoft.VisualStudio.TestTools.TestTypes.Unit.UnitTestAdapter, Microsoft.VisualStudio.QualityTools.Tips.UnitTest.Adapter, Version=10.0.0.0, Culture=neutral, PublicKeyToken=b03f5f7f11d50a3a" className="KiSS.KliBu.BL.Test.UnitTest.BankValidatorTest, KiSS.KliBu.BL.Test, Version=4.5.22.204, Culture=neutral, PublicKeyToken=null" name="Test_RuleBcArt" />
        </UnitTest>
        <UnitTest name="Test_Utils_ConvertToBool" storage="e:\kiss-builds\2\kiss\kiss4 nightly tests\binaries\kiss4.common.test.dll" id="2fb2a4a5-2eeb-7768-54ee-3db1b8bdbb7b">
            <Execution id="1da95f79-ec20-420d-b1a3-190e55ba132f" />
            <TestMethod codeBase="E:/KiSS-Builds/2/KiSS/KiSS4 Nightly Tests/Binaries/KiSS4.Common.Test.DLL" adapterTypeName="Microsoft.VisualStudio.TestTools.TestTypes.Unit.UnitTestAdapter, Microsoft.VisualStudio.QualityTools.Tips.UnitTest.Adapter, Version=10.0.0.0, Culture=neutral, PublicKeyToken=b03f5f7f11d50a3a" className="KiSS4.Common.Test.UtilsTest, KiSS4.Common.Test, Version=4.5.22.204, Culture=neutral, PublicKeyToken=null" name="Test_Utils_ConvertToBool" />
        </UnitTest>
        <UnitTest name="HatUserSpezialrecht_NOk" storage="e:\kiss-builds\2\kiss\kiss4 nightly tests\binaries\kiss.bl.test.dll" id="3df86408-9ef5-a4c2-7c62-99bed29f7da4">
            <Execution id="b6d23c7d-968b-42b4-98fe-53e057feff9c" />
            <TestMethod codeBase="E:/KiSS-Builds/2/KiSS/KiSS4 Nightly Tests/Binaries/Kiss.BL.Test.DLL" adapterTypeName="Microsoft.VisualStudio.TestTools.TestTypes.Unit.UnitTestAdapter, Microsoft.VisualStudio.QualityTools.Tips.UnitTest.Adapter, Version=10.0.0.0, Culture=neutral, PublicKeyToken=b03f5f7f11d50a3a" className="Kiss.BL.Test.KissSystem.BerechtigungsServiceTest, Kiss.BL.Test, Version=4.5.22.204, Culture=neutral, PublicKeyToken=null" name="HatUserSpezialrecht_NOk" />
        </UnitTest>
        <UnitTest name="inner_container_created_instances_should_be_disposed_1" storage="e:\kiss-builds\2\kiss\kiss4 nightly tests\binaries\kiss.common.test.dll" id="4f801b8c-dc30-5b57-a125-ea118d1fbe4f">
            <Execution id="2a40a846-535d-4826-88b8-e4b1f11ab7c6" />
            <TestMethod codeBase="E:/KiSS-Builds/2/KiSS/KiSS4 Nightly Tests/Binaries/KiSS.Common.Test.DLL" adapterTypeName="Microsoft.VisualStudio.TestTools.TestTypes.Unit.UnitTestAdapter, Microsoft.VisualStudio.QualityTools.Tips.UnitTest.Adapter, Version=10.0.0.0, Culture=neutral, PublicKeyToken=b03f5f7f11d50a3a" className="KiSS.Common.Test.IoC.AutofacTest, KiSS.Common.Test, Version=4.5.22.204, Culture=neutral, PublicKeyToken=null" name="inner_container_created_instances_should_be_disposed_1" />
        </UnitTest>
        <UnitTest name="Test_OkWhenDatumVonAfterDatumBis" storage="e:\kiss-builds\2\kiss\kiss4 nightly tests\binaries\kiss.bl.test.dll" id="4b172f29-03cc-3173-2bdd-e539d5d33b58">
            <Execution id="60bf51df-c500-4db1-8cf6-2e7ca44f2162" />
            <TestMethod codeBase="E:/KiSS-Builds/2/KiSS/KiSS4 Nightly Tests/Binaries/Kiss.BL.Test.DLL" adapterTypeName="Microsoft.VisualStudio.TestTools.TestTypes.Unit.UnitTestAdapter, Microsoft.VisualStudio.QualityTools.Tips.UnitTest.Adapter, Version=10.0.0.0, Culture=neutral, PublicKeyToken=b03f5f7f11d50a3a" className="Kiss.BL.Test.Ba.Validation.BaAdresseValidatorTest, Kiss.BL.Test, Version=4.5.22.204, Culture=neutral, PublicKeyToken=null" name="Test_OkWhenDatumVonAfterDatumBis" />
        </UnitTest>
        <UnitTest name="Test_FavoriteNameTooLong" storage="e:\kiss-builds\2\kiss\kiss4 nightly tests\binaries\kiss4.favoriten.test.dll" id="5352e54c-8788-e7d6-5506-27d8c4b86c9a">
            <Execution id="1a78099c-f394-49d7-b355-126501cadd40" />
            <TestMethod codeBase="E:/KiSS-Builds/2/KiSS/KiSS4 Nightly Tests/Binaries/KiSS4.Favoriten.Test.DLL" adapterTypeName="Microsoft.VisualStudio.TestTools.TestTypes.Unit.UnitTestAdapter, Microsoft.VisualStudio.QualityTools.Tips.UnitTest.Adapter, Version=10.0.0.0, Culture=neutral, PublicKeyToken=b03f5f7f11d50a3a" className="KiSS4.Favoriten.Test.Model.IncorrectTests, KiSS4.Favoriten.Test, Version=4.5.22.204, Culture=neutral, PublicKeyToken=null" name="Test_FavoriteNameTooLong" />
        </UnitTest>
        <UnitTest name="Test_DtaRecordFactoryFibuBankNoIbanOK" storage="e:\kiss-builds\2\kiss\kiss4 nightly tests\binaries\kiss4.schnittstellen.test.dll" id="ef49fa79-465d-21d8-98b6-d9beb9894758">
            <Execution id="8f676b07-85e4-4914-b065-3689714684af" />
            <TestMethod codeBase="E:/KiSS-Builds/2/KiSS/KiSS4 Nightly Tests/Binaries/KiSS4.Schnittstellen.Test.DLL" adapterTypeName="Microsoft.VisualStudio.TestTools.TestTypes.Unit.UnitTestAdapter, Microsoft.VisualStudio.QualityTools.Tips.UnitTest.Adapter, Version=10.0.0.0, Culture=neutral, PublicKeyToken=b03f5f7f11d50a3a" className="KiSS4.Schnittstellen.Test.DtaRecordFactoryTests, KiSS4.Schnittstellen.Test, Version=4.5.22.204, Culture=neutral, PublicKeyToken=null" name="Test_DtaRecordFactoryFibuBankNoIbanOK" />
        </UnitTest>
        <UnitTest name="GetLovCodeByLovName_LovNameIsNull_ExpectException" storage="e:\kiss-builds\2\kiss\kiss4 nightly tests\binaries\kiss.bl.test.dll" id="9bd9db87-da92-e011-0e7e-0053a7fad401">
            <Execution id="d1947200-099a-408b-bb1f-663ef4fb0bb8" />
            <TestMethod codeBase="E:/KiSS-Builds/2/KiSS/KiSS4 Nightly Tests/Binaries/Kiss.BL.Test.DLL" adapterTypeName="Microsoft.VisualStudio.TestTools.TestTypes.Unit.UnitTestAdapter, Microsoft.VisualStudio.QualityTools.Tips.UnitTest.Adapter, Version=10.0.0.0, Culture=neutral, PublicKeyToken=b03f5f7f11d50a3a" className="Kiss.BL.Test.System.XLovServiceTest, Kiss.BL.Test, Version=4.5.22.204, Culture=neutral, PublicKeyToken=null" name="GetLovCodeByLovName_LovNameIsNull_ExpectException" />
        </UnitTest>
        <UnitTest name="GetModifiedEntriesOfPreviousMonth_ThisMonth" storage="e:\kiss-builds\2\kiss\kiss4 nightly tests\binaries\kiss.bl.test.dll" id="5f0cc3e3-df8a-4689-75de-a3abb9f9098e">
            <Execution id="a3fbcdde-f376-4ea2-8b4f-f19367fa778a" />
            <TestMethod codeBase="E:/KiSS-Builds/2/KiSS/KiSS4 Nightly Tests/Binaries/Kiss.BL.Test.DLL" adapterTypeName="Microsoft.VisualStudio.TestTools.TestTypes.Unit.UnitTestAdapter, Microsoft.VisualStudio.QualityTools.Tips.UnitTest.Adapter, Version=10.0.0.0, Culture=neutral, PublicKeyToken=b03f5f7f11d50a3a" className="Kiss.BL.Test.Fs.FsReduktionMitarbeiterServiceTest, Kiss.BL.Test, Version=4.5.22.204, Culture=neutral, PublicKeyToken=null" name="GetModifiedEntriesOfPreviousMonth_ThisMonth" />
        </UnitTest>
        <UnitTest name="RegisterAndResolveType" storage="e:\kiss-builds\2\kiss\kiss4 nightly tests\binaries\kiss.infrastructure.test.dll" id="2a9b6f5f-efa9-9b5e-cbbb-7b5e5502aafe">
            <Execution id="b4126594-0479-4f87-911f-4a2a87a67984" />
            <TestMethod codeBase="E:/KiSS-Builds/2/KiSS/KiSS4 Nightly Tests/Binaries/Kiss.Infrastructure.Test.DLL" adapterTypeName="Microsoft.VisualStudio.TestTools.TestTypes.Unit.UnitTestAdapter, Microsoft.VisualStudio.QualityTools.Tips.UnitTest.Adapter, Version=10.0.0.0, Culture=neutral, PublicKeyToken=b03f5f7f11d50a3a" className="Kiss.Infrastructure.Test.IoC.ContainerTest, Kiss.Infrastructure.Test, Version=1.0.0.0, Culture=neutral, PublicKeyToken=null" name="RegisterAndResolveType" />
        </UnitTest>
        <UnitTest name="Test_GetPropertyTest" storage="e:\kiss-builds\2\kiss\kiss4 nightly tests\binaries\kiss.klibu.bl.test.dll" id="b7eb3062-86e6-a9db-3ecb-d78b1cf12e4f">
            <Description>Test every Bank property</Description>
            <Execution id="c51b1cd6-3d33-4d1b-a7ff-c0176eab097e" />
            <TestMethod codeBase="E:/KiSS-Builds/2/KiSS/KiSS4 Nightly Tests/Binaries/KiSS.KliBu.BL.Test.DLL" adapterTypeName="Microsoft.VisualStudio.TestTools.TestTypes.Unit.UnitTestAdapter, Microsoft.VisualStudio.QualityTools.Tips.UnitTest.Adapter, Version=10.0.0.0, Culture=neutral, PublicKeyToken=b03f5f7f11d50a3a" className="KiSS.KliBu.BL.Test.UnitTest.BankTest, KiSS.KliBu.BL.Test, Version=4.5.22.204, Culture=neutral, PublicKeyToken=null" name="Test_GetPropertyTest" />
        </UnitTest>
        <UnitTest name="Test_NotEquals" storage="e:\kiss-builds\2\kiss\kiss4 nightly tests\binaries\kiss.infrastructure.test.dll" id="c64b978f-0158-c869-4960-550d6936e173">
            <Execution id="76ac6a00-ec3d-488a-acd8-b2c2ba99165f" />
            <TestMethod codeBase="E:/KiSS-Builds/2/KiSS/KiSS4 Nightly Tests/Binaries/Kiss.Infrastructure.Test.DLL" adapterTypeName="Microsoft.VisualStudio.TestTools.TestTypes.Unit.UnitTestAdapter, Microsoft.VisualStudio.QualityTools.Tips.UnitTest.Adapter, Version=10.0.0.0, Culture=neutral, PublicKeyToken=b03f5f7f11d50a3a" className="Kiss.Infrastructure.Test.MonthYearTest, Kiss.Infrastructure.Test, Version=1.0.0.0, Culture=neutral, PublicKeyToken=null" name="Test_NotEquals" />
        </UnitTest>
        <UnitTest name="Test_Verguetungsbetrag836FourDecimalsNok" storage="e:\kiss-builds\2\kiss\kiss4 nightly tests\binaries\kiss4.schnittstellen.test.dll" id="a96657ee-3d64-1bcd-694e-46e9a6b6d27c">
            <Execution id="1f74eedd-1229-49e4-a666-0ffba9df95c7" />
            <TestMethod codeBase="E:/KiSS-Builds/2/KiSS/KiSS4 Nightly Tests/Binaries/KiSS4.Schnittstellen.Test.DLL" adapterTypeName="Microsoft.VisualStudio.TestTools.TestTypes.Unit.UnitTestAdapter, Microsoft.VisualStudio.QualityTools.Tips.UnitTest.Adapter, Version=10.0.0.0, Culture=neutral, PublicKeyToken=b03f5f7f11d50a3a" className="KiSS4.Schnittstellen.Test.DtaRecordTests, KiSS4.Schnittstellen.Test, Version=4.5.22.204, Culture=neutral, PublicKeyToken=null" name="Test_Verguetungsbetrag836FourDecimalsNok" />
        </UnitTest>
        <UnitTest name="UpdateBetragSaldoOtherPositions_VermoegenElFreibetragZuGross_UpdateSaldoElBerechnung" storage="e:\kiss-builds\2\kiss\kiss4 nightly tests\binaries\kiss.bl.test.dll" id="d8424179-cd51-c009-b6fb-6ff2ed659e1d">
            <Execution id="9760ead8-b40c-40f2-8999-c6f827e02c55" />
            <TestMethod codeBase="E:/KiSS-Builds/2/KiSS/KiSS4 Nightly Tests/Binaries/Kiss.BL.Test.DLL" adapterTypeName="Microsoft.VisualStudio.TestTools.TestTypes.Unit.UnitTestAdapter, Microsoft.VisualStudio.QualityTools.Tips.UnitTest.Adapter, Version=10.0.0.0, Culture=neutral, PublicKeyToken=b03f5f7f11d50a3a" className="Kiss.BL.Test.Vm.VmPositionDTOServiceTest, Kiss.BL.Test, Version=4.5.22.204, Culture=neutral, PublicKeyToken=null" name="UpdateBetragSaldoOtherPositions_VermoegenElFreibetragZuGross_UpdateSaldoElBerechnung" />
        </UnitTest>
        <UnitTest name="Test_SimpleImport" storage="e:\kiss-builds\2\kiss\kiss4 nightly tests\binaries\kiss4.basis.test.dll" id="52976acd-8aef-ec96-228e-dd1d1ca2e31b">
            <Execution id="47f919d0-322a-4f43-858d-c5acff861591" />
            <TestMethod codeBase="E:/KiSS-Builds/2/KiSS/KiSS4 Nightly Tests/Binaries/KiSS4.Basis.Test.DLL" adapterTypeName="Microsoft.VisualStudio.TestTools.TestTypes.Unit.UnitTestAdapter, Microsoft.VisualStudio.QualityTools.Tips.UnitTest.Adapter, Version=10.0.0.0, Culture=neutral, PublicKeyToken=b03f5f7f11d50a3a" className="KiSS4.Basis.Test.BaStrassenverzeichnisParserTest, KiSS4.Basis.Test, Version=4.5.22.204, Culture=neutral, PublicKeyToken=null" name="Test_SimpleImport" />
        </UnitTest>
        <UnitTest name="Test_OkWhenBaPersonIDIsSet" storage="e:\kiss-builds\2\kiss\kiss4 nightly tests\binaries\kiss.bl.test.dll" id="fe623415-9355-f7e4-39d5-48eadc4b36d5">
            <Execution id="ff45c79b-d281-45d1-b7c0-8cc826bbff6e" />
            <TestMethod codeBase="E:/KiSS-Builds/2/KiSS/KiSS4 Nightly Tests/Binaries/Kiss.BL.Test.DLL" adapterTypeName="Microsoft.VisualStudio.TestTools.TestTypes.Unit.UnitTestAdapter, Microsoft.VisualStudio.QualityTools.Tips.UnitTest.Adapter, Version=10.0.0.0, Culture=neutral, PublicKeyToken=b03f5f7f11d50a3a" className="Kiss.BL.Test.Ba.Validation.BaAdresseValidatorTest, Kiss.BL.Test, Version=4.5.22.204, Culture=neutral, PublicKeyToken=null" name="Test_OkWhenBaPersonIDIsSet" />
        </UnitTest>
        <UnitTest name="Validate_ModifiedIsInRange_IsValid" storage="e:\kiss-builds\2\kiss\kiss4 nightly tests\binaries\kiss.bl.test.dll" id="c7190297-9814-1a9e-4653-5844ce24d2c5">
            <Execution id="1ff5a500-5cdc-47a3-9156-6117a705c8ac" />
            <TestMethod codeBase="E:/KiSS-Builds/2/KiSS/KiSS4 Nightly Tests/Binaries/Kiss.BL.Test.DLL" adapterTypeName="Microsoft.VisualStudio.TestTools.TestTypes.Unit.UnitTestAdapter, Microsoft.VisualStudio.QualityTools.Tips.UnitTest.Adapter, Version=10.0.0.0, Culture=neutral, PublicKeyToken=b03f5f7f11d50a3a" className="Kiss.BL.Test.ValidatorBaseTest, Kiss.BL.Test, Version=4.5.22.204, Culture=neutral, PublicKeyToken=null" name="Validate_ModifiedIsInRange_IsValid" />
        </UnitTest>
        <UnitTest name="Test_RuleName" storage="e:\kiss-builds\2\kiss\kiss4 nightly tests\binaries\kiss.klibu.bl.test.dll" id="204f9aad-ffc6-9dac-2c59-bb8f262a8650">
            <Description>Test the rule for Name</Description>
            <TestCategory>
                <TestCategoryItem TestCategory="Local" />
            </TestCategory>
            <Execution id="cb5e5cd0-8d69-49ce-a641-fe7f2989feaa" />
            <TestMethod codeBase="E:/KiSS-Builds/2/KiSS/KiSS4 Nightly Tests/Binaries/KiSS.KliBu.BL.Test.DLL" adapterTypeName="Microsoft.VisualStudio.TestTools.TestTypes.Unit.UnitTestAdapter, Microsoft.VisualStudio.QualityTools.Tips.UnitTest.Adapter, Version=10.0.0.0, Culture=neutral, PublicKeyToken=b03f5f7f11d50a3a" className="KiSS.KliBu.BL.Test.UnitTest.BankValidatorTest, KiSS.KliBu.BL.Test, Version=4.5.22.204, Culture=neutral, PublicKeyToken=null" name="Test_RuleName" />
        </UnitTest>
        <UnitTest name="Test_DtaRecordFactoryKlibuOK" storage="e:\kiss-builds\2\kiss\kiss4 nightly tests\binaries\kiss4.schnittstellen.test.dll" id="261ee8e0-1289-32f8-f7fd-d1d88e96857e">
            <Execution id="b54ebbd5-cdea-4280-8f2e-363a7d76b4a8" />
            <TestMethod codeBase="E:/KiSS-Builds/2/KiSS/KiSS4 Nightly Tests/Binaries/KiSS4.Schnittstellen.Test.DLL" adapterTypeName="Microsoft.VisualStudio.TestTools.TestTypes.Unit.UnitTestAdapter, Microsoft.VisualStudio.QualityTools.Tips.UnitTest.Adapter, Version=10.0.0.0, Culture=neutral, PublicKeyToken=b03f5f7f11d50a3a" className="KiSS4.Schnittstellen.Test.DtaRecordFactoryTests, KiSS4.Schnittstellen.Test, Version=4.5.22.204, Culture=neutral, PublicKeyToken=null" name="Test_DtaRecordFactoryKlibuOK" />
        </UnitTest>
        <UnitTest name="Test_CascadingUpdateOnlyDl" storage="e:\kiss-builds\2\kiss\kiss4 nightly tests\binaries\kiss.bl.test.dll" id="50b3e5f7-63b6-7d33-acd3-3bde21d730a2">
            <Execution id="ab36713e-6bb3-4a9e-8065-cdfad8e5ea10" />
            <TestMethod codeBase="E:/KiSS-Builds/2/KiSS/KiSS4 Nightly Tests/Binaries/Kiss.BL.Test.DLL" adapterTypeName="Microsoft.VisualStudio.TestTools.TestTypes.Unit.UnitTestAdapter, Microsoft.VisualStudio.QualityTools.Tips.UnitTest.Adapter, Version=10.0.0.0, Culture=neutral, PublicKeyToken=b03f5f7f11d50a3a" className="Kiss.BL.Test.Common.SelfTrackingEntitiesCascadingTest, Kiss.BL.Test, Version=4.5.22.204, Culture=neutral, PublicKeyToken=null" name="Test_CascadingUpdateOnlyDl" />
        </UnitTest>
        <UnitTest name="Test_AddPerson_GetPerson_Via_Same_UnitOfWork" storage="e:\kiss-builds\2\kiss\kiss4 nightly tests\binaries\kiss.bl.test.dll" id="edb7e755-21ad-a5b4-033e-5e1f65a63afa">
            <Execution id="77de5e36-454d-4c48-a3a5-5f74360ba399" />
            <TestMethod codeBase="E:/KiSS-Builds/2/KiSS/KiSS4 Nightly Tests/Binaries/Kiss.BL.Test.DLL" adapterTypeName="Microsoft.VisualStudio.TestTools.TestTypes.Unit.UnitTestAdapter, Microsoft.VisualStudio.QualityTools.Tips.UnitTest.Adapter, Version=10.0.0.0, Culture=neutral, PublicKeyToken=b03f5f7f11d50a3a" className="Kiss.BL.Test.Ba.PersonServiceTest, Kiss.BL.Test, Version=4.5.22.204, Culture=neutral, PublicKeyToken=null" name="Test_AddPerson_GetPerson_Via_Same_UnitOfWork" />
        </UnitTest>
        <UnitTest name="Test_ErrorWhenZivilstandCodeNotInRange" storage="e:\kiss-builds\2\kiss\kiss4 nightly tests\binaries\kiss.bl.test.dll" id="616114f8-2398-b22f-1cf7-9427364b9093">
            <Execution id="5bf7b06b-2a66-4330-8da1-dfb0536b99cd" />
            <TestMethod codeBase="E:/KiSS-Builds/2/KiSS/KiSS4 Nightly Tests/Binaries/Kiss.BL.Test.DLL" adapterTypeName="Microsoft.VisualStudio.TestTools.TestTypes.Unit.UnitTestAdapter, Microsoft.VisualStudio.QualityTools.Tips.UnitTest.Adapter, Version=10.0.0.0, Culture=neutral, PublicKeyToken=b03f5f7f11d50a3a" className="Kiss.BL.Test.Ba.Validation.BaPersonValidatorTest, Kiss.BL.Test, Version=4.5.22.204, Culture=neutral, PublicKeyToken=null" name="Test_ErrorWhenZivilstandCodeNotInRange" />
        </UnitTest>
        <UnitTest name="DeleteData_personExists_returnOk" storage="e:\kiss-builds\2\kiss\kiss4 nightly tests\binaries\kiss.bl.test.dll" id="8b2b71ab-73c1-c6f9-eac0-1603e8921ca5">
            <Execution id="38ed2d3d-649a-458d-94d6-775962d7a3b2" />
            <TestMethod codeBase="E:/KiSS-Builds/2/KiSS/KiSS4 Nightly Tests/Binaries/Kiss.BL.Test.DLL" adapterTypeName="Microsoft.VisualStudio.TestTools.TestTypes.Unit.UnitTestAdapter, Microsoft.VisualStudio.QualityTools.Tips.UnitTest.Adapter, Version=10.0.0.0, Culture=neutral, PublicKeyToken=b03f5f7f11d50a3a" className="Kiss.BL.Test.Ba.BaPersonServiceTest, Kiss.BL.Test, Version=4.5.22.204, Culture=neutral, PublicKeyToken=null" name="DeleteData_personExists_returnOk" />
        </UnitTest>
        <UnitTest name="Test_ParseAnotherCorrectRecord" storage="e:\kiss-builds\2\kiss\kiss4 nightly tests\binaries\kiss.klibu.bl.test.dll" id="763a2c72-d296-3af3-dacb-0b6085723f26">
            <Description>Parse another correct bank record</Description>
            <TestCategory>
                <TestCategoryItem TestCategory="Local" />
            </TestCategory>
            <Execution id="b198e954-c91a-406c-8feb-b35a529158d4" />
            <TestMethod codeBase="E:/KiSS-Builds/2/KiSS/KiSS4 Nightly Tests/Binaries/KiSS.KliBu.BL.Test.DLL" adapterTypeName="Microsoft.VisualStudio.TestTools.TestTypes.Unit.UnitTestAdapter, Microsoft.VisualStudio.QualityTools.Tips.UnitTest.Adapter, Version=10.0.0.0, Culture=neutral, PublicKeyToken=b03f5f7f11d50a3a" className="KiSS.KliBu.BL.Test.UnitTest.BankParserTest, KiSS.KliBu.BL.Test, Version=4.5.22.204, Culture=neutral, PublicKeyToken=null" name="Test_ParseAnotherCorrectRecord" />
        </UnitTest>
        <UnitTest name="T12_Sanktion_Verrechnung_Einnahme" storage="e:\kiss-builds\2\kiss\kiss4 nightly tests\binaries\kiss4.sozialhilfe.test.dll" id="a98029ff-cfa3-ca58-86cc-d6d02ab84651">
            <TestCategory>
                <TestCategoryItem TestCategory="LongRunning" />
            </TestCategory>
            <Execution id="079e76e1-34c2-47f5-8a5e-1735f5d11578" />
            <TestMethod codeBase="E:/KiSS-Builds/2/KiSS/KiSS4 Nightly Tests/Binaries/KiSS4.Sozialhilfe.Test.DLL" adapterTypeName="Microsoft.VisualStudio.TestTools.TestTypes.Unit.UnitTestAdapter, Microsoft.VisualStudio.QualityTools.Tips.UnitTest.Adapter, Version=10.0.0.0, Culture=neutral, PublicKeyToken=b03f5f7f11d50a3a" className="KiSS4.Sozialhilfe.Test.GruenstellenTest, KiSS4.Sozialhilfe.Test, Version=4.5.22.204, Culture=neutral, PublicKeyToken=null" name="T12_Sanktion_Verrechnung_Einnahme" />
        </UnitTest>
        <UnitTest name="Test_RuleLandcode" storage="e:\kiss-builds\2\kiss\kiss4 nightly tests\binaries\kiss.klibu.bl.test.dll" id="51720503-aeab-2101-9a6c-7962f42e3b4f">
            <Description>Test the rule for Landcode</Description>
            <TestCategory>
                <TestCategoryItem TestCategory="Local" />
            </TestCategory>
            <Execution id="6b8740bb-e33c-4783-b60e-a8ef04c326b2" />
            <TestMethod codeBase="E:/KiSS-Builds/2/KiSS/KiSS4 Nightly Tests/Binaries/KiSS.KliBu.BL.Test.DLL" adapterTypeName="Microsoft.VisualStudio.TestTools.TestTypes.Unit.UnitTestAdapter, Microsoft.VisualStudio.QualityTools.Tips.UnitTest.Adapter, Version=10.0.0.0, Culture=neutral, PublicKeyToken=b03f5f7f11d50a3a" className="KiSS.KliBu.BL.Test.UnitTest.BankValidatorTest, KiSS.KliBu.BL.Test, Version=4.5.22.204, Culture=neutral, PublicKeyToken=null" name="Test_RuleLandcode" />
        </UnitTest>
        <UnitTest name="Validate_NameIsNull_ResultIsNameError" storage="e:\kiss-builds\2\kiss\kiss4 nightly tests\binaries\kiss.bl.test.dll" id="5d14cb4d-0865-004f-cfd5-2a46c9eaf4f4">
            <Execution id="2ddd0609-6ba2-4ea6-b3e0-24d4db8a9cee" />
            <TestMethod codeBase="E:/KiSS-Builds/2/KiSS/KiSS4 Nightly Tests/Binaries/Kiss.BL.Test.DLL" adapterTypeName="Microsoft.VisualStudio.TestTools.TestTypes.Unit.UnitTestAdapter, Microsoft.VisualStudio.QualityTools.Tips.UnitTest.Adapter, Version=10.0.0.0, Culture=neutral, PublicKeyToken=b03f5f7f11d50a3a" className="Kiss.BL.Test.Fs.FsReduktionServiceTest, Kiss.BL.Test, Version=4.5.22.204, Culture=neutral, PublicKeyToken=null" name="Validate_NameIsNull_ResultIsNameError" />
        </UnitTest>
        <UnitTest name="GetConfigValueIntTest" storage="e:\kiss-builds\2\kiss\kiss4 nightly tests\binaries\kiss.bl.test.dll" id="954e953e-740e-ecd2-0ecb-5f4ff8832cb3">
            <Execution id="4ebaaa5d-0dae-48ce-96c8-56f9178be498" />
            <TestMethod codeBase="E:/KiSS-Builds/2/KiSS/KiSS4 Nightly Tests/Binaries/Kiss.BL.Test.DLL" adapterTypeName="Microsoft.VisualStudio.TestTools.TestTypes.Unit.UnitTestAdapter, Microsoft.VisualStudio.QualityTools.Tips.UnitTest.Adapter, Version=10.0.0.0, Culture=neutral, PublicKeyToken=b03f5f7f11d50a3a" className="Kiss.BL.Test.System.XConfigServiceTest, Kiss.BL.Test, Version=4.5.22.204, Culture=neutral, PublicKeyToken=null" name="GetConfigValueIntTest" />
        </UnitTest>
        <UnitTest name="GetMitarbeiterArbeitszeit_NurUserMitPhase" storage="e:\kiss-builds\2\kiss\kiss4 nightly tests\binaries\kiss.bl.test.dll" id="d84bf429-45e0-7652-40b6-31ef7ad671ac">
            <Execution id="e9a69e3b-6a9b-4da0-b672-66c055984124" />
            <TestMethod codeBase="E:/KiSS-Builds/2/KiSS/KiSS4 Nightly Tests/Binaries/Kiss.BL.Test.DLL" adapterTypeName="Microsoft.VisualStudio.TestTools.TestTypes.Unit.UnitTestAdapter, Microsoft.VisualStudio.QualityTools.Tips.UnitTest.Adapter, Version=10.0.0.0, Culture=neutral, PublicKeyToken=b03f5f7f11d50a3a" className="Kiss.BL.Test.Fs.FsVerfuegbareArbeitszeitServiceTest, Kiss.BL.Test, Version=4.5.22.204, Culture=neutral, PublicKeyToken=null" name="GetMitarbeiterArbeitszeit_NurUserMitPhase" />
        </UnitTest>
        <UnitTest name="Test_ParseEmptyRecord" storage="e:\kiss-builds\2\kiss\kiss4 nightly tests\binaries\kiss.klibu.bl.test.dll" id="488cf8bb-7751-1ec6-6809-664670d3091b">
            <Description>Parse an empty bank record</Description>
            <TestCategory>
                <TestCategoryItem TestCategory="Local" />
            </TestCategory>
            <Execution id="3c967226-8026-4dbe-b7aa-0b5af4ba5ed8" />
            <TestMethod codeBase="E:/KiSS-Builds/2/KiSS/KiSS4 Nightly Tests/Binaries/KiSS.KliBu.BL.Test.DLL" adapterTypeName="Microsoft.VisualStudio.TestTools.TestTypes.Unit.UnitTestAdapter, Microsoft.VisualStudio.QualityTools.Tips.UnitTest.Adapter, Version=10.0.0.0, Culture=neutral, PublicKeyToken=b03f5f7f11d50a3a" className="KiSS.KliBu.BL.Test.UnitTest.BankParserTest, KiSS.KliBu.BL.Test, Version=4.5.22.204, Culture=neutral, PublicKeyToken=null" name="Test_ParseEmptyRecord" />
        </UnitTest>
        <UnitTest name="Test_ErrorWhenClearingNrNotInRange" storage="e:\kiss-builds\2\kiss\kiss4 nightly tests\binaries\kiss.klibu.bl.test.dll" id="869fb567-3ba3-595f-d5e1-f151cfd29e28">
            <Description>Should have a validation error when the ClearingNr is not in the range</Description>
            <TestCategory>
                <TestCategoryItem TestCategory="Local" />
            </TestCategory>
            <Execution id="82baa50d-2670-47cf-8180-8300a5baaf3d" />
            <TestMethod codeBase="E:/KiSS-Builds/2/KiSS/KiSS4 Nightly Tests/Binaries/KiSS.KliBu.BL.Test.DLL" adapterTypeName="Microsoft.VisualStudio.TestTools.TestTypes.Unit.UnitTestAdapter, Microsoft.VisualStudio.QualityTools.Tips.UnitTest.Adapter, Version=10.0.0.0, Culture=neutral, PublicKeyToken=b03f5f7f11d50a3a" className="KiSS.KliBu.BL.Test.UnitTest.BankValidatorTest, KiSS.KliBu.BL.Test, Version=4.5.22.204, Culture=neutral, PublicKeyToken=null" name="Test_ErrorWhenClearingNrNotInRange" />
        </UnitTest>
        <UnitTest name="Validate_NameIsNull_ResultIsNameError" storage="e:\kiss-builds\2\kiss\kiss4 nightly tests\binaries\kiss.bl.test.dll" id="a79973ae-056f-9fee-b929-1f74bccea3d8">
            <Execution id="c7944550-77c6-4005-bc11-03f0e94ed2dc" />
            <TestMethod codeBase="E:/KiSS-Builds/2/KiSS/KiSS4 Nightly Tests/Binaries/Kiss.BL.Test.DLL" adapterTypeName="Microsoft.VisualStudio.TestTools.TestTypes.Unit.UnitTestAdapter, Microsoft.VisualStudio.QualityTools.Tips.UnitTest.Adapter, Version=10.0.0.0, Culture=neutral, PublicKeyToken=b03f5f7f11d50a3a" className="Kiss.BL.Test.Fs.FsDienstleistungServiceTest, Kiss.BL.Test, Version=4.5.22.204, Culture=neutral, PublicKeyToken=null" name="Validate_NameIsNull_ResultIsNameError" />
        </UnitTest>
        <UnitTest name="ImportData_BetriebskontoPositionOhneFbPeriode_ImportIsOk" storage="e:\kiss-builds\2\kiss\kiss4 nightly tests\binaries\kiss.bl.test.dll" id="c58bfaaa-abc3-8b2f-3f60-5d33cc279565">
            <Execution id="d8c20058-adfa-45a2-a6fb-bb7df37e1c01" />
            <TestMethod codeBase="E:/KiSS-Builds/2/KiSS/KiSS4 Nightly Tests/Binaries/Kiss.BL.Test.DLL" adapterTypeName="Microsoft.VisualStudio.TestTools.TestTypes.Unit.UnitTestAdapter, Microsoft.VisualStudio.QualityTools.Tips.UnitTest.Adapter, Version=10.0.0.0, Culture=neutral, PublicKeyToken=b03f5f7f11d50a3a" className="Kiss.BL.Test.Vm.VmPositionServiceTest, Kiss.BL.Test, Version=4.5.22.204, Culture=neutral, PublicKeyToken=null" name="ImportData_BetriebskontoPositionOhneFbPeriode_ImportIsOk" />
        </UnitTest>
        <UnitTest name="Test_GetMonthDiffOverYear" storage="e:\kiss-builds\2\kiss\kiss4 nightly tests\binaries\kiss.infrastructure.test.dll" id="4541b7dc-b52d-e62e-1cd1-ba2314f0c895">
            <Execution id="0d5eb491-b45d-4579-9787-0972fd830d88" />
            <TestMethod codeBase="E:/KiSS-Builds/2/KiSS/KiSS4 Nightly Tests/Binaries/Kiss.Infrastructure.Test.DLL" adapterTypeName="Microsoft.VisualStudio.TestTools.TestTypes.Unit.UnitTestAdapter, Microsoft.VisualStudio.QualityTools.Tips.UnitTest.Adapter, Version=10.0.0.0, Culture=neutral, PublicKeyToken=b03f5f7f11d50a3a" className="Kiss.Infrastructure.Test.MonthYearTest, Kiss.Infrastructure.Test, Version=1.0.0.0, Culture=neutral, PublicKeyToken=null" name="Test_GetMonthDiffOverYear" />
        </UnitTest>
        <UnitTest name="Test_ErrorWhenBaPersonIDAndBaInstitutionIDAreNotSet" storage="e:\kiss-builds\2\kiss\kiss4 nightly tests\binaries\kiss.bl.test.dll" id="316eefc3-eefb-baa7-eca2-fecd530d9049">
            <Execution id="116a5cf0-0d2b-4b4f-bc0b-3673bd02e524" />
            <TestMethod codeBase="E:/KiSS-Builds/2/KiSS/KiSS4 Nightly Tests/Binaries/Kiss.BL.Test.DLL" adapterTypeName="Microsoft.VisualStudio.TestTools.TestTypes.Unit.UnitTestAdapter, Microsoft.VisualStudio.QualityTools.Tips.UnitTest.Adapter, Version=10.0.0.0, Culture=neutral, PublicKeyToken=b03f5f7f11d50a3a" className="Kiss.BL.Test.Ba.Validation.BaAdresseValidatorTest, Kiss.BL.Test, Version=4.5.22.204, Culture=neutral, PublicKeyToken=null" name="Test_ErrorWhenBaPersonIDAndBaInstitutionIDAreNotSet" />
        </UnitTest>
        <UnitTest name="Test_ReplaceThePropertyName" storage="e:\kiss-builds\2\kiss\kiss4 nightly tests\binaries\kiss.common.test.dll" id="e00f8ae0-84f3-1c8a-5fb4-bb9cae76b704">
            <Execution id="353955df-e427-4fed-8ace-2102c695f632" />
            <TestMethod codeBase="E:/KiSS-Builds/2/KiSS/KiSS4 Nightly Tests/Binaries/KiSS.Common.Test.DLL" adapterTypeName="Microsoft.VisualStudio.TestTools.TestTypes.Unit.UnitTestAdapter, Microsoft.VisualStudio.QualityTools.Tips.UnitTest.Adapter, Version=10.0.0.0, Culture=neutral, PublicKeyToken=b03f5f7f11d50a3a" className="KiSS.Common.Test.FormattedMessageTest, KiSS.Common.Test, Version=4.5.22.204, Culture=neutral, PublicKeyToken=null" name="Test_ReplaceThePropertyName" />
        </UnitTest>
        <UnitTest name="Test_GetMonthDiffNegative" storage="e:\kiss-builds\2\kiss\kiss4 nightly tests\binaries\kiss.infrastructure.test.dll" id="3b81d949-8c78-8c04-719e-42e67c75d6f4">
            <Execution id="eb0761f0-3f45-4166-99fd-b5f6da7bc023" />
            <TestMethod codeBase="E:/KiSS-Builds/2/KiSS/KiSS4 Nightly Tests/Binaries/Kiss.Infrastructure.Test.DLL" adapterTypeName="Microsoft.VisualStudio.TestTools.TestTypes.Unit.UnitTestAdapter, Microsoft.VisualStudio.QualityTools.Tips.UnitTest.Adapter, Version=10.0.0.0, Culture=neutral, PublicKeyToken=b03f5f7f11d50a3a" className="Kiss.Infrastructure.Test.MonthYearTest, Kiss.Infrastructure.Test, Version=1.0.0.0, Culture=neutral, PublicKeyToken=null" name="Test_GetMonthDiffNegative" />
        </UnitTest>
        <UnitTest name="Test_UpdateBaPlz_Existing" storage="e:\kiss-builds\2\kiss\kiss4 nightly tests\binaries\kiss.bl.test.dll" id="158d305f-4124-78af-47e1-3223cf7ebee2">
            <Execution id="9eece966-17e5-4a0d-a6f3-9cc5077e5109" />
            <TestMethod codeBase="E:/KiSS-Builds/2/KiSS/KiSS4 Nightly Tests/Binaries/Kiss.BL.Test.DLL" adapterTypeName="Microsoft.VisualStudio.TestTools.TestTypes.Unit.UnitTestAdapter, Microsoft.VisualStudio.QualityTools.Tips.UnitTest.Adapter, Version=10.0.0.0, Culture=neutral, PublicKeyToken=b03f5f7f11d50a3a" className="Kiss.BL.Test.Ba.BaPlzServiceTest, Kiss.BL.Test, Version=4.5.22.204, Culture=neutral, PublicKeyToken=null" name="Test_UpdateBaPlz_Existing" />
        </UnitTest>
        <UnitTest name="Test_Empty_Result" storage="e:\kiss-builds\2\kiss\kiss4 nightly tests\binaries\kiss.bl.test.dll" id="0be26540-c1d3-1e18-49f9-e032cba0a5d5">
            <Execution id="7c63f161-45d6-421a-80a6-9d4f7279b278" />
            <TestMethod codeBase="E:/KiSS-Builds/2/KiSS/KiSS4 Nightly Tests/Binaries/Kiss.BL.Test.DLL" adapterTypeName="Microsoft.VisualStudio.TestTools.TestTypes.Unit.UnitTestAdapter, Microsoft.VisualStudio.QualityTools.Tips.UnitTest.Adapter, Version=10.0.0.0, Culture=neutral, PublicKeyToken=b03f5f7f11d50a3a" className="Kiss.BL.Test.Ba.BaDebitorSearchServiceTest, Kiss.BL.Test, Version=4.5.22.204, Culture=neutral, PublicKeyToken=null" name="Test_Empty_Result" />
        </UnitTest>
        <UnitTest name="GetConfigValue_WithoutDefaultString_TestOk" storage="e:\kiss-builds\2\kiss\kiss4 nightly tests\binaries\kiss.bl.test.dll" id="87b364ed-0586-8b26-45c0-c5fb0af21690">
            <Execution id="1cf6d931-e5ec-427c-b11b-43283c52ab67" />
            <TestMethod codeBase="E:/KiSS-Builds/2/KiSS/KiSS4 Nightly Tests/Binaries/Kiss.BL.Test.DLL" adapterTypeName="Microsoft.VisualStudio.TestTools.TestTypes.Unit.UnitTestAdapter, Microsoft.VisualStudio.QualityTools.Tips.UnitTest.Adapter, Version=10.0.0.0, Culture=neutral, PublicKeyToken=b03f5f7f11d50a3a" className="Kiss.BL.Test.System.XConfigServiceTest, Kiss.BL.Test, Version=4.5.22.204, Culture=neutral, PublicKeyToken=null" name="GetConfigValue_WithoutDefaultString_TestOk" />
        </UnitTest>
        <UnitTest name="Test_ErrorWhenDatumVonBeforeDatumBis" storage="e:\kiss-builds\2\kiss\kiss4 nightly tests\binaries\kiss.bl.test.dll" id="61391737-480d-8a57-be50-c24ef0bfe40d">
            <Execution id="2331829e-c67a-406c-990e-3a49c46d4fe2" />
            <TestMethod codeBase="E:/KiSS-Builds/2/KiSS/KiSS4 Nightly Tests/Binaries/Kiss.BL.Test.DLL" adapterTypeName="Microsoft.VisualStudio.TestTools.TestTypes.Unit.UnitTestAdapter, Microsoft.VisualStudio.QualityTools.Tips.UnitTest.Adapter, Version=10.0.0.0, Culture=neutral, PublicKeyToken=b03f5f7f11d50a3a" className="Kiss.BL.Test.Ba.Validation.BaAdresseValidatorTest, Kiss.BL.Test, Version=4.5.22.204, Culture=neutral, PublicKeyToken=null" name="Test_ErrorWhenDatumVonBeforeDatumBis" />
        </UnitTest>
        <UnitTest name="Test_Length827" storage="e:\kiss-builds\2\kiss\kiss4 nightly tests\binaries\kiss4.schnittstellen.test.dll" id="11c1f801-4a8b-0bcd-2c10-648e04f6c61c">
            <Execution id="42616211-853e-4aef-8eec-cee1e463cf22" />
            <TestMethod codeBase="E:/KiSS-Builds/2/KiSS/KiSS4 Nightly Tests/Binaries/KiSS4.Schnittstellen.Test.DLL" adapterTypeName="Microsoft.VisualStudio.TestTools.TestTypes.Unit.UnitTestAdapter, Microsoft.VisualStudio.QualityTools.Tips.UnitTest.Adapter, Version=10.0.0.0, Culture=neutral, PublicKeyToken=b03f5f7f11d50a3a" className="KiSS4.Schnittstellen.Test.DtaRecordTests, KiSS4.Schnittstellen.Test, Version=4.5.22.204, Culture=neutral, PublicKeyToken=null" name="Test_Length827" />
        </UnitTest>
        <UnitTest name="Test_DtaRecordFactoryFibuFalsePaymentInformationNOK" storage="e:\kiss-builds\2\kiss\kiss4 nightly tests\binaries\kiss4.schnittstellen.test.dll" id="29ffd185-cd79-fd5b-88f3-40e42c61732b">
            <Execution id="cb0c113c-527c-44d0-b7a3-19e9d6bb2600" />
            <TestMethod codeBase="E:/KiSS-Builds/2/KiSS/KiSS4 Nightly Tests/Binaries/KiSS4.Schnittstellen.Test.DLL" adapterTypeName="Microsoft.VisualStudio.TestTools.TestTypes.Unit.UnitTestAdapter, Microsoft.VisualStudio.QualityTools.Tips.UnitTest.Adapter, Version=10.0.0.0, Culture=neutral, PublicKeyToken=b03f5f7f11d50a3a" className="KiSS4.Schnittstellen.Test.DtaRecordFactoryTests, KiSS4.Schnittstellen.Test, Version=4.5.22.204, Culture=neutral, PublicKeyToken=null" name="Test_DtaRecordFactoryFibuFalsePaymentInformationNOK" />
        </UnitTest>
        <UnitTest name="AreEntriesGenerated_Interval" storage="e:\kiss-builds\2\kiss\kiss4 nightly tests\binaries\kiss.bl.test.dll" id="cebd777f-e842-fe4a-a3f8-c0c7dd98a024">
            <Execution id="21ed6b2d-fa25-490c-a446-b49a9019dbea" />
            <TestMethod codeBase="E:/KiSS-Builds/2/KiSS/KiSS4 Nightly Tests/Binaries/Kiss.BL.Test.DLL" adapterTypeName="Microsoft.VisualStudio.TestTools.TestTypes.Unit.UnitTestAdapter, Microsoft.VisualStudio.QualityTools.Tips.UnitTest.Adapter, Version=10.0.0.0, Culture=neutral, PublicKeyToken=b03f5f7f11d50a3a" className="Kiss.BL.Test.Fs.FsReduktionMitarbeiterServiceTest, Kiss.BL.Test, Version=4.5.22.204, Culture=neutral, PublicKeyToken=null" name="AreEntriesGenerated_Interval" />
        </UnitTest>
        <UnitTest name="Test_Subtraction" storage="e:\kiss-builds\2\kiss\kiss4 nightly tests\binaries\kiss.infrastructure.test.dll" id="9845afbc-9b81-137c-576a-5c0e88b537c8">
            <Execution id="0266ac0d-a7f7-4fb5-a3e3-306af9d76612" />
            <TestMethod codeBase="E:/KiSS-Builds/2/KiSS/KiSS4 Nightly Tests/Binaries/Kiss.Infrastructure.Test.DLL" adapterTypeName="Microsoft.VisualStudio.TestTools.TestTypes.Unit.UnitTestAdapter, Microsoft.VisualStudio.QualityTools.Tips.UnitTest.Adapter, Version=10.0.0.0, Culture=neutral, PublicKeyToken=b03f5f7f11d50a3a" className="Kiss.Infrastructure.Test.MonthYearTest, Kiss.Infrastructure.Test, Version=1.0.0.0, Culture=neutral, PublicKeyToken=null" name="Test_Subtraction" />
        </UnitTest>
        <UnitTest name="GetConfigValueDecimalTest" storage="e:\kiss-builds\2\kiss\kiss4 nightly tests\binaries\kiss.bl.test.dll" id="f4474dff-7f75-545c-d9ba-0e0c7d61013a">
            <Execution id="cfc2b8d1-c18c-473d-9cdf-a6d41dc36f72" />
            <TestMethod codeBase="E:/KiSS-Builds/2/KiSS/KiSS4 Nightly Tests/Binaries/Kiss.BL.Test.DLL" adapterTypeName="Microsoft.VisualStudio.TestTools.TestTypes.Unit.UnitTestAdapter, Microsoft.VisualStudio.QualityTools.Tips.UnitTest.Adapter, Version=10.0.0.0, Culture=neutral, PublicKeyToken=b03f5f7f11d50a3a" className="Kiss.BL.Test.System.XConfigServiceTest, Kiss.BL.Test, Version=4.5.22.204, Culture=neutral, PublicKeyToken=null" name="GetConfigValueDecimalTest" />
        </UnitTest>
        <UnitTest name="GetUserZugriffrecht_UserAdmin_Ok" storage="e:\kiss-builds\2\kiss\kiss4 nightly tests\binaries\kiss.bl.test.dll" id="d9285925-7d6b-05a2-0876-c771423664d9">
            <Execution id="80fb886d-b5b4-4955-a7cd-e7a49be34231" />
            <TestMethod codeBase="E:/KiSS-Builds/2/KiSS/KiSS4 Nightly Tests/Binaries/Kiss.BL.Test.DLL" adapterTypeName="Microsoft.VisualStudio.TestTools.TestTypes.Unit.UnitTestAdapter, Microsoft.VisualStudio.QualityTools.Tips.UnitTest.Adapter, Version=10.0.0.0, Culture=neutral, PublicKeyToken=b03f5f7f11d50a3a" className="Kiss.BL.Test.KissSystem.BerechtigungsServiceTest, Kiss.BL.Test, Version=4.5.22.204, Culture=neutral, PublicKeyToken=null" name="GetUserZugriffrecht_UserAdmin_Ok" />
        </UnitTest>
        <UnitTest name="Test_OkWhenSterbedatumAfterGeburtsdatum" storage="e:\kiss-builds\2\kiss\kiss4 nightly tests\binaries\kiss.bl.test.dll" id="6c59dc14-440f-2c3c-f3ea-54de558823ca">
            <Execution id="94a0270a-a820-4052-9b17-ccb0c7d9c9df" />
            <TestMethod codeBase="E:/KiSS-Builds/2/KiSS/KiSS4 Nightly Tests/Binaries/Kiss.BL.Test.DLL" adapterTypeName="Microsoft.VisualStudio.TestTools.TestTypes.Unit.UnitTestAdapter, Microsoft.VisualStudio.QualityTools.Tips.UnitTest.Adapter, Version=10.0.0.0, Culture=neutral, PublicKeyToken=b03f5f7f11d50a3a" className="Kiss.BL.Test.Ba.Validation.BaPersonValidatorTest, Kiss.BL.Test, Version=4.5.22.204, Culture=neutral, PublicKeyToken=null" name="Test_OkWhenSterbedatumAfterGeburtsdatum" />
        </UnitTest>
        <UnitTest name="Test_Dokumente" storage="e:\kiss-builds\2\kiss\kiss4 nightly tests\binaries\kiss.bl.test.dll" id="a1bbfab4-34fc-0254-2557-a692689e735d">
            <Execution id="120686fb-9782-4280-aff3-665a2565fad5" />
            <TestMethod codeBase="E:/KiSS-Builds/2/KiSS/KiSS4 Nightly Tests/Binaries/Kiss.BL.Test.DLL" adapterTypeName="Microsoft.VisualStudio.TestTools.TestTypes.Unit.UnitTestAdapter, Microsoft.VisualStudio.QualityTools.Tips.UnitTest.Adapter, Version=10.0.0.0, Culture=neutral, PublicKeyToken=b03f5f7f11d50a3a" className="Kiss.BL.Test.Fa.FaZeitachseServiceTest, Kiss.BL.Test, Version=4.5.22.204, Culture=neutral, PublicKeyToken=null" name="Test_Dokumente" />
        </UnitTest>
        <UnitTest name="Test_CascadingDelete_Dl_Dlp" storage="e:\kiss-builds\2\kiss\kiss4 nightly tests\binaries\kiss.bl.test.dll" id="30efb037-0d38-a896-d5b0-c357822ca76e">
            <Execution id="d30105c7-0eb3-4c80-9e2a-aa28172dbf3e" />
            <TestMethod codeBase="E:/KiSS-Builds/2/KiSS/KiSS4 Nightly Tests/Binaries/Kiss.BL.Test.DLL" adapterTypeName="Microsoft.VisualStudio.TestTools.TestTypes.Unit.UnitTestAdapter, Microsoft.VisualStudio.QualityTools.Tips.UnitTest.Adapter, Version=10.0.0.0, Culture=neutral, PublicKeyToken=b03f5f7f11d50a3a" className="Kiss.BL.Test.Common.SelfTrackingEntitiesCascadingTest, Kiss.BL.Test, Version=4.5.22.204, Culture=neutral, PublicKeyToken=null" name="Test_CascadingDelete_Dl_Dlp" />
        </UnitTest>
        <UnitTest name="Validate_Ok" storage="e:\kiss-builds\2\kiss\kiss4 nightly tests\binaries\kiss.bl.test.dll" id="3980aa0b-1b86-6253-552a-c66e46b8113c">
            <Execution id="5d496130-04bc-4618-886f-92f78753cc6c" />
            <TestMethod codeBase="E:/KiSS-Builds/2/KiSS/KiSS4 Nightly Tests/Binaries/Kiss.BL.Test.DLL" adapterTypeName="Microsoft.VisualStudio.TestTools.TestTypes.Unit.UnitTestAdapter, Microsoft.VisualStudio.QualityTools.Tips.UnitTest.Adapter, Version=10.0.0.0, Culture=neutral, PublicKeyToken=b03f5f7f11d50a3a" className="Kiss.BL.Test.Vm.Validation.VmPositionValidatorTest, Kiss.BL.Test, Version=4.5.22.204, Culture=neutral, PublicKeyToken=null" name="Validate_Ok" />
        </UnitTest>
        <UnitTest name="Test_Length836_Mitteilungstext" storage="e:\kiss-builds\2\kiss\kiss4 nightly tests\binaries\kiss4.schnittstellen.test.dll" id="fc5741b1-d7d7-3835-afcd-cc1153f3a11d">
            <Execution id="3657d1c3-6594-431d-b65d-457e05ed5d7d" />
            <TestMethod codeBase="E:/KiSS-Builds/2/KiSS/KiSS4 Nightly Tests/Binaries/KiSS4.Schnittstellen.Test.DLL" adapterTypeName="Microsoft.VisualStudio.TestTools.TestTypes.Unit.UnitTestAdapter, Microsoft.VisualStudio.QualityTools.Tips.UnitTest.Adapter, Version=10.0.0.0, Culture=neutral, PublicKeyToken=b03f5f7f11d50a3a" className="KiSS4.Schnittstellen.Test.DtaRecordTests, KiSS4.Schnittstellen.Test, Version=4.5.22.204, Culture=neutral, PublicKeyToken=null" name="Test_Length836_Mitteilungstext" />
        </UnitTest>
        <UnitTest name="GetConfigValueStringTest" storage="e:\kiss-builds\2\kiss\kiss4 nightly tests\binaries\kiss.bl.test.dll" id="e5798ba5-a16a-76d7-62fe-45928df92613">
            <Execution id="a5653f55-990a-4942-be93-366fd0082b31" />
            <TestMethod codeBase="E:/KiSS-Builds/2/KiSS/KiSS4 Nightly Tests/Binaries/Kiss.BL.Test.DLL" adapterTypeName="Microsoft.VisualStudio.TestTools.TestTypes.Unit.UnitTestAdapter, Microsoft.VisualStudio.QualityTools.Tips.UnitTest.Adapter, Version=10.0.0.0, Culture=neutral, PublicKeyToken=b03f5f7f11d50a3a" className="Kiss.BL.Test.System.XConfigServiceTest, Kiss.BL.Test, Version=4.5.22.204, Culture=neutral, PublicKeyToken=null" name="GetConfigValueStringTest" />
        </UnitTest>
        <UnitTest name="GetAlter_Geburtsdatum" storage="e:\kiss-builds\2\kiss\kiss4 nightly tests\binaries\kiss.model.test.dll" id="3851a5d6-02fa-ad7b-38c4-90d47c1eb3bb">
            <Execution id="896af7a1-07a9-42bb-8c6a-087960a09e2e" />
            <TestMethod codeBase="E:/KiSS-Builds/2/KiSS/KiSS4 Nightly Tests/Binaries/Kiss.Model.Test.DLL" adapterTypeName="Microsoft.VisualStudio.TestTools.TestTypes.Unit.UnitTestAdapter, Microsoft.VisualStudio.QualityTools.Tips.UnitTest.Adapter, Version=10.0.0.0, Culture=neutral, PublicKeyToken=b03f5f7f11d50a3a" className="Kiss.Model.Test.PartialTest.BaPersonPartialTest, Kiss.Model.Test, Version=4.5.22.204, Culture=neutral, PublicKeyToken=null" name="GetAlter_Geburtsdatum" />
        </UnitTest>
        <UnitTest name="Test_Zugewiesen_und_Bedarf" storage="e:\kiss-builds\2\kiss\kiss4 nightly tests\binaries\kiss.bl.test.dll" id="3f0f45a8-35d1-adcf-8fde-e6190d7fc7e6">
            <Execution id="eab66471-6f3a-4e0b-95e3-53888f42b838" />
            <TestMethod codeBase="E:/KiSS-Builds/2/KiSS/KiSS4 Nightly Tests/Binaries/Kiss.BL.Test.DLL" adapterTypeName="Microsoft.VisualStudio.TestTools.TestTypes.Unit.UnitTestAdapter, Microsoft.VisualStudio.QualityTools.Tips.UnitTest.Adapter, Version=10.0.0.0, Culture=neutral, PublicKeyToken=b03f5f7f11d50a3a" className="Kiss.BL.Test.Fs.FsDienstleistungAuswertungServiceTest, Kiss.BL.Test, Version=4.5.22.204, Culture=neutral, PublicKeyToken=null" name="Test_Zugewiesen_und_Bedarf" />
        </UnitTest>
        <UnitTest name="GetConfigValueCsvStringTest" storage="e:\kiss-builds\2\kiss\kiss4 nightly tests\binaries\kiss.bl.test.dll" id="7723ae67-7057-de87-7a3f-051f87cbad9a">
            <Execution id="eeb686fa-829c-41db-a6c2-050b3192f9ba" />
            <TestMethod codeBase="E:/KiSS-Builds/2/KiSS/KiSS4 Nightly Tests/Binaries/Kiss.BL.Test.DLL" adapterTypeName="Microsoft.VisualStudio.TestTools.TestTypes.Unit.UnitTestAdapter, Microsoft.VisualStudio.QualityTools.Tips.UnitTest.Adapter, Version=10.0.0.0, Culture=neutral, PublicKeyToken=b03f5f7f11d50a3a" className="Kiss.BL.Test.System.XConfigServiceTest, Kiss.BL.Test, Version=4.5.22.204, Culture=neutral, PublicKeyToken=null" name="GetConfigValueCsvStringTest" />
        </UnitTest>
        <UnitTest name="Test_SubtractionOverYear" storage="e:\kiss-builds\2\kiss\kiss4 nightly tests\binaries\kiss.infrastructure.test.dll" id="8c0031d1-c860-933f-b350-7cd2e883b616">
            <Execution id="60c5338c-ee3f-4e5f-98b5-a2a1885b4bc2" />
            <TestMethod codeBase="E:/KiSS-Builds/2/KiSS/KiSS4 Nightly Tests/Binaries/Kiss.Infrastructure.Test.DLL" adapterTypeName="Microsoft.VisualStudio.TestTools.TestTypes.Unit.UnitTestAdapter, Microsoft.VisualStudio.QualityTools.Tips.UnitTest.Adapter, Version=10.0.0.0, Culture=neutral, PublicKeyToken=b03f5f7f11d50a3a" className="Kiss.Infrastructure.Test.MonthYearTest, Kiss.Infrastructure.Test, Version=1.0.0.0, Culture=neutral, PublicKeyToken=null" name="Test_SubtractionOverYear" />
        </UnitTest>
        <UnitTest name="Test_CascadingInsert" storage="e:\kiss-builds\2\kiss\kiss4 nightly tests\binaries\kiss.bl.test.dll" id="54154e0a-ced3-0400-2481-1f722438d5f9">
            <Execution id="a70330be-4488-47cf-9df7-2ef74f95575e" />
            <TestMethod codeBase="E:/KiSS-Builds/2/KiSS/KiSS4 Nightly Tests/Binaries/Kiss.BL.Test.DLL" adapterTypeName="Microsoft.VisualStudio.TestTools.TestTypes.Unit.UnitTestAdapter, Microsoft.VisualStudio.QualityTools.Tips.UnitTest.Adapter, Version=10.0.0.0, Culture=neutral, PublicKeyToken=b03f5f7f11d50a3a" className="Kiss.BL.Test.Common.SelfTrackingEntitiesCascadingTest, Kiss.BL.Test, Version=4.5.22.204, Culture=neutral, PublicKeyToken=null" name="Test_CascadingInsert" />
        </UnitTest>
        <UnitTest name="Validate_Ok" storage="e:\kiss-builds\2\kiss\kiss4 nightly tests\binaries\kiss.bl.test.dll" id="358e2ca6-a0d8-fc97-0aa5-1c918a55265d">
            <Execution id="944e4f2e-d257-4694-a5bd-67e82ce1d928" />
            <TestMethod codeBase="E:/KiSS-Builds/2/KiSS/KiSS4 Nightly Tests/Binaries/Kiss.BL.Test.DLL" adapterTypeName="Microsoft.VisualStudio.TestTools.TestTypes.Unit.UnitTestAdapter, Microsoft.VisualStudio.QualityTools.Tips.UnitTest.Adapter, Version=10.0.0.0, Culture=neutral, PublicKeyToken=b03f5f7f11d50a3a" className="Kiss.BL.Test.Vm.Validation.VmKlientenbudgeVmKlientenbudgetValidatorTest, Kiss.BL.Test, Version=4.5.22.204, Culture=neutral, PublicKeyToken=null" name="Validate_Ok" />
        </UnitTest>
        <UnitTest name="Test_ErrorWhenGeschlechtCodeNotInRange" storage="e:\kiss-builds\2\kiss\kiss4 nightly tests\binaries\kiss.bl.test.dll" id="e92f8d22-5f78-8500-d66d-7affe111f12f">
            <Execution id="464aac3b-f3d3-4589-93ef-d23b76c57629" />
            <TestMethod codeBase="E:/KiSS-Builds/2/KiSS/KiSS4 Nightly Tests/Binaries/Kiss.BL.Test.DLL" adapterTypeName="Microsoft.VisualStudio.TestTools.TestTypes.Unit.UnitTestAdapter, Microsoft.VisualStudio.QualityTools.Tips.UnitTest.Adapter, Version=10.0.0.0, Culture=neutral, PublicKeyToken=b03f5f7f11d50a3a" className="Kiss.BL.Test.Ba.Validation.BaPersonValidatorTest, Kiss.BL.Test, Version=4.5.22.204, Culture=neutral, PublicKeyToken=null" name="Test_ErrorWhenGeschlechtCodeNotInRange" />
        </UnitTest>
        <UnitTest name="GetLovCodeByLovName_FilteredEmtyString" storage="e:\kiss-builds\2\kiss\kiss4 nightly tests\binaries\kiss.bl.test.dll" id="59edf8ba-f39e-8d8c-e7fa-7629d02c0f4a">
            <Execution id="2a8f5120-6504-4c79-99da-2a82d441926d" />
            <TestMethod codeBase="E:/KiSS-Builds/2/KiSS/KiSS4 Nightly Tests/Binaries/Kiss.BL.Test.DLL" adapterTypeName="Microsoft.VisualStudio.TestTools.TestTypes.Unit.UnitTestAdapter, Microsoft.VisualStudio.QualityTools.Tips.UnitTest.Adapter, Version=10.0.0.0, Culture=neutral, PublicKeyToken=b03f5f7f11d50a3a" className="Kiss.BL.Test.System.XLovServiceTest, Kiss.BL.Test, Version=4.5.22.204, Culture=neutral, PublicKeyToken=null" name="GetLovCodeByLovName_FilteredEmtyString" />
        </UnitTest>
        <UnitTest name="Validate_NameIsSet_IsValid" storage="e:\kiss-builds\2\kiss\kiss4 nightly tests\binaries\kiss.bl.test.dll" id="2841b54b-caf2-c415-926c-01ef6500098b">
            <Execution id="7c695468-8465-4a65-8665-98416f687227" />
            <TestMethod codeBase="E:/KiSS-Builds/2/KiSS/KiSS4 Nightly Tests/Binaries/Kiss.BL.Test.DLL" adapterTypeName="Microsoft.VisualStudio.TestTools.TestTypes.Unit.UnitTestAdapter, Microsoft.VisualStudio.QualityTools.Tips.UnitTest.Adapter, Version=10.0.0.0, Culture=neutral, PublicKeyToken=b03f5f7f11d50a3a" className="Kiss.BL.Test.Fs.Validation.FsReduktionMitarbeiterValidatorTest, Kiss.BL.Test, Version=4.5.22.204, Culture=neutral, PublicKeyToken=null" name="Validate_NameIsSet_IsValid" />
        </UnitTest>
        <UnitTest name="Test_Extract" storage="e:\kiss-builds\2\kiss\kiss4 nightly tests\binaries\kiss.common.test.dll" id="f6d8aa19-f339-cb8d-9264-1ab5c2407048">
            <Description>Extract the content of the zip file</Description>
            <TestCategory>
                <TestCategoryItem TestCategory="TestData" />
            </TestCategory>
            <DeploymentItems>
                <DeploymentItem filename="TestFiles\bcbankenstamm.zip" outputDirectory="TestFiles" />
            </DeploymentItems>
            <Execution id="37407da5-1561-428d-9bd3-a53ec2edc6ed" />
            <TestMethod codeBase="E:/KiSS-Builds/2/KiSS/KiSS4 Nightly Tests/Binaries/KiSS.Common.Test.DLL" adapterTypeName="Microsoft.VisualStudio.TestTools.TestTypes.Unit.UnitTestAdapter, Microsoft.VisualStudio.QualityTools.Tips.UnitTest.Adapter, Version=10.0.0.0, Culture=neutral, PublicKeyToken=b03f5f7f11d50a3a" className="KiSS.Common.Test.ZipTest, KiSS.Common.Test, Version=4.5.22.204, Culture=neutral, PublicKeyToken=null" name="Test_Extract" />
        </UnitTest>
        <UnitTest name="T06_VerrechnungOhnePositionsart" storage="e:\kiss-builds\2\kiss\kiss4 nightly tests\binaries\kiss4.sozialhilfe.test.dll" id="75467f79-0df8-d1aa-d415-656da760dbac">
            <TestCategory>
                <TestCategoryItem TestCategory="LongRunning" />
            </TestCategory>
            <Execution id="11d0d544-9f13-41a8-8986-94fb013e6f8d" />
            <TestMethod codeBase="E:/KiSS-Builds/2/KiSS/KiSS4 Nightly Tests/Binaries/KiSS4.Sozialhilfe.Test.DLL" adapterTypeName="Microsoft.VisualStudio.TestTools.TestTypes.Unit.UnitTestAdapter, Microsoft.VisualStudio.QualityTools.Tips.UnitTest.Adapter, Version=10.0.0.0, Culture=neutral, PublicKeyToken=b03f5f7f11d50a3a" className="KiSS4.Sozialhilfe.Test.GruenstellenTest, KiSS4.Sozialhilfe.Test, Version=4.5.22.204, Culture=neutral, PublicKeyToken=null" name="T06_VerrechnungOhnePositionsart" />
        </UnitTest>
        <UnitTest name="Validate_NameIsEmpty_HasError" storage="e:\kiss-builds\2\kiss\kiss4 nightly tests\binaries\kiss.bl.test.dll" id="c43b41fb-14c2-e166-59db-ee9fc5ba0c9f">
            <Execution id="93c291ec-0b20-42b3-90a3-a9a9fec59fbf" />
            <TestMethod codeBase="E:/KiSS-Builds/2/KiSS/KiSS4 Nightly Tests/Binaries/Kiss.BL.Test.DLL" adapterTypeName="Microsoft.VisualStudio.TestTools.TestTypes.Unit.UnitTestAdapter, Microsoft.VisualStudio.QualityTools.Tips.UnitTest.Adapter, Version=10.0.0.0, Culture=neutral, PublicKeyToken=b03f5f7f11d50a3a" className="Kiss.BL.Test.Fs.Validation.FsDienstleistungspaketValidatorTest, Kiss.BL.Test, Version=4.5.22.204, Culture=neutral, PublicKeyToken=null" name="Validate_NameIsEmpty_HasError" />
        </UnitTest>
        <UnitTest name="TestPostkontoUnformatiert_ConvertSingle" storage="e:\kiss-builds\2\kiss\kiss4 nightly tests\binaries\kiss.ui.controls.test.dll" id="a69e586c-dea4-8cb4-3d2a-e578f6714ff1">
            <Execution id="6a1d229d-f9b4-4454-a207-3edf5ce8fdbc" />
            <TestMethod codeBase="E:/KiSS-Builds/2/KiSS/KiSS4 Nightly Tests/Binaries/Kiss.UI.Controls.Test.DLL" adapterTypeName="Microsoft.VisualStudio.TestTools.TestTypes.Unit.UnitTestAdapter, Microsoft.VisualStudio.QualityTools.Tips.UnitTest.Adapter, Version=10.0.0.0, Culture=neutral, PublicKeyToken=b03f5f7f11d50a3a" className="Kiss.UI.Controls.Test.PostkontoNrFormattingConverterTest, Kiss.UI.Controls.Test, Version=4.5.22.204, Culture=neutral, PublicKeyToken=null" name="TestPostkontoUnformatiert_ConvertSingle" />
        </UnitTest>
        <UnitTest name="Test_OkWhenFilialeNrInRange" storage="e:\kiss-builds\2\kiss\kiss4 nightly tests\binaries\kiss.klibu.bl.test.dll" id="4d37f5ce-c3e0-59f7-85fa-b4ef3d853f99">
            <Description>Should not have a validation error when the FilialeNr is in the range</Description>
            <TestCategory>
                <TestCategoryItem TestCategory="Local" />
            </TestCategory>
            <Execution id="b7c82d73-a641-4c98-b5b3-a8bcb4c4d35c" />
            <TestMethod codeBase="E:/KiSS-Builds/2/KiSS/KiSS4 Nightly Tests/Binaries/KiSS.KliBu.BL.Test.DLL" adapterTypeName="Microsoft.VisualStudio.TestTools.TestTypes.Unit.UnitTestAdapter, Microsoft.VisualStudio.QualityTools.Tips.UnitTest.Adapter, Version=10.0.0.0, Culture=neutral, PublicKeyToken=b03f5f7f11d50a3a" className="KiSS.KliBu.BL.Test.UnitTest.BankValidatorTest, KiSS.KliBu.BL.Test, Version=4.5.22.204, Culture=neutral, PublicKeyToken=null" name="Test_OkWhenFilialeNrInRange" />
        </UnitTest>
        <UnitTest name="Test_FavoriteNameOk" storage="e:\kiss-builds\2\kiss\kiss4 nightly tests\binaries\kiss4.favoriten.test.dll" id="90a8f4a3-d2b5-9f6b-02ca-14c1da2d68e1">
            <Execution id="ecaa6519-e3fb-4f4b-8f4a-b6156fc1002b" />
            <TestMethod codeBase="E:/KiSS-Builds/2/KiSS/KiSS4 Nightly Tests/Binaries/KiSS4.Favoriten.Test.DLL" adapterTypeName="Microsoft.VisualStudio.TestTools.TestTypes.Unit.UnitTestAdapter, Microsoft.VisualStudio.QualityTools.Tips.UnitTest.Adapter, Version=10.0.0.0, Culture=neutral, PublicKeyToken=b03f5f7f11d50a3a" className="KiSS4.Favoriten.Test.BL.CorrectTests, KiSS4.Favoriten.Test, Version=4.5.22.204, Culture=neutral, PublicKeyToken=null" name="Test_FavoriteNameOk" />
        </UnitTest>
        <UnitTest name="Test_InsertDlDlp" storage="e:\kiss-builds\2\kiss\kiss4 nightly tests\binaries\kiss.bl.test.dll" id="b601944f-0c48-90ec-af40-7cc5ccd6d033">
            <Execution id="e0e1994d-1cd7-42f7-a714-6433408b97f8" />
            <TestMethod codeBase="E:/KiSS-Builds/2/KiSS/KiSS4 Nightly Tests/Binaries/Kiss.BL.Test.DLL" adapterTypeName="Microsoft.VisualStudio.TestTools.TestTypes.Unit.UnitTestAdapter, Microsoft.VisualStudio.QualityTools.Tips.UnitTest.Adapter, Version=10.0.0.0, Culture=neutral, PublicKeyToken=b03f5f7f11d50a3a" className="Kiss.BL.Test.Common.SelfTrackingEntitiesCascadingTest, Kiss.BL.Test, Version=4.5.22.204, Culture=neutral, PublicKeyToken=null" name="Test_InsertDlDlp" />
        </UnitTest>
        <UnitTest name="Validate_NameIsSet_IsValid" storage="e:\kiss-builds\2\kiss\kiss4 nightly tests\binaries\kiss.bl.test.dll" id="fc4f45f1-6ee9-323d-1c4f-39b2fcd7fcb0">
            <Execution id="d323ecdb-14c7-4da2-96f6-e4c3c36324fa" />
            <TestMethod codeBase="E:/KiSS-Builds/2/KiSS/KiSS4 Nightly Tests/Binaries/Kiss.BL.Test.DLL" adapterTypeName="Microsoft.VisualStudio.TestTools.TestTypes.Unit.UnitTestAdapter, Microsoft.VisualStudio.QualityTools.Tips.UnitTest.Adapter, Version=10.0.0.0, Culture=neutral, PublicKeyToken=b03f5f7f11d50a3a" className="Kiss.BL.Test.Fs.Validation.FsDienstleistungValidatorTest, Kiss.BL.Test, Version=4.5.22.204, Culture=neutral, PublicKeyToken=null" name="Validate_NameIsSet_IsValid" />
        </UnitTest>
        <UnitTest name="Validate_StandardAufwandIsGreaterThan744_Error" storage="e:\kiss-builds\2\kiss\kiss4 nightly tests\binaries\kiss.bl.test.dll" id="ab306580-19ff-4db4-387e-3e16f84989d7">
            <Execution id="c6772194-6a8d-438d-8c5e-00e446c7656a" />
            <TestMethod codeBase="E:/KiSS-Builds/2/KiSS/KiSS4 Nightly Tests/Binaries/Kiss.BL.Test.DLL" adapterTypeName="Microsoft.VisualStudio.TestTools.TestTypes.Unit.UnitTestAdapter, Microsoft.VisualStudio.QualityTools.Tips.UnitTest.Adapter, Version=10.0.0.0, Culture=neutral, PublicKeyToken=b03f5f7f11d50a3a" className="Kiss.BL.Test.Fs.Validation.FsDienstleistungValidatorTest, Kiss.BL.Test, Version=4.5.22.204, Culture=neutral, PublicKeyToken=null" name="Validate_StandardAufwandIsGreaterThan744_Error" />
        </UnitTest>
        <UnitTest name="RegisterAndResolveInstance" storage="e:\kiss-builds\2\kiss\kiss4 nightly tests\binaries\kiss.infrastructure.test.dll" id="c10bb56a-788d-931c-f501-8c76ea6a2515">
            <Execution id="53b5fd91-14d2-4111-9c22-ff2d101ef0f3" />
            <TestMethod codeBase="E:/KiSS-Builds/2/KiSS/KiSS4 Nightly Tests/Binaries/Kiss.Infrastructure.Test.DLL" adapterTypeName="Microsoft.VisualStudio.TestTools.TestTypes.Unit.UnitTestAdapter, Microsoft.VisualStudio.QualityTools.Tips.UnitTest.Adapter, Version=10.0.0.0, Culture=neutral, PublicKeyToken=b03f5f7f11d50a3a" className="Kiss.Infrastructure.Test.IoC.ContainerTest, Kiss.Infrastructure.Test, Version=1.0.0.0, Culture=neutral, PublicKeyToken=null" name="RegisterAndResolveInstance" />
        </UnitTest>
        <UnitTest name="ImportData_KassePcPositionMitFbPeriodeUndBuchung_ImportIsOk" storage="e:\kiss-builds\2\kiss\kiss4 nightly tests\binaries\kiss.bl.test.dll" id="a79442bb-8a9b-1b7d-d21f-876d39615fa8">
            <Execution id="4fcdf221-c048-4b3e-a579-124bc0ef2f8a" />
            <TestMethod codeBase="E:/KiSS-Builds/2/KiSS/KiSS4 Nightly Tests/Binaries/Kiss.BL.Test.DLL" adapterTypeName="Microsoft.VisualStudio.TestTools.TestTypes.Unit.UnitTestAdapter, Microsoft.VisualStudio.QualityTools.Tips.UnitTest.Adapter, Version=10.0.0.0, Culture=neutral, PublicKeyToken=b03f5f7f11d50a3a" className="Kiss.BL.Test.Vm.VmPositionServiceTest, Kiss.BL.Test, Version=4.5.22.204, Culture=neutral, PublicKeyToken=null" name="ImportData_KassePcPositionMitFbPeriodeUndBuchung_ImportIsOk" />
        </UnitTest>
        <UnitTest name="Test_ParseIncompletRecord" storage="e:\kiss-builds\2\kiss\kiss4 nightly tests\binaries\kiss.klibu.bl.test.dll" id="c2dc03e7-b016-f237-d971-13efa1059936">
            <Description>Parse a bank record that doesn't contains all datas</Description>
            <TestCategory>
                <TestCategoryItem TestCategory="Local" />
            </TestCategory>
            <Execution id="0dfb96f7-26d1-4365-b1eb-c30c123cde8e" />
            <TestMethod codeBase="E:/KiSS-Builds/2/KiSS/KiSS4 Nightly Tests/Binaries/KiSS.KliBu.BL.Test.DLL" adapterTypeName="Microsoft.VisualStudio.TestTools.TestTypes.Unit.UnitTestAdapter, Microsoft.VisualStudio.QualityTools.Tips.UnitTest.Adapter, Version=10.0.0.0, Culture=neutral, PublicKeyToken=b03f5f7f11d50a3a" className="KiSS.KliBu.BL.Test.UnitTest.BankParserTest, KiSS.KliBu.BL.Test, Version=4.5.22.204, Culture=neutral, PublicKeyToken=null" name="Test_ParseIncompletRecord" />
        </UnitTest>
        <UnitTest name="TryGetValue_NullableIntValid_ValueFound" storage="e:\kiss-builds\2\kiss\kiss4 nightly tests\binaries\kiss.infrastructure.test.dll" id="ca06887e-944f-a266-b527-59eb800dcdef">
            <Execution id="57b47778-f988-4b93-818d-6e3f8a852614" />
            <TestMethod codeBase="E:/KiSS-Builds/2/KiSS/KiSS4 Nightly Tests/Binaries/Kiss.Infrastructure.Test.DLL" adapterTypeName="Microsoft.VisualStudio.TestTools.TestTypes.Unit.UnitTestAdapter, Microsoft.VisualStudio.QualityTools.Tips.UnitTest.Adapter, Version=10.0.0.0, Culture=neutral, PublicKeyToken=b03f5f7f11d50a3a" className="Kiss.Infrastructure.Test.ExtensionsTest, Kiss.Infrastructure.Test, Version=1.0.0.0, Culture=neutral, PublicKeyToken=null" name="TryGetValue_NullableIntValid_ValueFound" />
        </UnitTest>
        <UnitTest name="Test_RuleSicNr" storage="e:\kiss-builds\2\kiss\kiss4 nightly tests\binaries\kiss.klibu.bl.test.dll" id="6c950fab-8f34-d2d7-1cac-5fd0af37212f">
            <Description>Test the rule for SicNr</Description>
            <TestCategory>
                <TestCategoryItem TestCategory="Local" />
            </TestCategory>
            <Execution id="b51ce208-5898-4d92-b764-552c0b33f98b" />
            <TestMethod codeBase="E:/KiSS-Builds/2/KiSS/KiSS4 Nightly Tests/Binaries/KiSS.KliBu.BL.Test.DLL" adapterTypeName="Microsoft.VisualStudio.TestTools.TestTypes.Unit.UnitTestAdapter, Microsoft.VisualStudio.QualityTools.Tips.UnitTest.Adapter, Version=10.0.0.0, Culture=neutral, PublicKeyToken=b03f5f7f11d50a3a" className="KiSS.KliBu.BL.Test.UnitTest.BankValidatorTest, KiSS.KliBu.BL.Test, Version=4.5.22.204, Culture=neutral, PublicKeyToken=null" name="Test_RuleSicNr" />
        </UnitTest>
        <UnitTest name="Test_ErrorWhenGueltigAbIsNull" storage="e:\kiss-builds\2\kiss\kiss4 nightly tests\binaries\kiss.klibu.bl.test.dll" id="f2e46d1d-3acb-b0f3-3d40-6c08af0f66f1">
            <Description>Should have a validation error when the GueltigAb is null</Description>
            <TestCategory>
                <TestCategoryItem TestCategory="Local" />
            </TestCategory>
            <Execution id="df28e423-eeb1-40e8-a62f-5de70209cea9" />
            <TestMethod codeBase="E:/KiSS-Builds/2/KiSS/KiSS4 Nightly Tests/Binaries/KiSS.KliBu.BL.Test.DLL" adapterTypeName="Microsoft.VisualStudio.TestTools.TestTypes.Unit.UnitTestAdapter, Microsoft.VisualStudio.QualityTools.Tips.UnitTest.Adapter, Version=10.0.0.0, Culture=neutral, PublicKeyToken=b03f5f7f11d50a3a" className="KiSS.KliBu.BL.Test.UnitTest.BankValidatorTest, KiSS.KliBu.BL.Test, Version=4.5.22.204, Culture=neutral, PublicKeyToken=null" name="Test_ErrorWhenGueltigAbIsNull" />
        </UnitTest>
        <UnitTest name="Test_RuleSwiftAdresse" storage="e:\kiss-builds\2\kiss\kiss4 nightly tests\binaries\kiss.klibu.bl.test.dll" id="6ba753bf-cd12-cd23-f9c6-a0a4ba935806">
            <Description>Test the rule for SwiftAdresse</Description>
            <TestCategory>
                <TestCategoryItem TestCategory="Local" />
            </TestCategory>
            <Execution id="3c76516b-1eb4-4e1c-9872-1d58c1296406" />
            <TestMethod codeBase="E:/KiSS-Builds/2/KiSS/KiSS4 Nightly Tests/Binaries/KiSS.KliBu.BL.Test.DLL" adapterTypeName="Microsoft.VisualStudio.TestTools.TestTypes.Unit.UnitTestAdapter, Microsoft.VisualStudio.QualityTools.Tips.UnitTest.Adapter, Version=10.0.0.0, Culture=neutral, PublicKeyToken=b03f5f7f11d50a3a" className="KiSS.KliBu.BL.Test.UnitTest.BankValidatorTest, KiSS.KliBu.BL.Test, Version=4.5.22.204, Culture=neutral, PublicKeyToken=null" name="Test_RuleSwiftAdresse" />
        </UnitTest>
        <UnitTest name="TryGetValue_IntNull_ValueNotFound" storage="e:\kiss-builds\2\kiss\kiss4 nightly tests\binaries\kiss.infrastructure.test.dll" id="1153aa4c-4948-fe88-6ab7-b4f206182e7c">
            <Execution id="bdbeb8e0-d006-4e86-947e-1c688ab8f683" />
            <TestMethod codeBase="E:/KiSS-Builds/2/KiSS/KiSS4 Nightly Tests/Binaries/Kiss.Infrastructure.Test.DLL" adapterTypeName="Microsoft.VisualStudio.TestTools.TestTypes.Unit.UnitTestAdapter, Microsoft.VisualStudio.QualityTools.Tips.UnitTest.Adapter, Version=10.0.0.0, Culture=neutral, PublicKeyToken=b03f5f7f11d50a3a" className="Kiss.Infrastructure.Test.ExtensionsTest, Kiss.Infrastructure.Test, Version=1.0.0.0, Culture=neutral, PublicKeyToken=null" name="TryGetValue_IntNull_ValueNotFound" />
        </UnitTest>
        <UnitTest name="inner_container_created_child_instances_should_be_disposed" storage="e:\kiss-builds\2\kiss\kiss4 nightly tests\binaries\kiss.common.test.dll" id="5130dbdd-299d-bc28-57ad-2d143f445096">
            <Execution id="07681519-cdb5-476d-956b-b936fcd42efa" />
            <TestMethod codeBase="E:/KiSS-Builds/2/KiSS/KiSS4 Nightly Tests/Binaries/KiSS.Common.Test.DLL" adapterTypeName="Microsoft.VisualStudio.TestTools.TestTypes.Unit.UnitTestAdapter, Microsoft.VisualStudio.QualityTools.Tips.UnitTest.Adapter, Version=10.0.0.0, Culture=neutral, PublicKeyToken=b03f5f7f11d50a3a" className="KiSS.Common.Test.IoC.AutofacTest, KiSS.Common.Test, Version=4.5.22.204, Culture=neutral, PublicKeyToken=null" name="inner_container_created_child_instances_should_be_disposed" />
        </UnitTest>
        <UnitTest name="Test_Phase_abgeschlossen_mit_Laufzeit" storage="e:\kiss-builds\2\kiss\kiss4 nightly tests\binaries\kiss.bl.test.dll" id="38a659ab-4f57-5ef2-6fc4-df857316edb7">
            <Execution id="d81f6062-d650-4505-a9e5-99b1e2af1943" />
            <TestMethod codeBase="E:/KiSS-Builds/2/KiSS/KiSS4 Nightly Tests/Binaries/Kiss.BL.Test.DLL" adapterTypeName="Microsoft.VisualStudio.TestTools.TestTypes.Unit.UnitTestAdapter, Microsoft.VisualStudio.QualityTools.Tips.UnitTest.Adapter, Version=10.0.0.0, Culture=neutral, PublicKeyToken=b03f5f7f11d50a3a" className="Kiss.BL.Test.Fs.FsDienstleistungAuswertungServiceTest, Kiss.BL.Test, Version=4.5.22.204, Culture=neutral, PublicKeyToken=null" name="Test_Phase_abgeschlossen_mit_Laufzeit" />
        </UnitTest>
        <UnitTest name="Test_DtaRecordFactoryFibuBankIbanOK" storage="e:\kiss-builds\2\kiss\kiss4 nightly tests\binaries\kiss4.schnittstellen.test.dll" id="be383277-9fa2-94ff-7a15-b71a63f3983a">
            <Execution id="cbad1955-827a-4228-b689-901314b914c7" />
            <TestMethod codeBase="E:/KiSS-Builds/2/KiSS/KiSS4 Nightly Tests/Binaries/KiSS4.Schnittstellen.Test.DLL" adapterTypeName="Microsoft.VisualStudio.TestTools.TestTypes.Unit.UnitTestAdapter, Microsoft.VisualStudio.QualityTools.Tips.UnitTest.Adapter, Version=10.0.0.0, Culture=neutral, PublicKeyToken=b03f5f7f11d50a3a" className="KiSS4.Schnittstellen.Test.DtaRecordFactoryTests, KiSS4.Schnittstellen.Test, Version=4.5.22.204, Culture=neutral, PublicKeyToken=null" name="Test_DtaRecordFactoryFibuBankIbanOK" />
        </UnitTest>
        <UnitTest name="Test_GetZeitachse" storage="e:\kiss-builds\2\kiss\kiss4 nightly tests\binaries\kiss.bl.test.dll" id="8aa424d2-5056-095b-167f-ffce67c97b3f">
            <Execution id="65793744-5a40-4748-8a32-e01fb81bfe41" />
            <TestMethod codeBase="E:/KiSS-Builds/2/KiSS/KiSS4 Nightly Tests/Binaries/Kiss.BL.Test.DLL" adapterTypeName="Microsoft.VisualStudio.TestTools.TestTypes.Unit.UnitTestAdapter, Microsoft.VisualStudio.QualityTools.Tips.UnitTest.Adapter, Version=10.0.0.0, Culture=neutral, PublicKeyToken=b03f5f7f11d50a3a" className="Kiss.BL.Test.Fa.FaZeitachseServiceTest, Kiss.BL.Test, Version=4.5.22.204, Culture=neutral, PublicKeyToken=null" name="Test_GetZeitachse" />
        </UnitTest>
        <UnitTest name="GetAlter_Geburtsdatum_Sterbedatum_Statt_Referenzdatum" storage="e:\kiss-builds\2\kiss\kiss4 nightly tests\binaries\kiss.model.test.dll" id="89ac5f19-4394-0799-2cd5-bb77cd43e77b">
            <Execution id="9fdca16a-fa48-46a6-b4a2-d9119bf10b07" />
            <TestMethod codeBase="E:/KiSS-Builds/2/KiSS/KiSS4 Nightly Tests/Binaries/Kiss.Model.Test.DLL" adapterTypeName="Microsoft.VisualStudio.TestTools.TestTypes.Unit.UnitTestAdapter, Microsoft.VisualStudio.QualityTools.Tips.UnitTest.Adapter, Version=10.0.0.0, Culture=neutral, PublicKeyToken=b03f5f7f11d50a3a" className="Kiss.Model.Test.PartialTest.BaPersonPartialTest, Kiss.Model.Test, Version=4.5.22.204, Culture=neutral, PublicKeyToken=null" name="GetAlter_Geburtsdatum_Sterbedatum_Statt_Referenzdatum" />
        </UnitTest>
        <UnitTest name="GetConfigValueCsvIntTest" storage="e:\kiss-builds\2\kiss\kiss4 nightly tests\binaries\kiss.bl.test.dll" id="2567fa0d-b7ac-884a-b9b1-606baa8cc0db">
            <Execution id="ed60851c-21f1-4d4b-b9c7-049e3fbf9399" />
            <TestMethod codeBase="E:/KiSS-Builds/2/KiSS/KiSS4 Nightly Tests/Binaries/Kiss.BL.Test.DLL" adapterTypeName="Microsoft.VisualStudio.TestTools.TestTypes.Unit.UnitTestAdapter, Microsoft.VisualStudio.QualityTools.Tips.UnitTest.Adapter, Version=10.0.0.0, Culture=neutral, PublicKeyToken=b03f5f7f11d50a3a" className="Kiss.BL.Test.System.XConfigServiceTest, Kiss.BL.Test, Version=4.5.22.204, Culture=neutral, PublicKeyToken=null" name="GetConfigValueCsvIntTest" />
        </UnitTest>
        <UnitTest name="SaveData_validDienstleistung_returnOk" storage="e:\kiss-builds\2\kiss\kiss4 nightly tests\binaries\kiss.bl.test.dll" id="b94ba082-ed7a-0546-bbd2-d11d50d9c6c1">
            <Execution id="eb9b2c47-8c39-4133-83f8-c716457d17f8" />
            <TestMethod codeBase="E:/KiSS-Builds/2/KiSS/KiSS4 Nightly Tests/Binaries/Kiss.BL.Test.DLL" adapterTypeName="Microsoft.VisualStudio.TestTools.TestTypes.Unit.UnitTestAdapter, Microsoft.VisualStudio.QualityTools.Tips.UnitTest.Adapter, Version=10.0.0.0, Culture=neutral, PublicKeyToken=b03f5f7f11d50a3a" className="Kiss.BL.Test.ServiceCRUDBaseTest, Kiss.BL.Test, Version=4.5.22.204, Culture=neutral, PublicKeyToken=null" name="SaveData_validDienstleistung_returnOk" />
        </UnitTest>
        <UnitTest name="Validate_StandardAufwandIsGreaterThan8760_ResultIsStandardAufwandError" storage="e:\kiss-builds\2\kiss\kiss4 nightly tests\binaries\kiss.bl.test.dll" id="6c0222eb-eefa-4962-6e34-3bb7cd4dfbc2">
            <Execution id="779d1c9e-5c4b-4283-aab8-35c7379c1aa4" />
            <TestMethod codeBase="E:/KiSS-Builds/2/KiSS/KiSS4 Nightly Tests/Binaries/Kiss.BL.Test.DLL" adapterTypeName="Microsoft.VisualStudio.TestTools.TestTypes.Unit.UnitTestAdapter, Microsoft.VisualStudio.QualityTools.Tips.UnitTest.Adapter, Version=10.0.0.0, Culture=neutral, PublicKeyToken=b03f5f7f11d50a3a" className="Kiss.BL.Test.Fs.FsReduktionServiceTest, Kiss.BL.Test, Version=4.5.22.204, Culture=neutral, PublicKeyToken=null" name="Validate_StandardAufwandIsGreaterThan8760_ResultIsStandardAufwandError" />
        </UnitTest>
        <UnitTest name="Test_Verguetungsbetrag836FourDecimals" storage="e:\kiss-builds\2\kiss\kiss4 nightly tests\binaries\kiss4.schnittstellen.test.dll" id="eed2b637-b236-97e1-814c-240a070a5405">
            <Execution id="6a65fd93-33b5-4be4-a23d-d40bf93f152f" />
            <TestMethod codeBase="E:/KiSS-Builds/2/KiSS/KiSS4 Nightly Tests/Binaries/KiSS4.Schnittstellen.Test.DLL" adapterTypeName="Microsoft.VisualStudio.TestTools.TestTypes.Unit.UnitTestAdapter, Microsoft.VisualStudio.QualityTools.Tips.UnitTest.Adapter, Version=10.0.0.0, Culture=neutral, PublicKeyToken=b03f5f7f11d50a3a" className="KiSS4.Schnittstellen.Test.DtaRecordTests, KiSS4.Schnittstellen.Test, Version=4.5.22.204, Culture=neutral, PublicKeyToken=null" name="Test_Verguetungsbetrag836FourDecimals" />
        </UnitTest>
        <UnitTest name="InstanceScopePerResolve" storage="e:\kiss-builds\2\kiss\kiss4 nightly tests\binaries\kiss.infrastructure.test.dll" id="a36ffb2b-bb13-2d62-401d-80119c6e28b0">
            <Execution id="c47ad4dd-bae1-484a-9df1-50bea604e7d7" />
            <TestMethod codeBase="E:/KiSS-Builds/2/KiSS/KiSS4 Nightly Tests/Binaries/Kiss.Infrastructure.Test.DLL" adapterTypeName="Microsoft.VisualStudio.TestTools.TestTypes.Unit.UnitTestAdapter, Microsoft.VisualStudio.QualityTools.Tips.UnitTest.Adapter, Version=10.0.0.0, Culture=neutral, PublicKeyToken=b03f5f7f11d50a3a" className="Kiss.Infrastructure.Test.IoC.ContainerTest, Kiss.Infrastructure.Test, Version=1.0.0.0, Culture=neutral, PublicKeyToken=null" name="InstanceScopePerResolve" />
        </UnitTest>
        <UnitTest name="Test_UpdateEmptyBankList" storage="e:\kiss-builds\2\kiss\kiss4 nightly tests\binaries\kiss.klibu.bl.test.dll" id="a82c0b63-5e26-11c5-b39a-eee73d5fc87e">
            <Description>Empty bank list update</Description>
            <TestCategory>
                <TestCategoryItem TestCategory="LongRunning" />
            </TestCategory>
            <Execution id="794fc260-e178-4b8b-a1de-5cb05c7f7e63" />
            <TestMethod codeBase="E:/KiSS-Builds/2/KiSS/KiSS4 Nightly Tests/Binaries/KiSS.KliBu.BL.Test.DLL" adapterTypeName="Microsoft.VisualStudio.TestTools.TestTypes.Unit.UnitTestAdapter, Microsoft.VisualStudio.QualityTools.Tips.UnitTest.Adapter, Version=10.0.0.0, Culture=neutral, PublicKeyToken=b03f5f7f11d50a3a" className="KiSS.KliBu.BL.Test.UnitTest.BankabgleichMocked, KiSS.KliBu.BL.Test, Version=4.5.22.204, Culture=neutral, PublicKeyToken=null" name="Test_UpdateEmptyBankList" />
        </UnitTest>
        <UnitTest name="GetByFaLeistungId_BudgetExistsForLeistungId_ReturnListOfBudget" storage="e:\kiss-builds\2\kiss\kiss4 nightly tests\binaries\kiss.bl.test.dll" id="8e8df2da-bb44-2ede-f8dc-97f4280e5138">
            <Execution id="981675e2-1862-494d-b703-2fd3e4922017" />
            <TestMethod codeBase="E:/KiSS-Builds/2/KiSS/KiSS4 Nightly Tests/Binaries/Kiss.BL.Test.DLL" adapterTypeName="Microsoft.VisualStudio.TestTools.TestTypes.Unit.UnitTestAdapter, Microsoft.VisualStudio.QualityTools.Tips.UnitTest.Adapter, Version=10.0.0.0, Culture=neutral, PublicKeyToken=b03f5f7f11d50a3a" className="Kiss.BL.Test.Vm.VmKlientenbudgetServiceTest, Kiss.BL.Test, Version=4.5.22.204, Culture=neutral, PublicKeyToken=null" name="GetByFaLeistungId_BudgetExistsForLeistungId_ReturnListOfBudget" />
        </UnitTest>
        <UnitTest name="Test_RuleTeilnahmecodeChf" storage="e:\kiss-builds\2\kiss\kiss4 nightly tests\binaries\kiss.klibu.bl.test.dll" id="a62d1246-7dc1-9706-b940-7063f8c61254">
            <Description>Test the rule for TeilnahmecodeCHF</Description>
            <TestCategory>
                <TestCategoryItem TestCategory="Local" />
            </TestCategory>
            <Execution id="74ad51c0-a10d-4e26-9ee5-370baa54b4fe" />
            <TestMethod codeBase="E:/KiSS-Builds/2/KiSS/KiSS4 Nightly Tests/Binaries/KiSS.KliBu.BL.Test.DLL" adapterTypeName="Microsoft.VisualStudio.TestTools.TestTypes.Unit.UnitTestAdapter, Microsoft.VisualStudio.QualityTools.Tips.UnitTest.Adapter, Version=10.0.0.0, Culture=neutral, PublicKeyToken=b03f5f7f11d50a3a" className="KiSS.KliBu.BL.Test.UnitTest.BankValidatorTest, KiSS.KliBu.BL.Test, Version=4.5.22.204, Culture=neutral, PublicKeyToken=null" name="Test_RuleTeilnahmecodeChf" />
        </UnitTest>
        <UnitTest name="SaveData_validListOfDienstleistungen_returnOk" storage="e:\kiss-builds\2\kiss\kiss4 nightly tests\binaries\kiss.bl.test.dll" id="60062d34-2be9-13c9-6ac2-f824e4cefca8">
            <Execution id="5654ffad-f862-449e-90d9-74733ed093ac" />
            <TestMethod codeBase="E:/KiSS-Builds/2/KiSS/KiSS4 Nightly Tests/Binaries/Kiss.BL.Test.DLL" adapterTypeName="Microsoft.VisualStudio.TestTools.TestTypes.Unit.UnitTestAdapter, Microsoft.VisualStudio.QualityTools.Tips.UnitTest.Adapter, Version=10.0.0.0, Culture=neutral, PublicKeyToken=b03f5f7f11d50a3a" className="Kiss.BL.Test.ServiceCRUDBaseTest, Kiss.BL.Test, Version=4.5.22.204, Culture=neutral, PublicKeyToken=null" name="SaveData_validListOfDienstleistungen_returnOk" />
        </UnitTest>
        <UnitTest name="Test_GetBankList" storage="e:\kiss-builds\2\kiss\kiss4 nightly tests\binaries\kiss.klibu.bl.test.dll" id="d11709cd-2d3c-fe0e-14e3-ffe2e1f7fc2d">
            <Description>Get the bank list after parsing</Description>
            <TestCategory>
                <TestCategoryItem TestCategory="Local" />
            </TestCategory>
            <Execution id="b0b4af6c-c27d-4c25-9678-f12f531bc31b" />
            <TestMethod codeBase="E:/KiSS-Builds/2/KiSS/KiSS4 Nightly Tests/Binaries/KiSS.KliBu.BL.Test.DLL" adapterTypeName="Microsoft.VisualStudio.TestTools.TestTypes.Unit.UnitTestAdapter, Microsoft.VisualStudio.QualityTools.Tips.UnitTest.Adapter, Version=10.0.0.0, Culture=neutral, PublicKeyToken=b03f5f7f11d50a3a" className="KiSS.KliBu.BL.Test.UnitTest.BankParserTest, KiSS.KliBu.BL.Test, Version=4.5.22.204, Culture=neutral, PublicKeyToken=null" name="Test_GetBankList" />
        </UnitTest>
        <UnitTest name="Test_UpdateBaPlz_New" storage="e:\kiss-builds\2\kiss\kiss4 nightly tests\binaries\kiss.bl.test.dll" id="46672fb8-248d-1cd4-9668-db351d017060">
            <Execution id="a6a37ab1-1e2a-4b3a-bb62-4219f5b55367" />
            <TestMethod codeBase="E:/KiSS-Builds/2/KiSS/KiSS4 Nightly Tests/Binaries/Kiss.BL.Test.DLL" adapterTypeName="Microsoft.VisualStudio.TestTools.TestTypes.Unit.UnitTestAdapter, Microsoft.VisualStudio.QualityTools.Tips.UnitTest.Adapter, Version=10.0.0.0, Culture=neutral, PublicKeyToken=b03f5f7f11d50a3a" className="Kiss.BL.Test.Ba.BaPlzServiceTest, Kiss.BL.Test, Version=4.5.22.204, Culture=neutral, PublicKeyToken=null" name="Test_UpdateBaPlz_New" />
        </UnitTest>
        <UnitTest name="Test_FavoriteNameOnlySpaces" storage="e:\kiss-builds\2\kiss\kiss4 nightly tests\binaries\kiss4.favoriten.test.dll" id="bc4ebe5c-231b-b2d3-077d-2a2916091a38">
            <Execution id="aeef07aa-c950-4ef6-aafb-9d52bc89fbb2" />
            <TestMethod codeBase="E:/KiSS-Builds/2/KiSS/KiSS4 Nightly Tests/Binaries/KiSS4.Favoriten.Test.DLL" adapterTypeName="Microsoft.VisualStudio.TestTools.TestTypes.Unit.UnitTestAdapter, Microsoft.VisualStudio.QualityTools.Tips.UnitTest.Adapter, Version=10.0.0.0, Culture=neutral, PublicKeyToken=b03f5f7f11d50a3a" className="KiSS4.Favoriten.Test.BL.IncorrectTests, KiSS4.Favoriten.Test, Version=4.5.22.204, Culture=neutral, PublicKeyToken=null" name="Test_FavoriteNameOnlySpaces" />
        </UnitTest>
        <UnitTest name="Test_AllIsEmpty" storage="e:\kiss-builds\2\kiss\kiss4 nightly tests\binaries\kiss.klibu.bl.test.dll" id="a920ae33-66bd-65f2-a293-3436f0d6c754">
            <Description>Repository and update list are empty</Description>
            <TestCategory>
                <TestCategoryItem TestCategory="LongRunning" />
            </TestCategory>
            <Execution id="3aef88c1-491a-49e0-8ffc-8adad0574b6f" />
            <TestMethod codeBase="E:/KiSS-Builds/2/KiSS/KiSS4 Nightly Tests/Binaries/KiSS.KliBu.BL.Test.DLL" adapterTypeName="Microsoft.VisualStudio.TestTools.TestTypes.Unit.UnitTestAdapter, Microsoft.VisualStudio.QualityTools.Tips.UnitTest.Adapter, Version=10.0.0.0, Culture=neutral, PublicKeyToken=b03f5f7f11d50a3a" className="KiSS.KliBu.BL.Test.UnitTest.BankabgleichMocked, KiSS.KliBu.BL.Test, Version=4.5.22.204, Culture=neutral, PublicKeyToken=null" name="Test_AllIsEmpty" />
        </UnitTest>
        <UnitTest name="Test_UpdateBankWithInvalidAccount" storage="e:\kiss-builds\2\kiss\kiss4 nightly tests\binaries\kiss.klibu.bl.test.dll" id="e6395e91-14ff-07a5-e11a-f4fd8435a836">
            <Description>Bank-update with an invalid account number</Description>
            <TestCategory>
                <TestCategoryItem TestCategory="LongRunning" />
            </TestCategory>
            <Execution id="f87b38c9-4fee-4b40-885f-7d86eaf06529" />
            <TestMethod codeBase="E:/KiSS-Builds/2/KiSS/KiSS4 Nightly Tests/Binaries/KiSS.KliBu.BL.Test.DLL" adapterTypeName="Microsoft.VisualStudio.TestTools.TestTypes.Unit.UnitTestAdapter, Microsoft.VisualStudio.QualityTools.Tips.UnitTest.Adapter, Version=10.0.0.0, Culture=neutral, PublicKeyToken=b03f5f7f11d50a3a" className="KiSS.KliBu.BL.Test.UnitTest.BankabgleichMocked, KiSS.KliBu.BL.Test, Version=4.5.22.204, Culture=neutral, PublicKeyToken=null" name="Test_UpdateBankWithInvalidAccount" />
        </UnitTest>
        <UnitTest name="Test_CascadingDelete" storage="e:\kiss-builds\2\kiss\kiss4 nightly tests\binaries\kiss.bl.test.dll" id="b2fa702e-8cb8-4c24-30f4-64f2956e6072">
            <Execution id="316d12bb-e52e-4579-9341-e0764bd064dd" />
            <TestMethod codeBase="E:/KiSS-Builds/2/KiSS/KiSS4 Nightly Tests/Binaries/Kiss.BL.Test.DLL" adapterTypeName="Microsoft.VisualStudio.TestTools.TestTypes.Unit.UnitTestAdapter, Microsoft.VisualStudio.QualityTools.Tips.UnitTest.Adapter, Version=10.0.0.0, Culture=neutral, PublicKeyToken=b03f5f7f11d50a3a" className="Kiss.BL.Test.Common.SelfTrackingEntitiesCascadingTest, Kiss.BL.Test, Version=4.5.22.204, Culture=neutral, PublicKeyToken=null" name="Test_CascadingDelete" />
        </UnitTest>
        <UnitTest name="Validate_CreatedIsInRange_IsValid" storage="e:\kiss-builds\2\kiss\kiss4 nightly tests\binaries\kiss.bl.test.dll" id="d050ff2d-b091-23d0-7f4b-ccf9cee7dcd1">
            <Execution id="d7569e88-8355-4a16-8b4b-e7b3a513fd39" />
            <TestMethod codeBase="E:/KiSS-Builds/2/KiSS/KiSS4 Nightly Tests/Binaries/Kiss.BL.Test.DLL" adapterTypeName="Microsoft.VisualStudio.TestTools.TestTypes.Unit.UnitTestAdapter, Microsoft.VisualStudio.QualityTools.Tips.UnitTest.Adapter, Version=10.0.0.0, Culture=neutral, PublicKeyToken=b03f5f7f11d50a3a" className="Kiss.BL.Test.ValidatorBaseTest, Kiss.BL.Test, Version=4.5.22.204, Culture=neutral, PublicKeyToken=null" name="Validate_CreatedIsInRange_IsValid" />
        </UnitTest>
        <UnitTest name="Test_Gesamt_Dlp_Zugewiesen" storage="e:\kiss-builds\2\kiss\kiss4 nightly tests\binaries\kiss.bl.test.dll" id="5555c4cc-81ad-0fde-f9ad-f58ebbb0310e">
            <Execution id="414196d0-f618-4090-87e8-949265a36ec4" />
            <TestMethod codeBase="E:/KiSS-Builds/2/KiSS/KiSS4 Nightly Tests/Binaries/Kiss.BL.Test.DLL" adapterTypeName="Microsoft.VisualStudio.TestTools.TestTypes.Unit.UnitTestAdapter, Microsoft.VisualStudio.QualityTools.Tips.UnitTest.Adapter, Version=10.0.0.0, Culture=neutral, PublicKeyToken=b03f5f7f11d50a3a" className="Kiss.BL.Test.Fs.FsDienstleistungAuswertungServiceTest, Kiss.BL.Test, Version=4.5.22.204, Culture=neutral, PublicKeyToken=null" name="Test_Gesamt_Dlp_Zugewiesen" />
        </UnitTest>
        <UnitTest name="Validate_CreatedIsLessThanSqlDateTimeMin_HasError" storage="e:\kiss-builds\2\kiss\kiss4 nightly tests\binaries\kiss.bl.test.dll" id="8f379138-9686-8c99-0c64-8e2159634e2b">
            <Execution id="8ace15b1-aa6b-4c05-ad2a-a08068b8706a" />
            <TestMethod codeBase="E:/KiSS-Builds/2/KiSS/KiSS4 Nightly Tests/Binaries/Kiss.BL.Test.DLL" adapterTypeName="Microsoft.VisualStudio.TestTools.TestTypes.Unit.UnitTestAdapter, Microsoft.VisualStudio.QualityTools.Tips.UnitTest.Adapter, Version=10.0.0.0, Culture=neutral, PublicKeyToken=b03f5f7f11d50a3a" className="Kiss.BL.Test.ValidatorBaseTest, Kiss.BL.Test, Version=4.5.22.204, Culture=neutral, PublicKeyToken=null" name="Validate_CreatedIsLessThanSqlDateTimeMin_HasError" />
        </UnitTest>
        <UnitTest name="Test_FavoriteNameTooLong" storage="e:\kiss-builds\2\kiss\kiss4 nightly tests\binaries\kiss4.favoriten.test.dll" id="0bef3933-3bd9-2293-329b-d48180963a9e">
            <Execution id="ab6266c0-6c5e-4926-bd07-fbefe74fd809" />
            <TestMethod codeBase="E:/KiSS-Builds/2/KiSS/KiSS4 Nightly Tests/Binaries/KiSS4.Favoriten.Test.DLL" adapterTypeName="Microsoft.VisualStudio.TestTools.TestTypes.Unit.UnitTestAdapter, Microsoft.VisualStudio.QualityTools.Tips.UnitTest.Adapter, Version=10.0.0.0, Culture=neutral, PublicKeyToken=b03f5f7f11d50a3a" className="KiSS4.Favoriten.Test.BL.IncorrectTests, KiSS4.Favoriten.Test, Version=4.5.22.204, Culture=neutral, PublicKeyToken=null" name="Test_FavoriteNameTooLong" />
        </UnitTest>
        <UnitTest name="Test_UpdateBank" storage="e:\kiss-builds\2\kiss\kiss4 nightly tests\binaries\kiss.klibu.bl.test.dll" id="d21d20ea-7150-f630-01fc-df302848e2b7">
            <Description>Bank-update with ClearingNr and FilialeNr that is already in the Repository</Description>
            <TestCategory>
                <TestCategoryItem TestCategory="LongRunning" />
            </TestCategory>
            <Execution id="db4036e5-3362-4ac1-b101-439ab88b9a84" />
            <TestMethod codeBase="E:/KiSS-Builds/2/KiSS/KiSS4 Nightly Tests/Binaries/KiSS.KliBu.BL.Test.DLL" adapterTypeName="Microsoft.VisualStudio.TestTools.TestTypes.Unit.UnitTestAdapter, Microsoft.VisualStudio.QualityTools.Tips.UnitTest.Adapter, Version=10.0.0.0, Culture=neutral, PublicKeyToken=b03f5f7f11d50a3a" className="KiSS.KliBu.BL.Test.UnitTest.BankabgleichMocked, KiSS.KliBu.BL.Test, Version=4.5.22.204, Culture=neutral, PublicKeyToken=null" name="Test_UpdateBank" />
        </UnitTest>
        <UnitTest name="Test_Addition_ToDecember" storage="e:\kiss-builds\2\kiss\kiss4 nightly tests\binaries\kiss.infrastructure.test.dll" id="510d785b-6a53-2af0-a21b-4d03701f0859">
            <Execution id="a0784fe3-8cfb-43c4-bd43-6318d0a617ae" />
            <TestMethod codeBase="E:/KiSS-Builds/2/KiSS/KiSS4 Nightly Tests/Binaries/Kiss.Infrastructure.Test.DLL" adapterTypeName="Microsoft.VisualStudio.TestTools.TestTypes.Unit.UnitTestAdapter, Microsoft.VisualStudio.QualityTools.Tips.UnitTest.Adapter, Version=10.0.0.0, Culture=neutral, PublicKeyToken=b03f5f7f11d50a3a" className="Kiss.Infrastructure.Test.MonthYearTest, Kiss.Infrastructure.Test, Version=1.0.0.0, Culture=neutral, PublicKeyToken=null" name="Test_Addition_ToDecember" />
        </UnitTest>
        <UnitTest name="Test_Search_Person" storage="e:\kiss-builds\2\kiss\kiss4 nightly tests\binaries\kiss.bl.test.dll" id="7d5217a7-d49d-32a0-571d-0c88916b69fc">
            <Execution id="ceb5ad30-db4c-4c15-98ca-f8c8d1f1318e" />
            <TestMethod codeBase="E:/KiSS-Builds/2/KiSS/KiSS4 Nightly Tests/Binaries/Kiss.BL.Test.DLL" adapterTypeName="Microsoft.VisualStudio.TestTools.TestTypes.Unit.UnitTestAdapter, Microsoft.VisualStudio.QualityTools.Tips.UnitTest.Adapter, Version=10.0.0.0, Culture=neutral, PublicKeyToken=b03f5f7f11d50a3a" className="Kiss.BL.Test.Ba.BaDebitorSearchServiceTest, Kiss.BL.Test, Version=4.5.22.204, Culture=neutral, PublicKeyToken=null" name="Test_Search_Person" />
        </UnitTest>
        <UnitTest name="SaveData_GetNewDataWithEmptyName_ResultIsError" storage="e:\kiss-builds\2\kiss\kiss4 nightly tests\binaries\kiss.bl.test.dll" id="76243ff0-fde0-517f-1815-bd9105dc4d6b">
            <Execution id="96222bde-de97-45b7-916c-9fc515787ab8" />
            <TestMethod codeBase="E:/KiSS-Builds/2/KiSS/KiSS4 Nightly Tests/Binaries/Kiss.BL.Test.DLL" adapterTypeName="Microsoft.VisualStudio.TestTools.TestTypes.Unit.UnitTestAdapter, Microsoft.VisualStudio.QualityTools.Tips.UnitTest.Adapter, Version=10.0.0.0, Culture=neutral, PublicKeyToken=b03f5f7f11d50a3a" className="Kiss.BL.Test.Fs.FsDienstleistungServiceTest, Kiss.BL.Test, Version=4.5.22.204, Culture=neutral, PublicKeyToken=null" name="SaveData_GetNewDataWithEmptyName_ResultIsError" />
        </UnitTest>
        <UnitTest name="Test_ParseIncorrectDataRecord" storage="e:\kiss-builds\2\kiss\kiss4 nightly tests\binaries\kiss.klibu.bl.test.dll" id="fee9f225-e57d-bb9f-00e1-d97335e95327">
            <Description>Parse a correct length bank record but incorrect data, no bank in the list</Description>
            <TestCategory>
                <TestCategoryItem TestCategory="Local" />
            </TestCategory>
            <Execution id="f5f40edd-10d2-4772-8298-6ee02732e43f" />
            <TestMethod codeBase="E:/KiSS-Builds/2/KiSS/KiSS4 Nightly Tests/Binaries/KiSS.KliBu.BL.Test.DLL" adapterTypeName="Microsoft.VisualStudio.TestTools.TestTypes.Unit.UnitTestAdapter, Microsoft.VisualStudio.QualityTools.Tips.UnitTest.Adapter, Version=10.0.0.0, Culture=neutral, PublicKeyToken=b03f5f7f11d50a3a" className="KiSS.KliBu.BL.Test.UnitTest.BankParserTest, KiSS.KliBu.BL.Test, Version=4.5.22.204, Culture=neutral, PublicKeyToken=null" name="Test_ParseIncorrectDataRecord" />
        </UnitTest>
        <UnitTest name="Test_AddPerson_GetPerson_DeletePerson_Via_Different_UnitOfWork" storage="e:\kiss-builds\2\kiss\kiss4 nightly tests\binaries\kiss.bl.test.dll" id="6b32a4f3-a7c1-5425-5f15-425f12cb3422">
            <Execution id="f3aaf733-067c-4fa1-9529-6162647161dc" />
            <TestMethod codeBase="E:/KiSS-Builds/2/KiSS/KiSS4 Nightly Tests/Binaries/Kiss.BL.Test.DLL" adapterTypeName="Microsoft.VisualStudio.TestTools.TestTypes.Unit.UnitTestAdapter, Microsoft.VisualStudio.QualityTools.Tips.UnitTest.Adapter, Version=10.0.0.0, Culture=neutral, PublicKeyToken=b03f5f7f11d50a3a" className="Kiss.BL.Test.Ba.PersonServiceTest, Kiss.BL.Test, Version=4.5.22.204, Culture=neutral, PublicKeyToken=null" name="Test_AddPerson_GetPerson_DeletePerson_Via_Different_UnitOfWork" />
        </UnitTest>
        <UnitTest name="CreateEntries_ThisMonth" storage="e:\kiss-builds\2\kiss\kiss4 nightly tests\binaries\kiss.bl.test.dll" id="1ae1a839-e997-fcf2-2eab-a3718a11ba73">
            <Execution id="552404fc-d738-47ee-aa5f-1e2c18aacc6e" />
            <TestMethod codeBase="E:/KiSS-Builds/2/KiSS/KiSS4 Nightly Tests/Binaries/Kiss.BL.Test.DLL" adapterTypeName="Microsoft.VisualStudio.TestTools.TestTypes.Unit.UnitTestAdapter, Microsoft.VisualStudio.QualityTools.Tips.UnitTest.Adapter, Version=10.0.0.0, Culture=neutral, PublicKeyToken=b03f5f7f11d50a3a" className="Kiss.BL.Test.Fs.FsReduktionMitarbeiterServiceTest, Kiss.BL.Test, Version=4.5.22.204, Culture=neutral, PublicKeyToken=null" name="CreateEntries_ThisMonth" />
        </UnitTest>
        <UnitTest name="Test_ParseRecordTooLongWithoutEndLine" storage="e:\kiss-builds\2\kiss\kiss4 nightly tests\binaries\kiss.klibu.bl.test.dll" id="03d372f9-8f43-d168-1bad-ebbf9267bd68">
            <Description>
                Parse a too long bank record without '
                '
            </Description>
            <TestCategory>
                <TestCategoryItem TestCategory="Local" />
            </TestCategory>
            <Execution id="76e6fc29-97c5-49a5-b6b5-10c9e274b30e" />
            <TestMethod codeBase="E:/KiSS-Builds/2/KiSS/KiSS4 Nightly Tests/Binaries/KiSS.KliBu.BL.Test.DLL" adapterTypeName="Microsoft.VisualStudio.TestTools.TestTypes.Unit.UnitTestAdapter, Microsoft.VisualStudio.QualityTools.Tips.UnitTest.Adapter, Version=10.0.0.0, Culture=neutral, PublicKeyToken=b03f5f7f11d50a3a" className="KiSS.KliBu.BL.Test.UnitTest.BankParserTest, KiSS.KliBu.BL.Test, Version=4.5.22.204, Culture=neutral, PublicKeyToken=null" name="Test_ParseRecordTooLongWithoutEndLine" />
        </UnitTest>
        <UnitTest name="Validate_LaufzeitIsLessThan0_Error" storage="e:\kiss-builds\2\kiss\kiss4 nightly tests\binaries\kiss.bl.test.dll" id="440ed178-4184-6652-f066-58ea85b91604">
            <Execution id="faaab941-04ef-41e5-869f-a513eacb4b82" />
            <TestMethod codeBase="E:/KiSS-Builds/2/KiSS/KiSS4 Nightly Tests/Binaries/Kiss.BL.Test.DLL" adapterTypeName="Microsoft.VisualStudio.TestTools.TestTypes.Unit.UnitTestAdapter, Microsoft.VisualStudio.QualityTools.Tips.UnitTest.Adapter, Version=10.0.0.0, Culture=neutral, PublicKeyToken=b03f5f7f11d50a3a" className="Kiss.BL.Test.Fs.Validation.FsDienstleistungspaketValidatorTest, Kiss.BL.Test, Version=4.5.22.204, Culture=neutral, PublicKeyToken=null" name="Validate_LaufzeitIsLessThan0_Error" />
        </UnitTest>
        <UnitTest name="Autofac_ResolveNamedInstances_ShouldBeDifferentFromDefault" storage="e:\kiss-builds\2\kiss\kiss4 nightly tests\binaries\kiss.common.test.dll" id="ef10e83c-582f-71f7-1734-8851d9372921">
            <Execution id="73395273-98d0-4bcb-a8d7-a54b0f5169d6" />
            <TestMethod codeBase="E:/KiSS-Builds/2/KiSS/KiSS4 Nightly Tests/Binaries/KiSS.Common.Test.DLL" adapterTypeName="Microsoft.VisualStudio.TestTools.TestTypes.Unit.UnitTestAdapter, Microsoft.VisualStudio.QualityTools.Tips.UnitTest.Adapter, Version=10.0.0.0, Culture=neutral, PublicKeyToken=b03f5f7f11d50a3a" className="KiSS.Common.Test.IoC.AutofacTest, KiSS.Common.Test, Version=4.5.22.204, Culture=neutral, PublicKeyToken=null" name="Autofac_ResolveNamedInstances_ShouldBeDifferentFromDefault" />
        </UnitTest>
        <UnitTest name="Test_FavoriteNameEmptyString" storage="e:\kiss-builds\2\kiss\kiss4 nightly tests\binaries\kiss4.favoriten.test.dll" id="f6e40c84-775e-6127-9223-5edc9d2e4606">
            <Execution id="6fd14f3a-6df0-4ab7-88e2-7dea9ed6eb64" />
            <TestMethod codeBase="E:/KiSS-Builds/2/KiSS/KiSS4 Nightly Tests/Binaries/KiSS4.Favoriten.Test.DLL" adapterTypeName="Microsoft.VisualStudio.TestTools.TestTypes.Unit.UnitTestAdapter, Microsoft.VisualStudio.QualityTools.Tips.UnitTest.Adapter, Version=10.0.0.0, Culture=neutral, PublicKeyToken=b03f5f7f11d50a3a" className="KiSS4.Favoriten.Test.BL.IncorrectTests, KiSS4.Favoriten.Test, Version=4.5.22.204, Culture=neutral, PublicKeyToken=null" name="Test_FavoriteNameEmptyString" />
        </UnitTest>
        <UnitTest name="SaveAssignedDienstleistungen_assign2Dienstleistungen_resultIsOk" storage="e:\kiss-builds\2\kiss\kiss4 nightly tests\binaries\kiss.bl.test.dll" id="f0b56cb5-24c4-ff40-b328-1b146e9f1076">
            <Execution id="2e4099e7-4daf-4e6a-af9d-f105b54071f0" />
            <TestMethod codeBase="E:/KiSS-Builds/2/KiSS/KiSS4 Nightly Tests/Binaries/Kiss.BL.Test.DLL" adapterTypeName="Microsoft.VisualStudio.TestTools.TestTypes.Unit.UnitTestAdapter, Microsoft.VisualStudio.QualityTools.Tips.UnitTest.Adapter, Version=10.0.0.0, Culture=neutral, PublicKeyToken=b03f5f7f11d50a3a" className="Kiss.BL.Test.Fs.FsDienstleistungspaketServiceTest, Kiss.BL.Test, Version=4.5.22.204, Culture=neutral, PublicKeyToken=null" name="SaveAssignedDienstleistungen_assign2Dienstleistungen_resultIsOk" />
        </UnitTest>
        <UnitTest name="Test_RuleTeilnahmecodeEuro" storage="e:\kiss-builds\2\kiss\kiss4 nightly tests\binaries\kiss.klibu.bl.test.dll" id="8202bbeb-be65-d568-06ee-09144396b041">
            <Description>Test the rule for TeilnahmecodeEuro</Description>
            <TestCategory>
                <TestCategoryItem TestCategory="Local" />
            </TestCategory>
            <Execution id="8b06b1f6-d807-402f-bc67-d26562f95c5c" />
            <TestMethod codeBase="E:/KiSS-Builds/2/KiSS/KiSS4 Nightly Tests/Binaries/KiSS.KliBu.BL.Test.DLL" adapterTypeName="Microsoft.VisualStudio.TestTools.TestTypes.Unit.UnitTestAdapter, Microsoft.VisualStudio.QualityTools.Tips.UnitTest.Adapter, Version=10.0.0.0, Culture=neutral, PublicKeyToken=b03f5f7f11d50a3a" className="KiSS.KliBu.BL.Test.UnitTest.BankValidatorTest, KiSS.KliBu.BL.Test, Version=4.5.22.204, Culture=neutral, PublicKeyToken=null" name="Test_RuleTeilnahmecodeEuro" />
        </UnitTest>
        <UnitTest name="Test_CascadingUpdateWithNewSearch" storage="e:\kiss-builds\2\kiss\kiss4 nightly tests\binaries\kiss.bl.test.dll" id="4b62d7d2-793e-d1a1-326b-f3d58fa4b3ac">
            <Execution id="8bbfd16c-1a14-4981-819e-b3b76331c21b" />
            <TestMethod codeBase="E:/KiSS-Builds/2/KiSS/KiSS4 Nightly Tests/Binaries/Kiss.BL.Test.DLL" adapterTypeName="Microsoft.VisualStudio.TestTools.TestTypes.Unit.UnitTestAdapter, Microsoft.VisualStudio.QualityTools.Tips.UnitTest.Adapter, Version=10.0.0.0, Culture=neutral, PublicKeyToken=b03f5f7f11d50a3a" className="Kiss.BL.Test.Common.SelfTrackingEntitiesCascadingTest, Kiss.BL.Test, Version=4.5.22.204, Culture=neutral, PublicKeyToken=null" name="Test_CascadingUpdateWithNewSearch" />
        </UnitTest>
        <UnitTest name="EntriesGenerated_LastMonthAllUser" storage="e:\kiss-builds\2\kiss\kiss4 nightly tests\binaries\kiss.bl.test.dll" id="72aa2310-1469-8499-bd57-d8c744e8b4b6">
            <Execution id="764a2432-80ab-4b97-aac1-cc1225e5d91b" />
            <TestMethod codeBase="E:/KiSS-Builds/2/KiSS/KiSS4 Nightly Tests/Binaries/Kiss.BL.Test.DLL" adapterTypeName="Microsoft.VisualStudio.TestTools.TestTypes.Unit.UnitTestAdapter, Microsoft.VisualStudio.QualityTools.Tips.UnitTest.Adapter, Version=10.0.0.0, Culture=neutral, PublicKeyToken=b03f5f7f11d50a3a" className="Kiss.BL.Test.Fs.FsReduktionMitarbeiterServiceTest, Kiss.BL.Test, Version=4.5.22.204, Culture=neutral, PublicKeyToken=null" name="EntriesGenerated_LastMonthAllUser" />
        </UnitTest>
        <UnitTest name="T04_ZweiNichtAbgetreteneEinnahmen" storage="e:\kiss-builds\2\kiss\kiss4 nightly tests\binaries\kiss4.sozialhilfe.test.dll" id="f41fa1f7-d2f5-dcfb-712f-8777d92d1733">
            <TestCategory>
                <TestCategoryItem TestCategory="LongRunning" />
            </TestCategory>
            <Execution id="0ec386b3-7bab-499c-b189-14233a2501ca" />
            <TestMethod codeBase="E:/KiSS-Builds/2/KiSS/KiSS4 Nightly Tests/Binaries/KiSS4.Sozialhilfe.Test.DLL" adapterTypeName="Microsoft.VisualStudio.TestTools.TestTypes.Unit.UnitTestAdapter, Microsoft.VisualStudio.QualityTools.Tips.UnitTest.Adapter, Version=10.0.0.0, Culture=neutral, PublicKeyToken=b03f5f7f11d50a3a" className="KiSS4.Sozialhilfe.Test.GruenstellenTest, KiSS4.Sozialhilfe.Test, Version=4.5.22.204, Culture=neutral, PublicKeyToken=null" name="T04_ZweiNichtAbgetreteneEinnahmen" />
        </UnitTest>
        <UnitTest name="DeleteData_Ok" storage="e:\kiss-builds\2\kiss\kiss4 nightly tests\binaries\kiss.bl.test.dll" id="388fe6a8-cb0f-4daf-3974-6faeb9da8e50">
            <Execution id="2a261898-ed3b-4795-96d0-bf96ef52a39f" />
            <TestMethod codeBase="E:/KiSS-Builds/2/KiSS/KiSS4 Nightly Tests/Binaries/Kiss.BL.Test.DLL" adapterTypeName="Microsoft.VisualStudio.TestTools.TestTypes.Unit.UnitTestAdapter, Microsoft.VisualStudio.QualityTools.Tips.UnitTest.Adapter, Version=10.0.0.0, Culture=neutral, PublicKeyToken=b03f5f7f11d50a3a" className="Kiss.BL.Test.ServiceCRUDBaseTest, Kiss.BL.Test, Version=4.5.22.204, Culture=neutral, PublicKeyToken=null" name="DeleteData_Ok" />
        </UnitTest>
        <UnitTest name="T08_EinzelzahlungVomGblUndVerrechnung" storage="e:\kiss-builds\2\kiss\kiss4 nightly tests\binaries\kiss4.sozialhilfe.test.dll" id="ad347048-651a-87bb-429a-bfc5e0f08a2f">
            <TestCategory>
                <TestCategoryItem TestCategory="LongRunning" />
            </TestCategory>
            <Execution id="9291829c-aca1-4f4f-b421-6d64e06bd7cb" />
            <TestMethod codeBase="E:/KiSS-Builds/2/KiSS/KiSS4 Nightly Tests/Binaries/KiSS4.Sozialhilfe.Test.DLL" adapterTypeName="Microsoft.VisualStudio.TestTools.TestTypes.Unit.UnitTestAdapter, Microsoft.VisualStudio.QualityTools.Tips.UnitTest.Adapter, Version=10.0.0.0, Culture=neutral, PublicKeyToken=b03f5f7f11d50a3a" className="KiSS4.Sozialhilfe.Test.GruenstellenTest, KiSS4.Sozialhilfe.Test, Version=4.5.22.204, Culture=neutral, PublicKeyToken=null" name="T08_EinzelzahlungVomGblUndVerrechnung" />
        </UnitTest>
        <UnitTest name="Test_ParseTwoRecordLastWithoutEndLine" storage="e:\kiss-builds\2\kiss\kiss4 nightly tests\binaries\kiss.klibu.bl.test.dll" id="514937d2-bc7a-de20-7c33-df269f9a9dfc">
            <Description>
                Parse 2 correct bank record where the last record doesn't end with '
                ', the 2 banks have to be in the list
            </Description>
            <TestCategory>
                <TestCategoryItem TestCategory="Local" />
            </TestCategory>
            <Execution id="6c699b86-d748-4cb8-b499-d2484e8d6449" />
            <TestMethod codeBase="E:/KiSS-Builds/2/KiSS/KiSS4 Nightly Tests/Binaries/KiSS.KliBu.BL.Test.DLL" adapterTypeName="Microsoft.VisualStudio.TestTools.TestTypes.Unit.UnitTestAdapter, Microsoft.VisualStudio.QualityTools.Tips.UnitTest.Adapter, Version=10.0.0.0, Culture=neutral, PublicKeyToken=b03f5f7f11d50a3a" className="KiSS.KliBu.BL.Test.UnitTest.BankParserTest, KiSS.KliBu.BL.Test, Version=4.5.22.204, Culture=neutral, PublicKeyToken=null" name="Test_ParseTwoRecordLastWithoutEndLine" />
        </UnitTest>
        <UnitTest name="Test_Verguetungsbetrag827" storage="e:\kiss-builds\2\kiss\kiss4 nightly tests\binaries\kiss4.schnittstellen.test.dll" id="0d491669-de44-8e9f-5aa4-45dcc22b41fb">
            <Execution id="7ef5f476-a520-4136-8ab8-bf6b236faad4" />
            <TestMethod codeBase="E:/KiSS-Builds/2/KiSS/KiSS4 Nightly Tests/Binaries/KiSS4.Schnittstellen.Test.DLL" adapterTypeName="Microsoft.VisualStudio.TestTools.TestTypes.Unit.UnitTestAdapter, Microsoft.VisualStudio.QualityTools.Tips.UnitTest.Adapter, Version=10.0.0.0, Culture=neutral, PublicKeyToken=b03f5f7f11d50a3a" className="KiSS4.Schnittstellen.Test.DtaRecordTests, KiSS4.Schnittstellen.Test, Version=4.5.22.204, Culture=neutral, PublicKeyToken=null" name="Test_Verguetungsbetrag827" />
        </UnitTest>
        <UnitTest name="ImportData_BetriebskontoPositionMitFbPeriodeOhneBuchung_ImportIsOk" storage="e:\kiss-builds\2\kiss\kiss4 nightly tests\binaries\kiss.bl.test.dll" id="1583b418-36ff-1d9f-8799-969416e41233">
            <Execution id="5b38182c-f16d-4dc7-b17a-18af61679238" />
            <TestMethod codeBase="E:/KiSS-Builds/2/KiSS/KiSS4 Nightly Tests/Binaries/Kiss.BL.Test.DLL" adapterTypeName="Microsoft.VisualStudio.TestTools.TestTypes.Unit.UnitTestAdapter, Microsoft.VisualStudio.QualityTools.Tips.UnitTest.Adapter, Version=10.0.0.0, Culture=neutral, PublicKeyToken=b03f5f7f11d50a3a" className="Kiss.BL.Test.Vm.VmPositionServiceTest, Kiss.BL.Test, Version=4.5.22.204, Culture=neutral, PublicKeyToken=null" name="ImportData_BetriebskontoPositionMitFbPeriodeOhneBuchung_ImportIsOk" />
        </UnitTest>
        <UnitTest name="NonUsable" storage="e:\kiss-builds\2\kiss\kiss4 nightly tests\binaries\kiss.infrastructure.test.dll" id="7cfafa9d-0feb-0c83-85a9-ff948134e20e">
            <Execution id="5fbf9fb4-d1a3-4315-bac3-7bc8028cc508" />
            <TestMethod codeBase="E:/KiSS-Builds/2/KiSS/KiSS4 Nightly Tests/Binaries/Kiss.Infrastructure.Test.DLL" adapterTypeName="Microsoft.VisualStudio.TestTools.TestTypes.Unit.UnitTestAdapter, Microsoft.VisualStudio.QualityTools.Tips.UnitTest.Adapter, Version=10.0.0.0, Culture=neutral, PublicKeyToken=b03f5f7f11d50a3a" className="Kiss.Infrastructure.Test.IoC.UsableByAttributeTest, Kiss.Infrastructure.Test, Version=1.0.0.0, Culture=neutral, PublicKeyToken=null" name="NonUsable" />
        </UnitTest>
        <UnitTest name="Test_FavoriteNameEmptyString" storage="e:\kiss-builds\2\kiss\kiss4 nightly tests\binaries\kiss4.favoriten.test.dll" id="5466c26f-876d-eb47-dc22-e3ef844340e0">
            <Execution id="41a3f496-1758-4684-a81a-5d52be7d3289" />
            <TestMethod codeBase="E:/KiSS-Builds/2/KiSS/KiSS4 Nightly Tests/Binaries/KiSS4.Favoriten.Test.DLL" adapterTypeName="Microsoft.VisualStudio.TestTools.TestTypes.Unit.UnitTestAdapter, Microsoft.VisualStudio.QualityTools.Tips.UnitTest.Adapter, Version=10.0.0.0, Culture=neutral, PublicKeyToken=b03f5f7f11d50a3a" className="KiSS4.Favoriten.Test.BusinessRules.IncorrectTests, KiSS4.Favoriten.Test, Version=4.5.22.204, Culture=neutral, PublicKeyToken=null" name="Test_FavoriteNameEmptyString" />
        </UnitTest>
        <UnitTest name="Test_OkWhenWohnStatusCodeInRange" storage="e:\kiss-builds\2\kiss\kiss4 nightly tests\binaries\kiss.bl.test.dll" id="a3367e4d-8dc2-4994-9927-b56be9120cbb">
            <Execution id="50e2b83c-d0c9-4f50-b51d-97a4e6c59981" />
            <TestMethod codeBase="E:/KiSS-Builds/2/KiSS/KiSS4 Nightly Tests/Binaries/Kiss.BL.Test.DLL" adapterTypeName="Microsoft.VisualStudio.TestTools.TestTypes.Unit.UnitTestAdapter, Microsoft.VisualStudio.QualityTools.Tips.UnitTest.Adapter, Version=10.0.0.0, Culture=neutral, PublicKeyToken=b03f5f7f11d50a3a" className="Kiss.BL.Test.Ba.Validation.BaAdresseValidatorTest, Kiss.BL.Test, Version=4.5.22.204, Culture=neutral, PublicKeyToken=null" name="Test_OkWhenWohnStatusCodeInRange" />
        </UnitTest>
        <UnitTest name="BetragMonatlich_SetBetragJaehrlich_BetragMonatlichIsSet" storage="e:\kiss-builds\2\kiss\kiss4 nightly tests\binaries\kiss.model.test.dll" id="fa1a11ca-aa4b-bc21-7eb9-fe48ea443c9c">
            <Execution id="89afeb8d-24e4-4e1a-b042-05df3f86e3d5" />
            <TestMethod codeBase="E:/KiSS-Builds/2/KiSS/KiSS4 Nightly Tests/Binaries/Kiss.Model.Test.DLL" adapterTypeName="Microsoft.VisualStudio.TestTools.TestTypes.Unit.UnitTestAdapter, Microsoft.VisualStudio.QualityTools.Tips.UnitTest.Adapter, Version=10.0.0.0, Culture=neutral, PublicKeyToken=b03f5f7f11d50a3a" className="Kiss.Model.Test.PartialTest.VmPositionPartialTest, Kiss.Model.Test, Version=4.5.22.204, Culture=neutral, PublicKeyToken=null" name="BetragMonatlich_SetBetragJaehrlich_BetragMonatlichIsSet" />
        </UnitTest>
        <UnitTest name="DeleteEntries_ThisMonth" storage="e:\kiss-builds\2\kiss\kiss4 nightly tests\binaries\kiss.bl.test.dll" id="a2eafc66-8eae-e330-67be-e5f44d3088d8">
            <Execution id="da57a6e1-7368-4ea4-9afc-113be3bf81ff" />
            <TestMethod codeBase="E:/KiSS-Builds/2/KiSS/KiSS4 Nightly Tests/Binaries/Kiss.BL.Test.DLL" adapterTypeName="Microsoft.VisualStudio.TestTools.TestTypes.Unit.UnitTestAdapter, Microsoft.VisualStudio.QualityTools.Tips.UnitTest.Adapter, Version=10.0.0.0, Culture=neutral, PublicKeyToken=b03f5f7f11d50a3a" className="Kiss.BL.Test.Fs.FsReduktionMitarbeiterServiceTest, Kiss.BL.Test, Version=4.5.22.204, Culture=neutral, PublicKeyToken=null" name="DeleteEntries_ThisMonth" />
        </UnitTest>
        <UnitTest name="Test_GetInstitution_ById" storage="e:\kiss-builds\2\kiss\kiss4 nightly tests\binaries\kiss.bl.test.dll" id="5b139759-ebe2-ec9a-1e9d-65e2f63a0a7e">
            <Execution id="925a4f06-94f2-41a8-86d6-471ff9de81e1" />
            <TestMethod codeBase="E:/KiSS-Builds/2/KiSS/KiSS4 Nightly Tests/Binaries/Kiss.BL.Test.DLL" adapterTypeName="Microsoft.VisualStudio.TestTools.TestTypes.Unit.UnitTestAdapter, Microsoft.VisualStudio.QualityTools.Tips.UnitTest.Adapter, Version=10.0.0.0, Culture=neutral, PublicKeyToken=b03f5f7f11d50a3a" className="Kiss.BL.Test.Ba.BaDebitorSearchServiceTest, Kiss.BL.Test, Version=4.5.22.204, Culture=neutral, PublicKeyToken=null" name="Test_GetInstitution_ById" />
        </UnitTest>
        <UnitTest name="GetUserZugriffrecht_Member_Ok" storage="e:\kiss-builds\2\kiss\kiss4 nightly tests\binaries\kiss.bl.test.dll" id="4f124980-de29-8590-bd78-10f36825cf14">
            <Execution id="9d45b4fd-7224-403a-9d78-0d57a9d75a19" />
            <TestMethod codeBase="E:/KiSS-Builds/2/KiSS/KiSS4 Nightly Tests/Binaries/Kiss.BL.Test.DLL" adapterTypeName="Microsoft.VisualStudio.TestTools.TestTypes.Unit.UnitTestAdapter, Microsoft.VisualStudio.QualityTools.Tips.UnitTest.Adapter, Version=10.0.0.0, Culture=neutral, PublicKeyToken=b03f5f7f11d50a3a" className="Kiss.BL.Test.KissSystem.BerechtigungsServiceTest, Kiss.BL.Test, Version=4.5.22.204, Culture=neutral, PublicKeyToken=null" name="GetUserZugriffrecht_Member_Ok" />
        </UnitTest>
        <UnitTest name="Test_ParseRecordTooLongAndIncorrect" storage="e:\kiss-builds\2\kiss\kiss4 nightly tests\binaries\kiss.klibu.bl.test.dll" id="ef6b0973-219a-0c4c-b79d-30ab3a22bf49">
            <Description>Parse bank record length is too long, and starts with incorrect data, no bank in the list</Description>
            <TestCategory>
                <TestCategoryItem TestCategory="Local" />
            </TestCategory>
            <Execution id="c747c3e2-159b-4897-bc47-e0e4d3b024e1" />
            <TestMethod codeBase="E:/KiSS-Builds/2/KiSS/KiSS4 Nightly Tests/Binaries/KiSS.KliBu.BL.Test.DLL" adapterTypeName="Microsoft.VisualStudio.TestTools.TestTypes.Unit.UnitTestAdapter, Microsoft.VisualStudio.QualityTools.Tips.UnitTest.Adapter, Version=10.0.0.0, Culture=neutral, PublicKeyToken=b03f5f7f11d50a3a" className="KiSS.KliBu.BL.Test.UnitTest.BankParserTest, KiSS.KliBu.BL.Test, Version=4.5.22.204, Culture=neutral, PublicKeyToken=null" name="Test_ParseRecordTooLongAndIncorrect" />
        </UnitTest>
        <UnitTest name="Test_DlpLaufzeit_Fertig" storage="e:\kiss-builds\2\kiss\kiss4 nightly tests\binaries\kiss.bl.test.dll" id="805d8feb-bf35-e932-2c68-4fc3012a2a4b">
            <Execution id="ba0b6e8b-7504-44bf-bfc8-87c3dfa25a05" />
            <TestMethod codeBase="E:/KiSS-Builds/2/KiSS/KiSS4 Nightly Tests/Binaries/Kiss.BL.Test.DLL" adapterTypeName="Microsoft.VisualStudio.TestTools.TestTypes.Unit.UnitTestAdapter, Microsoft.VisualStudio.QualityTools.Tips.UnitTest.Adapter, Version=10.0.0.0, Culture=neutral, PublicKeyToken=b03f5f7f11d50a3a" className="Kiss.BL.Test.Fs.FsDienstleistungAuswertungServiceTest, Kiss.BL.Test, Version=4.5.22.204, Culture=neutral, PublicKeyToken=null" name="Test_DlpLaufzeit_Fertig" />
        </UnitTest>
        <UnitTest name="Add_existing_bank_should_have_an_error_in_the_serviceResult" storage="e:\kiss-builds\2\kiss\kiss4 nightly tests\binaries\kiss.klibu.bl.test.dll" id="ee099727-150e-31f8-6c9a-cdb6ae333cf0">
            <TestCategory>
                <TestCategoryItem TestCategory="LongRunning" />
            </TestCategory>
            <Execution id="fd513b83-bf54-495b-bfce-9145d25cd814" />
            <TestMethod codeBase="E:/KiSS-Builds/2/KiSS/KiSS4 Nightly Tests/Binaries/KiSS.KliBu.BL.Test.DLL" adapterTypeName="Microsoft.VisualStudio.TestTools.TestTypes.Unit.UnitTestAdapter, Microsoft.VisualStudio.QualityTools.Tips.UnitTest.Adapter, Version=10.0.0.0, Culture=neutral, PublicKeyToken=b03f5f7f11d50a3a" className="KiSS.KliBu.BL.Test.IntegrationTest.BankenServiceTest, KiSS.KliBu.BL.Test, Version=4.5.22.204, Culture=neutral, PublicKeyToken=null" name="Add_existing_bank_should_have_an_error_in_the_serviceResult" />
        </UnitTest>
        <UnitTest name="Test_ValidateBankWithInvalidMustField" storage="e:\kiss-builds\2\kiss\kiss4 nightly tests\binaries\kiss.klibu.bl.test.dll" id="79e7fa07-d859-75e0-506d-06021fe6fbd1">
            <Description>Validate Bank with Clearing not in range</Description>
            <TestCategory>
                <TestCategoryItem TestCategory="Local" />
            </TestCategory>
            <Execution id="949f6e4a-7462-4eb4-9456-2fc1a3913e37" />
            <TestMethod codeBase="E:/KiSS-Builds/2/KiSS/KiSS4 Nightly Tests/Binaries/KiSS.KliBu.BL.Test.DLL" adapterTypeName="Microsoft.VisualStudio.TestTools.TestTypes.Unit.UnitTestAdapter, Microsoft.VisualStudio.QualityTools.Tips.UnitTest.Adapter, Version=10.0.0.0, Culture=neutral, PublicKeyToken=b03f5f7f11d50a3a" className="KiSS.KliBu.BL.Test.UnitTest.BankValidatorTest, KiSS.KliBu.BL.Test, Version=4.5.22.204, Culture=neutral, PublicKeyToken=null" name="Test_ValidateBankWithInvalidMustField" />
        </UnitTest>
        <UnitTest name="CheckDbName_Nok" storage="e:\kiss-builds\2\kiss\kiss4 nightly tests\binaries\kiss.bl.test.dll" id="a325cda1-d952-25d3-a1ac-cc3f9bd9deba">
            <Execution id="a053cdf4-db83-45cc-be90-37b6e280225d" />
            <TestMethod codeBase="E:/KiSS-Builds/2/KiSS/KiSS4 Nightly Tests/Binaries/Kiss.BL.Test.DLL" adapterTypeName="Microsoft.VisualStudio.TestTools.TestTypes.Unit.UnitTestAdapter, Microsoft.VisualStudio.QualityTools.Tips.UnitTest.Adapter, Version=10.0.0.0, Culture=neutral, PublicKeyToken=b03f5f7f11d50a3a" className="Kiss.BL.Test.System.SystemServiceTest, Kiss.BL.Test, Version=4.5.22.204, Culture=neutral, PublicKeyToken=null" name="CheckDbName_Nok" />
        </UnitTest>
        <UnitTest name="Test_FileNotExists" storage="e:\kiss-builds\2\kiss\kiss4 nightly tests\binaries\kiss.common.test.dll" id="d62c5ef3-0ea6-3597-c5a1-83faba3ce245">
            <Description>Zip file doesn't exists</Description>
            <TestCategory>
                <TestCategoryItem TestCategory="TestData" />
            </TestCategory>
            <DeploymentItems>
                <DeploymentItem filename="TestFiles\bcbankenstamm.zip" outputDirectory="TestFiles" />
            </DeploymentItems>
            <Execution id="86d6a918-d001-47e2-a34e-e2be117a3e5b" />
            <TestMethod codeBase="E:/KiSS-Builds/2/KiSS/KiSS4 Nightly Tests/Binaries/KiSS.Common.Test.DLL" adapterTypeName="Microsoft.VisualStudio.TestTools.TestTypes.Unit.UnitTestAdapter, Microsoft.VisualStudio.QualityTools.Tips.UnitTest.Adapter, Version=10.0.0.0, Culture=neutral, PublicKeyToken=b03f5f7f11d50a3a" className="KiSS.Common.Test.ZipTest, KiSS.Common.Test, Version=4.5.22.204, Culture=neutral, PublicKeyToken=null" name="Test_FileNotExists" />
        </UnitTest>
        <UnitTest name="CreateEntries_PreviousMonth" storage="e:\kiss-builds\2\kiss\kiss4 nightly tests\binaries\kiss.bl.test.dll" id="fa4e0f09-10cc-e517-e4de-ad0bf8df5a78">
            <Execution id="1f504614-6b49-4a4d-b759-d889e493041e" />
            <TestMethod codeBase="E:/KiSS-Builds/2/KiSS/KiSS4 Nightly Tests/Binaries/Kiss.BL.Test.DLL" adapterTypeName="Microsoft.VisualStudio.TestTools.TestTypes.Unit.UnitTestAdapter, Microsoft.VisualStudio.QualityTools.Tips.UnitTest.Adapter, Version=10.0.0.0, Culture=neutral, PublicKeyToken=b03f5f7f11d50a3a" className="Kiss.BL.Test.Fs.FsReduktionMitarbeiterServiceTest, Kiss.BL.Test, Version=4.5.22.204, Culture=neutral, PublicKeyToken=null" name="CreateEntries_PreviousMonth" />
        </UnitTest>
        <UnitTest name="Test_AddTwoBankWithSameClId" storage="e:\kiss-builds\2\kiss\kiss4 nightly tests\binaries\kiss.klibu.bl.test.dll" id="6b1049df-02fb-6a75-6b67-a5d67d261da7">
            <Description>Add two bank from the update list that have the same ClearingNr and FilialeNr</Description>
            <TestCategory>
                <TestCategoryItem TestCategory="LongRunning" />
            </TestCategory>
            <Execution id="9e2f303f-9950-4f58-af6d-e6bbd3a9bac8" />
            <TestMethod codeBase="E:/KiSS-Builds/2/KiSS/KiSS4 Nightly Tests/Binaries/KiSS.KliBu.BL.Test.DLL" adapterTypeName="Microsoft.VisualStudio.TestTools.TestTypes.Unit.UnitTestAdapter, Microsoft.VisualStudio.QualityTools.Tips.UnitTest.Adapter, Version=10.0.0.0, Culture=neutral, PublicKeyToken=b03f5f7f11d50a3a" className="KiSS.KliBu.BL.Test.UnitTest.BankabgleichMocked, KiSS.KliBu.BL.Test, Version=4.5.22.204, Culture=neutral, PublicKeyToken=null" name="Test_AddTwoBankWithSameClId" />
        </UnitTest>
        <UnitTest name="GetByIdWithAdresse_validId_returnPersonWithAdresse" storage="e:\kiss-builds\2\kiss\kiss4 nightly tests\binaries\kiss.bl.test.dll" id="af75239f-2214-3d27-0b0c-73cd9b4e85d1">
            <Execution id="e7325ac6-2ef5-4b06-804a-cadb1facf11e" />
            <TestMethod codeBase="E:/KiSS-Builds/2/KiSS/KiSS4 Nightly Tests/Binaries/Kiss.BL.Test.DLL" adapterTypeName="Microsoft.VisualStudio.TestTools.TestTypes.Unit.UnitTestAdapter, Microsoft.VisualStudio.QualityTools.Tips.UnitTest.Adapter, Version=10.0.0.0, Culture=neutral, PublicKeyToken=b03f5f7f11d50a3a" className="Kiss.BL.Test.Ba.BaPersonServiceTest, Kiss.BL.Test, Version=4.5.22.204, Culture=neutral, PublicKeyToken=null" name="GetByIdWithAdresse_validId_returnPersonWithAdresse" />
        </UnitTest>
        <UnitTest name="Test_Length836_MitteilungstextZuLang" storage="e:\kiss-builds\2\kiss\kiss4 nightly tests\binaries\kiss4.schnittstellen.test.dll" id="9b2a90d4-8780-032f-1a6e-501c69ac3e9c">
            <Execution id="52309b7f-96d2-45b5-9d21-646839d0da3b" />
            <TestMethod codeBase="E:/KiSS-Builds/2/KiSS/KiSS4 Nightly Tests/Binaries/KiSS4.Schnittstellen.Test.DLL" adapterTypeName="Microsoft.VisualStudio.TestTools.TestTypes.Unit.UnitTestAdapter, Microsoft.VisualStudio.QualityTools.Tips.UnitTest.Adapter, Version=10.0.0.0, Culture=neutral, PublicKeyToken=b03f5f7f11d50a3a" className="KiSS4.Schnittstellen.Test.DtaRecordTests, KiSS4.Schnittstellen.Test, Version=4.5.22.204, Culture=neutral, PublicKeyToken=null" name="Test_Length836_MitteilungstextZuLang" />
        </UnitTest>
        <UnitTest name="Test_OkWhenKonfessionCodeInRange" storage="e:\kiss-builds\2\kiss\kiss4 nightly tests\binaries\kiss.bl.test.dll" id="a493b28a-8925-9f99-bbe6-b78c6adf118b">
            <Execution id="b9621240-8bf5-40e4-a8f6-2efb354fc760" />
            <TestMethod codeBase="E:/KiSS-Builds/2/KiSS/KiSS4 Nightly Tests/Binaries/Kiss.BL.Test.DLL" adapterTypeName="Microsoft.VisualStudio.TestTools.TestTypes.Unit.UnitTestAdapter, Microsoft.VisualStudio.QualityTools.Tips.UnitTest.Adapter, Version=10.0.0.0, Culture=neutral, PublicKeyToken=b03f5f7f11d50a3a" className="Kiss.BL.Test.Ba.Validation.BaPersonValidatorTest, Kiss.BL.Test, Version=4.5.22.204, Culture=neutral, PublicKeyToken=null" name="Test_OkWhenKonfessionCodeInRange" />
        </UnitTest>
        <UnitTest name="EntriesGenerated_ThisMonthAllUser" storage="e:\kiss-builds\2\kiss\kiss4 nightly tests\binaries\kiss.bl.test.dll" id="b9d6c002-ad98-ae28-b74c-58e63a6a69a2">
            <Execution id="0d09f759-4b69-4763-bb21-6ba6fbfdb5ce" />
            <TestMethod codeBase="E:/KiSS-Builds/2/KiSS/KiSS4 Nightly Tests/Binaries/Kiss.BL.Test.DLL" adapterTypeName="Microsoft.VisualStudio.TestTools.TestTypes.Unit.UnitTestAdapter, Microsoft.VisualStudio.QualityTools.Tips.UnitTest.Adapter, Version=10.0.0.0, Culture=neutral, PublicKeyToken=b03f5f7f11d50a3a" className="Kiss.BL.Test.Fs.FsReduktionMitarbeiterServiceTest, Kiss.BL.Test, Version=4.5.22.204, Culture=neutral, PublicKeyToken=null" name="EntriesGenerated_ThisMonthAllUser" />
        </UnitTest>
        <UnitTest name="GetLovCodeByLovName_FilterList" storage="e:\kiss-builds\2\kiss\kiss4 nightly tests\binaries\kiss.bl.test.dll" id="be2e3067-4dc6-08c0-17a6-02495c5d82be">
            <Execution id="f519e5ec-64b9-4ada-afcf-a46ebf462f23" />
            <TestMethod codeBase="E:/KiSS-Builds/2/KiSS/KiSS4 Nightly Tests/Binaries/Kiss.BL.Test.DLL" adapterTypeName="Microsoft.VisualStudio.TestTools.TestTypes.Unit.UnitTestAdapter, Microsoft.VisualStudio.QualityTools.Tips.UnitTest.Adapter, Version=10.0.0.0, Culture=neutral, PublicKeyToken=b03f5f7f11d50a3a" className="Kiss.BL.Test.System.XLovServiceTest, Kiss.BL.Test, Version=4.5.22.204, Culture=neutral, PublicKeyToken=null" name="GetLovCodeByLovName_FilterList" />
        </UnitTest>
        <UnitTest name="Test_GetByVmKlientenbudgetId" storage="e:\kiss-builds\2\kiss\kiss4 nightly tests\binaries\kiss.bl.test.dll" id="de5de296-ecc5-9814-78fb-630338c9e5ca">
            <Execution id="5d8b7984-b6fe-4392-aef6-bee68e245427" />
            <TestMethod codeBase="E:/KiSS-Builds/2/KiSS/KiSS4 Nightly Tests/Binaries/Kiss.BL.Test.DLL" adapterTypeName="Microsoft.VisualStudio.TestTools.TestTypes.Unit.UnitTestAdapter, Microsoft.VisualStudio.QualityTools.Tips.UnitTest.Adapter, Version=10.0.0.0, Culture=neutral, PublicKeyToken=b03f5f7f11d50a3a" className="Kiss.BL.Test.Vm.VmPositionServiceTest, Kiss.BL.Test, Version=4.5.22.204, Culture=neutral, PublicKeyToken=null" name="Test_GetByVmKlientenbudgetId" />
        </UnitTest>
        <UnitTest name="RegisterAndResolveTypeWithSuppliedParameter" storage="e:\kiss-builds\2\kiss\kiss4 nightly tests\binaries\kiss.infrastructure.test.dll" id="d73f82ae-09ee-a682-c9aa-5a182e845d61">
            <Execution id="9d133b99-41c1-40b2-be9c-827efc3ea527" />
            <TestMethod codeBase="E:/KiSS-Builds/2/KiSS/KiSS4 Nightly Tests/Binaries/Kiss.Infrastructure.Test.DLL" adapterTypeName="Microsoft.VisualStudio.TestTools.TestTypes.Unit.UnitTestAdapter, Microsoft.VisualStudio.QualityTools.Tips.UnitTest.Adapter, Version=10.0.0.0, Culture=neutral, PublicKeyToken=b03f5f7f11d50a3a" className="Kiss.Infrastructure.Test.IoC.ContainerTest, Kiss.Infrastructure.Test, Version=1.0.0.0, Culture=neutral, PublicKeyToken=null" name="RegisterAndResolveTypeWithSuppliedParameter" />
        </UnitTest>
        <UnitTest name="T13_NegativeEinnahme" storage="e:\kiss-builds\2\kiss\kiss4 nightly tests\binaries\kiss4.sozialhilfe.test.dll" id="5fc833d4-5ab0-2fed-04f1-fca122446efe">
            <TestCategory>
                <TestCategoryItem TestCategory="LongRunning" />
            </TestCategory>
            <Execution id="1cd23fdb-9e88-49eb-8fb2-bc9eeb93cff0" />
            <TestMethod codeBase="E:/KiSS-Builds/2/KiSS/KiSS4 Nightly Tests/Binaries/KiSS4.Sozialhilfe.Test.DLL" adapterTypeName="Microsoft.VisualStudio.TestTools.TestTypes.Unit.UnitTestAdapter, Microsoft.VisualStudio.QualityTools.Tips.UnitTest.Adapter, Version=10.0.0.0, Culture=neutral, PublicKeyToken=b03f5f7f11d50a3a" className="KiSS4.Sozialhilfe.Test.GruenstellenTest, KiSS4.Sozialhilfe.Test, Version=4.5.22.204, Culture=neutral, PublicKeyToken=null" name="T13_NegativeEinnahme" />
        </UnitTest>
        <UnitTest name="Validate_LaufzeitIsNull_IsValid" storage="e:\kiss-builds\2\kiss\kiss4 nightly tests\binaries\kiss.bl.test.dll" id="946f8226-74de-bd03-37ca-c10698b1961b">
            <Execution id="efe9b648-d185-4f0e-aa6d-c30163171ef2" />
            <TestMethod codeBase="E:/KiSS-Builds/2/KiSS/KiSS4 Nightly Tests/Binaries/Kiss.BL.Test.DLL" adapterTypeName="Microsoft.VisualStudio.TestTools.TestTypes.Unit.UnitTestAdapter, Microsoft.VisualStudio.QualityTools.Tips.UnitTest.Adapter, Version=10.0.0.0, Culture=neutral, PublicKeyToken=b03f5f7f11d50a3a" className="Kiss.BL.Test.Fs.Validation.FsDienstleistungspaketValidatorTest, Kiss.BL.Test, Version=4.5.22.204, Culture=neutral, PublicKeyToken=null" name="Validate_LaufzeitIsNull_IsValid" />
        </UnitTest>
        <UnitTest name="Test_GetByBaPersonId" storage="e:\kiss-builds\2\kiss\kiss4 nightly tests\binaries\kiss.bl.test.dll" id="0936aca1-8097-f3ce-82b2-29a760f1a58e">
            <Execution id="9ca24697-fb0a-4aa9-8469-0cc180510e51" />
            <TestMethod codeBase="E:/KiSS-Builds/2/KiSS/KiSS4 Nightly Tests/Binaries/Kiss.BL.Test.DLL" adapterTypeName="Microsoft.VisualStudio.TestTools.TestTypes.Unit.UnitTestAdapter, Microsoft.VisualStudio.QualityTools.Tips.UnitTest.Adapter, Version=10.0.0.0, Culture=neutral, PublicKeyToken=b03f5f7f11d50a3a" className="Kiss.BL.Test.Fa.FaKategorisierungServiceTest, Kiss.BL.Test, Version=4.5.22.204, Culture=neutral, PublicKeyToken=null" name="Test_GetByBaPersonId" />
        </UnitTest>
        <UnitTest name="SaveAssignedDienstleistungen_withEmptyList_resultIsOk" storage="e:\kiss-builds\2\kiss\kiss4 nightly tests\binaries\kiss.bl.test.dll" id="3e52b6dd-b6a9-2a94-6eff-125bab4fcf91">
            <Execution id="5bb45613-3204-4ebf-be2b-37c24c04c23d" />
            <TestMethod codeBase="E:/KiSS-Builds/2/KiSS/KiSS4 Nightly Tests/Binaries/Kiss.BL.Test.DLL" adapterTypeName="Microsoft.VisualStudio.TestTools.TestTypes.Unit.UnitTestAdapter, Microsoft.VisualStudio.QualityTools.Tips.UnitTest.Adapter, Version=10.0.0.0, Culture=neutral, PublicKeyToken=b03f5f7f11d50a3a" className="Kiss.BL.Test.Fs.FsDienstleistungspaketServiceTest, Kiss.BL.Test, Version=4.5.22.204, Culture=neutral, PublicKeyToken=null" name="SaveAssignedDienstleistungen_withEmptyList_resultIsOk" />
        </UnitTest>
        <UnitTest name="TryGetValue_ListOfIntNull_ValueFound" storage="e:\kiss-builds\2\kiss\kiss4 nightly tests\binaries\kiss.infrastructure.test.dll" id="3e3fc219-99a6-d5e4-f91b-68a7833e0aa2">
            <Execution id="6503f0ce-0be9-43f3-8800-f58a8ad2b6f5" />
            <TestMethod codeBase="E:/KiSS-Builds/2/KiSS/KiSS4 Nightly Tests/Binaries/Kiss.Infrastructure.Test.DLL" adapterTypeName="Microsoft.VisualStudio.TestTools.TestTypes.Unit.UnitTestAdapter, Microsoft.VisualStudio.QualityTools.Tips.UnitTest.Adapter, Version=10.0.0.0, Culture=neutral, PublicKeyToken=b03f5f7f11d50a3a" className="Kiss.Infrastructure.Test.ExtensionsTest, Kiss.Infrastructure.Test, Version=1.0.0.0, Culture=neutral, PublicKeyToken=null" name="TryGetValue_ListOfIntNull_ValueFound" />
        </UnitTest>
        <UnitTest name="Validate_NameIsSet_IsValid" storage="e:\kiss-builds\2\kiss\kiss4 nightly tests\binaries\kiss.bl.test.dll" id="43f26e08-6b91-4298-6188-79892ce10c5a">
            <Execution id="8f17e91b-5434-4997-a3e0-f1e1c2bffc6c" />
            <TestMethod codeBase="E:/KiSS-Builds/2/KiSS/KiSS4 Nightly Tests/Binaries/Kiss.BL.Test.DLL" adapterTypeName="Microsoft.VisualStudio.TestTools.TestTypes.Unit.UnitTestAdapter, Microsoft.VisualStudio.QualityTools.Tips.UnitTest.Adapter, Version=10.0.0.0, Culture=neutral, PublicKeyToken=b03f5f7f11d50a3a" className="Kiss.BL.Test.Fs.Validation.FsDienstleistungspaketValidatorTest, Kiss.BL.Test, Version=4.5.22.204, Culture=neutral, PublicKeyToken=null" name="Validate_NameIsSet_IsValid" />
        </UnitTest>
        <UnitTest name="ImportData_KvgPosition_ImportIsOk" storage="e:\kiss-builds\2\kiss\kiss4 nightly tests\binaries\kiss.bl.test.dll" id="a39a9a90-5b8c-22ff-8c3c-9ab8e635ede1">
            <Execution id="2ddd96cf-2148-4b39-854c-907f53411ec5" />
            <TestMethod codeBase="E:/KiSS-Builds/2/KiSS/KiSS4 Nightly Tests/Binaries/Kiss.BL.Test.DLL" adapterTypeName="Microsoft.VisualStudio.TestTools.TestTypes.Unit.UnitTestAdapter, Microsoft.VisualStudio.QualityTools.Tips.UnitTest.Adapter, Version=10.0.0.0, Culture=neutral, PublicKeyToken=b03f5f7f11d50a3a" className="Kiss.BL.Test.Vm.VmPositionServiceTest, Kiss.BL.Test, Version=4.5.22.204, Culture=neutral, PublicKeyToken=null" name="ImportData_KvgPosition_ImportIsOk" />
        </UnitTest>
        <UnitTest name="Validate_StandardAufwandIsInRange_IsValid" storage="e:\kiss-builds\2\kiss\kiss4 nightly tests\binaries\kiss.bl.test.dll" id="fbd40b1f-cd91-4fa7-11a4-cc2bbbca339d">
            <Execution id="d7f184ca-b729-473d-a392-c8f4aa4b8446" />
            <TestMethod codeBase="E:/KiSS-Builds/2/KiSS/KiSS4 Nightly Tests/Binaries/Kiss.BL.Test.DLL" adapterTypeName="Microsoft.VisualStudio.TestTools.TestTypes.Unit.UnitTestAdapter, Microsoft.VisualStudio.QualityTools.Tips.UnitTest.Adapter, Version=10.0.0.0, Culture=neutral, PublicKeyToken=b03f5f7f11d50a3a" className="Kiss.BL.Test.Fs.Validation.FsDienstleistungValidatorTest, Kiss.BL.Test, Version=4.5.22.204, Culture=neutral, PublicKeyToken=null" name="Validate_StandardAufwandIsInRange_IsValid" />
        </UnitTest>
        <UnitTest name="SaveChangesOk" storage="e:\kiss-builds\2\kiss\kiss4 nightly tests\binaries\kiss.bl.test.dll" id="f94d7dc2-bd84-7a5b-8f7c-12ac24ad2ae6">
            <Execution id="1f6f6c80-18d9-4efa-a850-5c29870757e6" />
            <TestMethod codeBase="E:/KiSS-Builds/2/KiSS/KiSS4 Nightly Tests/Binaries/Kiss.BL.Test.DLL" adapterTypeName="Microsoft.VisualStudio.TestTools.TestTypes.Unit.UnitTestAdapter, Microsoft.VisualStudio.QualityTools.Tips.UnitTest.Adapter, Version=10.0.0.0, Culture=neutral, PublicKeyToken=b03f5f7f11d50a3a" className="Kiss.BL.Test.TransactionTest, Kiss.BL.Test, Version=4.5.22.204, Culture=neutral, PublicKeyToken=null" name="SaveChangesOk" />
        </UnitTest>
        <UnitTest name="Test_ErrorWhenNameEmpty" storage="e:\kiss-builds\2\kiss\kiss4 nightly tests\binaries\kiss.klibu.bl.test.dll" id="2b3f65c2-65f4-d5c6-497f-44f8dba482ee">
            <Description>Should have a validation error when the name is empty</Description>
            <TestCategory>
                <TestCategoryItem TestCategory="Local" />
            </TestCategory>
            <Execution id="d27d99f9-7b5a-4bed-a868-14d0d5aa7800" />
            <TestMethod codeBase="E:/KiSS-Builds/2/KiSS/KiSS4 Nightly Tests/Binaries/KiSS.KliBu.BL.Test.DLL" adapterTypeName="Microsoft.VisualStudio.TestTools.TestTypes.Unit.UnitTestAdapter, Microsoft.VisualStudio.QualityTools.Tips.UnitTest.Adapter, Version=10.0.0.0, Culture=neutral, PublicKeyToken=b03f5f7f11d50a3a" className="KiSS.KliBu.BL.Test.UnitTest.BankValidatorTest, KiSS.KliBu.BL.Test, Version=4.5.22.204, Culture=neutral, PublicKeyToken=null" name="Test_ErrorWhenNameEmpty" />
        </UnitTest>
        <UnitTest name="Test_AdditionOverOneYearAndOneMonth" storage="e:\kiss-builds\2\kiss\kiss4 nightly tests\binaries\kiss.infrastructure.test.dll" id="8eb17a3c-3ba0-3ab4-257c-d532564bf894">
            <Execution id="064e4b86-67c0-4016-bb26-12a85e50fc84" />
            <TestMethod codeBase="E:/KiSS-Builds/2/KiSS/KiSS4 Nightly Tests/Binaries/Kiss.Infrastructure.Test.DLL" adapterTypeName="Microsoft.VisualStudio.TestTools.TestTypes.Unit.UnitTestAdapter, Microsoft.VisualStudio.QualityTools.Tips.UnitTest.Adapter, Version=10.0.0.0, Culture=neutral, PublicKeyToken=b03f5f7f11d50a3a" className="Kiss.Infrastructure.Test.MonthYearTest, Kiss.Infrastructure.Test, Version=1.0.0.0, Culture=neutral, PublicKeyToken=null" name="Test_AdditionOverOneYearAndOneMonth" />
        </UnitTest>
        <UnitTest name="Validate_StandardAufwandIsLessThan0_ResultIsStandardAufwandError" storage="e:\kiss-builds\2\kiss\kiss4 nightly tests\binaries\kiss.bl.test.dll" id="3741a778-9295-33c3-fae9-d898d47a15ab">
            <Execution id="0495e95e-f602-4ced-a21f-2a398da96fa8" />
            <TestMethod codeBase="E:/KiSS-Builds/2/KiSS/KiSS4 Nightly Tests/Binaries/Kiss.BL.Test.DLL" adapterTypeName="Microsoft.VisualStudio.TestTools.TestTypes.Unit.UnitTestAdapter, Microsoft.VisualStudio.QualityTools.Tips.UnitTest.Adapter, Version=10.0.0.0, Culture=neutral, PublicKeyToken=b03f5f7f11d50a3a" className="Kiss.BL.Test.Fs.FsDienstleistungServiceTest, Kiss.BL.Test, Version=4.5.22.204, Culture=neutral, PublicKeyToken=null" name="Validate_StandardAufwandIsLessThan0_ResultIsStandardAufwandError" />
        </UnitTest>
        <UnitTest name="Validate_StandardAufwandIsGreaterThan744_ResultIsStandardAufwandError" storage="e:\kiss-builds\2\kiss\kiss4 nightly tests\binaries\kiss.bl.test.dll" id="18c53bbf-46dc-17d0-9ed1-e554bd41b7f6">
            <Execution id="ce21be7a-a444-4623-a247-974608637d2d" />
            <TestMethod codeBase="E:/KiSS-Builds/2/KiSS/KiSS4 Nightly Tests/Binaries/Kiss.BL.Test.DLL" adapterTypeName="Microsoft.VisualStudio.TestTools.TestTypes.Unit.UnitTestAdapter, Microsoft.VisualStudio.QualityTools.Tips.UnitTest.Adapter, Version=10.0.0.0, Culture=neutral, PublicKeyToken=b03f5f7f11d50a3a" className="Kiss.BL.Test.Fs.FsDienstleistungServiceTest, Kiss.BL.Test, Version=4.5.22.204, Culture=neutral, PublicKeyToken=null" name="Validate_StandardAufwandIsGreaterThan744_ResultIsStandardAufwandError" />
        </UnitTest>
        <UnitTest name="Test_AddNewUpdateBank" storage="e:\kiss-builds\2\kiss\kiss4 nightly tests\binaries\kiss.klibu.bl.test.dll" id="ee3106fa-57d5-5607-e5ce-f8fdcbbe00cc">
            <Description>Add a new bank during the update</Description>
            <TestCategory>
                <TestCategoryItem TestCategory="LongRunning" />
            </TestCategory>
            <Execution id="1432f13c-8981-433e-b34d-fc4ad2601557" />
            <TestMethod codeBase="E:/KiSS-Builds/2/KiSS/KiSS4 Nightly Tests/Binaries/KiSS.KliBu.BL.Test.DLL" adapterTypeName="Microsoft.VisualStudio.TestTools.TestTypes.Unit.UnitTestAdapter, Microsoft.VisualStudio.QualityTools.Tips.UnitTest.Adapter, Version=10.0.0.0, Culture=neutral, PublicKeyToken=b03f5f7f11d50a3a" className="KiSS.KliBu.BL.Test.UnitTest.BankabgleichMocked, KiSS.KliBu.BL.Test, Version=4.5.22.204, Culture=neutral, PublicKeyToken=null" name="Test_AddNewUpdateBank" />
        </UnitTest>
        <UnitTest name="Test_Utils_RoundMoney" storage="e:\kiss-builds\2\kiss\kiss4 nightly tests\binaries\kiss4.common.test.dll" id="f3c85bac-1ab0-f0e4-6d9c-ad5500f2cd9a">
            <Execution id="c52041d9-3548-4077-b58e-3690ed58f7e8" />
            <TestMethod codeBase="E:/KiSS-Builds/2/KiSS/KiSS4 Nightly Tests/Binaries/KiSS4.Common.Test.DLL" adapterTypeName="Microsoft.VisualStudio.TestTools.TestTypes.Unit.UnitTestAdapter, Microsoft.VisualStudio.QualityTools.Tips.UnitTest.Adapter, Version=10.0.0.0, Culture=neutral, PublicKeyToken=b03f5f7f11d50a3a" className="KiSS4.Common.Test.UtilsTest, KiSS4.Common.Test, Version=4.5.22.204, Culture=neutral, PublicKeyToken=null" name="Test_Utils_RoundMoney" />
        </UnitTest>
        <UnitTest name="GetConfigValuesTest" storage="e:\kiss-builds\2\kiss\kiss4 nightly tests\binaries\kiss.bl.test.dll" id="88c8b397-ac79-5e52-f0f1-bc447209749d">
            <Execution id="dcb39b6b-759b-4c1f-8669-440fee015901" />
            <TestMethod codeBase="E:/KiSS-Builds/2/KiSS/KiSS4 Nightly Tests/Binaries/Kiss.BL.Test.DLL" adapterTypeName="Microsoft.VisualStudio.TestTools.TestTypes.Unit.UnitTestAdapter, Microsoft.VisualStudio.QualityTools.Tips.UnitTest.Adapter, Version=10.0.0.0, Culture=neutral, PublicKeyToken=b03f5f7f11d50a3a" className="Kiss.BL.Test.System.XConfigServiceTest, Kiss.BL.Test, Version=4.5.22.204, Culture=neutral, PublicKeyToken=null" name="GetConfigValuesTest" />
        </UnitTest>
        <UnitTest name="Test_GreaterThan" storage="e:\kiss-builds\2\kiss\kiss4 nightly tests\binaries\kiss.infrastructure.test.dll" id="fb4fe380-6bdb-48f6-cf79-36033cbf2683">
            <Execution id="b0b7533d-61a3-4bc7-a74a-f76033d1cac5" />
            <TestMethod codeBase="E:/KiSS-Builds/2/KiSS/KiSS4 Nightly Tests/Binaries/Kiss.Infrastructure.Test.DLL" adapterTypeName="Microsoft.VisualStudio.TestTools.TestTypes.Unit.UnitTestAdapter, Microsoft.VisualStudio.QualityTools.Tips.UnitTest.Adapter, Version=10.0.0.0, Culture=neutral, PublicKeyToken=b03f5f7f11d50a3a" className="Kiss.Infrastructure.Test.MonthYearTest, Kiss.Infrastructure.Test, Version=1.0.0.0, Culture=neutral, PublicKeyToken=null" name="Test_GreaterThan" />
        </UnitTest>
        <UnitTest name="GetLovCodeByLovName_LovEmptyFilteredNoResult_ExpectException" storage="e:\kiss-builds\2\kiss\kiss4 nightly tests\binaries\kiss.bl.test.dll" id="36734ee1-5da8-0cf8-12cf-ad9234b7ec19">
            <Execution id="c898bd8d-6a29-4661-94f9-63589ceedbe2" />
            <TestMethod codeBase="E:/KiSS-Builds/2/KiSS/KiSS4 Nightly Tests/Binaries/Kiss.BL.Test.DLL" adapterTypeName="Microsoft.VisualStudio.TestTools.TestTypes.Unit.UnitTestAdapter, Microsoft.VisualStudio.QualityTools.Tips.UnitTest.Adapter, Version=10.0.0.0, Culture=neutral, PublicKeyToken=b03f5f7f11d50a3a" className="Kiss.BL.Test.System.XLovServiceTest, Kiss.BL.Test, Version=4.5.22.204, Culture=neutral, PublicKeyToken=null" name="GetLovCodeByLovName_LovEmptyFilteredNoResult_ExpectException" />
        </UnitTest>
        <UnitTest name="GetById_validId_returnPerson" storage="e:\kiss-builds\2\kiss\kiss4 nightly tests\binaries\kiss.bl.test.dll" id="c4200053-9682-de2d-6941-50d89010cec8">
            <Execution id="4263be9d-4c46-4769-8a89-a7fd7de4e938" />
            <TestMethod codeBase="E:/KiSS-Builds/2/KiSS/KiSS4 Nightly Tests/Binaries/Kiss.BL.Test.DLL" adapterTypeName="Microsoft.VisualStudio.TestTools.TestTypes.Unit.UnitTestAdapter, Microsoft.VisualStudio.QualityTools.Tips.UnitTest.Adapter, Version=10.0.0.0, Culture=neutral, PublicKeyToken=b03f5f7f11d50a3a" className="Kiss.BL.Test.Ba.BaPersonServiceTest, Kiss.BL.Test, Version=4.5.22.204, Culture=neutral, PublicKeyToken=null" name="GetById_validId_returnPerson" />
        </UnitTest>
        <UnitTest name="RegisterIoCEntry" storage="e:\kiss-builds\2\kiss\kiss4 nightly tests\binaries\kiss.infrastructure.test.dll" id="20d0e760-cc92-4bf1-03eb-1722be5c1a9e">
            <Execution id="2c911fca-206d-495e-85ba-214ffe48d920" />
            <TestMethod codeBase="E:/KiSS-Builds/2/KiSS/KiSS4 Nightly Tests/Binaries/Kiss.Infrastructure.Test.DLL" adapterTypeName="Microsoft.VisualStudio.TestTools.TestTypes.Unit.UnitTestAdapter, Microsoft.VisualStudio.QualityTools.Tips.UnitTest.Adapter, Version=10.0.0.0, Culture=neutral, PublicKeyToken=b03f5f7f11d50a3a" className="Kiss.Infrastructure.Test.IoC.ContainerTest, Kiss.Infrastructure.Test, Version=1.0.0.0, Culture=neutral, PublicKeyToken=null" name="RegisterIoCEntry" />
        </UnitTest>
        <UnitTest name="Test_ValidateWholeBankWithInvalidField" storage="e:\kiss-builds\2\kiss\kiss4 nightly tests\binaries\kiss.klibu.bl.test.dll" id="b2972154-280e-595a-4452-1f4ae7d1d494">
            <Description>Validate a whole incorrect Bank</Description>
            <TestCategory>
                <TestCategoryItem TestCategory="Local" />
            </TestCategory>
            <Execution id="3bc69cf2-0153-4619-a473-3f7a18e0d18a" />
            <TestMethod codeBase="E:/KiSS-Builds/2/KiSS/KiSS4 Nightly Tests/Binaries/KiSS.KliBu.BL.Test.DLL" adapterTypeName="Microsoft.VisualStudio.TestTools.TestTypes.Unit.UnitTestAdapter, Microsoft.VisualStudio.QualityTools.Tips.UnitTest.Adapter, Version=10.0.0.0, Culture=neutral, PublicKeyToken=b03f5f7f11d50a3a" className="KiSS.KliBu.BL.Test.UnitTest.BankValidatorTest, KiSS.KliBu.BL.Test, Version=4.5.22.204, Culture=neutral, PublicKeyToken=null" name="Test_ValidateWholeBankWithInvalidField" />
        </UnitTest>
        <UnitTest name="Validate_ValidationErrors" storage="e:\kiss-builds\2\kiss\kiss4 nightly tests\binaries\kiss.bl.test.dll" id="396bc217-b4d6-f470-8158-8cf8b749153b">
            <Execution id="f77383db-4b43-41c2-be44-b9c3d562a934" />
            <TestMethod codeBase="E:/KiSS-Builds/2/KiSS/KiSS4 Nightly Tests/Binaries/Kiss.BL.Test.DLL" adapterTypeName="Microsoft.VisualStudio.TestTools.TestTypes.Unit.UnitTestAdapter, Microsoft.VisualStudio.QualityTools.Tips.UnitTest.Adapter, Version=10.0.0.0, Culture=neutral, PublicKeyToken=b03f5f7f11d50a3a" className="Kiss.BL.Test.Vm.Validation.VmKlientenbudgeVmKlientenbudgetValidatorTest, Kiss.BL.Test, Version=4.5.22.204, Culture=neutral, PublicKeyToken=null" name="Validate_ValidationErrors" />
        </UnitTest>
        <UnitTest name="Test_ParseTwoRecordFirstTooLong" storage="e:\kiss-builds\2\kiss\kiss4 nightly tests\binaries\kiss.klibu.bl.test.dll" id="f1f36931-1a41-4ec5-b54e-80bb52779c10">
            <Description>Parse a too long bank record and a second correct one. Only the seccond has to be in the list</Description>
            <TestCategory>
                <TestCategoryItem TestCategory="Local" />
            </TestCategory>
            <Execution id="9dd08408-eb83-42c1-a329-a6971124cfac" />
            <TestMethod codeBase="E:/KiSS-Builds/2/KiSS/KiSS4 Nightly Tests/Binaries/KiSS.KliBu.BL.Test.DLL" adapterTypeName="Microsoft.VisualStudio.TestTools.TestTypes.Unit.UnitTestAdapter, Microsoft.VisualStudio.QualityTools.Tips.UnitTest.Adapter, Version=10.0.0.0, Culture=neutral, PublicKeyToken=b03f5f7f11d50a3a" className="KiSS.KliBu.BL.Test.UnitTest.BankParserTest, KiSS.KliBu.BL.Test, Version=4.5.22.204, Culture=neutral, PublicKeyToken=null" name="Test_ParseTwoRecordFirstTooLong" />
        </UnitTest>
        <UnitTest name="GetLovCodeByLovName_LovFiltered_ResultIsFiltered" storage="e:\kiss-builds\2\kiss\kiss4 nightly tests\binaries\kiss.bl.test.dll" id="843c5bd6-921e-77a2-9e98-a58262de2ddb">
            <Execution id="32a16aba-1bee-4eb2-b172-32d28d26f7f5" />
            <TestMethod codeBase="E:/KiSS-Builds/2/KiSS/KiSS4 Nightly Tests/Binaries/Kiss.BL.Test.DLL" adapterTypeName="Microsoft.VisualStudio.TestTools.TestTypes.Unit.UnitTestAdapter, Microsoft.VisualStudio.QualityTools.Tips.UnitTest.Adapter, Version=10.0.0.0, Culture=neutral, PublicKeyToken=b03f5f7f11d50a3a" className="Kiss.BL.Test.System.XLovServiceTest, Kiss.BL.Test, Version=4.5.22.204, Culture=neutral, PublicKeyToken=null" name="GetLovCodeByLovName_LovFiltered_ResultIsFiltered" />
        </UnitTest>
        <UnitTest name="DeleteData_NewBudgetWithPosition_IsOk" storage="e:\kiss-builds\2\kiss\kiss4 nightly tests\binaries\kiss.bl.test.dll" id="4e794b3b-ad26-1344-b0b0-5cfaf9b494b9">
            <Execution id="c396c449-023b-4c70-be37-355146ecadbf" />
            <TestMethod codeBase="E:/KiSS-Builds/2/KiSS/KiSS4 Nightly Tests/Binaries/Kiss.BL.Test.DLL" adapterTypeName="Microsoft.VisualStudio.TestTools.TestTypes.Unit.UnitTestAdapter, Microsoft.VisualStudio.QualityTools.Tips.UnitTest.Adapter, Version=10.0.0.0, Culture=neutral, PublicKeyToken=b03f5f7f11d50a3a" className="Kiss.BL.Test.Vm.VmKlientenbudgetServiceTest, Kiss.BL.Test, Version=4.5.22.204, Culture=neutral, PublicKeyToken=null" name="DeleteData_NewBudgetWithPosition_IsOk" />
        </UnitTest>
        <UnitTest name="TestPostkontoUnformatiert_ConvertMulti_OnlyPostkonto" storage="e:\kiss-builds\2\kiss\kiss4 nightly tests\binaries\kiss.ui.controls.test.dll" id="be5a80e7-f54b-0186-60a9-4fcd68c14b21">
            <Execution id="fdc29533-f98d-48c3-8f93-079231991e87" />
            <TestMethod codeBase="E:/KiSS-Builds/2/KiSS/KiSS4 Nightly Tests/Binaries/Kiss.UI.Controls.Test.DLL" adapterTypeName="Microsoft.VisualStudio.TestTools.TestTypes.Unit.UnitTestAdapter, Microsoft.VisualStudio.QualityTools.Tips.UnitTest.Adapter, Version=10.0.0.0, Culture=neutral, PublicKeyToken=b03f5f7f11d50a3a" className="Kiss.UI.Controls.Test.PostkontoNrFormattingConverterTest, Kiss.UI.Controls.Test, Version=4.5.22.204, Culture=neutral, PublicKeyToken=null" name="TestPostkontoUnformatiert_ConvertMulti_OnlyPostkonto" />
        </UnitTest>
        <UnitTest name="InsertPendenz_JustExecuting" storage="e:\kiss-builds\2\kiss\kiss4 nightly tests\binaries\kiss4.schnittstellen.test.dll" id="290380cb-7c25-6b2e-5431-af726bc6b763">
            <Execution id="38f1e374-22b8-49a7-97e3-e02137eb2fd2" />
            <TestMethod codeBase="E:/KiSS-Builds/2/KiSS/KiSS4 Nightly Tests/Binaries/KiSS4.Schnittstellen.Test.DLL" adapterTypeName="Microsoft.VisualStudio.TestTools.TestTypes.Unit.UnitTestAdapter, Microsoft.VisualStudio.QualityTools.Tips.UnitTest.Adapter, Version=10.0.0.0, Culture=neutral, PublicKeyToken=b03f5f7f11d50a3a" className="KiSS4.Schnittstellen.Test.NewodPendenzServiceTest, KiSS4.Schnittstellen.Test, Version=4.5.22.204, Culture=neutral, PublicKeyToken=null" name="InsertPendenz_JustExecuting" />
        </UnitTest>
        <UnitTest name="Test_ParseCorrectRecord" storage="e:\kiss-builds\2\kiss\kiss4 nightly tests\binaries\kiss.klibu.bl.test.dll" id="84163ca7-45c8-74d1-5210-478e3e62416e">
            <Description>Parse a correct bank record</Description>
            <TestCategory>
                <TestCategoryItem TestCategory="Local" />
            </TestCategory>
            <Execution id="47db5dcf-f764-42a1-8e7b-517f76e65c4c" />
            <TestMethod codeBase="E:/KiSS-Builds/2/KiSS/KiSS4 Nightly Tests/Binaries/KiSS.KliBu.BL.Test.DLL" adapterTypeName="Microsoft.VisualStudio.TestTools.TestTypes.Unit.UnitTestAdapter, Microsoft.VisualStudio.QualityTools.Tips.UnitTest.Adapter, Version=10.0.0.0, Culture=neutral, PublicKeyToken=b03f5f7f11d50a3a" className="KiSS.KliBu.BL.Test.UnitTest.BankParserTest, KiSS.KliBu.BL.Test, Version=4.5.22.204, Culture=neutral, PublicKeyToken=null" name="Test_ParseCorrectRecord" />
        </UnitTest>
        <UnitTest name="Test_Decrement" storage="e:\kiss-builds\2\kiss\kiss4 nightly tests\binaries\kiss.infrastructure.test.dll" id="43381e01-5ec3-54e4-4ba7-09b81a341864">
            <Execution id="ec356fc1-d713-4fce-a316-a3cfa32eb050" />
            <TestMethod codeBase="E:/KiSS-Builds/2/KiSS/KiSS4 Nightly Tests/Binaries/Kiss.Infrastructure.Test.DLL" adapterTypeName="Microsoft.VisualStudio.TestTools.TestTypes.Unit.UnitTestAdapter, Microsoft.VisualStudio.QualityTools.Tips.UnitTest.Adapter, Version=10.0.0.0, Culture=neutral, PublicKeyToken=b03f5f7f11d50a3a" className="Kiss.Infrastructure.Test.MonthYearTest, Kiss.Infrastructure.Test, Version=1.0.0.0, Culture=neutral, PublicKeyToken=null" name="Test_Decrement" />
        </UnitTest>
        <UnitTest name="Test_GetPerson_ById" storage="e:\kiss-builds\2\kiss\kiss4 nightly tests\binaries\kiss.bl.test.dll" id="57f519f6-e0a0-6dba-a168-d7f458f99011">
            <Execution id="bf9b523b-33ee-4cf4-9c27-fb7c89a9ab02" />
            <TestMethod codeBase="E:/KiSS-Builds/2/KiSS/KiSS4 Nightly Tests/Binaries/Kiss.BL.Test.DLL" adapterTypeName="Microsoft.VisualStudio.TestTools.TestTypes.Unit.UnitTestAdapter, Microsoft.VisualStudio.QualityTools.Tips.UnitTest.Adapter, Version=10.0.0.0, Culture=neutral, PublicKeyToken=b03f5f7f11d50a3a" className="Kiss.BL.Test.Ba.BaDebitorSearchServiceTest, Kiss.BL.Test, Version=4.5.22.204, Culture=neutral, PublicKeyToken=null" name="Test_GetPerson_ById" />
        </UnitTest>
        <UnitTest name="Test_ErrorWhenFilialeNrNotInRange" storage="e:\kiss-builds\2\kiss\kiss4 nightly tests\binaries\kiss.klibu.bl.test.dll" id="c81972b8-cafc-4304-41a1-3fe88d05d8da">
            <Description>Should have a validation error when the FilialeNr is not in the range</Description>
            <TestCategory>
                <TestCategoryItem TestCategory="Local" />
            </TestCategory>
            <Execution id="1b42759a-18ce-446a-a158-b0175b17712c" />
            <TestMethod codeBase="E:/KiSS-Builds/2/KiSS/KiSS4 Nightly Tests/Binaries/KiSS.KliBu.BL.Test.DLL" adapterTypeName="Microsoft.VisualStudio.TestTools.TestTypes.Unit.UnitTestAdapter, Microsoft.VisualStudio.QualityTools.Tips.UnitTest.Adapter, Version=10.0.0.0, Culture=neutral, PublicKeyToken=b03f5f7f11d50a3a" className="KiSS.KliBu.BL.Test.UnitTest.BankValidatorTest, KiSS.KliBu.BL.Test, Version=4.5.22.204, Culture=neutral, PublicKeyToken=null" name="Test_ErrorWhenFilialeNrNotInRange" />
        </UnitTest>
        <UnitTest name="Test_ErrorWhenVornameIsEmpty" storage="e:\kiss-builds\2\kiss\kiss4 nightly tests\binaries\kiss.bl.test.dll" id="37c7d654-42bc-78fd-1bb5-c5ebc505548b">
            <Execution id="548d99a3-942f-45e9-ba27-1d05d4fc903e" />
            <TestMethod codeBase="E:/KiSS-Builds/2/KiSS/KiSS4 Nightly Tests/Binaries/Kiss.BL.Test.DLL" adapterTypeName="Microsoft.VisualStudio.TestTools.TestTypes.Unit.UnitTestAdapter, Microsoft.VisualStudio.QualityTools.Tips.UnitTest.Adapter, Version=10.0.0.0, Culture=neutral, PublicKeyToken=b03f5f7f11d50a3a" className="Kiss.BL.Test.Ba.Validation.BaPersonValidatorTest, Kiss.BL.Test, Version=4.5.22.204, Culture=neutral, PublicKeyToken=null" name="Test_ErrorWhenVornameIsEmpty" />
        </UnitTest>
        <UnitTest name="Validate_Empty_Entity" storage="e:\kiss-builds\2\kiss\kiss4 nightly tests\binaries\kiss.bl.test.dll" id="8bb77ff0-1b32-6a45-7092-9a1603f97e78">
            <Execution id="80fe82df-a53c-4f6e-9ac7-187ae89a8ef3" />
            <TestMethod codeBase="E:/KiSS-Builds/2/KiSS/KiSS4 Nightly Tests/Binaries/Kiss.BL.Test.DLL" adapterTypeName="Microsoft.VisualStudio.TestTools.TestTypes.Unit.UnitTestAdapter, Microsoft.VisualStudio.QualityTools.Tips.UnitTest.Adapter, Version=10.0.0.0, Culture=neutral, PublicKeyToken=b03f5f7f11d50a3a" className="Kiss.BL.Test.Vm.Validation.VmKlientenbudgeVmKlientenbudgetValidatorTest, Kiss.BL.Test, Version=4.5.22.204, Culture=neutral, PublicKeyToken=null" name="Validate_Empty_Entity" />
        </UnitTest>
        <UnitTest name="T02_GblMieteKvg" storage="e:\kiss-builds\2\kiss\kiss4 nightly tests\binaries\kiss4.sozialhilfe.test.dll" id="097c4be9-22f6-4312-f211-52d6a83905bc">
            <TestCategory>
                <TestCategoryItem TestCategory="LongRunning" />
            </TestCategory>
            <Execution id="675327bf-bd8c-4324-b487-4f608e2c4037" />
            <TestMethod codeBase="E:/KiSS-Builds/2/KiSS/KiSS4 Nightly Tests/Binaries/KiSS4.Sozialhilfe.Test.DLL" adapterTypeName="Microsoft.VisualStudio.TestTools.TestTypes.Unit.UnitTestAdapter, Microsoft.VisualStudio.QualityTools.Tips.UnitTest.Adapter, Version=10.0.0.0, Culture=neutral, PublicKeyToken=b03f5f7f11d50a3a" className="KiSS4.Sozialhilfe.Test.GruenstellenTest, KiSS4.Sozialhilfe.Test, Version=4.5.22.204, Culture=neutral, PublicKeyToken=null" name="T02_GblMieteKvg" />
        </UnitTest>
        <UnitTest name="Test_DtaRecordFactoryKlibuRecordLenghtBankNoIbanOK" storage="e:\kiss-builds\2\kiss\kiss4 nightly tests\binaries\kiss4.schnittstellen.test.dll" id="87d6c31c-fe9b-047c-1f61-cb345c9d23a3">
            <Execution id="2998c336-0053-4b11-8553-a4e0ae875a20" />
            <TestMethod codeBase="E:/KiSS-Builds/2/KiSS/KiSS4 Nightly Tests/Binaries/KiSS4.Schnittstellen.Test.DLL" adapterTypeName="Microsoft.VisualStudio.TestTools.TestTypes.Unit.UnitTestAdapter, Microsoft.VisualStudio.QualityTools.Tips.UnitTest.Adapter, Version=10.0.0.0, Culture=neutral, PublicKeyToken=b03f5f7f11d50a3a" className="KiSS4.Schnittstellen.Test.DtaRecordFactoryTests, KiSS4.Schnittstellen.Test, Version=4.5.22.204, Culture=neutral, PublicKeyToken=null" name="Test_DtaRecordFactoryKlibuRecordLenghtBankNoIbanOK" />
        </UnitTest>
        <UnitTest name="Test_DtaRecordFactoryKlibuRecordLenghtBankIbanOK" storage="e:\kiss-builds\2\kiss\kiss4 nightly tests\binaries\kiss4.schnittstellen.test.dll" id="b89e7a0e-afd4-a97a-a30b-db83b62957e0">
            <Execution id="5abdd411-6d51-4beb-81fc-d8b2860e1469" />
            <TestMethod codeBase="E:/KiSS-Builds/2/KiSS/KiSS4 Nightly Tests/Binaries/KiSS4.Schnittstellen.Test.DLL" adapterTypeName="Microsoft.VisualStudio.TestTools.TestTypes.Unit.UnitTestAdapter, Microsoft.VisualStudio.QualityTools.Tips.UnitTest.Adapter, Version=10.0.0.0, Culture=neutral, PublicKeyToken=b03f5f7f11d50a3a" className="KiSS4.Schnittstellen.Test.DtaRecordFactoryTests, KiSS4.Schnittstellen.Test, Version=4.5.22.204, Culture=neutral, PublicKeyToken=null" name="Test_DtaRecordFactoryKlibuRecordLenghtBankIbanOK" />
        </UnitTest>
        <UnitTest name="Validate_StandardAufwandIsLessThan0_Error" storage="e:\kiss-builds\2\kiss\kiss4 nightly tests\binaries\kiss.bl.test.dll" id="3981f4bb-ae7c-12ed-9758-dad30c960459">
            <Execution id="15193ff0-c4b4-4a59-b718-a97979eb2a7c" />
            <TestMethod codeBase="E:/KiSS-Builds/2/KiSS/KiSS4 Nightly Tests/Binaries/Kiss.BL.Test.DLL" adapterTypeName="Microsoft.VisualStudio.TestTools.TestTypes.Unit.UnitTestAdapter, Microsoft.VisualStudio.QualityTools.Tips.UnitTest.Adapter, Version=10.0.0.0, Culture=neutral, PublicKeyToken=b03f5f7f11d50a3a" className="Kiss.BL.Test.Fs.Validation.FsReduktionValidatorTest, Kiss.BL.Test, Version=4.5.22.204, Culture=neutral, PublicKeyToken=null" name="Validate_StandardAufwandIsLessThan0_Error" />
        </UnitTest>
        <UnitTest name="Test_UpdateBankName" storage="e:\kiss-builds\2\kiss\kiss4 nightly tests\binaries\kiss.klibu.bl.test.dll" id="62e8c46b-cc01-51e3-52e2-fa37b2d32b26">
            <Description>Bank-update with ClearingNr and FilialeNr that is already in the Repository</Description>
            <TestCategory>
                <TestCategoryItem TestCategory="LongRunning" />
            </TestCategory>
            <Execution id="55c34e8d-8f56-42ba-b1b0-cdb2e82a7724" />
            <TestMethod codeBase="E:/KiSS-Builds/2/KiSS/KiSS4 Nightly Tests/Binaries/KiSS.KliBu.BL.Test.DLL" adapterTypeName="Microsoft.VisualStudio.TestTools.TestTypes.Unit.UnitTestAdapter, Microsoft.VisualStudio.QualityTools.Tips.UnitTest.Adapter, Version=10.0.0.0, Culture=neutral, PublicKeyToken=b03f5f7f11d50a3a" className="KiSS.KliBu.BL.Test.UnitTest.BankabgleichMocked, KiSS.KliBu.BL.Test, Version=4.5.22.204, Culture=neutral, PublicKeyToken=null" name="Test_UpdateBankName" />
        </UnitTest>
        <UnitTest name="GetConfigValueMoneyTest" storage="e:\kiss-builds\2\kiss\kiss4 nightly tests\binaries\kiss.bl.test.dll" id="50e94fe0-b78a-cefc-a511-2c03c9042461">
            <Execution id="1fc9243f-e7fb-4540-993d-6a2056dbd415" />
            <TestMethod codeBase="E:/KiSS-Builds/2/KiSS/KiSS4 Nightly Tests/Binaries/Kiss.BL.Test.DLL" adapterTypeName="Microsoft.VisualStudio.TestTools.TestTypes.Unit.UnitTestAdapter, Microsoft.VisualStudio.QualityTools.Tips.UnitTest.Adapter, Version=10.0.0.0, Culture=neutral, PublicKeyToken=b03f5f7f11d50a3a" className="Kiss.BL.Test.System.XConfigServiceTest, Kiss.BL.Test, Version=4.5.22.204, Culture=neutral, PublicKeyToken=null" name="GetConfigValueMoneyTest" />
        </UnitTest>
        <UnitTest name="CheckDbName_Ok" storage="e:\kiss-builds\2\kiss\kiss4 nightly tests\binaries\kiss.bl.test.dll" id="fc59b09a-e63d-7fb6-296d-98c628fcc854">
            <Execution id="e6c6b916-e59d-4e8a-bfb9-0725db2ada5f" />
            <TestMethod codeBase="E:/KiSS-Builds/2/KiSS/KiSS4 Nightly Tests/Binaries/Kiss.BL.Test.DLL" adapterTypeName="Microsoft.VisualStudio.TestTools.TestTypes.Unit.UnitTestAdapter, Microsoft.VisualStudio.QualityTools.Tips.UnitTest.Adapter, Version=10.0.0.0, Culture=neutral, PublicKeyToken=b03f5f7f11d50a3a" className="Kiss.BL.Test.System.SystemServiceTest, Kiss.BL.Test, Version=4.5.22.204, Culture=neutral, PublicKeyToken=null" name="CheckDbName_Ok" />
        </UnitTest>
        <UnitTest name="SearchWithAdresse_validName_ListNotEmpty" storage="e:\kiss-builds\2\kiss\kiss4 nightly tests\binaries\kiss.bl.test.dll" id="8b284a3b-fd7b-e350-f163-855867cf4e56">
            <Execution id="0062e552-12b0-43ee-8c8d-7bec0e08712f" />
            <TestMethod codeBase="E:/KiSS-Builds/2/KiSS/KiSS4 Nightly Tests/Binaries/Kiss.BL.Test.DLL" adapterTypeName="Microsoft.VisualStudio.TestTools.TestTypes.Unit.UnitTestAdapter, Microsoft.VisualStudio.QualityTools.Tips.UnitTest.Adapter, Version=10.0.0.0, Culture=neutral, PublicKeyToken=b03f5f7f11d50a3a" className="Kiss.BL.Test.Ba.BaPersonServiceTest, Kiss.BL.Test, Version=4.5.22.204, Culture=neutral, PublicKeyToken=null" name="SearchWithAdresse_validName_ListNotEmpty" />
        </UnitTest>
        <UnitTest name="GetUserZugriffrecht_Owner_Ok" storage="e:\kiss-builds\2\kiss\kiss4 nightly tests\binaries\kiss.bl.test.dll" id="631480e0-7a4d-bddf-754a-f7e0991b5c32">
            <Execution id="8bd3b088-3292-44d6-9a4a-f7a0d863f7d5" />
            <TestMethod codeBase="E:/KiSS-Builds/2/KiSS/KiSS4 Nightly Tests/Binaries/Kiss.BL.Test.DLL" adapterTypeName="Microsoft.VisualStudio.TestTools.TestTypes.Unit.UnitTestAdapter, Microsoft.VisualStudio.QualityTools.Tips.UnitTest.Adapter, Version=10.0.0.0, Culture=neutral, PublicKeyToken=b03f5f7f11d50a3a" className="Kiss.BL.Test.KissSystem.BerechtigungsServiceTest, Kiss.BL.Test, Version=4.5.22.204, Culture=neutral, PublicKeyToken=null" name="GetUserZugriffrecht_Owner_Ok" />
        </UnitTest>
        <UnitTest name="GetData_getInsertedData_DienstleistungExists" storage="e:\kiss-builds\2\kiss\kiss4 nightly tests\binaries\kiss.bl.test.dll" id="9d4e86f7-b994-937c-f34f-d904690c9009">
            <Execution id="482fb239-e566-468a-8142-71260bb246c5" />
            <TestMethod codeBase="E:/KiSS-Builds/2/KiSS/KiSS4 Nightly Tests/Binaries/Kiss.BL.Test.DLL" adapterTypeName="Microsoft.VisualStudio.TestTools.TestTypes.Unit.UnitTestAdapter, Microsoft.VisualStudio.QualityTools.Tips.UnitTest.Adapter, Version=10.0.0.0, Culture=neutral, PublicKeyToken=b03f5f7f11d50a3a" className="Kiss.BL.Test.Fs.FsDienstleistungspaketServiceTest, Kiss.BL.Test, Version=4.5.22.204, Culture=neutral, PublicKeyToken=null" name="GetData_getInsertedData_DienstleistungExists" />
        </UnitTest>
        <UnitTest name="Validate_StandardAufwandIsLessThan0_Error" storage="e:\kiss-builds\2\kiss\kiss4 nightly tests\binaries\kiss.bl.test.dll" id="638c6208-f2b0-7a19-5733-999dd64e6b05">
            <Execution id="e0443c8a-71a7-44ef-bb34-1a2f8167b8b2" />
            <TestMethod codeBase="E:/KiSS-Builds/2/KiSS/KiSS4 Nightly Tests/Binaries/Kiss.BL.Test.DLL" adapterTypeName="Microsoft.VisualStudio.TestTools.TestTypes.Unit.UnitTestAdapter, Microsoft.VisualStudio.QualityTools.Tips.UnitTest.Adapter, Version=10.0.0.0, Culture=neutral, PublicKeyToken=b03f5f7f11d50a3a" className="Kiss.BL.Test.Fs.Validation.FsDienstleistungValidatorTest, Kiss.BL.Test, Version=4.5.22.204, Culture=neutral, PublicKeyToken=null" name="Validate_StandardAufwandIsLessThan0_Error" />
        </UnitTest>
        <UnitTest name="GetMitarbeiterArbeitszeit_DecimalOk" storage="e:\kiss-builds\2\kiss\kiss4 nightly tests\binaries\kiss.bl.test.dll" id="b9f31d5e-aa2b-a4fc-3229-4cf34ede6a23">
            <TestCategory>
                <TestCategoryItem TestCategory="LongRunning" />
            </TestCategory>
            <Execution id="47327681-2570-4fa0-aab0-a18eb119512e" />
            <TestMethod codeBase="E:/KiSS-Builds/2/KiSS/KiSS4 Nightly Tests/Binaries/Kiss.BL.Test.DLL" adapterTypeName="Microsoft.VisualStudio.TestTools.TestTypes.Unit.UnitTestAdapter, Microsoft.VisualStudio.QualityTools.Tips.UnitTest.Adapter, Version=10.0.0.0, Culture=neutral, PublicKeyToken=b03f5f7f11d50a3a" className="Kiss.BL.Test.Fs.FsVerfuegbareArbeitszeitServiceTest, Kiss.BL.Test, Version=4.5.22.204, Culture=neutral, PublicKeyToken=null" name="GetMitarbeiterArbeitszeit_DecimalOk" />
        </UnitTest>
        <UnitTest name="Test_ValidateBankWithClearingNrNotInRange" storage="e:\kiss-builds\2\kiss\kiss4 nightly tests\binaries\kiss.klibu.bl.test.dll" id="25a61415-e6ef-21a0-95db-dd23411bac86">
            <Description>Validate Bank with Clearing not in range</Description>
            <TestCategory>
                <TestCategoryItem TestCategory="Local" />
            </TestCategory>
            <Execution id="cfae2c17-38f3-4daa-8dcb-b32d3035421c" />
            <TestMethod codeBase="E:/KiSS-Builds/2/KiSS/KiSS4 Nightly Tests/Binaries/KiSS.KliBu.BL.Test.DLL" adapterTypeName="Microsoft.VisualStudio.TestTools.TestTypes.Unit.UnitTestAdapter, Microsoft.VisualStudio.QualityTools.Tips.UnitTest.Adapter, Version=10.0.0.0, Culture=neutral, PublicKeyToken=b03f5f7f11d50a3a" className="KiSS.KliBu.BL.Test.UnitTest.BankValidatorTest, KiSS.KliBu.BL.Test, Version=4.5.22.204, Culture=neutral, PublicKeyToken=null" name="Test_ValidateBankWithClearingNrNotInRange" />
        </UnitTest>
        <UnitTest name="GetLovCode_LovWithCodeExists_ReturnListOfCodes" storage="e:\kiss-builds\2\kiss\kiss4 nightly tests\binaries\kiss.bl.test.dll" id="4ed13951-7231-8eb8-cad8-3dce4d34f272">
            <Execution id="369aac7d-d4a9-4384-8b4a-14cf4b66c73b" />
            <TestMethod codeBase="E:/KiSS-Builds/2/KiSS/KiSS4 Nightly Tests/Binaries/Kiss.BL.Test.DLL" adapterTypeName="Microsoft.VisualStudio.TestTools.TestTypes.Unit.UnitTestAdapter, Microsoft.VisualStudio.QualityTools.Tips.UnitTest.Adapter, Version=10.0.0.0, Culture=neutral, PublicKeyToken=b03f5f7f11d50a3a" className="Kiss.BL.Test.System.XLovServiceTest, Kiss.BL.Test, Version=4.5.22.204, Culture=neutral, PublicKeyToken=null" name="GetLovCode_LovWithCodeExists_ReturnListOfCodes" />
        </UnitTest>
        <UnitTest name="Test_ValidateWholeBankOk" storage="e:\kiss-builds\2\kiss\kiss4 nightly tests\binaries\kiss.klibu.bl.test.dll" id="46d1ad09-1d7a-c4ab-661a-6c01b5fd1154">
            <Description>Validate a whole Bank</Description>
            <TestCategory>
                <TestCategoryItem TestCategory="Local" />
            </TestCategory>
            <Execution id="4501158e-0f83-4b77-bf7d-660af0c86c27" />
            <TestMethod codeBase="E:/KiSS-Builds/2/KiSS/KiSS4 Nightly Tests/Binaries/KiSS.KliBu.BL.Test.DLL" adapterTypeName="Microsoft.VisualStudio.TestTools.TestTypes.Unit.UnitTestAdapter, Microsoft.VisualStudio.QualityTools.Tips.UnitTest.Adapter, Version=10.0.0.0, Culture=neutral, PublicKeyToken=b03f5f7f11d50a3a" className="KiSS.KliBu.BL.Test.UnitTest.BankValidatorTest, KiSS.KliBu.BL.Test, Version=4.5.22.204, Culture=neutral, PublicKeyToken=null" name="Test_ValidateWholeBankOk" />
        </UnitTest>
        <UnitTest name="Validate_ValidateEntity_ResultIsOk" storage="e:\kiss-builds\2\kiss\kiss4 nightly tests\binaries\kiss.bl.test.dll" id="e6d77bf5-03de-a199-0444-3d9f923e5230">
            <Execution id="30fd3585-a7a1-4019-8b19-517c279b1841" />
            <TestMethod codeBase="E:/KiSS-Builds/2/KiSS/KiSS4 Nightly Tests/Binaries/Kiss.BL.Test.DLL" adapterTypeName="Microsoft.VisualStudio.TestTools.TestTypes.Unit.UnitTestAdapter, Microsoft.VisualStudio.QualityTools.Tips.UnitTest.Adapter, Version=10.0.0.0, Culture=neutral, PublicKeyToken=b03f5f7f11d50a3a" className="Kiss.BL.Test.Fs.FsDienstleistungServiceTest, Kiss.BL.Test, Version=4.5.22.204, Culture=neutral, PublicKeyToken=null" name="Validate_ValidateEntity_ResultIsOk" />
        </UnitTest>
        <UnitTest name="Validate_CreatorIsEmpty_HasError" storage="e:\kiss-builds\2\kiss\kiss4 nightly tests\binaries\kiss.bl.test.dll" id="5487d224-8a71-89e6-063b-5a57a0fd2ffd">
            <Execution id="61254127-c3cf-46e9-a0a0-b4653647ec28" />
            <TestMethod codeBase="E:/KiSS-Builds/2/KiSS/KiSS4 Nightly Tests/Binaries/Kiss.BL.Test.DLL" adapterTypeName="Microsoft.VisualStudio.TestTools.TestTypes.Unit.UnitTestAdapter, Microsoft.VisualStudio.QualityTools.Tips.UnitTest.Adapter, Version=10.0.0.0, Culture=neutral, PublicKeyToken=b03f5f7f11d50a3a" className="Kiss.BL.Test.ValidatorBaseTest, Kiss.BL.Test, Version=4.5.22.204, Culture=neutral, PublicKeyToken=null" name="Validate_CreatorIsEmpty_HasError" />
        </UnitTest>
        <UnitTest name="Test_OkWhenBaInstitutionIDIsSet" storage="e:\kiss-builds\2\kiss\kiss4 nightly tests\binaries\kiss.bl.test.dll" id="298c263b-1354-7ffa-6f46-5e12f5c7c3c5">
            <Execution id="bb2e0461-ff10-47bb-8112-8435f7139b0b" />
            <TestMethod codeBase="E:/KiSS-Builds/2/KiSS/KiSS4 Nightly Tests/Binaries/Kiss.BL.Test.DLL" adapterTypeName="Microsoft.VisualStudio.TestTools.TestTypes.Unit.UnitTestAdapter, Microsoft.VisualStudio.QualityTools.Tips.UnitTest.Adapter, Version=10.0.0.0, Culture=neutral, PublicKeyToken=b03f5f7f11d50a3a" className="Kiss.BL.Test.Ba.Validation.BaAdresseValidatorTest, Kiss.BL.Test, Version=4.5.22.204, Culture=neutral, PublicKeyToken=null" name="Test_OkWhenBaInstitutionIDIsSet" />
        </UnitTest>
        <UnitTest name="Test_RuleFilialeNr" storage="e:\kiss-builds\2\kiss\kiss4 nightly tests\binaries\kiss.klibu.bl.test.dll" id="0dc977e6-e5fb-f6ce-9cdf-ca8965f673c1">
            <Description>Test the rule for FilialeNr</Description>
            <TestCategory>
                <TestCategoryItem TestCategory="Local" />
            </TestCategory>
            <Execution id="1da62f10-cf95-4c68-bc22-2c4e05dc0c88" />
            <TestMethod codeBase="E:/KiSS-Builds/2/KiSS/KiSS4 Nightly Tests/Binaries/KiSS.KliBu.BL.Test.DLL" adapterTypeName="Microsoft.VisualStudio.TestTools.TestTypes.Unit.UnitTestAdapter, Microsoft.VisualStudio.QualityTools.Tips.UnitTest.Adapter, Version=10.0.0.0, Culture=neutral, PublicKeyToken=b03f5f7f11d50a3a" className="KiSS.KliBu.BL.Test.UnitTest.BankValidatorTest, KiSS.KliBu.BL.Test, Version=4.5.22.204, Culture=neutral, PublicKeyToken=null" name="Test_RuleFilialeNr" />
        </UnitTest>
        <UnitTest name="Autofac_TwoContainerManagedResolve_should_be_the_same" storage="e:\kiss-builds\2\kiss\kiss4 nightly tests\binaries\kiss.common.test.dll" id="93593ee3-2ece-30e0-1e00-f34dc6afc221">
            <Execution id="cb9382ec-233c-4c20-a55f-1bad6414740a" />
            <TestMethod codeBase="E:/KiSS-Builds/2/KiSS/KiSS4 Nightly Tests/Binaries/KiSS.Common.Test.DLL" adapterTypeName="Microsoft.VisualStudio.TestTools.TestTypes.Unit.UnitTestAdapter, Microsoft.VisualStudio.QualityTools.Tips.UnitTest.Adapter, Version=10.0.0.0, Culture=neutral, PublicKeyToken=b03f5f7f11d50a3a" className="KiSS.Common.Test.IoC.AutofacTest, KiSS.Common.Test, Version=4.5.22.204, Culture=neutral, PublicKeyToken=null" name="Autofac_TwoContainerManagedResolve_should_be_the_same" />
        </UnitTest>
        <UnitTest name="GetUserZugriffrecht_Null" storage="e:\kiss-builds\2\kiss\kiss4 nightly tests\binaries\kiss.bl.test.dll" id="b083efb9-9f7b-bd0b-47d8-d4f6e9631138">
            <Execution id="77494773-990e-43ed-98e6-6ac3fda546ec" />
            <TestMethod codeBase="E:/KiSS-Builds/2/KiSS/KiSS4 Nightly Tests/Binaries/Kiss.BL.Test.DLL" adapterTypeName="Microsoft.VisualStudio.TestTools.TestTypes.Unit.UnitTestAdapter, Microsoft.VisualStudio.QualityTools.Tips.UnitTest.Adapter, Version=10.0.0.0, Culture=neutral, PublicKeyToken=b03f5f7f11d50a3a" className="Kiss.BL.Test.KissSystem.BerechtigungsServiceTest, Kiss.BL.Test, Version=4.5.22.204, Culture=neutral, PublicKeyToken=null" name="GetUserZugriffrecht_Null" />
        </UnitTest>
        <UnitTest name="Test_Length826" storage="e:\kiss-builds\2\kiss\kiss4 nightly tests\binaries\kiss4.schnittstellen.test.dll" id="78677b6a-9216-5b31-82a3-7d8fe23f1757">
            <Execution id="35cd65e1-5434-4bf7-885f-c4aab6d5d98a" />
            <TestMethod codeBase="E:/KiSS-Builds/2/KiSS/KiSS4 Nightly Tests/Binaries/KiSS4.Schnittstellen.Test.DLL" adapterTypeName="Microsoft.VisualStudio.TestTools.TestTypes.Unit.UnitTestAdapter, Microsoft.VisualStudio.QualityTools.Tips.UnitTest.Adapter, Version=10.0.0.0, Culture=neutral, PublicKeyToken=b03f5f7f11d50a3a" className="KiSS4.Schnittstellen.Test.DtaRecordTests, KiSS4.Schnittstellen.Test, Version=4.5.22.204, Culture=neutral, PublicKeyToken=null" name="Test_Length826" />
        </UnitTest>
        <UnitTest name="Validate_NameIsSet_IsValid" storage="e:\kiss-builds\2\kiss\kiss4 nightly tests\binaries\kiss.bl.test.dll" id="29f524b8-703e-0c7e-caa5-dbb343a26da6">
            <Execution id="41ad1852-a27c-4fa8-bbba-30bd72f2a59f" />
            <TestMethod codeBase="E:/KiSS-Builds/2/KiSS/KiSS4 Nightly Tests/Binaries/Kiss.BL.Test.DLL" adapterTypeName="Microsoft.VisualStudio.TestTools.TestTypes.Unit.UnitTestAdapter, Microsoft.VisualStudio.QualityTools.Tips.UnitTest.Adapter, Version=10.0.0.0, Culture=neutral, PublicKeyToken=b03f5f7f11d50a3a" className="Kiss.BL.Test.Fs.Validation.FsReduktionValidatorTest, Kiss.BL.Test, Version=4.5.22.204, Culture=neutral, PublicKeyToken=null" name="Validate_NameIsSet_IsValid" />
        </UnitTest>
        <UnitTest name="GetAlter_Geburtsdatum_Referenzdatum_Trotz_Sterbedatum" storage="e:\kiss-builds\2\kiss\kiss4 nightly tests\binaries\kiss.model.test.dll" id="2ac17ea7-31a7-7036-ebbc-8bfb3e591fc5">
            <Execution id="25576da6-abf2-4eb3-a226-cf99056a5db5" />
            <TestMethod codeBase="E:/KiSS-Builds/2/KiSS/KiSS4 Nightly Tests/Binaries/Kiss.Model.Test.DLL" adapterTypeName="Microsoft.VisualStudio.TestTools.TestTypes.Unit.UnitTestAdapter, Microsoft.VisualStudio.QualityTools.Tips.UnitTest.Adapter, Version=10.0.0.0, Culture=neutral, PublicKeyToken=b03f5f7f11d50a3a" className="Kiss.Model.Test.PartialTest.BaPersonPartialTest, Kiss.Model.Test, Version=4.5.22.204, Culture=neutral, PublicKeyToken=null" name="GetAlter_Geburtsdatum_Referenzdatum_Trotz_Sterbedatum" />
        </UnitTest>
        <UnitTest name="Test_ErrorWhenWohnStatusCodeNotInRange" storage="e:\kiss-builds\2\kiss\kiss4 nightly tests\binaries\kiss.bl.test.dll" id="15418fb0-98ae-7e4a-2eca-53aa3e66377c">
            <Execution id="075e079d-72f7-4c5b-acbc-a130935e5fb6" />
            <TestMethod codeBase="E:/KiSS-Builds/2/KiSS/KiSS4 Nightly Tests/Binaries/Kiss.BL.Test.DLL" adapterTypeName="Microsoft.VisualStudio.TestTools.TestTypes.Unit.UnitTestAdapter, Microsoft.VisualStudio.QualityTools.Tips.UnitTest.Adapter, Version=10.0.0.0, Culture=neutral, PublicKeyToken=b03f5f7f11d50a3a" className="Kiss.BL.Test.Ba.Validation.BaAdresseValidatorTest, Kiss.BL.Test, Version=4.5.22.204, Culture=neutral, PublicKeyToken=null" name="Test_ErrorWhenWohnStatusCodeNotInRange" />
        </UnitTest>
        <UnitTest name="GetUserZugriffrecht_Guest_Ok" storage="e:\kiss-builds\2\kiss\kiss4 nightly tests\binaries\kiss.bl.test.dll" id="790af009-773e-3740-cba1-499e841a666e">
            <Execution id="ee527ffa-e3f2-4332-9664-56e89909f351" />
            <TestMethod codeBase="E:/KiSS-Builds/2/KiSS/KiSS4 Nightly Tests/Binaries/Kiss.BL.Test.DLL" adapterTypeName="Microsoft.VisualStudio.TestTools.TestTypes.Unit.UnitTestAdapter, Microsoft.VisualStudio.QualityTools.Tips.UnitTest.Adapter, Version=10.0.0.0, Culture=neutral, PublicKeyToken=b03f5f7f11d50a3a" className="Kiss.BL.Test.KissSystem.BerechtigungsServiceTest, Kiss.BL.Test, Version=4.5.22.204, Culture=neutral, PublicKeyToken=null" name="GetUserZugriffrecht_Guest_Ok" />
        </UnitTest>
        <UnitTest name="ResolveParameter" storage="e:\kiss-builds\2\kiss\kiss4 nightly tests\binaries\kiss.bl.test.dll" id="d6f02512-2fac-4e09-bf89-6af38fac761f">
            <Execution id="e35d501c-d9f6-465c-bf7c-20eb2aa1faf0" />
            <TestMethod codeBase="E:/KiSS-Builds/2/KiSS/KiSS4 Nightly Tests/Binaries/Kiss.BL.Test.DLL" adapterTypeName="Microsoft.VisualStudio.TestTools.TestTypes.Unit.UnitTestAdapter, Microsoft.VisualStudio.QualityTools.Tips.UnitTest.Adapter, Version=10.0.0.0, Culture=neutral, PublicKeyToken=b03f5f7f11d50a3a" className="Kiss.BL.Test.ParameterInjectionTest, Kiss.BL.Test, Version=4.5.22.204, Culture=neutral, PublicKeyToken=null" name="ResolveParameter" />
        </UnitTest>
        <UnitTest name="SaveData_withTransactionNoError_stateAfterIsUnchanged" storage="e:\kiss-builds\2\kiss\kiss4 nightly tests\binaries\kiss.bl.test.dll" id="ed167017-bd4f-ec34-9f88-057a626dd893">
            <Execution id="9de6fd14-cd73-4f15-95c2-8828636f34a7" />
            <TestMethod codeBase="E:/KiSS-Builds/2/KiSS/KiSS4 Nightly Tests/Binaries/Kiss.BL.Test.DLL" adapterTypeName="Microsoft.VisualStudio.TestTools.TestTypes.Unit.UnitTestAdapter, Microsoft.VisualStudio.QualityTools.Tips.UnitTest.Adapter, Version=10.0.0.0, Culture=neutral, PublicKeyToken=b03f5f7f11d50a3a" className="Kiss.BL.Test.Common.TransactionScopeTest, Kiss.BL.Test, Version=4.5.22.204, Culture=neutral, PublicKeyToken=null" name="SaveData_withTransactionNoError_stateAfterIsUnchanged" />
        </UnitTest>
        <UnitTest name="Test_NonExistingPlaceholderShouldBeIgnored" storage="e:\kiss-builds\2\kiss\kiss4 nightly tests\binaries\kiss.common.test.dll" id="1ddb6a98-1bf0-8978-8d0a-cda08ad2bc0a">
            <Execution id="e78454a6-c6ac-41fa-b05e-667c2e8e8516" />
            <TestMethod codeBase="E:/KiSS-Builds/2/KiSS/KiSS4 Nightly Tests/Binaries/KiSS.Common.Test.DLL" adapterTypeName="Microsoft.VisualStudio.TestTools.TestTypes.Unit.UnitTestAdapter, Microsoft.VisualStudio.QualityTools.Tips.UnitTest.Adapter, Version=10.0.0.0, Culture=neutral, PublicKeyToken=b03f5f7f11d50a3a" className="KiSS.Common.Test.FormattedMessageTest, KiSS.Common.Test, Version=4.5.22.204, Culture=neutral, PublicKeyToken=null" name="Test_NonExistingPlaceholderShouldBeIgnored" />
        </UnitTest>
    </TestDefinitions>
    <TestLists>
        <TestList name="Results Not in a List" id="8c84fa94-04c1-424b-9868-57a2d4851a1d" />
        <TestList name="All Loaded Results" id="19431567-8539-422a-85d7-44ee4e166bda" />
    </TestLists>
    <TestEntries>
        <TestEntry testId="0be26540-c1d3-1e18-49f9-e032cba0a5d5" executionId="7c63f161-45d6-421a-80a6-9d4f7279b278" testListId="8c84fa94-04c1-424b-9868-57a2d4851a1d" />
        <TestEntry testId="5b139759-ebe2-ec9a-1e9d-65e2f63a0a7e" executionId="925a4f06-94f2-41a8-86d6-471ff9de81e1" testListId="8c84fa94-04c1-424b-9868-57a2d4851a1d" />
        <TestEntry testId="57f519f6-e0a0-6dba-a168-d7f458f99011" executionId="bf9b523b-33ee-4cf4-9c27-fb7c89a9ab02" testListId="8c84fa94-04c1-424b-9868-57a2d4851a1d" />
        <TestEntry testId="09d472ac-41b7-c26b-e890-9cc2e3761243" executionId="34f8d7ab-69f4-4521-b9fb-c6861afbb2c1" testListId="8c84fa94-04c1-424b-9868-57a2d4851a1d" />
        <TestEntry testId="7d5217a7-d49d-32a0-571d-0c88916b69fc" executionId="ceb5ad30-db4c-4c15-98ca-f8c8d1f1318e" testListId="8c84fa94-04c1-424b-9868-57a2d4851a1d" />
        <TestEntry testId="77d65b05-59ac-0766-4609-9511e30dcbe6" executionId="4f8bc455-d7bd-4516-b137-f43096668637" testListId="8c84fa94-04c1-424b-9868-57a2d4851a1d" />
        <TestEntry testId="1e900ecb-0147-37ef-7415-f671d421755b" executionId="061254ac-855c-4d66-858f-04559d148fe4" testListId="8c84fa94-04c1-424b-9868-57a2d4851a1d" />
        <TestEntry testId="8b2b71ab-73c1-c6f9-eac0-1603e8921ca5" executionId="38ed2d3d-649a-458d-94d6-775962d7a3b2" testListId="8c84fa94-04c1-424b-9868-57a2d4851a1d" />
        <TestEntry testId="c4200053-9682-de2d-6941-50d89010cec8" executionId="4263be9d-4c46-4769-8a89-a7fd7de4e938" testListId="8c84fa94-04c1-424b-9868-57a2d4851a1d" />
        <TestEntry testId="af75239f-2214-3d27-0b0c-73cd9b4e85d1" executionId="e7325ac6-2ef5-4b06-804a-cadb1facf11e" testListId="8c84fa94-04c1-424b-9868-57a2d4851a1d" />
        <TestEntry testId="a5e9df99-d8d1-fc9a-7b70-22c01ba65e14" executionId="7e631f04-89aa-4a5d-9470-d1e326d0b09f" testListId="8c84fa94-04c1-424b-9868-57a2d4851a1d" />
        <TestEntry testId="fce2a239-c078-a7b5-513c-1d670159b328" executionId="d75d70ca-3ef7-4ff3-84e2-a525ea902e46" testListId="8c84fa94-04c1-424b-9868-57a2d4851a1d" />
        <TestEntry testId="8b284a3b-fd7b-e350-f163-855867cf4e56" executionId="0062e552-12b0-43ee-8c8d-7bec0e08712f" testListId="8c84fa94-04c1-424b-9868-57a2d4851a1d" />
        <TestEntry testId="4a4440eb-c130-5fea-967d-f3a5f327a4ba" executionId="abfe9ddf-cdc9-4441-9daa-07dd69c88051" testListId="8c84fa94-04c1-424b-9868-57a2d4851a1d" />
        <TestEntry testId="f8e4995b-0945-3e0a-b223-bccb3758b1f1" executionId="b74a8b39-6456-4e4a-87c7-186fd2353de3" testListId="8c84fa94-04c1-424b-9868-57a2d4851a1d" />
        <TestEntry testId="55e15dae-f266-2eae-ed6a-d8571f63397e" executionId="ff9e378c-9004-4645-9872-81f0eb68e31a" testListId="8c84fa94-04c1-424b-9868-57a2d4851a1d" />
        <TestEntry testId="158d305f-4124-78af-47e1-3223cf7ebee2" executionId="9eece966-17e5-4a0d-a6f3-9cc5077e5109" testListId="8c84fa94-04c1-424b-9868-57a2d4851a1d" />
        <TestEntry testId="46672fb8-248d-1cd4-9668-db351d017060" executionId="a6a37ab1-1e2a-4b3a-bb62-4219f5b55367" testListId="8c84fa94-04c1-424b-9868-57a2d4851a1d" />
        <TestEntry testId="6b32a4f3-a7c1-5425-5f15-425f12cb3422" executionId="f3aaf733-067c-4fa1-9529-6162647161dc" testListId="8c84fa94-04c1-424b-9868-57a2d4851a1d" />
        <TestEntry testId="24fb927d-4fc2-0364-cf33-80e5c052afac" executionId="94a14fdb-52e0-4396-8e82-8e9db1bfb635" testListId="8c84fa94-04c1-424b-9868-57a2d4851a1d" />
        <TestEntry testId="1b9902d0-db7e-030e-8697-aceebc9836f1" executionId="122e49ec-f00a-4f13-89eb-d9a0908dc185" testListId="8c84fa94-04c1-424b-9868-57a2d4851a1d" />
        <TestEntry testId="edb7e755-21ad-a5b4-033e-5e1f65a63afa" executionId="77de5e36-454d-4c48-a3a5-5f74360ba399" testListId="8c84fa94-04c1-424b-9868-57a2d4851a1d" />
        <TestEntry testId="316eefc3-eefb-baa7-eca2-fecd530d9049" executionId="116a5cf0-0d2b-4b4f-bc0b-3673bd02e524" testListId="8c84fa94-04c1-424b-9868-57a2d4851a1d" />
        <TestEntry testId="7b38958a-c33b-cbf3-3386-3091cad0afb4" executionId="a196abc1-1658-4cf3-8e16-de9e26e3aa85" testListId="8c84fa94-04c1-424b-9868-57a2d4851a1d" />
        <TestEntry testId="61391737-480d-8a57-be50-c24ef0bfe40d" executionId="2331829e-c67a-406c-990e-3a49c46d4fe2" testListId="8c84fa94-04c1-424b-9868-57a2d4851a1d" />
        <TestEntry testId="15418fb0-98ae-7e4a-2eca-53aa3e66377c" executionId="075e079d-72f7-4c5b-acbc-a130935e5fb6" testListId="8c84fa94-04c1-424b-9868-57a2d4851a1d" />
        <TestEntry testId="298c263b-1354-7ffa-6f46-5e12f5c7c3c5" executionId="bb2e0461-ff10-47bb-8112-8435f7139b0b" testListId="8c84fa94-04c1-424b-9868-57a2d4851a1d" />
        <TestEntry testId="fe623415-9355-f7e4-39d5-48eadc4b36d5" executionId="ff45c79b-d281-45d1-b7c0-8cc826bbff6e" testListId="8c84fa94-04c1-424b-9868-57a2d4851a1d" />
        <TestEntry testId="4b172f29-03cc-3173-2bdd-e539d5d33b58" executionId="60bf51df-c500-4db1-8cf6-2e7ca44f2162" testListId="8c84fa94-04c1-424b-9868-57a2d4851a1d" />
        <TestEntry testId="a3367e4d-8dc2-4994-9927-b56be9120cbb" executionId="50e2b83c-d0c9-4f50-b51d-97a4e6c59981" testListId="8c84fa94-04c1-424b-9868-57a2d4851a1d" />
        <TestEntry testId="e92f8d22-5f78-8500-d66d-7affe111f12f" executionId="464aac3b-f3d3-4589-93ef-d23b76c57629" testListId="8c84fa94-04c1-424b-9868-57a2d4851a1d" />
        <TestEntry testId="b3e36dd1-6e99-cfdf-6fbe-1857bd2b2e94" executionId="9e5e27c2-1b07-412d-a503-44ebd08d7fb1" testListId="8c84fa94-04c1-424b-9868-57a2d4851a1d" />
        <TestEntry testId="cb61c375-661d-2f04-00ac-e99dfea50049" executionId="15d30252-7e59-4008-8a89-f6d46bc41e34" testListId="8c84fa94-04c1-424b-9868-57a2d4851a1d" />
        <TestEntry testId="ef92ec3a-6dde-459b-9dde-74fa38be3b42" executionId="1d8415b4-2318-48e8-8d5f-832c9eed9561" testListId="8c84fa94-04c1-424b-9868-57a2d4851a1d" />
        <TestEntry testId="37c7d654-42bc-78fd-1bb5-c5ebc505548b" executionId="548d99a3-942f-45e9-ba27-1d05d4fc903e" testListId="8c84fa94-04c1-424b-9868-57a2d4851a1d" />
        <TestEntry testId="616114f8-2398-b22f-1cf7-9427364b9093" executionId="5bf7b06b-2a66-4330-8da1-dfb0536b99cd" testListId="8c84fa94-04c1-424b-9868-57a2d4851a1d" />
        <TestEntry testId="8ec217d7-f568-d639-66a0-47232733c2ed" executionId="a7bbd1d5-0d63-440d-a932-66dbf1a16661" testListId="8c84fa94-04c1-424b-9868-57a2d4851a1d" />
        <TestEntry testId="a493b28a-8925-9f99-bbe6-b78c6adf118b" executionId="b9621240-8bf5-40e4-a8f6-2efb354fc760" testListId="8c84fa94-04c1-424b-9868-57a2d4851a1d" />
        <TestEntry testId="65c8dfb6-8c52-6515-a65c-0cfd53b82716" executionId="3d93401c-1e57-4b9a-a9b6-8c8636bcbfc5" testListId="8c84fa94-04c1-424b-9868-57a2d4851a1d" />
        <TestEntry testId="6c59dc14-440f-2c3c-f3ea-54de558823ca" executionId="94a0270a-a820-4052-9b17-ccb0c7d9c9df" testListId="8c84fa94-04c1-424b-9868-57a2d4851a1d" />
        <TestEntry testId="f9d4766d-313b-a2d1-8f48-bd2381ce4781" executionId="4c933258-9bfc-4401-be3f-a0e6de03489b" testListId="8c84fa94-04c1-424b-9868-57a2d4851a1d" />
        <TestEntry testId="1b330d1a-ef9a-aff4-caf8-00b2bbc1e2cc" executionId="1547fdeb-bf1b-4c53-9d17-9c51b0f3c964" testListId="8c84fa94-04c1-424b-9868-57a2d4851a1d" />
        <TestEntry testId="b8758357-8487-f956-e44f-316f00451c2c" executionId="f46e8db0-6d4f-43d3-9f5f-98c16cc76e57" testListId="8c84fa94-04c1-424b-9868-57a2d4851a1d" />
        <TestEntry testId="b2fa702e-8cb8-4c24-30f4-64f2956e6072" executionId="316d12bb-e52e-4579-9341-e0764bd064dd" testListId="8c84fa94-04c1-424b-9868-57a2d4851a1d" />
        <TestEntry testId="30efb037-0d38-a896-d5b0-c357822ca76e" executionId="d30105c7-0eb3-4c80-9e2a-aa28172dbf3e" testListId="8c84fa94-04c1-424b-9868-57a2d4851a1d" />
        <TestEntry testId="54154e0a-ced3-0400-2481-1f722438d5f9" executionId="a70330be-4488-47cf-9df7-2ef74f95575e" testListId="8c84fa94-04c1-424b-9868-57a2d4851a1d" />
        <TestEntry testId="10049e04-a198-43c5-ec23-d6c027a81ac5" executionId="e058b4d3-1801-4113-ac53-f2b357d63617" testListId="8c84fa94-04c1-424b-9868-57a2d4851a1d" />
        <TestEntry testId="50b3e5f7-63b6-7d33-acd3-3bde21d730a2" executionId="ab36713e-6bb3-4a9e-8065-cdfad8e5ea10" testListId="8c84fa94-04c1-424b-9868-57a2d4851a1d" />
        <TestEntry testId="4b62d7d2-793e-d1a1-326b-f3d58fa4b3ac" executionId="8bbfd16c-1a14-4981-819e-b3b76331c21b" testListId="8c84fa94-04c1-424b-9868-57a2d4851a1d" />
        <TestEntry testId="aa50949b-8911-d318-f806-cb1f8a36d29a" executionId="21e5ce7c-2c7f-4d8a-8e59-0a50296ed582" testListId="8c84fa94-04c1-424b-9868-57a2d4851a1d" />
        <TestEntry testId="d9a90e3b-7bcd-8b28-93b5-b81682e5191c" executionId="29459cfe-afe8-459b-a8ce-8183b80d64b0" testListId="8c84fa94-04c1-424b-9868-57a2d4851a1d" />
        <TestEntry testId="b601944f-0c48-90ec-af40-7cc5ccd6d033" executionId="e0e1994d-1cd7-42f7-a714-6433408b97f8" testListId="8c84fa94-04c1-424b-9868-57a2d4851a1d" />
        <TestEntry testId="b4676536-2f3e-fd6d-7136-5feffc77ba1f" executionId="0aa57345-2db0-4d4e-b8dd-bf78d4d22cf1" testListId="8c84fa94-04c1-424b-9868-57a2d4851a1d" />
        <TestEntry testId="ed167017-bd4f-ec34-9f88-057a626dd893" executionId="9de6fd14-cd73-4f15-95c2-8828636f34a7" testListId="8c84fa94-04c1-424b-9868-57a2d4851a1d" />
        <TestEntry testId="e540f327-293d-b9c1-8b2a-4cfc123a1441" executionId="abb4c7c3-eba9-4e4e-aef0-f3ea77d7c202" testListId="8c84fa94-04c1-424b-9868-57a2d4851a1d" />
        <TestEntry testId="0936aca1-8097-f3ce-82b2-29a760f1a58e" executionId="9ca24697-fb0a-4aa9-8469-0cc180510e51" testListId="8c84fa94-04c1-424b-9868-57a2d4851a1d" />
        <TestEntry testId="a1bbfab4-34fc-0254-2557-a692689e735d" executionId="120686fb-9782-4280-aff3-665a2565fad5" testListId="8c84fa94-04c1-424b-9868-57a2d4851a1d" />
        <TestEntry testId="8aa424d2-5056-095b-167f-ffce67c97b3f" executionId="65793744-5a40-4748-8a32-e01fb81bfe41" testListId="8c84fa94-04c1-424b-9868-57a2d4851a1d" />
        <TestEntry testId="805d8feb-bf35-e932-2c68-4fc3012a2a4b" executionId="ba0b6e8b-7504-44bf-bfc8-87c3dfa25a05" testListId="8c84fa94-04c1-424b-9868-57a2d4851a1d" />
        <TestEntry testId="0ac09f26-e80d-671b-0f8b-e03fd753ad59" executionId="e2be3b48-06b4-40f3-9484-07a321187435" testListId="8c84fa94-04c1-424b-9868-57a2d4851a1d" />
        <TestEntry testId="5555c4cc-81ad-0fde-f9ad-f58ebbb0310e" executionId="414196d0-f618-4090-87e8-949265a36ec4" testListId="8c84fa94-04c1-424b-9868-57a2d4851a1d" />
        <TestEntry testId="48badc67-48cb-add0-d632-3c4bd1722866" executionId="6254f76e-402e-419e-9565-94f80d074ccf" testListId="8c84fa94-04c1-424b-9868-57a2d4851a1d" />
        <TestEntry testId="4960ddc2-7dcd-290c-dac8-5026f8e0d54f" executionId="889ba813-8af7-41fb-9d7d-54de988f1f75" testListId="8c84fa94-04c1-424b-9868-57a2d4851a1d" />
        <TestEntry testId="38a659ab-4f57-5ef2-6fc4-df857316edb7" executionId="d81f6062-d650-4505-a9e5-99b1e2af1943" testListId="8c84fa94-04c1-424b-9868-57a2d4851a1d" />
        <TestEntry testId="3f0f45a8-35d1-adcf-8fde-e6190d7fc7e6" executionId="eab66471-6f3a-4e0b-95e3-53888f42b838" testListId="8c84fa94-04c1-424b-9868-57a2d4851a1d" />
        <TestEntry testId="3b418b4a-a0c0-3df0-d1f8-a4005ff2c324" executionId="e8eb7eef-82bd-4883-a19d-7668c2c8276d" testListId="8c84fa94-04c1-424b-9868-57a2d4851a1d" />
        <TestEntry testId="c4c7e3ae-c8a1-7aa5-9af1-8345c6b9c42b" executionId="1a17fcfe-d262-4776-88a6-3dac8ef17ef5" testListId="8c84fa94-04c1-424b-9868-57a2d4851a1d" />
        <TestEntry testId="76243ff0-fde0-517f-1815-bd9105dc4d6b" executionId="96222bde-de97-45b7-916c-9fc515787ab8" testListId="8c84fa94-04c1-424b-9868-57a2d4851a1d" />
        <TestEntry testId="a79973ae-056f-9fee-b929-1f74bccea3d8" executionId="c7944550-77c6-4005-bc11-03f0e94ed2dc" testListId="8c84fa94-04c1-424b-9868-57a2d4851a1d" />
        <TestEntry testId="18c53bbf-46dc-17d0-9ed1-e554bd41b7f6" executionId="ce21be7a-a444-4623-a247-974608637d2d" testListId="8c84fa94-04c1-424b-9868-57a2d4851a1d" />
        <TestEntry testId="3741a778-9295-33c3-fae9-d898d47a15ab" executionId="0495e95e-f602-4ced-a21f-2a398da96fa8" testListId="8c84fa94-04c1-424b-9868-57a2d4851a1d" />
        <TestEntry testId="e6d77bf5-03de-a199-0444-3d9f923e5230" executionId="30fd3585-a7a1-4019-8b19-517c279b1841" testListId="8c84fa94-04c1-424b-9868-57a2d4851a1d" />
        <TestEntry testId="745d59ee-4996-0ec7-af4a-dcd14b7035cf" executionId="0690a8e3-76b2-4c77-a2d4-0a2321804264" testListId="8c84fa94-04c1-424b-9868-57a2d4851a1d" />
        <TestEntry testId="b2bde516-1257-821b-915d-889af6ae7a55" executionId="80147a53-9fb6-4909-b7cc-1cb67d8a28b2" testListId="8c84fa94-04c1-424b-9868-57a2d4851a1d" />
        <TestEntry testId="c173b1d2-a46a-4380-f2e0-7e1b8da9fd73" executionId="37888cd6-ba0f-4518-b013-5e75308977ed" testListId="8c84fa94-04c1-424b-9868-57a2d4851a1d" />
        <TestEntry testId="9d4e86f7-b994-937c-f34f-d904690c9009" executionId="482fb239-e566-468a-8142-71260bb246c5" testListId="8c84fa94-04c1-424b-9868-57a2d4851a1d" />
        <TestEntry testId="f0b56cb5-24c4-ff40-b328-1b146e9f1076" executionId="2e4099e7-4daf-4e6a-af9d-f105b54071f0" testListId="8c84fa94-04c1-424b-9868-57a2d4851a1d" />
        <TestEntry testId="3e52b6dd-b6a9-2a94-6eff-125bab4fcf91" executionId="5bb45613-3204-4ebf-be2b-37c24c04c23d" testListId="8c84fa94-04c1-424b-9868-57a2d4851a1d" />
        <TestEntry testId="05650a59-32bf-1d6c-4f29-fe643603e471" executionId="598913e6-be2e-4282-9c88-71c78c1045d8" testListId="8c84fa94-04c1-424b-9868-57a2d4851a1d" />
        <TestEntry testId="57d343cd-5eb1-6a4b-45cf-a335d13d3ad4" executionId="9b4c5462-bd8f-473a-b6b9-342d6c3e74b4" testListId="8c84fa94-04c1-424b-9868-57a2d4851a1d" />
        <TestEntry testId="cebd777f-e842-fe4a-a3f8-c0c7dd98a024" executionId="21ed6b2d-fa25-490c-a446-b49a9019dbea" testListId="8c84fa94-04c1-424b-9868-57a2d4851a1d" />
        <TestEntry testId="8ed2abb7-a6be-8330-b4c4-cc06338b326f" executionId="d71cf7de-7542-47e1-907e-fea5d9320636" testListId="8c84fa94-04c1-424b-9868-57a2d4851a1d" />
        <TestEntry testId="fa4e0f09-10cc-e517-e4de-ad0bf8df5a78" executionId="1f504614-6b49-4a4d-b759-d889e493041e" testListId="8c84fa94-04c1-424b-9868-57a2d4851a1d" />
        <TestEntry testId="1ae1a839-e997-fcf2-2eab-a3718a11ba73" executionId="552404fc-d738-47ee-aa5f-1e2c18aacc6e" testListId="8c84fa94-04c1-424b-9868-57a2d4851a1d" />
        <TestEntry testId="0fa75a26-8d65-73df-a2b0-1501e8ec7d6c" executionId="14021413-074d-45bf-8279-20d9f0f15819" testListId="8c84fa94-04c1-424b-9868-57a2d4851a1d" />
        <TestEntry testId="ef20ab64-fa6d-e0a5-74ee-17d5d97e964a" executionId="087358bd-76a3-44ed-83ac-68ce8dac1e81" testListId="8c84fa94-04c1-424b-9868-57a2d4851a1d" />
        <TestEntry testId="a2eafc66-8eae-e330-67be-e5f44d3088d8" executionId="da57a6e1-7368-4ea4-9afc-113be3bf81ff" testListId="8c84fa94-04c1-424b-9868-57a2d4851a1d" />
        <TestEntry testId="72aa2310-1469-8499-bd57-d8c744e8b4b6" executionId="764a2432-80ab-4b97-aac1-cc1225e5d91b" testListId="8c84fa94-04c1-424b-9868-57a2d4851a1d" />
        <TestEntry testId="b9d6c002-ad98-ae28-b74c-58e63a6a69a2" executionId="0d09f759-4b69-4763-bb21-6ba6fbfdb5ce" testListId="8c84fa94-04c1-424b-9868-57a2d4851a1d" />
        <TestEntry testId="fddc661a-a92d-0ab1-10d9-60121ec8abd2" executionId="231e4012-2a47-422e-a9e6-91677d5a0571" testListId="8c84fa94-04c1-424b-9868-57a2d4851a1d" />
        <TestEntry testId="5f0cc3e3-df8a-4689-75de-a3abb9f9098e" executionId="a3fbcdde-f376-4ea2-8b4f-f19367fa778a" testListId="8c84fa94-04c1-424b-9868-57a2d4851a1d" />
        <TestEntry testId="5d14cb4d-0865-004f-cfd5-2a46c9eaf4f4" executionId="2ddd0609-6ba2-4ea6-b3e0-24d4db8a9cee" testListId="8c84fa94-04c1-424b-9868-57a2d4851a1d" />
        <TestEntry testId="6c0222eb-eefa-4962-6e34-3bb7cd4dfbc2" executionId="779d1c9e-5c4b-4283-aab8-35c7379c1aa4" testListId="8c84fa94-04c1-424b-9868-57a2d4851a1d" />
        <TestEntry testId="315af571-203d-0b93-f525-0742cef6e329" executionId="f1a33027-b83c-4a07-bb55-c28a01f82d14" testListId="8c84fa94-04c1-424b-9868-57a2d4851a1d" />
        <TestEntry testId="30d316b1-da60-54f3-74f3-0b39d19fa594" executionId="cf582284-7aa3-437e-8cab-1a2cd699442f" testListId="8c84fa94-04c1-424b-9868-57a2d4851a1d" />
        <TestEntry testId="b9f31d5e-aa2b-a4fc-3229-4cf34ede6a23" executionId="47327681-2570-4fa0-aab0-a18eb119512e" testListId="8c84fa94-04c1-424b-9868-57a2d4851a1d" />
        <TestEntry testId="12ca63d0-d37b-caa3-427a-b5c1731949fb" executionId="c8627188-0db6-4d50-8e34-962506280277" testListId="8c84fa94-04c1-424b-9868-57a2d4851a1d" />
        <TestEntry testId="d84bf429-45e0-7652-40b6-31ef7ad671ac" executionId="e9a69e3b-6a9b-4da0-b672-66c055984124" testListId="8c84fa94-04c1-424b-9868-57a2d4851a1d" />
        <TestEntry testId="0bf00f0e-fc64-1ddf-f931-47473e44508a" executionId="f042aa7f-fd43-4a83-8db9-f44d9b44d61b" testListId="8c84fa94-04c1-424b-9868-57a2d4851a1d" />
        <TestEntry testId="440ed178-4184-6652-f066-58ea85b91604" executionId="faaab941-04ef-41e5-869f-a513eacb4b82" testListId="8c84fa94-04c1-424b-9868-57a2d4851a1d" />
        <TestEntry testId="946f8226-74de-bd03-37ca-c10698b1961b" executionId="efe9b648-d185-4f0e-aa6d-c30163171ef2" testListId="8c84fa94-04c1-424b-9868-57a2d4851a1d" />
        <TestEntry testId="c43b41fb-14c2-e166-59db-ee9fc5ba0c9f" executionId="93c291ec-0b20-42b3-90a3-a9a9fec59fbf" testListId="8c84fa94-04c1-424b-9868-57a2d4851a1d" />
        <TestEntry testId="43f26e08-6b91-4298-6188-79892ce10c5a" executionId="8f17e91b-5434-4997-a3e0-f1e1c2bffc6c" testListId="8c84fa94-04c1-424b-9868-57a2d4851a1d" />
        <TestEntry testId="e3f1335d-2040-c5cf-0ca6-6bac4d6abd51" executionId="9629e4ae-1025-4cd4-960d-f659c848a3ba" testListId="8c84fa94-04c1-424b-9868-57a2d4851a1d" />
        <TestEntry testId="fc4f45f1-6ee9-323d-1c4f-39b2fcd7fcb0" executionId="d323ecdb-14c7-4da2-96f6-e4c3c36324fa" testListId="8c84fa94-04c1-424b-9868-57a2d4851a1d" />
        <TestEntry testId="ab306580-19ff-4db4-387e-3e16f84989d7" executionId="c6772194-6a8d-438d-8c5e-00e446c7656a" testListId="8c84fa94-04c1-424b-9868-57a2d4851a1d" />
        <TestEntry testId="fbd40b1f-cd91-4fa7-11a4-cc2bbbca339d" executionId="d7f184ca-b729-473d-a392-c8f4aa4b8446" testListId="8c84fa94-04c1-424b-9868-57a2d4851a1d" />
        <TestEntry testId="638c6208-f2b0-7a19-5733-999dd64e6b05" executionId="e0443c8a-71a7-44ef-bb34-1a2f8167b8b2" testListId="8c84fa94-04c1-424b-9868-57a2d4851a1d" />
        <TestEntry testId="62f4c7f7-c916-7381-e674-e01e1bc0b2f5" executionId="a9a4cb04-23c3-400a-819d-7ef10b097e97" testListId="8c84fa94-04c1-424b-9868-57a2d4851a1d" />
        <TestEntry testId="2841b54b-caf2-c415-926c-01ef6500098b" executionId="7c695468-8465-4a65-8665-98416f687227" testListId="8c84fa94-04c1-424b-9868-57a2d4851a1d" />
        <TestEntry testId="0e901f68-dff1-716c-d7b0-32b31bfeb00a" executionId="c05063b5-eac6-4ae7-8d77-85cc0f28d430" testListId="8c84fa94-04c1-424b-9868-57a2d4851a1d" />
        <TestEntry testId="29f524b8-703e-0c7e-caa5-dbb343a26da6" executionId="41ad1852-a27c-4fa8-bbba-30bd72f2a59f" testListId="8c84fa94-04c1-424b-9868-57a2d4851a1d" />
        <TestEntry testId="6f4f7a85-42c2-1d68-4f91-cd40ccc7d9f8" executionId="65178190-4af0-437f-b8d1-e941301a1661" testListId="8c84fa94-04c1-424b-9868-57a2d4851a1d" />
        <TestEntry testId="1dbd89f5-20fc-d67d-d64d-99bb3b817cab" executionId="9affab9e-7b07-4855-bb69-54a65d2ad1ca" testListId="8c84fa94-04c1-424b-9868-57a2d4851a1d" />
        <TestEntry testId="3981f4bb-ae7c-12ed-9758-dad30c960459" executionId="15193ff0-c4b4-4a59-b718-a97979eb2a7c" testListId="8c84fa94-04c1-424b-9868-57a2d4851a1d" />
        <TestEntry testId="790af009-773e-3740-cba1-499e841a666e" executionId="ee527ffa-e3f2-4332-9664-56e89909f351" testListId="8c84fa94-04c1-424b-9868-57a2d4851a1d" />
        <TestEntry testId="4f124980-de29-8590-bd78-10f36825cf14" executionId="9d45b4fd-7224-403a-9d78-0d57a9d75a19" testListId="8c84fa94-04c1-424b-9868-57a2d4851a1d" />
        <TestEntry testId="b083efb9-9f7b-bd0b-47d8-d4f6e9631138" executionId="77494773-990e-43ed-98e6-6ac3fda546ec" testListId="8c84fa94-04c1-424b-9868-57a2d4851a1d" />
        <TestEntry testId="631480e0-7a4d-bddf-754a-f7e0991b5c32" executionId="8bd3b088-3292-44d6-9a4a-f7a0d863f7d5" testListId="8c84fa94-04c1-424b-9868-57a2d4851a1d" />
        <TestEntry testId="d9285925-7d6b-05a2-0876-c771423664d9" executionId="80fb886d-b5b4-4955-a7cd-e7a49be34231" testListId="8c84fa94-04c1-424b-9868-57a2d4851a1d" />
        <TestEntry testId="3df86408-9ef5-a4c2-7c62-99bed29f7da4" executionId="b6d23c7d-968b-42b4-98fe-53e057feff9c" testListId="8c84fa94-04c1-424b-9868-57a2d4851a1d" />
        <TestEntry testId="c9c5fd09-8478-f66f-150f-8e5070def7a7" executionId="f79bf2d5-82c3-4c61-a55e-7270e68d2eed" testListId="8c84fa94-04c1-424b-9868-57a2d4851a1d" />
        <TestEntry testId="d6f02512-2fac-4e09-bf89-6af38fac761f" executionId="e35d501c-d9f6-465c-bf7c-20eb2aa1faf0" testListId="8c84fa94-04c1-424b-9868-57a2d4851a1d" />
        <TestEntry testId="388fe6a8-cb0f-4daf-3974-6faeb9da8e50" executionId="2a261898-ed3b-4795-96d0-bf96ef52a39f" testListId="8c84fa94-04c1-424b-9868-57a2d4851a1d" />
        <TestEntry testId="b94ba082-ed7a-0546-bbd2-d11d50d9c6c1" executionId="eb9b2c47-8c39-4133-83f8-c716457d17f8" testListId="8c84fa94-04c1-424b-9868-57a2d4851a1d" />
        <TestEntry testId="60062d34-2be9-13c9-6ac2-f824e4cefca8" executionId="5654ffad-f862-449e-90d9-74733ed093ac" testListId="8c84fa94-04c1-424b-9868-57a2d4851a1d" />
        <TestEntry testId="a325cda1-d952-25d3-a1ac-cc3f9bd9deba" executionId="a053cdf4-db83-45cc-be90-37b6e280225d" testListId="8c84fa94-04c1-424b-9868-57a2d4851a1d" />
        <TestEntry testId="fc59b09a-e63d-7fb6-296d-98c628fcc854" executionId="e6c6b916-e59d-4e8a-bfb9-0725db2ada5f" testListId="8c84fa94-04c1-424b-9868-57a2d4851a1d" />
        <TestEntry testId="87b364ed-0586-8b26-45c0-c5fb0af21690" executionId="1cf6d931-e5ec-427c-b11b-43283c52ab67" testListId="8c84fa94-04c1-424b-9868-57a2d4851a1d" />
        <TestEntry testId="e60dffb4-ca8e-0ef1-e9a7-d459cd070073" executionId="624dfe51-a122-4e33-851f-d8c1e6101bf8" testListId="8c84fa94-04c1-424b-9868-57a2d4851a1d" />
        <TestEntry testId="2567fa0d-b7ac-884a-b9b1-606baa8cc0db" executionId="ed60851c-21f1-4d4b-b9c7-049e3fbf9399" testListId="8c84fa94-04c1-424b-9868-57a2d4851a1d" />
        <TestEntry testId="7723ae67-7057-de87-7a3f-051f87cbad9a" executionId="eeb686fa-829c-41db-a6c2-050b3192f9ba" testListId="8c84fa94-04c1-424b-9868-57a2d4851a1d" />
        <TestEntry testId="9f8f3a0f-4f38-e82d-8d72-c0700cc01252" executionId="156ac1dd-5229-44dd-ba65-c3956f119d91" testListId="8c84fa94-04c1-424b-9868-57a2d4851a1d" />
        <TestEntry testId="f4474dff-7f75-545c-d9ba-0e0c7d61013a" executionId="cfc2b8d1-c18c-473d-9cdf-a6d41dc36f72" testListId="8c84fa94-04c1-424b-9868-57a2d4851a1d" />
        <TestEntry testId="954e953e-740e-ecd2-0ecb-5f4ff8832cb3" executionId="4ebaaa5d-0dae-48ce-96c8-56f9178be498" testListId="8c84fa94-04c1-424b-9868-57a2d4851a1d" />
        <TestEntry testId="f6411559-ce73-5d15-ab1a-e8c8cb87ffbe" executionId="4a00e4a6-6bcf-4994-9320-f1571d0e5e1e" testListId="8c84fa94-04c1-424b-9868-57a2d4851a1d" />
        <TestEntry testId="50e94fe0-b78a-cefc-a511-2c03c9042461" executionId="1fc9243f-e7fb-4540-993d-6a2056dbd415" testListId="8c84fa94-04c1-424b-9868-57a2d4851a1d" />
        <TestEntry testId="88c8b397-ac79-5e52-f0f1-bc447209749d" executionId="dcb39b6b-759b-4c1f-8669-440fee015901" testListId="8c84fa94-04c1-424b-9868-57a2d4851a1d" />
        <TestEntry testId="e5798ba5-a16a-76d7-62fe-45928df92613" executionId="a5653f55-990a-4942-be93-366fd0082b31" testListId="8c84fa94-04c1-424b-9868-57a2d4851a1d" />
        <TestEntry testId="149a6d5d-0af0-1c63-d473-0d8873514abf" executionId="ef0ff814-4868-4a88-9b90-b4e231e5240b" testListId="8c84fa94-04c1-424b-9868-57a2d4851a1d" />
        <TestEntry testId="4ed13951-7231-8eb8-cad8-3dce4d34f272" executionId="369aac7d-d4a9-4384-8b4a-14cf4b66c73b" testListId="8c84fa94-04c1-424b-9868-57a2d4851a1d" />
        <TestEntry testId="59edf8ba-f39e-8d8c-e7fa-7629d02c0f4a" executionId="2a8f5120-6504-4c79-99da-2a82d441926d" testListId="8c84fa94-04c1-424b-9868-57a2d4851a1d" />
        <TestEntry testId="be2e3067-4dc6-08c0-17a6-02495c5d82be" executionId="f519e5ec-64b9-4ada-afcf-a46ebf462f23" testListId="8c84fa94-04c1-424b-9868-57a2d4851a1d" />
        <TestEntry testId="36734ee1-5da8-0cf8-12cf-ad9234b7ec19" executionId="c898bd8d-6a29-4661-94f9-63589ceedbe2" testListId="8c84fa94-04c1-424b-9868-57a2d4851a1d" />
        <TestEntry testId="843c5bd6-921e-77a2-9e98-a58262de2ddb" executionId="32a16aba-1bee-4eb2-b172-32d28d26f7f5" testListId="8c84fa94-04c1-424b-9868-57a2d4851a1d" />
        <TestEntry testId="054d52ce-7662-e679-f27e-f371bc7dc7c0" executionId="681e7966-00e2-473a-b438-726f18cafbfd" testListId="8c84fa94-04c1-424b-9868-57a2d4851a1d" />
        <TestEntry testId="d50c28ee-4b22-b059-f054-3776f50239fe" executionId="d8492614-079d-4677-9379-24c6a110e773" testListId="8c84fa94-04c1-424b-9868-57a2d4851a1d" />
        <TestEntry testId="9bd9db87-da92-e011-0e7e-0053a7fad401" executionId="d1947200-099a-408b-bb1f-663ef4fb0bb8" testListId="8c84fa94-04c1-424b-9868-57a2d4851a1d" />
        <TestEntry testId="ef79a2c1-1487-48bd-45f0-f4f9f5abb9f1" executionId="f49b2325-9d49-423b-a480-33160594ba87" testListId="8c84fa94-04c1-424b-9868-57a2d4851a1d" />
        <TestEntry testId="f94d7dc2-bd84-7a5b-8f7c-12ac24ad2ae6" executionId="1f6f6c80-18d9-4efa-a850-5c29870757e6" testListId="8c84fa94-04c1-424b-9868-57a2d4851a1d" />
        <TestEntry testId="d050ff2d-b091-23d0-7f4b-ccf9cee7dcd1" executionId="d7569e88-8355-4a16-8b4b-e7b3a513fd39" testListId="8c84fa94-04c1-424b-9868-57a2d4851a1d" />
        <TestEntry testId="8f379138-9686-8c99-0c64-8e2159634e2b" executionId="8ace15b1-aa6b-4c05-ad2a-a08068b8706a" testListId="8c84fa94-04c1-424b-9868-57a2d4851a1d" />
        <TestEntry testId="5487d224-8a71-89e6-063b-5a57a0fd2ffd" executionId="61254127-c3cf-46e9-a0a0-b4653647ec28" testListId="8c84fa94-04c1-424b-9868-57a2d4851a1d" />
        <TestEntry testId="05de721c-b33f-8ce4-de02-627057a01278" executionId="cd702e47-e1f3-4f78-b06f-7b308214368f" testListId="8c84fa94-04c1-424b-9868-57a2d4851a1d" />
        <TestEntry testId="c7190297-9814-1a9e-4653-5844ce24d2c5" executionId="1ff5a500-5cdc-47a3-9156-6117a705c8ac" testListId="8c84fa94-04c1-424b-9868-57a2d4851a1d" />
        <TestEntry testId="b64975c0-81f9-1a7f-761d-16630dffb25b" executionId="3af588be-6db6-4f57-be78-b3a223cad2fa" testListId="8c84fa94-04c1-424b-9868-57a2d4851a1d" />
        <TestEntry testId="76926bac-89c6-b29d-12f5-59a1309acf8d" executionId="6bd96533-07e2-432b-98df-f7667bdd4bbd" testListId="8c84fa94-04c1-424b-9868-57a2d4851a1d" />
        <TestEntry testId="f89da2ae-9b5b-326c-1a3f-c9bf97fcaafd" executionId="4769b7e6-3349-4ca6-8ae4-f147cf22a326" testListId="8c84fa94-04c1-424b-9868-57a2d4851a1d" />
        <TestEntry testId="af6080a9-e9f5-07be-296d-4f3bf3ee9413" executionId="54d4324a-70ad-4691-a3a6-5be1224c3976" testListId="8c84fa94-04c1-424b-9868-57a2d4851a1d" />
        <TestEntry testId="19ae473f-6099-5227-f06d-3059e00ca763" executionId="2c51ff06-dae8-46cd-b2c6-2fbbb62d8206" testListId="8c84fa94-04c1-424b-9868-57a2d4851a1d" />
        <TestEntry testId="8bb77ff0-1b32-6a45-7092-9a1603f97e78" executionId="80fe82df-a53c-4f6e-9ac7-187ae89a8ef3" testListId="8c84fa94-04c1-424b-9868-57a2d4851a1d" />
        <TestEntry testId="358e2ca6-a0d8-fc97-0aa5-1c918a55265d" executionId="944e4f2e-d257-4694-a5bd-67e82ce1d928" testListId="8c84fa94-04c1-424b-9868-57a2d4851a1d" />
        <TestEntry testId="396bc217-b4d6-f470-8158-8cf8b749153b" executionId="f77383db-4b43-41c2-be44-b9c3d562a934" testListId="8c84fa94-04c1-424b-9868-57a2d4851a1d" />
        <TestEntry testId="c57a4ff8-b0c8-a5fe-38a6-624b6048d0eb" executionId="c97b1ed1-440e-4ac2-b99b-30131ffcf9ce" testListId="8c84fa94-04c1-424b-9868-57a2d4851a1d" />
        <TestEntry testId="3980aa0b-1b86-6253-552a-c66e46b8113c" executionId="5d496130-04bc-4618-886f-92f78753cc6c" testListId="8c84fa94-04c1-424b-9868-57a2d4851a1d" />
        <TestEntry testId="08fd41ce-efa8-02b1-9c43-1e7f271f5126" executionId="1dcb9760-efff-4ae2-bdbe-3bf4770ea081" testListId="8c84fa94-04c1-424b-9868-57a2d4851a1d" />
        <TestEntry testId="ad6a5c08-3e58-043c-fe4e-0b26c7021f1d" executionId="1c7f8c0c-5cbb-4ce8-83ba-2141b1ce4837" testListId="8c84fa94-04c1-424b-9868-57a2d4851a1d" />
        <TestEntry testId="4e794b3b-ad26-1344-b0b0-5cfaf9b494b9" executionId="c396c449-023b-4c70-be37-355146ecadbf" testListId="8c84fa94-04c1-424b-9868-57a2d4851a1d" />
        <TestEntry testId="8e8df2da-bb44-2ede-f8dc-97f4280e5138" executionId="981675e2-1862-494d-b703-2fd3e4922017" testListId="8c84fa94-04c1-424b-9868-57a2d4851a1d" />
        <TestEntry testId="2abbccd8-f2a0-cb90-76fa-a0dd1042cd56" executionId="8eed9c39-8a28-48fa-a103-a5a59b1f07e6" testListId="8c84fa94-04c1-424b-9868-57a2d4851a1d" />
        <TestEntry testId="71aa2394-9492-8bcb-ec97-d7f2fc4ee7c0" executionId="c3feb4bd-7233-49af-aaf1-34e3f9f0e55f" testListId="8c84fa94-04c1-424b-9868-57a2d4851a1d" />
        <TestEntry testId="1b1789c9-1488-cb1b-cb2a-126653ecd022" executionId="0f48e27a-2e32-4580-a2cb-6cf4cc3f6fae" testListId="8c84fa94-04c1-424b-9868-57a2d4851a1d" />
        <TestEntry testId="d8424179-cd51-c009-b6fb-6ff2ed659e1d" executionId="9760ead8-b40c-40f2-8999-c6f827e02c55" testListId="8c84fa94-04c1-424b-9868-57a2d4851a1d" />
        <TestEntry testId="1583b418-36ff-1d9f-8799-969416e41233" executionId="5b38182c-f16d-4dc7-b17a-18af61679238" testListId="8c84fa94-04c1-424b-9868-57a2d4851a1d" />
        <TestEntry testId="c58bfaaa-abc3-8b2f-3f60-5d33cc279565" executionId="d8c20058-adfa-45a2-a6fb-bb7df37e1c01" testListId="8c84fa94-04c1-424b-9868-57a2d4851a1d" />
        <TestEntry testId="a79442bb-8a9b-1b7d-d21f-876d39615fa8" executionId="4fcdf221-c048-4b3e-a579-124bc0ef2f8a" testListId="8c84fa94-04c1-424b-9868-57a2d4851a1d" />
        <TestEntry testId="a39a9a90-5b8c-22ff-8c3c-9ab8e635ede1" executionId="2ddd96cf-2148-4b39-854c-907f53411ec5" testListId="8c84fa94-04c1-424b-9868-57a2d4851a1d" />
        <TestEntry testId="845463c6-be67-9168-aa02-32cc56abb085" executionId="8196973e-d24e-4d05-abfe-ed7d01aab69f" testListId="8c84fa94-04c1-424b-9868-57a2d4851a1d" />
        <TestEntry testId="de5de296-ecc5-9814-78fb-630338c9e5ca" executionId="5d8b7984-b6fe-4392-aef6-bee68e245427" testListId="8c84fa94-04c1-424b-9868-57a2d4851a1d" />
        <TestEntry testId="1ddb6a98-1bf0-8978-8d0a-cda08ad2bc0a" executionId="e78454a6-c6ac-41fa-b05e-667c2e8e8516" testListId="8c84fa94-04c1-424b-9868-57a2d4851a1d" />
        <TestEntry testId="c4a2ea83-2f17-e495-c476-f842c9caaed6" executionId="ae2a1730-be07-4d10-a69f-d2653e244505" testListId="8c84fa94-04c1-424b-9868-57a2d4851a1d" />
        <TestEntry testId="e00f8ae0-84f3-1c8a-5fb4-bb9cae76b704" executionId="353955df-e427-4fed-8ace-2102c695f632" testListId="8c84fa94-04c1-424b-9868-57a2d4851a1d" />
        <TestEntry testId="ef10e83c-582f-71f7-1734-8851d9372921" executionId="73395273-98d0-4bcb-a8d7-a54b0f5169d6" testListId="8c84fa94-04c1-424b-9868-57a2d4851a1d" />
        <TestEntry testId="93593ee3-2ece-30e0-1e00-f34dc6afc221" executionId="cb9382ec-233c-4c20-a55f-1bad6414740a" testListId="8c84fa94-04c1-424b-9868-57a2d4851a1d" />
        <TestEntry testId="5130dbdd-299d-bc28-57ad-2d143f445096" executionId="07681519-cdb5-476d-956b-b936fcd42efa" testListId="8c84fa94-04c1-424b-9868-57a2d4851a1d" />
        <TestEntry testId="4f801b8c-dc30-5b57-a125-ea118d1fbe4f" executionId="2a40a846-535d-4826-88b8-e4b1f11ab7c6" testListId="8c84fa94-04c1-424b-9868-57a2d4851a1d" />
        <TestEntry testId="f6d8aa19-f339-cb8d-9264-1ab5c2407048" executionId="37407da5-1561-428d-9bd3-a53ec2edc6ed" testListId="8c84fa94-04c1-424b-9868-57a2d4851a1d" />
        <TestEntry testId="d62c5ef3-0ea6-3597-c5a1-83faba3ce245" executionId="86d6a918-d001-47e2-a34e-e2be117a3e5b" testListId="8c84fa94-04c1-424b-9868-57a2d4851a1d" />
        <TestEntry testId="042da973-6a85-8394-aee7-3d19e352f7fb" executionId="2706efdb-1bcb-44aa-a665-6dc0a5930e2a" testListId="8c84fa94-04c1-424b-9868-57a2d4851a1d" />
        <TestEntry testId="4784fe70-2b06-ef61-fd27-07f8060294ae" executionId="0f988389-3de3-4aaf-a30b-74d71e243064" testListId="8c84fa94-04c1-424b-9868-57a2d4851a1d" />
        <TestEntry testId="b5066d2c-6823-69c7-d7d6-824a48713ce0" executionId="931b66f3-98ee-4e79-a769-4dfc6a245e8d" testListId="8c84fa94-04c1-424b-9868-57a2d4851a1d" />
        <TestEntry testId="1153aa4c-4948-fe88-6ab7-b4f206182e7c" executionId="bdbeb8e0-d006-4e86-947e-1c688ab8f683" testListId="8c84fa94-04c1-424b-9868-57a2d4851a1d" />
        <TestEntry testId="30ba71cd-7345-0da0-82f9-0067a67f51cf" executionId="504e0f09-1fa0-45ba-95bb-a39e0eb6cc0c" testListId="8c84fa94-04c1-424b-9868-57a2d4851a1d" />
        <TestEntry testId="3e3fc219-99a6-d5e4-f91b-68a7833e0aa2" executionId="6503f0ce-0be9-43f3-8800-f58a8ad2b6f5" testListId="8c84fa94-04c1-424b-9868-57a2d4851a1d" />
        <TestEntry testId="1658fb11-50b8-c151-13dc-864f9ff21bed" executionId="5338a9d1-2d9c-42b2-8d60-ecc88c207680" testListId="8c84fa94-04c1-424b-9868-57a2d4851a1d" />
        <TestEntry testId="5555d58b-fc7e-dfb7-ee34-07fd8d30afaa" executionId="48d57731-8cd3-4c37-8cf5-c45c2fa7a136" testListId="8c84fa94-04c1-424b-9868-57a2d4851a1d" />
        <TestEntry testId="ca06887e-944f-a266-b527-59eb800dcdef" executionId="57b47778-f988-4b93-818d-6e3f8a852614" testListId="8c84fa94-04c1-424b-9868-57a2d4851a1d" />
        <TestEntry testId="044f1fa7-2da1-06f3-8e36-a085ceef9d17" executionId="315834b5-99e9-4430-9bb5-c3a18a2530f4" testListId="8c84fa94-04c1-424b-9868-57a2d4851a1d" />
        <TestEntry testId="dcc8d0e2-f154-8ddb-092d-8beb0e8671e5" executionId="3ed5c4b0-73d1-4727-a1c2-e770581860ca" testListId="8c84fa94-04c1-424b-9868-57a2d4851a1d" />
        <TestEntry testId="46f37710-a920-f66b-a3f3-c6ac79c370a3" executionId="be6f2d93-8180-4503-ab49-b0a503c08ec2" testListId="8c84fa94-04c1-424b-9868-57a2d4851a1d" />
        <TestEntry testId="a36ffb2b-bb13-2d62-401d-80119c6e28b0" executionId="c47ad4dd-bae1-484a-9df1-50bea604e7d7" testListId="8c84fa94-04c1-424b-9868-57a2d4851a1d" />
        <TestEntry testId="c10bb56a-788d-931c-f501-8c76ea6a2515" executionId="53b5fd91-14d2-4111-9c22-ff2d101ef0f3" testListId="8c84fa94-04c1-424b-9868-57a2d4851a1d" />
        <TestEntry testId="81e01c92-c57c-694f-83af-4933f7191d40" executionId="359f52b4-d031-4683-9928-1aba1b0aa43d" testListId="8c84fa94-04c1-424b-9868-57a2d4851a1d" />
        <TestEntry testId="2a9b6f5f-efa9-9b5e-cbbb-7b5e5502aafe" executionId="b4126594-0479-4f87-911f-4a2a87a67984" testListId="8c84fa94-04c1-424b-9868-57a2d4851a1d" />
        <TestEntry testId="07915cd5-b0b3-203d-d7cd-1957a203b6ea" executionId="426f0bcd-1e09-4da9-afe1-8565008d68c5" testListId="8c84fa94-04c1-424b-9868-57a2d4851a1d" />
        <TestEntry testId="524ccb4d-4a6e-d8b1-0e61-fb5d56b89384" executionId="89a3cc75-82bd-41c3-b77c-b2a240ce965f" testListId="8c84fa94-04c1-424b-9868-57a2d4851a1d" />
        <TestEntry testId="d73f82ae-09ee-a682-c9aa-5a182e845d61" executionId="9d133b99-41c1-40b2-be9c-827efc3ea527" testListId="8c84fa94-04c1-424b-9868-57a2d4851a1d" />
        <TestEntry testId="20d0e760-cc92-4bf1-03eb-1722be5c1a9e" executionId="2c911fca-206d-495e-85ba-214ffe48d920" testListId="8c84fa94-04c1-424b-9868-57a2d4851a1d" />
        <TestEntry testId="48e342bc-6a3f-6d08-cdd2-4a84f6983149" executionId="5ffa0cfa-0a78-4202-80b4-777af21959fc" testListId="8c84fa94-04c1-424b-9868-57a2d4851a1d" />
        <TestEntry testId="7cfafa9d-0feb-0c83-85a9-ff948134e20e" executionId="5fbf9fb4-d1a3-4315-bac3-7bc8028cc508" testListId="8c84fa94-04c1-424b-9868-57a2d4851a1d" />
        <TestEntry testId="ec7198f3-312e-290e-b3d2-59e0efc30d61" executionId="0055f19e-5203-49e2-acc3-2dd5b9124897" testListId="8c84fa94-04c1-424b-9868-57a2d4851a1d" />
        <TestEntry testId="823e4246-1240-3608-9118-e1f8c34ce8ea" executionId="f72090f7-a2ff-4c0e-a61d-b543ef0eb0d1" testListId="8c84fa94-04c1-424b-9868-57a2d4851a1d" />
        <TestEntry testId="510d785b-6a53-2af0-a21b-4d03701f0859" executionId="a0784fe3-8cfb-43c4-bd43-6318d0a617ae" testListId="8c84fa94-04c1-424b-9868-57a2d4851a1d" />
        <TestEntry testId="263a091e-04e4-80c2-31c0-2c80c6abb1e5" executionId="c94a71a7-6fc2-4936-aae8-1075c415bb75" testListId="8c84fa94-04c1-424b-9868-57a2d4851a1d" />
        <TestEntry testId="8eb17a3c-3ba0-3ab4-257c-d532564bf894" executionId="064e4b86-67c0-4016-bb26-12a85e50fc84" testListId="8c84fa94-04c1-424b-9868-57a2d4851a1d" />
        <TestEntry testId="6fe0716b-c936-6af7-a3bc-5d6332e177be" executionId="fde2a548-99db-458b-a77a-22d0df9191e8" testListId="8c84fa94-04c1-424b-9868-57a2d4851a1d" />
        <TestEntry testId="6a714d3d-5f95-ba09-1e68-dd991de58b43" executionId="a568eacb-3824-489c-9e07-25c08b0940ef" testListId="8c84fa94-04c1-424b-9868-57a2d4851a1d" />
        <TestEntry testId="e2f1aea9-edbd-1f04-fc29-8b55fab441fa" executionId="d7fb9c15-bfa1-41f6-81fd-969a80507d47" testListId="8c84fa94-04c1-424b-9868-57a2d4851a1d" />
        <TestEntry testId="43381e01-5ec3-54e4-4ba7-09b81a341864" executionId="ec356fc1-d713-4fce-a316-a3cfa32eb050" testListId="8c84fa94-04c1-424b-9868-57a2d4851a1d" />
        <TestEntry testId="ec568631-d9bb-a368-61c0-4ec9fab82d7f" executionId="05bffb1b-04bf-4c13-bd90-0055fdd910d2" testListId="8c84fa94-04c1-424b-9868-57a2d4851a1d" />
        <TestEntry testId="d7704856-2c4d-a316-b45b-52bed37ec58f" executionId="109d37c9-6208-45dc-b6b1-ca871c4d1819" testListId="8c84fa94-04c1-424b-9868-57a2d4851a1d" />
        <TestEntry testId="3b81d949-8c78-8c04-719e-42e67c75d6f4" executionId="eb0761f0-3f45-4166-99fd-b5f6da7bc023" testListId="8c84fa94-04c1-424b-9868-57a2d4851a1d" />
        <TestEntry testId="4541b7dc-b52d-e62e-1cd1-ba2314f0c895" executionId="0d5eb491-b45d-4579-9787-0972fd830d88" testListId="8c84fa94-04c1-424b-9868-57a2d4851a1d" />
        <TestEntry testId="95f71f0b-5a17-9a56-c998-c84f9e681b27" executionId="06921201-47c4-4eb6-b735-aa48b15cb351" testListId="8c84fa94-04c1-424b-9868-57a2d4851a1d" />
        <TestEntry testId="fb4fe380-6bdb-48f6-cf79-36033cbf2683" executionId="b0b7533d-61a3-4bc7-a74a-f76033d1cac5" testListId="8c84fa94-04c1-424b-9868-57a2d4851a1d" />
        <TestEntry testId="d8d9d74b-2f99-cbee-02fa-042af5e2dc03" executionId="31e5b2ff-8e11-4133-ab22-72fac5c09050" testListId="8c84fa94-04c1-424b-9868-57a2d4851a1d" />
        <TestEntry testId="2695fc1b-9f72-2581-e363-b4a0c021be59" executionId="485148b8-7d48-4462-a43a-de49d091e879" testListId="8c84fa94-04c1-424b-9868-57a2d4851a1d" />
        <TestEntry testId="08e4a310-6ae5-98bb-e923-0e8b0a77a3c5" executionId="7c2d3942-61c2-4229-8dee-12ddf3a5a44a" testListId="8c84fa94-04c1-424b-9868-57a2d4851a1d" />
        <TestEntry testId="c64b978f-0158-c869-4960-550d6936e173" executionId="76ac6a00-ec3d-488a-acd8-b2c2ba99165f" testListId="8c84fa94-04c1-424b-9868-57a2d4851a1d" />
        <TestEntry testId="9845afbc-9b81-137c-576a-5c0e88b537c8" executionId="0266ac0d-a7f7-4fb5-a3e3-306af9d76612" testListId="8c84fa94-04c1-424b-9868-57a2d4851a1d" />
        <TestEntry testId="8c0031d1-c860-933f-b350-7cd2e883b616" executionId="60c5338c-ee3f-4e5f-98b5-a2a1885b4bc2" testListId="8c84fa94-04c1-424b-9868-57a2d4851a1d" />
        <TestEntry testId="ee099727-150e-31f8-6c9a-cdb6ae333cf0" executionId="fd513b83-bf54-495b-bfce-9145d25cd814" testListId="8c84fa94-04c1-424b-9868-57a2d4851a1d" />
        <TestEntry testId="9e05b7e1-9c9d-33ff-7ec0-0988fade634d" executionId="76a629ff-ff95-45d2-8fbc-a86366942e2d" testListId="8c84fa94-04c1-424b-9868-57a2d4851a1d" />
        <TestEntry testId="e29510c6-352e-3b02-1a7d-8240a849491a" executionId="c1f98d8f-d2b1-4572-b8ee-6227c1c73f98" testListId="8c84fa94-04c1-424b-9868-57a2d4851a1d" />
        <TestEntry testId="a37f1836-1b78-836c-0496-9b6bee0ae308" executionId="3a9a7968-a10e-4a4f-8ff6-d54c13ef1c22" testListId="8c84fa94-04c1-424b-9868-57a2d4851a1d" />
        <TestEntry testId="583db28a-9b7e-487a-384f-c11be73e9e1d" executionId="f49d5401-17ba-4f86-885d-c3576be65482" testListId="8c84fa94-04c1-424b-9868-57a2d4851a1d" />
        <TestEntry testId="ee3106fa-57d5-5607-e5ce-f8fdcbbe00cc" executionId="1432f13c-8981-433e-b34d-fc4ad2601557" testListId="8c84fa94-04c1-424b-9868-57a2d4851a1d" />
        <TestEntry testId="6b1049df-02fb-6a75-6b67-a5d67d261da7" executionId="9e2f303f-9950-4f58-af6d-e6bbd3a9bac8" testListId="8c84fa94-04c1-424b-9868-57a2d4851a1d" />
        <TestEntry testId="a920ae33-66bd-65f2-a293-3436f0d6c754" executionId="3aef88c1-491a-49e0-8ffc-8adad0574b6f" testListId="8c84fa94-04c1-424b-9868-57a2d4851a1d" />
        <TestEntry testId="8db491d3-ecf4-9a34-4f89-849a3463b494" executionId="aa59061c-7bd5-4565-9274-3b6d7dfebd22" testListId="8c84fa94-04c1-424b-9868-57a2d4851a1d" />
        <TestEntry testId="d21d20ea-7150-f630-01fc-df302848e2b7" executionId="db4036e5-3362-4ac1-b101-439ab88b9a84" testListId="8c84fa94-04c1-424b-9868-57a2d4851a1d" />
        <TestEntry testId="62e8c46b-cc01-51e3-52e2-fa37b2d32b26" executionId="55c34e8d-8f56-42ba-b1b0-cdb2e82a7724" testListId="8c84fa94-04c1-424b-9868-57a2d4851a1d" />
        <TestEntry testId="e6395e91-14ff-07a5-e11a-f4fd8435a836" executionId="f87b38c9-4fee-4b40-885f-7d86eaf06529" testListId="8c84fa94-04c1-424b-9868-57a2d4851a1d" />
        <TestEntry testId="a82c0b63-5e26-11c5-b39a-eee73d5fc87e" executionId="794fc260-e178-4b8b-a1de-5cb05c7f7e63" testListId="8c84fa94-04c1-424b-9868-57a2d4851a1d" />
        <TestEntry testId="d11709cd-2d3c-fe0e-14e3-ffe2e1f7fc2d" executionId="b0b4af6c-c27d-4c25-9678-f12f531bc31b" testListId="8c84fa94-04c1-424b-9868-57a2d4851a1d" />
        <TestEntry testId="763a2c72-d296-3af3-dacb-0b6085723f26" executionId="b198e954-c91a-406c-8feb-b35a529158d4" testListId="8c84fa94-04c1-424b-9868-57a2d4851a1d" />
        <TestEntry testId="f1ac08be-b7ba-0081-ad6a-ca4ca44ab6e7" executionId="ad0d8737-0fe1-4592-b228-e47b634cad23" testListId="8c84fa94-04c1-424b-9868-57a2d4851a1d" />
        <TestEntry testId="84163ca7-45c8-74d1-5210-478e3e62416e" executionId="47db5dcf-f764-42a1-8e7b-517f76e65c4c" testListId="8c84fa94-04c1-424b-9868-57a2d4851a1d" />
        <TestEntry testId="488cf8bb-7751-1ec6-6809-664670d3091b" executionId="3c967226-8026-4dbe-b7aa-0b5af4ba5ed8" testListId="8c84fa94-04c1-424b-9868-57a2d4851a1d" />
        <TestEntry testId="c2dc03e7-b016-f237-d971-13efa1059936" executionId="0dfb96f7-26d1-4365-b1eb-c30c123cde8e" testListId="8c84fa94-04c1-424b-9868-57a2d4851a1d" />
        <TestEntry testId="fee9f225-e57d-bb9f-00e1-d97335e95327" executionId="f5f40edd-10d2-4772-8298-6ee02732e43f" testListId="8c84fa94-04c1-424b-9868-57a2d4851a1d" />
        <TestEntry testId="a5e834e3-6a47-4c0c-6c85-7e0fb36d96da" executionId="eaab3cfe-ba8d-45b0-bf28-d23d79df6164" testListId="8c84fa94-04c1-424b-9868-57a2d4851a1d" />
        <TestEntry testId="ef6b0973-219a-0c4c-b79d-30ab3a22bf49" executionId="c747c3e2-159b-4897-bc47-e0e4d3b024e1" testListId="8c84fa94-04c1-424b-9868-57a2d4851a1d" />
        <TestEntry testId="03d372f9-8f43-d168-1bad-ebbf9267bd68" executionId="76e6fc29-97c5-49a5-b6b5-10c9e274b30e" testListId="8c84fa94-04c1-424b-9868-57a2d4851a1d" />
        <TestEntry testId="41f413e8-95d4-6b63-343e-a73c02ce8055" executionId="bce42a61-f46a-40e8-a2f2-f67737a7dc4e" testListId="8c84fa94-04c1-424b-9868-57a2d4851a1d" />
        <TestEntry testId="436c37d9-48dc-cbdb-a89e-5c68b9f72041" executionId="7da8efe7-eac9-4136-8d59-98f5dc5e2306" testListId="8c84fa94-04c1-424b-9868-57a2d4851a1d" />
        <TestEntry testId="e1bec994-c6a6-d13c-d9bf-72c89bc30ff0" executionId="c692f443-5f95-4f89-8cc7-3e1fbf29fbae" testListId="8c84fa94-04c1-424b-9868-57a2d4851a1d" />
        <TestEntry testId="8060efb1-937f-fc07-d654-d58be3705ea3" executionId="5787d5ba-1820-418f-8932-9ff7d326d953" testListId="8c84fa94-04c1-424b-9868-57a2d4851a1d" />
        <TestEntry testId="530d7ece-6beb-7191-8b54-17f34db07f34" executionId="a6d3f83d-ecf9-48a6-b25f-e91006185bc3" testListId="8c84fa94-04c1-424b-9868-57a2d4851a1d" />
        <TestEntry testId="25015ca8-1942-7e2f-9c24-661d7bf9cd4e" executionId="e099799b-48e3-46b4-b140-f4784b515aae" testListId="8c84fa94-04c1-424b-9868-57a2d4851a1d" />
        <TestEntry testId="f1f36931-1a41-4ec5-b54e-80bb52779c10" executionId="9dd08408-eb83-42c1-a329-a6971124cfac" testListId="8c84fa94-04c1-424b-9868-57a2d4851a1d" />
        <TestEntry testId="18905ac0-e891-5110-9989-1fc71e7e448e" executionId="7ac952c4-1b22-4e73-84e4-007e73402263" testListId="8c84fa94-04c1-424b-9868-57a2d4851a1d" />
        <TestEntry testId="89ec15df-e80d-9335-0ec6-437c445bc34c" executionId="379b7b78-f4f0-44f6-845a-060e2dac2249" testListId="8c84fa94-04c1-424b-9868-57a2d4851a1d" />
        <TestEntry testId="514937d2-bc7a-de20-7c33-df269f9a9dfc" executionId="6c699b86-d748-4cb8-b499-d2484e8d6449" testListId="8c84fa94-04c1-424b-9868-57a2d4851a1d" />
        <TestEntry testId="b7eb3062-86e6-a9db-3ecb-d78b1cf12e4f" executionId="c51b1cd6-3d33-4d1b-a7ff-c0176eab097e" testListId="8c84fa94-04c1-424b-9868-57a2d4851a1d" />
        <TestEntry testId="869fb567-3ba3-595f-d5e1-f151cfd29e28" executionId="82baa50d-2670-47cf-8180-8300a5baaf3d" testListId="8c84fa94-04c1-424b-9868-57a2d4851a1d" />
        <TestEntry testId="c81972b8-cafc-4304-41a1-3fe88d05d8da" executionId="1b42759a-18ce-446a-a158-b0175b17712c" testListId="8c84fa94-04c1-424b-9868-57a2d4851a1d" />
        <TestEntry testId="f2e46d1d-3acb-b0f3-3d40-6c08af0f66f1" executionId="df28e423-eeb1-40e8-a62f-5de70209cea9" testListId="8c84fa94-04c1-424b-9868-57a2d4851a1d" />
        <TestEntry testId="2b3f65c2-65f4-d5c6-497f-44f8dba482ee" executionId="d27d99f9-7b5a-4bed-a868-14d0d5aa7800" testListId="8c84fa94-04c1-424b-9868-57a2d4851a1d" />
        <TestEntry testId="186d353e-fa3c-c0e9-a38e-a92028526f51" executionId="29e1ee45-e162-4b4f-84a9-69826abba692" testListId="8c84fa94-04c1-424b-9868-57a2d4851a1d" />
        <TestEntry testId="4d37f5ce-c3e0-59f7-85fa-b4ef3d853f99" executionId="b7c82d73-a641-4c98-b5b3-a8bcb4c4d35c" testListId="8c84fa94-04c1-424b-9868-57a2d4851a1d" />
        <TestEntry testId="565f04c6-b8aa-3519-5264-acbe004f5e3b" executionId="5cc2fdf8-0a3c-48cc-aa7e-2c7f2b89a764" testListId="8c84fa94-04c1-424b-9868-57a2d4851a1d" />
        <TestEntry testId="48c09c38-70cd-3ea4-61ac-7aa921f8cd38" executionId="6054d4f9-84cc-4f89-8863-2360368ff97f" testListId="8c84fa94-04c1-424b-9868-57a2d4851a1d" />
        <TestEntry testId="57e186ec-8e87-ae13-8973-761f140c08a8" executionId="10b85628-8360-408a-a6ed-af8341a5803a" testListId="8c84fa94-04c1-424b-9868-57a2d4851a1d" />
        <TestEntry testId="42d4cb89-70ae-b87d-3592-aae6175dec97" executionId="fb544d55-0295-4e05-b4bc-3d24da80abd4" testListId="8c84fa94-04c1-424b-9868-57a2d4851a1d" />
        <TestEntry testId="7db55114-2805-35eb-463d-7c8f31e8b4ca" executionId="147eb967-6f07-4d59-a89f-9322d6685a1f" testListId="8c84fa94-04c1-424b-9868-57a2d4851a1d" />
        <TestEntry testId="0dc977e6-e5fb-f6ce-9cdf-ca8965f673c1" executionId="1da62f10-cf95-4c68-bc22-2c4e05dc0c88" testListId="8c84fa94-04c1-424b-9868-57a2d4851a1d" />
        <TestEntry testId="ea62c1f6-fcbc-f24d-8352-4ed30c0c8dbe" executionId="4ec084fe-f458-4c78-b46e-bd24a1426aeb" testListId="8c84fa94-04c1-424b-9868-57a2d4851a1d" />
        <TestEntry testId="3a77ed93-09eb-bff6-df5c-96d5af51a483" executionId="84356d17-a263-4763-bc0d-9bdc8039e73c" testListId="8c84fa94-04c1-424b-9868-57a2d4851a1d" />
        <TestEntry testId="e66cf475-76cf-2525-9edc-5365178d7bd2" executionId="70ca2216-93ed-4099-a31b-b56e1673efd6" testListId="8c84fa94-04c1-424b-9868-57a2d4851a1d" />
        <TestEntry testId="51720503-aeab-2101-9a6c-7962f42e3b4f" executionId="6b8740bb-e33c-4783-b60e-a8ef04c326b2" testListId="8c84fa94-04c1-424b-9868-57a2d4851a1d" />
        <TestEntry testId="204f9aad-ffc6-9dac-2c59-bb8f262a8650" executionId="cb5e5cd0-8d69-49ce-a641-fe7f2989feaa" testListId="8c84fa94-04c1-424b-9868-57a2d4851a1d" />
        <TestEntry testId="0488a5fb-1a6b-f214-223a-9b00f5013c63" executionId="702e4758-b862-4f45-bf9e-f0ec8c359da0" testListId="8c84fa94-04c1-424b-9868-57a2d4851a1d" />
        <TestEntry testId="6c950fab-8f34-d2d7-1cac-5fd0af37212f" executionId="b51ce208-5898-4d92-b764-552c0b33f98b" testListId="8c84fa94-04c1-424b-9868-57a2d4851a1d" />
        <TestEntry testId="878041d0-e80d-0df3-462b-f9ba7c7c1f5d" executionId="3b9f1660-e4bb-4368-b3fd-e4459e081590" testListId="8c84fa94-04c1-424b-9868-57a2d4851a1d" />
        <TestEntry testId="6ba753bf-cd12-cd23-f9c6-a0a4ba935806" executionId="3c76516b-1eb4-4e1c-9872-1d58c1296406" testListId="8c84fa94-04c1-424b-9868-57a2d4851a1d" />
        <TestEntry testId="a62d1246-7dc1-9706-b940-7063f8c61254" executionId="74ad51c0-a10d-4e26-9ee5-370baa54b4fe" testListId="8c84fa94-04c1-424b-9868-57a2d4851a1d" />
        <TestEntry testId="8202bbeb-be65-d568-06ee-09144396b041" executionId="8b06b1f6-d807-402f-bc67-d26562f95c5c" testListId="8c84fa94-04c1-424b-9868-57a2d4851a1d" />
        <TestEntry testId="94d956e8-5687-4511-0bc4-b322550bd16d" executionId="2c0e3501-8c12-4f85-b9d8-5dc9b8434934" testListId="8c84fa94-04c1-424b-9868-57a2d4851a1d" />
        <TestEntry testId="25a61415-e6ef-21a0-95db-dd23411bac86" executionId="cfae2c17-38f3-4daa-8dcb-b32d3035421c" testListId="8c84fa94-04c1-424b-9868-57a2d4851a1d" />
        <TestEntry testId="79e7fa07-d859-75e0-506d-06021fe6fbd1" executionId="949f6e4a-7462-4eb4-9456-2fc1a3913e37" testListId="8c84fa94-04c1-424b-9868-57a2d4851a1d" />
        <TestEntry testId="46d1ad09-1d7a-c4ab-661a-6c01b5fd1154" executionId="4501158e-0f83-4b77-bf7d-660af0c86c27" testListId="8c84fa94-04c1-424b-9868-57a2d4851a1d" />
        <TestEntry testId="b2972154-280e-595a-4452-1f4ae7d1d494" executionId="3bc69cf2-0153-4619-a473-3f7a18e0d18a" testListId="8c84fa94-04c1-424b-9868-57a2d4851a1d" />
        <TestEntry testId="3851a5d6-02fa-ad7b-38c4-90d47c1eb3bb" executionId="896af7a1-07a9-42bb-8c6a-087960a09e2e" testListId="8c84fa94-04c1-424b-9868-57a2d4851a1d" />
        <TestEntry testId="cd083bb8-76c1-ee8e-1f45-20819147eaec" executionId="b37784d2-22a5-4352-93e2-426b1dc55c4e" testListId="8c84fa94-04c1-424b-9868-57a2d4851a1d" />
        <TestEntry testId="2ac17ea7-31a7-7036-ebbc-8bfb3e591fc5" executionId="25576da6-abf2-4eb3-a226-cf99056a5db5" testListId="8c84fa94-04c1-424b-9868-57a2d4851a1d" />
        <TestEntry testId="e6bcacf8-0151-0a87-c575-f161af022554" executionId="5b2e9de9-2f38-45e0-b0fd-494a3e07d469" testListId="8c84fa94-04c1-424b-9868-57a2d4851a1d" />
        <TestEntry testId="89ac5f19-4394-0799-2cd5-bb77cd43e77b" executionId="9fdca16a-fa48-46a6-b4a2-d9119bf10b07" testListId="8c84fa94-04c1-424b-9868-57a2d4851a1d" />
        <TestEntry testId="918db99d-82ca-371e-9670-611648da3a4b" executionId="77fe6d2d-c05b-473a-a6f3-60a944739354" testListId="8c84fa94-04c1-424b-9868-57a2d4851a1d" />
        <TestEntry testId="fa1a11ca-aa4b-bc21-7eb9-fe48ea443c9c" executionId="89afeb8d-24e4-4e1a-b042-05df3f86e3d5" testListId="8c84fa94-04c1-424b-9868-57a2d4851a1d" />
        <TestEntry testId="b1ac53d6-b5dc-0c46-0002-5c5cbcb16283" executionId="b8063b32-f648-4e30-8813-f52f7d8885a1" testListId="8c84fa94-04c1-424b-9868-57a2d4851a1d" />
        <TestEntry testId="15e1bbf6-183f-d332-6f5c-e2d979c2dd7e" executionId="6af5f135-5661-4637-8a98-938226160f3b" testListId="8c84fa94-04c1-424b-9868-57a2d4851a1d" />
        <TestEntry testId="be5a80e7-f54b-0186-60a9-4fcd68c14b21" executionId="fdc29533-f98d-48c3-8f93-079231991e87" testListId="8c84fa94-04c1-424b-9868-57a2d4851a1d" />
        <TestEntry testId="73c7c0d4-3c81-5c21-ef1a-1ba891ac8e4b" executionId="17140fd9-cff7-43e3-bb4f-7229c55fc786" testListId="8c84fa94-04c1-424b-9868-57a2d4851a1d" />
        <TestEntry testId="a69e586c-dea4-8cb4-3d2a-e578f6714ff1" executionId="6a1d229d-f9b4-4454-a207-3edf5ce8fdbc" testListId="8c84fa94-04c1-424b-9868-57a2d4851a1d" />
        <TestEntry testId="23f561bd-1fb9-aa1a-fb84-886320f51d36" executionId="5d49b539-8f2c-42d9-82ab-de7e2472481a" testListId="8c84fa94-04c1-424b-9868-57a2d4851a1d" />
        <TestEntry testId="52976acd-8aef-ec96-228e-dd1d1ca2e31b" executionId="47f919d0-322a-4f43-858d-c5acff861591" testListId="8c84fa94-04c1-424b-9868-57a2d4851a1d" />
        <TestEntry testId="2fb2a4a5-2eeb-7768-54ee-3db1b8bdbb7b" executionId="1da95f79-ec20-420d-b1a3-190e55ba132f" testListId="8c84fa94-04c1-424b-9868-57a2d4851a1d" />
        <TestEntry testId="6952d85f-a789-56e0-c9b8-d8d42a97589b" executionId="9924f6f1-cd70-4c9e-a39d-c2298b132df1" testListId="8c84fa94-04c1-424b-9868-57a2d4851a1d" />
        <TestEntry testId="f3c85bac-1ab0-f0e4-6d9c-ad5500f2cd9a" executionId="c52041d9-3548-4077-b58e-3690ed58f7e8" testListId="8c84fa94-04c1-424b-9868-57a2d4851a1d" />
        <TestEntry testId="90a8f4a3-d2b5-9f6b-02ca-14c1da2d68e1" executionId="ecaa6519-e3fb-4f4b-8f4a-b6156fc1002b" testListId="8c84fa94-04c1-424b-9868-57a2d4851a1d" />
        <TestEntry testId="f6e40c84-775e-6127-9223-5edc9d2e4606" executionId="6fd14f3a-6df0-4ab7-88e2-7dea9ed6eb64" testListId="8c84fa94-04c1-424b-9868-57a2d4851a1d" />
        <TestEntry testId="bc4ebe5c-231b-b2d3-077d-2a2916091a38" executionId="aeef07aa-c950-4ef6-aafb-9d52bc89fbb2" testListId="8c84fa94-04c1-424b-9868-57a2d4851a1d" />
        <TestEntry testId="0bef3933-3bd9-2293-329b-d48180963a9e" executionId="ab6266c0-6c5e-4926-bd07-fbefe74fd809" testListId="8c84fa94-04c1-424b-9868-57a2d4851a1d" />
        <TestEntry testId="3ab093c9-e9bd-bd61-14af-3f410975aa33" executionId="3cb1dbd5-284e-4136-b0a9-ed025f64aa6f" testListId="8c84fa94-04c1-424b-9868-57a2d4851a1d" />
        <TestEntry testId="5466c26f-876d-eb47-dc22-e3ef844340e0" executionId="41a3f496-1758-4684-a81a-5d52be7d3289" testListId="8c84fa94-04c1-424b-9868-57a2d4851a1d" />
        <TestEntry testId="4c677963-2ba8-387d-b544-835ecd654a96" executionId="4518da6a-bfeb-4baa-9f86-e5e0e2306dc9" testListId="8c84fa94-04c1-424b-9868-57a2d4851a1d" />
        <TestEntry testId="8128752c-b306-2d1d-1c8b-243eef322bee" executionId="ad4f72e2-2c64-4d89-9a14-26451115c26c" testListId="8c84fa94-04c1-424b-9868-57a2d4851a1d" />
        <TestEntry testId="bfcb8c04-1d3f-a83f-389f-7720f1f0918f" executionId="fcb64703-6a7b-4047-acf5-55f390291458" testListId="8c84fa94-04c1-424b-9868-57a2d4851a1d" />
        <TestEntry testId="53661b11-c745-48b2-edf1-898cfa9ef740" executionId="a954cddd-3bbb-41b8-a1af-f0e81794338a" testListId="8c84fa94-04c1-424b-9868-57a2d4851a1d" />
        <TestEntry testId="7ae5cd42-f5fa-314a-7a2a-f80f7df804ba" executionId="01269fe6-1eb1-45a2-ad6b-8e71c369901e" testListId="8c84fa94-04c1-424b-9868-57a2d4851a1d" />
        <TestEntry testId="5352e54c-8788-e7d6-5506-27d8c4b86c9a" executionId="1a78099c-f394-49d7-b355-126501cadd40" testListId="8c84fa94-04c1-424b-9868-57a2d4851a1d" />
        <TestEntry testId="be383277-9fa2-94ff-7a15-b71a63f3983a" executionId="cbad1955-827a-4228-b689-901314b914c7" testListId="8c84fa94-04c1-424b-9868-57a2d4851a1d" />
        <TestEntry testId="ef49fa79-465d-21d8-98b6-d9beb9894758" executionId="8f676b07-85e4-4914-b065-3689714684af" testListId="8c84fa94-04c1-424b-9868-57a2d4851a1d" />
        <TestEntry testId="29ffd185-cd79-fd5b-88f3-40e42c61732b" executionId="cb0c113c-527c-44d0-b7a3-19e9d6bb2600" testListId="8c84fa94-04c1-424b-9868-57a2d4851a1d" />
        <TestEntry testId="577300b3-e1ce-0257-4d88-a2c0363ac254" executionId="0bfe3d23-910d-4e65-a9e0-4a462f8b6655" testListId="8c84fa94-04c1-424b-9868-57a2d4851a1d" />
        <TestEntry testId="424019e2-33f0-2722-b86f-6c7ecd0b892c" executionId="00db78ea-1b2d-43f4-89ff-b7114edcf46d" testListId="8c84fa94-04c1-424b-9868-57a2d4851a1d" />
        <TestEntry testId="261ee8e0-1289-32f8-f7fd-d1d88e96857e" executionId="b54ebbd5-cdea-4280-8f2e-363a7d76b4a8" testListId="8c84fa94-04c1-424b-9868-57a2d4851a1d" />
        <TestEntry testId="b89e7a0e-afd4-a97a-a30b-db83b62957e0" executionId="5abdd411-6d51-4beb-81fc-d8b2860e1469" testListId="8c84fa94-04c1-424b-9868-57a2d4851a1d" />
        <TestEntry testId="87d6c31c-fe9b-047c-1f61-cb345c9d23a3" executionId="2998c336-0053-4b11-8553-a4e0ae875a20" testListId="8c84fa94-04c1-424b-9868-57a2d4851a1d" />
        <TestEntry testId="78677b6a-9216-5b31-82a3-7d8fe23f1757" executionId="35cd65e1-5434-4bf7-885f-c4aab6d5d98a" testListId="8c84fa94-04c1-424b-9868-57a2d4851a1d" />
        <TestEntry testId="11c1f801-4a8b-0bcd-2c10-648e04f6c61c" executionId="42616211-853e-4aef-8eec-cee1e463cf22" testListId="8c84fa94-04c1-424b-9868-57a2d4851a1d" />
        <TestEntry testId="fc5741b1-d7d7-3835-afcd-cc1153f3a11d" executionId="3657d1c3-6594-431d-b65d-457e05ed5d7d" testListId="8c84fa94-04c1-424b-9868-57a2d4851a1d" />
        <TestEntry testId="9b2a90d4-8780-032f-1a6e-501c69ac3e9c" executionId="52309b7f-96d2-45b5-9d21-646839d0da3b" testListId="8c84fa94-04c1-424b-9868-57a2d4851a1d" />
        <TestEntry testId="5bbc164c-0a70-32b7-227b-9aac8695beba" executionId="cd0a78b2-d5c5-4e4c-8c4a-5fdb6d1a0fa8" testListId="8c84fa94-04c1-424b-9868-57a2d4851a1d" />
        <TestEntry testId="0d491669-de44-8e9f-5aa4-45dcc22b41fb" executionId="7ef5f476-a520-4136-8ab8-bf6b236faad4" testListId="8c84fa94-04c1-424b-9868-57a2d4851a1d" />
        <TestEntry testId="95936405-755a-2f41-1c07-c3b2f1837b75" executionId="eb29a916-1581-4a92-b8e6-3c07c95a797b" testListId="8c84fa94-04c1-424b-9868-57a2d4851a1d" />
        <TestEntry testId="eed2b637-b236-97e1-814c-240a070a5405" executionId="6a65fd93-33b5-4be4-a23d-d40bf93f152f" testListId="8c84fa94-04c1-424b-9868-57a2d4851a1d" />
        <TestEntry testId="a96657ee-3d64-1bcd-694e-46e9a6b6d27c" executionId="1f74eedd-1229-49e4-a666-0ffba9df95c7" testListId="8c84fa94-04c1-424b-9868-57a2d4851a1d" />
        <TestEntry testId="da8a17b7-a70a-c0b2-c06d-054e05d40867" executionId="49b279e9-7cb9-4228-a370-883037382472" testListId="8c84fa94-04c1-424b-9868-57a2d4851a1d" />
        <TestEntry testId="290380cb-7c25-6b2e-5431-af726bc6b763" executionId="38f1e374-22b8-49a7-97e3-e02137eb2fd2" testListId="8c84fa94-04c1-424b-9868-57a2d4851a1d" />
        <TestEntry testId="5a93a515-6be9-9b6d-241b-c88501809c8b" executionId="a19bc0b7-721c-42e2-a310-6974baad6ffc" testListId="8c84fa94-04c1-424b-9868-57a2d4851a1d" />
        <TestEntry testId="097c4be9-22f6-4312-f211-52d6a83905bc" executionId="675327bf-bd8c-4324-b487-4f608e2c4037" testListId="8c84fa94-04c1-424b-9868-57a2d4851a1d" />
        <TestEntry testId="23eb2fbb-0237-a001-bfb7-660ed8208fd1" executionId="b356034a-3b1f-4282-9233-99ef74a0a553" testListId="8c84fa94-04c1-424b-9868-57a2d4851a1d" />
        <TestEntry testId="f41fa1f7-d2f5-dcfb-712f-8777d92d1733" executionId="0ec386b3-7bab-499c-b189-14233a2501ca" testListId="8c84fa94-04c1-424b-9868-57a2d4851a1d" />
        <TestEntry testId="476a1207-a2f2-5701-9405-419a32bd4b48" executionId="105a112a-5cc2-4f0d-a16d-33c26b33a5a4" testListId="8c84fa94-04c1-424b-9868-57a2d4851a1d" />
        <TestEntry testId="75467f79-0df8-d1aa-d415-656da760dbac" executionId="11d0d544-9f13-41a8-8986-94fb013e6f8d" testListId="8c84fa94-04c1-424b-9868-57a2d4851a1d" />
        <TestEntry testId="f5c289d1-9947-8019-4237-d6894169e2ee" executionId="a400c009-2a42-4913-808d-a908f4763b75" testListId="8c84fa94-04c1-424b-9868-57a2d4851a1d" />
        <TestEntry testId="ad347048-651a-87bb-429a-bfc5e0f08a2f" executionId="9291829c-aca1-4f4f-b421-6d64e06bd7cb" testListId="8c84fa94-04c1-424b-9868-57a2d4851a1d" />
        <TestEntry testId="f435cbad-1293-e7b0-683f-1dca0173df0e" executionId="18068802-1e27-48be-a0e3-04699c9a28ed" testListId="8c84fa94-04c1-424b-9868-57a2d4851a1d" />
        <TestEntry testId="578beedf-15d4-d490-fa82-565220dc00c1" executionId="35f714ac-b980-4615-a2dc-b94795a70e42" testListId="8c84fa94-04c1-424b-9868-57a2d4851a1d" />
        <TestEntry testId="c643173c-7523-55b1-4dfb-7a6e8439c5d0" executionId="7b7ddcf7-ad69-49ef-b4d1-54759a770bc4" testListId="8c84fa94-04c1-424b-9868-57a2d4851a1d" />
        <TestEntry testId="a98029ff-cfa3-ca58-86cc-d6d02ab84651" executionId="079e76e1-34c2-47f5-8a5e-1735f5d11578" testListId="8c84fa94-04c1-424b-9868-57a2d4851a1d" />
        <TestEntry testId="5fc833d4-5ab0-2fed-04f1-fca122446efe" executionId="1cd23fdb-9e88-49eb-8fb2-bc9eeb93cff0" testListId="8c84fa94-04c1-424b-9868-57a2d4851a1d" />
    </TestEntries>
    <Results>
        <UnitTestResult executionId="7c63f161-45d6-421a-80a6-9d4f7279b278" testId="0be26540-c1d3-1e18-49f9-e032cba0a5d5" testName="Test_Empty_Result" computerName="BURSTINI" duration="00:00:06.8431493" startTime="2013-05-28T04:15:14.0948284+02:00" endTime="2013-05-28T04:15:29.0480491+02:00" testType="13cdc9d9-ddb5-4fa4-a97d-d965ccfc6d4b" outcome="Passed" testListId="8c84fa94-04c1-424b-9868-57a2d4851a1d" relativeResultsDirectory="7c63f161-45d6-421a-80a6-9d4f7279b278">
            <Output>
                <DebugTrace>DBVersion: 4.5.31.0</DebugTrace>
            </Output>
        </UnitTestResult>
        <UnitTestResult executionId="925a4f06-94f2-41a8-86d6-471ff9de81e1" testId="5b139759-ebe2-ec9a-1e9d-65e2f63a0a7e" testName="Test_GetInstitution_ById" computerName="BURSTINI" duration="00:00:00.3907767" startTime="2013-05-28T04:15:29.0636742+02:00" endTime="2013-05-28T04:15:29.4543017+02:00" testType="13cdc9d9-ddb5-4fa4-a97d-d965ccfc6d4b" outcome="Passed" testListId="8c84fa94-04c1-424b-9868-57a2d4851a1d" relativeResultsDirectory="925a4f06-94f2-41a8-86d6-471ff9de81e1">
        </UnitTestResult>
        <UnitTestResult executionId="bf9b523b-33ee-4cf4-9c27-fb7c89a9ab02" testId="57f519f6-e0a0-6dba-a168-d7f458f99011" testName="Test_GetPerson_ById" computerName="BURSTINI" duration="00:00:00.4270464" startTime="2013-05-28T04:15:29.4543017+02:00" endTime="2013-05-28T04:15:29.8918045+02:00" testType="13cdc9d9-ddb5-4fa4-a97d-d965ccfc6d4b" outcome="Passed" testListId="8c84fa94-04c1-424b-9868-57a2d4851a1d" relativeResultsDirectory="bf9b523b-33ee-4cf4-9c27-fb7c89a9ab02">
        </UnitTestResult>
        <UnitTestResult executionId="34f8d7ab-69f4-4521-b9fb-c6861afbb2c1" testId="09d472ac-41b7-c26b-e890-9cc2e3761243" testName="Test_Search_Institution" computerName="BURSTINI" duration="00:00:00.3182133" startTime="2013-05-28T04:15:29.8918045+02:00" endTime="2013-05-28T04:15:30.2043065+02:00" testType="13cdc9d9-ddb5-4fa4-a97d-d965ccfc6d4b" outcome="Passed" testListId="8c84fa94-04c1-424b-9868-57a2d4851a1d" relativeResultsDirectory="34f8d7ab-69f4-4521-b9fb-c6861afbb2c1">
        </UnitTestResult>
        <UnitTestResult executionId="ceb5ad30-db4c-4c15-98ca-f8c8d1f1318e" testId="7d5217a7-d49d-32a0-571d-0c88916b69fc" testName="Test_Search_Person" computerName="BURSTINI" duration="00:00:00.2526949" startTime="2013-05-28T04:15:30.2043065+02:00" endTime="2013-05-28T04:15:30.4699332+02:00" testType="13cdc9d9-ddb5-4fa4-a97d-d965ccfc6d4b" outcome="Passed" testListId="8c84fa94-04c1-424b-9868-57a2d4851a1d" relativeResultsDirectory="ceb5ad30-db4c-4c15-98ca-f8c8d1f1318e">
        </UnitTestResult>
        <UnitTestResult executionId="4f8bc455-d7bd-4516-b137-f43096668637" testId="77d65b05-59ac-0766-4609-9511e30dcbe6" testName="Test_UpdateBaGemeinde" computerName="BURSTINI" duration="00:06:26.6588507" startTime="2013-05-28T04:15:30.4699332+02:00" endTime="2013-05-28T04:21:57.5974108+02:00" testType="13cdc9d9-ddb5-4fa4-a97d-d965ccfc6d4b" outcome="Passed" testListId="8c84fa94-04c1-424b-9868-57a2d4851a1d" relativeResultsDirectory="4f8bc455-d7bd-4516-b137-f43096668637">
        </UnitTestResult>
        <UnitTestResult executionId="061254ac-855c-4d66-858f-04559d148fe4" testId="1e900ecb-0147-37ef-7415-f671d421755b" testName="TestUpdateLand" computerName="BURSTINI" duration="00:00:10.1236729" startTime="2013-05-28T04:21:57.6286610+02:00" endTime="2013-05-28T04:22:08.0349776+02:00" testType="13cdc9d9-ddb5-4fa4-a97d-d965ccfc6d4b" outcome="Passed" testListId="8c84fa94-04c1-424b-9868-57a2d4851a1d" relativeResultsDirectory="061254ac-855c-4d66-858f-04559d148fe4">
        </UnitTestResult>
        <UnitTestResult executionId="38ed2d3d-649a-458d-94d6-775962d7a3b2" testId="8b2b71ab-73c1-c6f9-eac0-1603e8921ca5" testName="DeleteData_personExists_returnOk" computerName="BURSTINI" duration="00:00:01.2130921" startTime="2013-05-28T04:22:08.0349776+02:00" endTime="2013-05-28T04:22:09.4412366+02:00" testType="13cdc9d9-ddb5-4fa4-a97d-d965ccfc6d4b" outcome="Passed" testListId="8c84fa94-04c1-424b-9868-57a2d4851a1d" relativeResultsDirectory="38ed2d3d-649a-458d-94d6-775962d7a3b2">
        </UnitTestResult>
        <UnitTestResult executionId="4263be9d-4c46-4769-8a89-a7fd7de4e938" testId="c4200053-9682-de2d-6941-50d89010cec8" testName="GetById_validId_returnPerson" computerName="BURSTINI" duration="00:00:00.1668008" startTime="2013-05-28T04:22:09.4412366+02:00" endTime="2013-05-28T04:22:09.6131127+02:00" testType="13cdc9d9-ddb5-4fa4-a97d-d965ccfc6d4b" outcome="Passed" testListId="8c84fa94-04c1-424b-9868-57a2d4851a1d" relativeResultsDirectory="4263be9d-4c46-4769-8a89-a7fd7de4e938">
        </UnitTestResult>
        <UnitTestResult executionId="e7325ac6-2ef5-4b06-804a-cadb1facf11e" testId="af75239f-2214-3d27-0b0c-73cd9b4e85d1" testName="GetByIdWithAdresse_validId_returnPersonWithAdresse" computerName="BURSTINI" duration="00:00:00.1686205" startTime="2013-05-28T04:22:09.6131127+02:00" endTime="2013-05-28T04:22:09.7849888+02:00" testType="13cdc9d9-ddb5-4fa4-a97d-d965ccfc6d4b" outcome="Passed" testListId="8c84fa94-04c1-424b-9868-57a2d4851a1d" relativeResultsDirectory="e7325ac6-2ef5-4b06-804a-cadb1facf11e">
        </UnitTestResult>
        <UnitTestResult executionId="7e631f04-89aa-4a5d-9470-d1e326d0b09f" testId="a5e9df99-d8d1-fc9a-7b70-22c01ba65e14" testName="NewData_createNewPerson_returnOk" computerName="BURSTINI" duration="00:00:00.0944390" startTime="2013-05-28T04:22:09.7849888+02:00" endTime="2013-05-28T04:22:09.8787394+02:00" testType="13cdc9d9-ddb5-4fa4-a97d-d965ccfc6d4b" outcome="Passed" testListId="8c84fa94-04c1-424b-9868-57a2d4851a1d" relativeResultsDirectory="7e631f04-89aa-4a5d-9470-d1e326d0b09f">
        </UnitTestResult>
        <UnitTestResult executionId="d75d70ca-3ef7-4ff3-84e2-a525ea902e46" testId="fce2a239-c078-a7b5-513c-1d670159b328" testName="SaveData_validPerson_returnOk" computerName="BURSTINI" duration="00:00:00.1196604" startTime="2013-05-28T04:22:09.8943645+02:00" endTime="2013-05-28T04:22:10.0037402+02:00" testType="13cdc9d9-ddb5-4fa4-a97d-d965ccfc6d4b" outcome="Passed" testListId="8c84fa94-04c1-424b-9868-57a2d4851a1d" relativeResultsDirectory="d75d70ca-3ef7-4ff3-84e2-a525ea902e46">
        </UnitTestResult>
        <UnitTestResult executionId="0062e552-12b0-43ee-8c8d-7bec0e08712f" testId="8b284a3b-fd7b-e350-f163-855867cf4e56" testName="SearchWithAdresse_validName_ListNotEmpty" computerName="BURSTINI" duration="00:00:00.1668659" startTime="2013-05-28T04:22:10.0193653+02:00" endTime="2013-05-28T04:22:10.1912414+02:00" testType="13cdc9d9-ddb5-4fa4-a97d-d965ccfc6d4b" outcome="Passed" testListId="8c84fa94-04c1-424b-9868-57a2d4851a1d" relativeResultsDirectory="0062e552-12b0-43ee-8c8d-7bec0e08712f">
        </UnitTestResult>
        <UnitTestResult executionId="abfe9ddf-cdc9-4441-9daa-07dd69c88051" testId="4a4440eb-c130-5fea-967d-f3a5f327a4ba" testName="Test_GetByBaPlzId" computerName="BURSTINI" duration="00:00:00.1496617" startTime="2013-05-28T04:22:10.1912414+02:00" endTime="2013-05-28T04:22:10.5193685+02:00" testType="13cdc9d9-ddb5-4fa4-a97d-d965ccfc6d4b" outcome="Passed" testListId="8c84fa94-04c1-424b-9868-57a2d4851a1d" relativeResultsDirectory="abfe9ddf-cdc9-4441-9daa-07dd69c88051">
        </UnitTestResult>
        <UnitTestResult executionId="b74a8b39-6456-4e4a-87c7-186fd2353de3" testId="f8e4995b-0945-3e0a-b223-bccb3758b1f1" testName="Test_GetData_Datum" computerName="BURSTINI" duration="00:00:01.3020381" startTime="2013-05-28T04:22:10.5349936+02:00" endTime="2013-05-28T04:22:11.8318769+02:00" testType="13cdc9d9-ddb5-4fa4-a97d-d965ccfc6d4b" outcome="Passed" testListId="8c84fa94-04c1-424b-9868-57a2d4851a1d" relativeResultsDirectory="b74a8b39-6456-4e4a-87c7-186fd2353de3">
        </UnitTestResult>
        <UnitTestResult executionId="ff9e378c-9004-4645-9872-81f0eb68e31a" testId="55e15dae-f266-2eae-ed6a-d8571f63397e" testName="Test_GetEntityFromFileString" computerName="BURSTINI" duration="00:00:00.0377355" startTime="2013-05-28T04:22:11.8318769+02:00" endTime="2013-05-28T04:22:11.8787522+02:00" testType="13cdc9d9-ddb5-4fa4-a97d-d965ccfc6d4b" outcome="Passed" testListId="8c84fa94-04c1-424b-9868-57a2d4851a1d" relativeResultsDirectory="ff9e378c-9004-4645-9872-81f0eb68e31a">
        </UnitTestResult>
        <UnitTestResult executionId="9eece966-17e5-4a0d-a6f3-9cc5077e5109" testId="158d305f-4124-78af-47e1-3223cf7ebee2" testName="Test_UpdateBaPlz_Existing" computerName="BURSTINI" duration="00:00:06.4765102" startTime="2013-05-28T04:22:11.8787522+02:00" endTime="2013-05-28T04:22:18.5194197+02:00" testType="13cdc9d9-ddb5-4fa4-a97d-d965ccfc6d4b" outcome="Passed" testListId="8c84fa94-04c1-424b-9868-57a2d4851a1d" relativeResultsDirectory="9eece966-17e5-4a0d-a6f3-9cc5077e5109">
        </UnitTestResult>
        <UnitTestResult executionId="a6a37ab1-1e2a-4b3a-bb62-4219f5b55367" testId="46672fb8-248d-1cd4-9668-db351d017060" testName="Test_UpdateBaPlz_New" computerName="BURSTINI" duration="00:00:07.6320311" startTime="2013-05-28T04:22:18.5194197+02:00" endTime="2013-05-28T04:22:26.1600936+02:00" testType="13cdc9d9-ddb5-4fa4-a97d-d965ccfc6d4b" outcome="Passed" testListId="8c84fa94-04c1-424b-9868-57a2d4851a1d" relativeResultsDirectory="a6a37ab1-1e2a-4b3a-bb62-4219f5b55367">
        </UnitTestResult>
        <UnitTestResult executionId="f3aaf733-067c-4fa1-9529-6162647161dc" testId="6b32a4f3-a7c1-5425-5f15-425f12cb3422" testName="Test_AddPerson_GetPerson_DeletePerson_Via_Different_UnitOfWork" computerName="BURSTINI" duration="00:00:00.0805890" startTime="2013-05-28T04:22:26.1757187+02:00" endTime="2013-05-28T04:22:26.4569705+02:00" testType="13cdc9d9-ddb5-4fa4-a97d-d965ccfc6d4b" outcome="Passed" testListId="8c84fa94-04c1-424b-9868-57a2d4851a1d" relativeResultsDirectory="f3aaf733-067c-4fa1-9529-6162647161dc">
        </UnitTestResult>
        <UnitTestResult executionId="94a14fdb-52e0-4396-8e82-8e9db1bfb635" testId="24fb927d-4fc2-0364-cf33-80e5c052afac" testName="Test_AddPerson_GetPerson_UpdatePerson_Via_Different_UnitOfWork" computerName="BURSTINI" duration="00:00:00.0752363" startTime="2013-05-28T04:22:26.4569705+02:00" endTime="2013-05-28T04:22:26.5350960+02:00" testType="13cdc9d9-ddb5-4fa4-a97d-d965ccfc6d4b" outcome="Passed" testListId="8c84fa94-04c1-424b-9868-57a2d4851a1d" relativeResultsDirectory="94a14fdb-52e0-4396-8e82-8e9db1bfb635">
        </UnitTestResult>
        <UnitTestResult executionId="122e49ec-f00a-4f13-89eb-d9a0908dc185" testId="1b9902d0-db7e-030e-8697-aceebc9836f1" testName="Test_AddPerson_GetPerson_Via_Different_UnitOfWork" computerName="BURSTINI" duration="00:00:00.0393223" startTime="2013-05-28T04:22:26.5350960+02:00" endTime="2013-05-28T04:22:26.5819713+02:00" testType="13cdc9d9-ddb5-4fa4-a97d-d965ccfc6d4b" outcome="Passed" testListId="8c84fa94-04c1-424b-9868-57a2d4851a1d" relativeResultsDirectory="122e49ec-f00a-4f13-89eb-d9a0908dc185">
        </UnitTestResult>
        <UnitTestResult executionId="77de5e36-454d-4c48-a3a5-5f74360ba399" testId="edb7e755-21ad-a5b4-033e-5e1f65a63afa" testName="Test_AddPerson_GetPerson_Via_Same_UnitOfWork" computerName="BURSTINI" duration="00:00:00.0438170" startTime="2013-05-28T04:22:26.5819713+02:00" endTime="2013-05-28T04:22:26.6288466+02:00" testType="13cdc9d9-ddb5-4fa4-a97d-d965ccfc6d4b" outcome="Passed" testListId="8c84fa94-04c1-424b-9868-57a2d4851a1d" relativeResultsDirectory="77de5e36-454d-4c48-a3a5-5f74360ba399">
        </UnitTestResult>
        <UnitTestResult executionId="116a5cf0-0d2b-4b4f-bc0b-3673bd02e524" testId="316eefc3-eefb-baa7-eca2-fecd530d9049" testName="Test_ErrorWhenBaPersonIDAndBaInstitutionIDAreNotSet" computerName="BURSTINI" duration="00:00:00.1334770" startTime="2013-05-28T04:22:26.6288466+02:00" endTime="2013-05-28T04:22:26.7694725+02:00" testType="13cdc9d9-ddb5-4fa4-a97d-d965ccfc6d4b" outcome="Passed" testListId="8c84fa94-04c1-424b-9868-57a2d4851a1d" relativeResultsDirectory="116a5cf0-0d2b-4b4f-bc0b-3673bd02e524">
        </UnitTestResult>
        <UnitTestResult executionId="a196abc1-1658-4cf3-8e16-de9e26e3aa85" testId="7b38958a-c33b-cbf3-3386-3091cad0afb4" testName="Test_ErrorWhenBaPersonIDAndBaInstitutionIDAreSet" computerName="BURSTINI" duration="00:00:00.0144437" startTime="2013-05-28T04:22:26.7694725+02:00" endTime="2013-05-28T04:22:26.7850976+02:00" testType="13cdc9d9-ddb5-4fa4-a97d-d965ccfc6d4b" outcome="Passed" testListId="8c84fa94-04c1-424b-9868-57a2d4851a1d" relativeResultsDirectory="a196abc1-1658-4cf3-8e16-de9e26e3aa85">
        </UnitTestResult>
        <UnitTestResult executionId="2331829e-c67a-406c-990e-3a49c46d4fe2" testId="61391737-480d-8a57-be50-c24ef0bfe40d" testName="Test_ErrorWhenDatumVonBeforeDatumBis" computerName="BURSTINI" duration="00:00:00.0062521" startTime="2013-05-28T04:22:26.8007227+02:00" endTime="2013-05-28T04:22:26.8007227+02:00" testType="13cdc9d9-ddb5-4fa4-a97d-d965ccfc6d4b" outcome="Passed" testListId="8c84fa94-04c1-424b-9868-57a2d4851a1d" relativeResultsDirectory="2331829e-c67a-406c-990e-3a49c46d4fe2">
        </UnitTestResult>
        <UnitTestResult executionId="075e079d-72f7-4c5b-acbc-a130935e5fb6" testId="15418fb0-98ae-7e4a-2eca-53aa3e66377c" testName="Test_ErrorWhenWohnStatusCodeNotInRange" computerName="BURSTINI" duration="00:00:00.0454462" startTime="2013-05-28T04:22:26.8007227+02:00" endTime="2013-05-28T04:22:26.8475980+02:00" testType="13cdc9d9-ddb5-4fa4-a97d-d965ccfc6d4b" outcome="Passed" testListId="8c84fa94-04c1-424b-9868-57a2d4851a1d" relativeResultsDirectory="075e079d-72f7-4c5b-acbc-a130935e5fb6">
        </UnitTestResult>
        <UnitTestResult executionId="bb2e0461-ff10-47bb-8112-8435f7139b0b" testId="298c263b-1354-7ffa-6f46-5e12f5c7c3c5" testName="Test_OkWhenBaInstitutionIDIsSet" computerName="BURSTINI" duration="00:00:00.0060303" startTime="2013-05-28T04:22:26.8475980+02:00" endTime="2013-05-28T04:22:26.8632231+02:00" testType="13cdc9d9-ddb5-4fa4-a97d-d965ccfc6d4b" outcome="Passed" testListId="8c84fa94-04c1-424b-9868-57a2d4851a1d" relativeResultsDirectory="bb2e0461-ff10-47bb-8112-8435f7139b0b">
        </UnitTestResult>
        <UnitTestResult executionId="ff45c79b-d281-45d1-b7c0-8cc826bbff6e" testId="fe623415-9355-f7e4-39d5-48eadc4b36d5" testName="Test_OkWhenBaPersonIDIsSet" computerName="BURSTINI" duration="00:00:00.0038133" startTime="2013-05-28T04:22:26.8632231+02:00" endTime="2013-05-28T04:22:26.8788482+02:00" testType="13cdc9d9-ddb5-4fa4-a97d-d965ccfc6d4b" outcome="Passed" testListId="8c84fa94-04c1-424b-9868-57a2d4851a1d" relativeResultsDirectory="ff45c79b-d281-45d1-b7c0-8cc826bbff6e">
        </UnitTestResult>
        <UnitTestResult executionId="60bf51df-c500-4db1-8cf6-2e7ca44f2162" testId="4b172f29-03cc-3173-2bdd-e539d5d33b58" testName="Test_OkWhenDatumVonAfterDatumBis" computerName="BURSTINI" duration="00:00:00.0046290" startTime="2013-05-28T04:22:26.8788482+02:00" endTime="2013-05-28T04:22:26.8788482+02:00" testType="13cdc9d9-ddb5-4fa4-a97d-d965ccfc6d4b" outcome="Passed" testListId="8c84fa94-04c1-424b-9868-57a2d4851a1d" relativeResultsDirectory="60bf51df-c500-4db1-8cf6-2e7ca44f2162">
        </UnitTestResult>
        <UnitTestResult executionId="50e2b83c-d0c9-4f50-b51d-97a4e6c59981" testId="a3367e4d-8dc2-4994-9927-b56be9120cbb" testName="Test_OkWhenWohnStatusCodeInRange" computerName="BURSTINI" duration="00:00:00.0120258" startTime="2013-05-28T04:22:26.8788482+02:00" endTime="2013-05-28T04:22:26.8944733+02:00" testType="13cdc9d9-ddb5-4fa4-a97d-d965ccfc6d4b" outcome="Passed" testListId="8c84fa94-04c1-424b-9868-57a2d4851a1d" relativeResultsDirectory="50e2b83c-d0c9-4f50-b51d-97a4e6c59981">
        </UnitTestResult>
        <UnitTestResult executionId="464aac3b-f3d3-4589-93ef-d23b76c57629" testId="e92f8d22-5f78-8500-d66d-7affe111f12f" testName="Test_ErrorWhenGeschlechtCodeNotInRange" computerName="BURSTINI" duration="00:00:00.0135832" startTime="2013-05-28T04:22:26.8944733+02:00" endTime="2013-05-28T04:22:26.9100984+02:00" testType="13cdc9d9-ddb5-4fa4-a97d-d965ccfc6d4b" outcome="Passed" testListId="8c84fa94-04c1-424b-9868-57a2d4851a1d" relativeResultsDirectory="464aac3b-f3d3-4589-93ef-d23b76c57629">
        </UnitTestResult>
        <UnitTestResult executionId="9e5e27c2-1b07-412d-a503-44ebd08d7fb1" testId="b3e36dd1-6e99-cfdf-6fbe-1857bd2b2e94" testName="Test_ErrorWhenKonfessionCodeNotInRange" computerName="BURSTINI" duration="00:00:00.0054738" startTime="2013-05-28T04:22:26.9257235+02:00" endTime="2013-05-28T04:22:26.9257235+02:00" testType="13cdc9d9-ddb5-4fa4-a97d-d965ccfc6d4b" outcome="Passed" testListId="8c84fa94-04c1-424b-9868-57a2d4851a1d" relativeResultsDirectory="9e5e27c2-1b07-412d-a503-44ebd08d7fb1">
        </UnitTestResult>
        <UnitTestResult executionId="15d30252-7e59-4008-8a89-f6d46bc41e34" testId="cb61c375-661d-2f04-00ac-e99dfea50049" testName="Test_ErrorWhenNameIsEmpty" computerName="BURSTINI" duration="00:00:00.0070782" startTime="2013-05-28T04:22:26.9257235+02:00" endTime="2013-05-28T04:22:26.9413486+02:00" testType="13cdc9d9-ddb5-4fa4-a97d-d965ccfc6d4b" outcome="Passed" testListId="8c84fa94-04c1-424b-9868-57a2d4851a1d" relativeResultsDirectory="15d30252-7e59-4008-8a89-f6d46bc41e34">
        </UnitTestResult>
        <UnitTestResult executionId="1d8415b4-2318-48e8-8d5f-832c9eed9561" testId="ef92ec3a-6dde-459b-9dde-74fa38be3b42" testName="Test_ErrorWhenSterbedatumBeforeGeburtsdatum" computerName="BURSTINI" duration="00:00:00.0062175" startTime="2013-05-28T04:22:26.9413486+02:00" endTime="2013-05-28T04:22:26.9569737+02:00" testType="13cdc9d9-ddb5-4fa4-a97d-d965ccfc6d4b" outcome="Passed" testListId="8c84fa94-04c1-424b-9868-57a2d4851a1d" relativeResultsDirectory="1d8415b4-2318-48e8-8d5f-832c9eed9561">
        </UnitTestResult>
        <UnitTestResult executionId="548d99a3-942f-45e9-ba27-1d05d4fc903e" testId="37c7d654-42bc-78fd-1bb5-c5ebc505548b" testName="Test_ErrorWhenVornameIsEmpty" computerName="BURSTINI" duration="00:00:00.0045123" startTime="2013-05-28T04:22:26.9569737+02:00" endTime="2013-05-28T04:22:26.9569737+02:00" testType="13cdc9d9-ddb5-4fa4-a97d-d965ccfc6d4b" outcome="Passed" testListId="8c84fa94-04c1-424b-9868-57a2d4851a1d" relativeResultsDirectory="548d99a3-942f-45e9-ba27-1d05d4fc903e">
        </UnitTestResult>
        <UnitTestResult executionId="5bf7b06b-2a66-4330-8da1-dfb0536b99cd" testId="616114f8-2398-b22f-1cf7-9427364b9093" testName="Test_ErrorWhenZivilstandCodeNotInRange" computerName="BURSTINI" duration="00:00:00.0054199" startTime="2013-05-28T04:22:26.9569737+02:00" endTime="2013-05-28T04:22:26.9725988+02:00" testType="13cdc9d9-ddb5-4fa4-a97d-d965ccfc6d4b" outcome="Passed" testListId="8c84fa94-04c1-424b-9868-57a2d4851a1d" relativeResultsDirectory="5bf7b06b-2a66-4330-8da1-dfb0536b99cd">
        </UnitTestResult>
        <UnitTestResult executionId="a7bbd1d5-0d63-440d-a932-66dbf1a16661" testId="8ec217d7-f568-d639-66a0-47232733c2ed" testName="Test_OkWhenGeschlechtCodeInRange" computerName="BURSTINI" duration="00:00:00.0058445" startTime="2013-05-28T04:22:26.9725988+02:00" endTime="2013-05-28T04:22:26.9882239+02:00" testType="13cdc9d9-ddb5-4fa4-a97d-d965ccfc6d4b" outcome="Passed" testListId="8c84fa94-04c1-424b-9868-57a2d4851a1d" relativeResultsDirectory="a7bbd1d5-0d63-440d-a932-66dbf1a16661">
        </UnitTestResult>
        <UnitTestResult executionId="b9621240-8bf5-40e4-a8f6-2efb354fc760" testId="a493b28a-8925-9f99-bbe6-b78c6adf118b" testName="Test_OkWhenKonfessionCodeInRange" computerName="BURSTINI" duration="00:00:00.0151181" startTime="2013-05-28T04:22:26.9882239+02:00" endTime="2013-05-28T04:22:27.0038490+02:00" testType="13cdc9d9-ddb5-4fa4-a97d-d965ccfc6d4b" outcome="Passed" testListId="8c84fa94-04c1-424b-9868-57a2d4851a1d" relativeResultsDirectory="b9621240-8bf5-40e4-a8f6-2efb354fc760">
        </UnitTestResult>
        <UnitTestResult executionId="3d93401c-1e57-4b9a-a9b6-8c8636bcbfc5" testId="65c8dfb6-8c52-6515-a65c-0cfd53b82716" testName="Test_OkWhenNameIsNotEmpty" computerName="BURSTINI" duration="00:00:00.0059124" startTime="2013-05-28T04:22:27.0038490+02:00" endTime="2013-05-28T04:22:27.0194741+02:00" testType="13cdc9d9-ddb5-4fa4-a97d-d965ccfc6d4b" outcome="Passed" testListId="8c84fa94-04c1-424b-9868-57a2d4851a1d" relativeResultsDirectory="3d93401c-1e57-4b9a-a9b6-8c8636bcbfc5">
        </UnitTestResult>
        <UnitTestResult executionId="94a0270a-a820-4052-9b17-ccb0c7d9c9df" testId="6c59dc14-440f-2c3c-f3ea-54de558823ca" testName="Test_OkWhenSterbedatumAfterGeburtsdatum" computerName="BURSTINI" duration="00:00:00.0052685" startTime="2013-05-28T04:22:27.0194741+02:00" endTime="2013-05-28T04:22:27.0194741+02:00" testType="13cdc9d9-ddb5-4fa4-a97d-d965ccfc6d4b" outcome="Passed" testListId="8c84fa94-04c1-424b-9868-57a2d4851a1d" relativeResultsDirectory="94a0270a-a820-4052-9b17-ccb0c7d9c9df">
        </UnitTestResult>
        <UnitTestResult executionId="4c933258-9bfc-4401-be3f-a0e6de03489b" testId="f9d4766d-313b-a2d1-8f48-bd2381ce4781" testName="Test_OkWhenVornameIsNotEmpty" computerName="BURSTINI" duration="00:00:00.0049224" startTime="2013-05-28T04:22:27.0350992+02:00" endTime="2013-05-28T04:22:27.0350992+02:00" testType="13cdc9d9-ddb5-4fa4-a97d-d965ccfc6d4b" outcome="Passed" testListId="8c84fa94-04c1-424b-9868-57a2d4851a1d" relativeResultsDirectory="4c933258-9bfc-4401-be3f-a0e6de03489b">
        </UnitTestResult>
        <UnitTestResult executionId="1547fdeb-bf1b-4c53-9d17-9c51b0f3c964" testId="1b330d1a-ef9a-aff4-caf8-00b2bbc1e2cc" testName="Test_OkWhenZivilstandCodeInRange" computerName="BURSTINI" duration="00:00:00.0140121" startTime="2013-05-28T04:22:27.0350992+02:00" endTime="2013-05-28T04:22:27.0507243+02:00" testType="13cdc9d9-ddb5-4fa4-a97d-d965ccfc6d4b" outcome="Passed" testListId="8c84fa94-04c1-424b-9868-57a2d4851a1d" relativeResultsDirectory="1547fdeb-bf1b-4c53-9d17-9c51b0f3c964">
        </UnitTestResult>
        <UnitTestResult executionId="f46e8db0-6d4f-43d3-9f5f-98c16cc76e57" testId="b8758357-8487-f956-e44f-316f00451c2c" testName="Test_GetData" computerName="BURSTINI" duration="00:00:00.3777935" startTime="2013-05-28T04:22:27.0663494+02:00" endTime="2013-05-28T04:22:27.6288530+02:00" testType="13cdc9d9-ddb5-4fa4-a97d-d965ccfc6d4b" outcome="Passed" testListId="8c84fa94-04c1-424b-9868-57a2d4851a1d" relativeResultsDirectory="f46e8db0-6d4f-43d3-9f5f-98c16cc76e57">
        </UnitTestResult>
        <UnitTestResult executionId="316d12bb-e52e-4579-9341-e0764bd064dd" testId="b2fa702e-8cb8-4c24-30f4-64f2956e6072" testName="Test_CascadingDelete" computerName="BURSTINI" duration="00:00:00.4867498" startTime="2013-05-28T04:22:27.6288530+02:00" endTime="2013-05-28T04:22:28.3007323+02:00" testType="13cdc9d9-ddb5-4fa4-a97d-d965ccfc6d4b" outcome="Passed" testListId="8c84fa94-04c1-424b-9868-57a2d4851a1d" relativeResultsDirectory="316d12bb-e52e-4579-9341-e0764bd064dd">
        </UnitTestResult>
        <UnitTestResult executionId="d30105c7-0eb3-4c80-9e2a-aa28172dbf3e" testId="30efb037-0d38-a896-d5b0-c357822ca76e" testName="Test_CascadingDelete_Dl_Dlp" computerName="BURSTINI" duration="00:00:00.1562310" startTime="2013-05-28T04:22:28.3007323+02:00" endTime="2013-05-28T04:22:28.4569833+02:00" testType="13cdc9d9-ddb5-4fa4-a97d-d965ccfc6d4b" outcome="Passed" testListId="8c84fa94-04c1-424b-9868-57a2d4851a1d" relativeResultsDirectory="d30105c7-0eb3-4c80-9e2a-aa28172dbf3e">
        </UnitTestResult>
        <UnitTestResult executionId="a70330be-4488-47cf-9df7-2ef74f95575e" testId="54154e0a-ced3-0400-2481-1f722438d5f9" testName="Test_CascadingInsert" computerName="BURSTINI" duration="00:00:00.0371728" startTime="2013-05-28T04:22:28.4726084+02:00" endTime="2013-05-28T04:22:28.5038586+02:00" testType="13cdc9d9-ddb5-4fa4-a97d-d965ccfc6d4b" outcome="Passed" testListId="8c84fa94-04c1-424b-9868-57a2d4851a1d" relativeResultsDirectory="a70330be-4488-47cf-9df7-2ef74f95575e">
        </UnitTestResult>
        <UnitTestResult executionId="e058b4d3-1801-4113-ac53-f2b357d63617" testId="10049e04-a198-43c5-ec23-d6c027a81ac5" testName="Test_CascadingUpdateDlAndDlp" computerName="BURSTINI" duration="00:00:00.0575114" startTime="2013-05-28T04:22:28.5038586+02:00" endTime="2013-05-28T04:22:28.5663590+02:00" testType="13cdc9d9-ddb5-4fa4-a97d-d965ccfc6d4b" outcome="Passed" testListId="8c84fa94-04c1-424b-9868-57a2d4851a1d" relativeResultsDirectory="e058b4d3-1801-4113-ac53-f2b357d63617">
        </UnitTestResult>
        <UnitTestResult executionId="ab36713e-6bb3-4a9e-8065-cdfad8e5ea10" testId="50b3e5f7-63b6-7d33-acd3-3bde21d730a2" testName="Test_CascadingUpdateOnlyDl" computerName="BURSTINI" duration="00:00:00.0411901" startTime="2013-05-28T04:22:28.5663590+02:00" endTime="2013-05-28T04:22:28.6132343+02:00" testType="13cdc9d9-ddb5-4fa4-a97d-d965ccfc6d4b" outcome="Passed" testListId="8c84fa94-04c1-424b-9868-57a2d4851a1d" relativeResultsDirectory="ab36713e-6bb3-4a9e-8065-cdfad8e5ea10">
        </UnitTestResult>
        <UnitTestResult executionId="8bbfd16c-1a14-4981-819e-b3b76331c21b" testId="4b62d7d2-793e-d1a1-326b-f3d58fa4b3ac" testName="Test_CascadingUpdateWithNewSearch" computerName="BURSTINI" duration="00:00:00.0548782" startTime="2013-05-28T04:22:28.6132343+02:00" endTime="2013-05-28T04:22:28.6757347+02:00" testType="13cdc9d9-ddb5-4fa4-a97d-d965ccfc6d4b" outcome="Passed" testListId="8c84fa94-04c1-424b-9868-57a2d4851a1d" relativeResultsDirectory="8bbfd16c-1a14-4981-819e-b3b76331c21b">
        </UnitTestResult>
        <UnitTestResult executionId="21e5ce7c-2c7f-4d8a-8e59-0a50296ed582" testId="aa50949b-8911-d318-f806-cb1f8a36d29a" testName="Test_CascadingUpdateWithNewSearch_NewContext_OnlyDLP" computerName="BURSTINI" duration="00:00:00.0533833" startTime="2013-05-28T04:22:28.6757347+02:00" endTime="2013-05-28T04:22:28.7382351+02:00" testType="13cdc9d9-ddb5-4fa4-a97d-d965ccfc6d4b" outcome="Passed" testListId="8c84fa94-04c1-424b-9868-57a2d4851a1d" relativeResultsDirectory="21e5ce7c-2c7f-4d8a-8e59-0a50296ed582">
        </UnitTestResult>
        <UnitTestResult executionId="29459cfe-afe8-459b-a8ce-8183b80d64b0" testId="d9a90e3b-7bcd-8b28-93b5-b81682e5191c" testName="Test_DeleteObjectSet" computerName="BURSTINI" duration="00:00:00.0641257" startTime="2013-05-28T04:22:28.7382351+02:00" endTime="2013-05-28T04:22:28.8007355+02:00" testType="13cdc9d9-ddb5-4fa4-a97d-d965ccfc6d4b" outcome="Passed" testListId="8c84fa94-04c1-424b-9868-57a2d4851a1d" relativeResultsDirectory="29459cfe-afe8-459b-a8ce-8183b80d64b0">
        </UnitTestResult>
        <UnitTestResult executionId="e0e1994d-1cd7-42f7-a714-6433408b97f8" testId="b601944f-0c48-90ec-af40-7cc5ccd6d033" testName="Test_InsertDlDlp" computerName="BURSTINI" duration="00:00:00.0487394" startTime="2013-05-28T04:22:28.8007355+02:00" endTime="2013-05-28T04:22:28.8632359+02:00" testType="13cdc9d9-ddb5-4fa4-a97d-d965ccfc6d4b" outcome="Passed" testListId="8c84fa94-04c1-424b-9868-57a2d4851a1d" relativeResultsDirectory="e0e1994d-1cd7-42f7-a714-6433408b97f8">
        </UnitTestResult>
        <UnitTestResult executionId="0aa57345-2db0-4d4e-b8dd-bf78d4d22cf1" testId="b4676536-2f3e-fd6d-7136-5feffc77ba1f" testName="SaveData_withoutTransactionNoError_stateAfterIsUnchanged" computerName="BURSTINI" duration="00:00:00.0478965" startTime="2013-05-28T04:22:28.8632359+02:00" endTime="2013-05-28T04:22:29.1132375+02:00" testType="13cdc9d9-ddb5-4fa4-a97d-d965ccfc6d4b" outcome="Passed" testListId="8c84fa94-04c1-424b-9868-57a2d4851a1d" relativeResultsDirectory="0aa57345-2db0-4d4e-b8dd-bf78d4d22cf1">
        </UnitTestResult>
        <UnitTestResult executionId="9de6fd14-cd73-4f15-95c2-8828636f34a7" testId="ed167017-bd4f-ec34-9f88-057a626dd893" testName="SaveData_withTransactionNoError_stateAfterIsUnchanged" computerName="BURSTINI" duration="00:00:00.0485463" startTime="2013-05-28T04:22:29.1132375+02:00" endTime="2013-05-28T04:22:29.1601128+02:00" testType="13cdc9d9-ddb5-4fa4-a97d-d965ccfc6d4b" outcome="Passed" testListId="8c84fa94-04c1-424b-9868-57a2d4851a1d" relativeResultsDirectory="9de6fd14-cd73-4f15-95c2-8828636f34a7">
        </UnitTestResult>
        <UnitTestResult executionId="abb4c7c3-eba9-4e4e-aef0-f3ea77d7c202" testId="e540f327-293d-b9c1-8b2a-4cfc123a1441" testName="Test_Abschluss" computerName="BURSTINI" duration="00:00:00.5115337" startTime="2013-05-28T04:22:29.1601128+02:00" endTime="2013-05-28T04:22:29.9882431+02:00" testType="13cdc9d9-ddb5-4fa4-a97d-d965ccfc6d4b" outcome="Passed" testListId="8c84fa94-04c1-424b-9868-57a2d4851a1d" relativeResultsDirectory="abb4c7c3-eba9-4e4e-aef0-f3ea77d7c202">
        </UnitTestResult>
        <UnitTestResult executionId="9ca24697-fb0a-4aa9-8469-0cc180510e51" testId="0936aca1-8097-f3ce-82b2-29a760f1a58e" testName="Test_GetByBaPersonId" computerName="BURSTINI" duration="00:00:00.0658460" startTime="2013-05-28T04:22:29.9882431+02:00" endTime="2013-05-28T04:22:30.0663686+02:00" testType="13cdc9d9-ddb5-4fa4-a97d-d965ccfc6d4b" outcome="Passed" testListId="8c84fa94-04c1-424b-9868-57a2d4851a1d" relativeResultsDirectory="9ca24697-fb0a-4aa9-8469-0cc180510e51">
        </UnitTestResult>
        <UnitTestResult executionId="120686fb-9782-4280-aff3-665a2565fad5" testId="a1bbfab4-34fc-0254-2557-a692689e735d" testName="Test_Dokumente" computerName="BURSTINI" duration="00:00:01.8942351" startTime="2013-05-28T04:22:30.0819937+02:00" endTime="2013-05-28T04:22:32.1757571+02:00" testType="13cdc9d9-ddb5-4fa4-a97d-d965ccfc6d4b" outcome="Passed" testListId="8c84fa94-04c1-424b-9868-57a2d4851a1d" relativeResultsDirectory="120686fb-9782-4280-aff3-665a2565fad5">
        </UnitTestResult>
        <UnitTestResult executionId="65793744-5a40-4748-8a32-e01fb81bfe41" testId="8aa424d2-5056-095b-167f-ffce67c97b3f" testName="Test_GetZeitachse" computerName="BURSTINI" duration="00:00:02.1497126" startTime="2013-05-28T04:22:32.1913822+02:00" endTime="2013-05-28T04:22:34.3476460+02:00" testType="13cdc9d9-ddb5-4fa4-a97d-d965ccfc6d4b" outcome="Passed" testListId="8c84fa94-04c1-424b-9868-57a2d4851a1d" relativeResultsDirectory="65793744-5a40-4748-8a32-e01fb81bfe41">
        </UnitTestResult>
        <UnitTestResult executionId="ba0b6e8b-7504-44bf-bfc8-87c3dfa25a05" testId="805d8feb-bf35-e932-2c68-4fc3012a2a4b" testName="Test_DlpLaufzeit_Fertig" computerName="BURSTINI" duration="00:00:01.1809188" startTime="2013-05-28T04:22:34.3476460+02:00" endTime="2013-05-28T04:22:35.7226548+02:00" testType="13cdc9d9-ddb5-4fa4-a97d-d965ccfc6d4b" outcome="Passed" testListId="8c84fa94-04c1-424b-9868-57a2d4851a1d" relativeResultsDirectory="ba0b6e8b-7504-44bf-bfc8-87c3dfa25a05">
        </UnitTestResult>
        <UnitTestResult executionId="e2be3b48-06b4-40f3-9484-07a321187435" testId="0ac09f26-e80d-671b-0f8b-e03fd753ad59" testName="Test_DlpLaufzeit_Kuerzer" computerName="BURSTINI" duration="00:00:00.2953073" startTime="2013-05-28T04:22:35.7226548+02:00" endTime="2013-05-28T04:22:36.0195317+02:00" testType="13cdc9d9-ddb5-4fa4-a97d-d965ccfc6d4b" outcome="Passed" testListId="8c84fa94-04c1-424b-9868-57a2d4851a1d" relativeResultsDirectory="e2be3b48-06b4-40f3-9484-07a321187435">
        </UnitTestResult>
        <UnitTestResult executionId="414196d0-f618-4090-87e8-949265a36ec4" testId="5555c4cc-81ad-0fde-f9ad-f58ebbb0310e" testName="Test_Gesamt_Dlp_Zugewiesen" computerName="BURSTINI" duration="00:00:02.6158900" startTime="2013-05-28T04:22:36.0351568+02:00" endTime="2013-05-28T04:22:38.6445485+02:00" testType="13cdc9d9-ddb5-4fa4-a97d-d965ccfc6d4b" outcome="Inconclusive" testListId="8c84fa94-04c1-424b-9868-57a2d4851a1d" relativeResultsDirectory="414196d0-f618-4090-87e8-949265a36ec4">
            <Output>
                <ErrorInfo>
                    <Message>Assert.Inconclusive failed. Test is disabled if running on a database.</Message>
                    <StackTrace>
                        at Kiss.BL.Test.TestUtils.AbortIfDbTest() in e:\KiSS-Builds\2\KiSS\KiSS4 Nightly Tests\Sources\Kiss.BL.Test\TestUtils.cs:line 23
                        at Kiss.BL.Test.Fs.FsDienstleistungAuswertungServiceTest.Test_Gesamt_Dlp_Zugewiesen() in e:\KiSS-Builds\2\KiSS\KiSS4 Nightly Tests\Sources\Kiss.BL.Test\Fs\FsDienstleistungAuswertungServiceTest.cs:line 133
                    </StackTrace>
                </ErrorInfo>
            </Output>
        </UnitTestResult>
        <UnitTestResult executionId="6254f76e-402e-419e-9565-94f80d074ccf" testId="48badc67-48cb-add0-d632-3c4bd1722866" testName="Test_Gesamt_Nichts_Zugewiesen" computerName="BURSTINI" duration="00:00:00.2239066" startTime="2013-05-28T04:22:38.6601736+02:00" endTime="2013-05-28T04:22:38.8789250+02:00" testType="13cdc9d9-ddb5-4fa4-a97d-d965ccfc6d4b" outcome="Inconclusive" testListId="8c84fa94-04c1-424b-9868-57a2d4851a1d" relativeResultsDirectory="6254f76e-402e-419e-9565-94f80d074ccf">
            <Output>
                <ErrorInfo>
                    <Message>Assert.Inconclusive failed. Test is disabled if running on a database.</Message>
                    <StackTrace>
                        at Kiss.BL.Test.TestUtils.AbortIfDbTest() in e:\KiSS-Builds\2\KiSS\KiSS4 Nightly Tests\Sources\Kiss.BL.Test\TestUtils.cs:line 23
                        at Kiss.BL.Test.Fs.FsDienstleistungAuswertungServiceTest.Test_Gesamt_Nichts_Zugewiesen() in e:\KiSS-Builds\2\KiSS\KiSS4 Nightly Tests\Sources\Kiss.BL.Test\Fs\FsDienstleistungAuswertungServiceTest.cs:line 183
                    </StackTrace>
                </ErrorInfo>
            </Output>
        </UnitTestResult>
        <UnitTestResult executionId="889ba813-8af7-41fb-9d7d-54de988f1f75" testId="4960ddc2-7dcd-290c-dac8-5026f8e0d54f" testName="Test_KeineLaufzeit" computerName="BURSTINI" duration="00:00:00.2603733" startTime="2013-05-28T04:22:38.8945501+02:00" endTime="2013-05-28T04:22:39.1601768+02:00" testType="13cdc9d9-ddb5-4fa4-a97d-d965ccfc6d4b" outcome="Passed" testListId="8c84fa94-04c1-424b-9868-57a2d4851a1d" relativeResultsDirectory="889ba813-8af7-41fb-9d7d-54de988f1f75">
        </UnitTestResult>
        <UnitTestResult executionId="d81f6062-d650-4505-a9e5-99b1e2af1943" testId="38a659ab-4f57-5ef2-6fc4-df857316edb7" testName="Test_Phase_abgeschlossen_mit_Laufzeit" computerName="BURSTINI" duration="00:00:00.2570418" startTime="2013-05-28T04:22:39.1601768+02:00" endTime="2013-05-28T04:22:39.4258035+02:00" testType="13cdc9d9-ddb5-4fa4-a97d-d965ccfc6d4b" outcome="Passed" testListId="8c84fa94-04c1-424b-9868-57a2d4851a1d" relativeResultsDirectory="d81f6062-d650-4505-a9e5-99b1e2af1943">
        </UnitTestResult>
        <UnitTestResult executionId="eab66471-6f3a-4e0b-95e3-53888f42b838" testId="3f0f45a8-35d1-adcf-8fde-e6190d7fc7e6" testName="Test_Zugewiesen_und_Bedarf" computerName="BURSTINI" duration="00:00:00.3197627" startTime="2013-05-28T04:22:39.4258035+02:00" endTime="2013-05-28T04:22:39.7539306+02:00" testType="13cdc9d9-ddb5-4fa4-a97d-d965ccfc6d4b" outcome="Passed" testListId="8c84fa94-04c1-424b-9868-57a2d4851a1d" relativeResultsDirectory="eab66471-6f3a-4e0b-95e3-53888f42b838">
        </UnitTestResult>
        <UnitTestResult executionId="e8eb7eef-82bd-4883-a19d-7668c2c8276d" testId="3b418b4a-a0c0-3df0-d1f8-a4005ff2c324" testName="GetData_GetInsertedData_DienstleistungExists" computerName="BURSTINI" duration="00:00:00.0220522" startTime="2013-05-28T04:22:39.7539306+02:00" endTime="2013-05-28T04:22:40.0039322+02:00" testType="13cdc9d9-ddb5-4fa4-a97d-d965ccfc6d4b" outcome="Passed" testListId="8c84fa94-04c1-424b-9868-57a2d4851a1d" relativeResultsDirectory="e8eb7eef-82bd-4883-a19d-7668c2c8276d">
        </UnitTestResult>
        <UnitTestResult executionId="1a17fcfe-d262-4776-88a6-3dac8ef17ef5" testId="c4c7e3ae-c8a1-7aa5-9af1-8345c6b9c42b" testName="SaveData_GetNewData_ResultIsOk" computerName="BURSTINI" duration="00:00:00.0536280" startTime="2013-05-28T04:22:40.0039322+02:00" endTime="2013-05-28T04:22:40.0664326+02:00" testType="13cdc9d9-ddb5-4fa4-a97d-d965ccfc6d4b" outcome="Passed" testListId="8c84fa94-04c1-424b-9868-57a2d4851a1d" relativeResultsDirectory="1a17fcfe-d262-4776-88a6-3dac8ef17ef5">
        </UnitTestResult>
        <UnitTestResult executionId="96222bde-de97-45b7-916c-9fc515787ab8" testId="76243ff0-fde0-517f-1815-bd9105dc4d6b" testName="SaveData_GetNewDataWithEmptyName_ResultIsError" computerName="BURSTINI" duration="00:00:00.0308631" startTime="2013-05-28T04:22:40.0664326+02:00" endTime="2013-05-28T04:22:40.0976828+02:00" testType="13cdc9d9-ddb5-4fa4-a97d-d965ccfc6d4b" outcome="Passed" testListId="8c84fa94-04c1-424b-9868-57a2d4851a1d" relativeResultsDirectory="96222bde-de97-45b7-916c-9fc515787ab8">
        </UnitTestResult>
        <UnitTestResult executionId="c7944550-77c6-4005-bc11-03f0e94ed2dc" testId="a79973ae-056f-9fee-b929-1f74bccea3d8" testName="Validate_NameIsNull_ResultIsNameError" computerName="BURSTINI" duration="00:00:00.0252710" startTime="2013-05-28T04:22:40.0976828+02:00" endTime="2013-05-28T04:22:40.1445581+02:00" testType="13cdc9d9-ddb5-4fa4-a97d-d965ccfc6d4b" outcome="Passed" testListId="8c84fa94-04c1-424b-9868-57a2d4851a1d" relativeResultsDirectory="c7944550-77c6-4005-bc11-03f0e94ed2dc">
        </UnitTestResult>
        <UnitTestResult executionId="ce21be7a-a444-4623-a247-974608637d2d" testId="18c53bbf-46dc-17d0-9ed1-e554bd41b7f6" testName="Validate_StandardAufwandIsGreaterThan744_ResultIsStandardAufwandError" computerName="BURSTINI" duration="00:00:00.0146962" startTime="2013-05-28T04:22:40.1445581+02:00" endTime="2013-05-28T04:22:40.1601832+02:00" testType="13cdc9d9-ddb5-4fa4-a97d-d965ccfc6d4b" outcome="Passed" testListId="8c84fa94-04c1-424b-9868-57a2d4851a1d" relativeResultsDirectory="ce21be7a-a444-4623-a247-974608637d2d">
        </UnitTestResult>
        <UnitTestResult executionId="0495e95e-f602-4ced-a21f-2a398da96fa8" testId="3741a778-9295-33c3-fae9-d898d47a15ab" testName="Validate_StandardAufwandIsLessThan0_ResultIsStandardAufwandError" computerName="BURSTINI" duration="00:00:00.0137405" startTime="2013-05-28T04:22:40.1601832+02:00" endTime="2013-05-28T04:22:40.1914334+02:00" testType="13cdc9d9-ddb5-4fa4-a97d-d965ccfc6d4b" outcome="Passed" testListId="8c84fa94-04c1-424b-9868-57a2d4851a1d" relativeResultsDirectory="0495e95e-f602-4ced-a21f-2a398da96fa8">
        </UnitTestResult>
        <UnitTestResult executionId="30fd3585-a7a1-4019-8b19-517c279b1841" testId="e6d77bf5-03de-a199-0444-3d9f923e5230" testName="Validate_ValidateEntity_ResultIsOk" computerName="BURSTINI" duration="00:00:00.0113654" startTime="2013-05-28T04:22:40.1914334+02:00" endTime="2013-05-28T04:22:40.2070585+02:00" testType="13cdc9d9-ddb5-4fa4-a97d-d965ccfc6d4b" outcome="Passed" testListId="8c84fa94-04c1-424b-9868-57a2d4851a1d" relativeResultsDirectory="30fd3585-a7a1-4019-8b19-517c279b1841">
        </UnitTestResult>
        <UnitTestResult executionId="0690a8e3-76b2-4c77-a2d4-0a2321804264" testId="745d59ee-4996-0ec7-af4a-dcd14b7035cf" testName="DeleteData_paketHasAssignedDienstleistung_resultIsOkRelationsAreAlsoDeleted" computerName="BURSTINI" duration="00:00:00.0588714" startTime="2013-05-28T04:22:40.2070585+02:00" endTime="2013-05-28T04:22:40.4570601+02:00" testType="13cdc9d9-ddb5-4fa4-a97d-d965ccfc6d4b" outcome="Passed" testListId="8c84fa94-04c1-424b-9868-57a2d4851a1d" relativeResultsDirectory="0690a8e3-76b2-4c77-a2d4-0a2321804264">
        </UnitTestResult>
        <UnitTestResult executionId="80147a53-9fb6-4909-b7cc-1cb67d8a28b2" testId="b2bde516-1257-821b-915d-889af6ae7a55" testName="GetAssignedDienstleistungen_assign2Dienstleistungen_Has2AssignedDienstleistungen" computerName="BURSTINI" duration="00:00:00.0373209" startTime="2013-05-28T04:22:40.4570601+02:00" endTime="2013-05-28T04:22:40.5039354+02:00" testType="13cdc9d9-ddb5-4fa4-a97d-d965ccfc6d4b" outcome="Passed" testListId="8c84fa94-04c1-424b-9868-57a2d4851a1d" relativeResultsDirectory="80147a53-9fb6-4909-b7cc-1cb67d8a28b2">
        </UnitTestResult>
        <UnitTestResult executionId="37888cd6-ba0f-4518-b013-5e75308977ed" testId="c173b1d2-a46a-4380-f2e0-7e1b8da9fd73" testName="GetAssignedDienstleistungRelationen_assign2Dienstleistungen_Has2DienstleistungRelationen" computerName="BURSTINI" duration="00:00:00.0296995" startTime="2013-05-28T04:22:40.5039354+02:00" endTime="2013-05-28T04:22:40.5351856+02:00" testType="13cdc9d9-ddb5-4fa4-a97d-d965ccfc6d4b" outcome="Passed" testListId="8c84fa94-04c1-424b-9868-57a2d4851a1d" relativeResultsDirectory="37888cd6-ba0f-4518-b013-5e75308977ed">
        </UnitTestResult>
        <UnitTestResult executionId="482fb239-e566-468a-8142-71260bb246c5" testId="9d4e86f7-b994-937c-f34f-d904690c9009" testName="GetData_getInsertedData_DienstleistungExists" computerName="BURSTINI" duration="00:00:00.0268075" startTime="2013-05-28T04:22:40.5351856+02:00" endTime="2013-05-28T04:22:40.5820609+02:00" testType="13cdc9d9-ddb5-4fa4-a97d-d965ccfc6d4b" outcome="Passed" testListId="8c84fa94-04c1-424b-9868-57a2d4851a1d" relativeResultsDirectory="482fb239-e566-468a-8142-71260bb246c5">
        </UnitTestResult>
        <UnitTestResult executionId="2e4099e7-4daf-4e6a-af9d-f105b54071f0" testId="f0b56cb5-24c4-ff40-b328-1b146e9f1076" testName="SaveAssignedDienstleistungen_assign2Dienstleistungen_resultIsOk" computerName="BURSTINI" duration="00:00:00.0406939" startTime="2013-05-28T04:22:40.5820609+02:00" endTime="2013-05-28T04:22:40.6133111+02:00" testType="13cdc9d9-ddb5-4fa4-a97d-d965ccfc6d4b" outcome="Passed" testListId="8c84fa94-04c1-424b-9868-57a2d4851a1d" relativeResultsDirectory="2e4099e7-4daf-4e6a-af9d-f105b54071f0">
        </UnitTestResult>
        <UnitTestResult executionId="5bb45613-3204-4ebf-be2b-37c24c04c23d" testId="3e52b6dd-b6a9-2a94-6eff-125bab4fcf91" testName="SaveAssignedDienstleistungen_withEmptyList_resultIsOk" computerName="BURSTINI" duration="00:00:00.0300471" startTime="2013-05-28T04:22:40.6289362+02:00" endTime="2013-05-28T04:22:40.6601864+02:00" testType="13cdc9d9-ddb5-4fa4-a97d-d965ccfc6d4b" outcome="Passed" testListId="8c84fa94-04c1-424b-9868-57a2d4851a1d" relativeResultsDirectory="5bb45613-3204-4ebf-be2b-37c24c04c23d">
        </UnitTestResult>
        <UnitTestResult executionId="598913e6-be2e-4282-9c88-71c78c1045d8" testId="05650a59-32bf-1d6c-4f29-fe643603e471" testName="SaveData_GetNewData_ResultIsOk" computerName="BURSTINI" duration="00:00:00.0345569" startTime="2013-05-28T04:22:40.6601864+02:00" endTime="2013-05-28T04:22:40.7070617+02:00" testType="13cdc9d9-ddb5-4fa4-a97d-d965ccfc6d4b" outcome="Passed" testListId="8c84fa94-04c1-424b-9868-57a2d4851a1d" relativeResultsDirectory="598913e6-be2e-4282-9c88-71c78c1045d8">
        </UnitTestResult>
        <UnitTestResult executionId="9b4c5462-bd8f-473a-b6b9-342d6c3e74b4" testId="57d343cd-5eb1-6a4b-45cf-a335d13d3ad4" testName="SaveData_GetNewDataWithEmptyName_ResultIsError" computerName="BURSTINI" duration="00:00:00.0289939" startTime="2013-05-28T04:22:40.7070617+02:00" endTime="2013-05-28T04:22:40.7383119+02:00" testType="13cdc9d9-ddb5-4fa4-a97d-d965ccfc6d4b" outcome="Passed" testListId="8c84fa94-04c1-424b-9868-57a2d4851a1d" relativeResultsDirectory="9b4c5462-bd8f-473a-b6b9-342d6c3e74b4">
        </UnitTestResult>
        <UnitTestResult executionId="21ed6b2d-fa25-490c-a446-b49a9019dbea" testId="cebd777f-e842-fe4a-a3f8-c0c7dd98a024" testName="AreEntriesGenerated_Interval" computerName="BURSTINI" duration="00:00:00.1688524" startTime="2013-05-28T04:22:40.7383119+02:00" endTime="2013-05-28T04:22:41.1758147+02:00" testType="13cdc9d9-ddb5-4fa4-a97d-d965ccfc6d4b" outcome="Passed" testListId="8c84fa94-04c1-424b-9868-57a2d4851a1d" relativeResultsDirectory="21ed6b2d-fa25-490c-a446-b49a9019dbea">
        </UnitTestResult>
        <UnitTestResult executionId="d71cf7de-7542-47e1-907e-fea5d9320636" testId="8ed2abb7-a6be-8330-b4c4-cc06338b326f" testName="CreateEntires_ThisMonthForAllUsers" computerName="BURSTINI" duration="00:00:04.8304622" startTime="2013-05-28T04:22:41.1758147+02:00" endTime="2013-05-28T04:22:46.0195957+02:00" testType="13cdc9d9-ddb5-4fa4-a97d-d965ccfc6d4b" outcome="Passed" testListId="8c84fa94-04c1-424b-9868-57a2d4851a1d" relativeResultsDirectory="d71cf7de-7542-47e1-907e-fea5d9320636">
        </UnitTestResult>
        <UnitTestResult executionId="1f504614-6b49-4a4d-b759-d889e493041e" testId="fa4e0f09-10cc-e517-e4de-ad0bf8df5a78" testName="CreateEntries_PreviousMonth" computerName="BURSTINI" duration="00:00:00.2059753" startTime="2013-05-28T04:22:46.0352208+02:00" endTime="2013-05-28T04:22:46.2383471+02:00" testType="13cdc9d9-ddb5-4fa4-a97d-d965ccfc6d4b" outcome="Passed" testListId="8c84fa94-04c1-424b-9868-57a2d4851a1d" relativeResultsDirectory="1f504614-6b49-4a4d-b759-d889e493041e">
        </UnitTestResult>
        <UnitTestResult executionId="552404fc-d738-47ee-aa5f-1e2c18aacc6e" testId="1ae1a839-e997-fcf2-2eab-a3718a11ba73" testName="CreateEntries_ThisMonth" computerName="BURSTINI" duration="00:00:00.2112558" startTime="2013-05-28T04:22:46.2383471+02:00" endTime="2013-05-28T04:22:46.4570985+02:00" testType="13cdc9d9-ddb5-4fa4-a97d-d965ccfc6d4b" outcome="Passed" testListId="8c84fa94-04c1-424b-9868-57a2d4851a1d" relativeResultsDirectory="552404fc-d738-47ee-aa5f-1e2c18aacc6e">
        </UnitTestResult>
        <UnitTestResult executionId="14021413-074d-45bf-8279-20d9f0f15819" testId="0fa75a26-8d65-73df-a2b0-1501e8ec7d6c" testName="DeleteEntries_LastMonth" computerName="BURSTINI" duration="00:00:00.1097432" startTime="2013-05-28T04:22:46.4570985+02:00" endTime="2013-05-28T04:22:46.5664742+02:00" testType="13cdc9d9-ddb5-4fa4-a97d-d965ccfc6d4b" outcome="Passed" testListId="8c84fa94-04c1-424b-9868-57a2d4851a1d" relativeResultsDirectory="14021413-074d-45bf-8279-20d9f0f15819">
        </UnitTestResult>
        <UnitTestResult executionId="087358bd-76a3-44ed-83ac-68ce8dac1e81" testId="ef20ab64-fa6d-e0a5-74ee-17d5d97e964a" testName="DeleteEntries_LastMonthAllUser" computerName="BURSTINI" duration="00:00:00.1275972" startTime="2013-05-28T04:22:46.5820993+02:00" endTime="2013-05-28T04:22:46.7071001+02:00" testType="13cdc9d9-ddb5-4fa4-a97d-d965ccfc6d4b" outcome="Passed" testListId="8c84fa94-04c1-424b-9868-57a2d4851a1d" relativeResultsDirectory="087358bd-76a3-44ed-83ac-68ce8dac1e81">
        </UnitTestResult>
        <UnitTestResult executionId="da57a6e1-7368-4ea4-9afc-113be3bf81ff" testId="a2eafc66-8eae-e330-67be-e5f44d3088d8" testName="DeleteEntries_ThisMonth" computerName="BURSTINI" duration="00:00:00.0996459" startTime="2013-05-28T04:22:46.7071001+02:00" endTime="2013-05-28T04:22:46.8164758+02:00" testType="13cdc9d9-ddb5-4fa4-a97d-d965ccfc6d4b" outcome="Passed" testListId="8c84fa94-04c1-424b-9868-57a2d4851a1d" relativeResultsDirectory="da57a6e1-7368-4ea4-9afc-113be3bf81ff">
        </UnitTestResult>
        <UnitTestResult executionId="764a2432-80ab-4b97-aac1-cc1225e5d91b" testId="72aa2310-1469-8499-bd57-d8c744e8b4b6" testName="EntriesGenerated_LastMonthAllUser" computerName="BURSTINI" duration="00:00:00.1075700" startTime="2013-05-28T04:22:46.8164758+02:00" endTime="2013-05-28T04:22:46.9258515+02:00" testType="13cdc9d9-ddb5-4fa4-a97d-d965ccfc6d4b" outcome="Passed" testListId="8c84fa94-04c1-424b-9868-57a2d4851a1d" relativeResultsDirectory="764a2432-80ab-4b97-aac1-cc1225e5d91b">
        </UnitTestResult>
        <UnitTestResult executionId="0d09f759-4b69-4763-bb21-6ba6fbfdb5ce" testId="b9d6c002-ad98-ae28-b74c-58e63a6a69a2" testName="EntriesGenerated_ThisMonthAllUser" computerName="BURSTINI" duration="00:00:00.0949793" startTime="2013-05-28T04:22:46.9258515+02:00" endTime="2013-05-28T04:22:47.0352272+02:00" testType="13cdc9d9-ddb5-4fa4-a97d-d965ccfc6d4b" outcome="Passed" testListId="8c84fa94-04c1-424b-9868-57a2d4851a1d" relativeResultsDirectory="0d09f759-4b69-4763-bb21-6ba6fbfdb5ce">
        </UnitTestResult>
        <UnitTestResult executionId="231e4012-2a47-422e-a9e6-91677d5a0571" testId="fddc661a-a92d-0ab1-10d9-60121ec8abd2" testName="EntriesGenerated_ThisMonthSingleUser" computerName="BURSTINI" duration="00:00:00.0963798" startTime="2013-05-28T04:22:47.0352272+02:00" endTime="2013-05-28T04:22:47.1289778+02:00" testType="13cdc9d9-ddb5-4fa4-a97d-d965ccfc6d4b" outcome="Passed" testListId="8c84fa94-04c1-424b-9868-57a2d4851a1d" relativeResultsDirectory="231e4012-2a47-422e-a9e6-91677d5a0571">
        </UnitTestResult>
        <UnitTestResult executionId="a3fbcdde-f376-4ea2-8b4f-f19367fa778a" testId="5f0cc3e3-df8a-4689-75de-a3abb9f9098e" testName="GetModifiedEntriesOfPreviousMonth_ThisMonth" computerName="BURSTINI" duration="00:00:00.1038358" startTime="2013-05-28T04:22:47.1289778+02:00" endTime="2013-05-28T04:22:47.2383535+02:00" testType="13cdc9d9-ddb5-4fa4-a97d-d965ccfc6d4b" outcome="Passed" testListId="8c84fa94-04c1-424b-9868-57a2d4851a1d" relativeResultsDirectory="a3fbcdde-f376-4ea2-8b4f-f19367fa778a">
        </UnitTestResult>
        <UnitTestResult executionId="2ddd0609-6ba2-4ea6-b3e0-24d4db8a9cee" testId="5d14cb4d-0865-004f-cfd5-2a46c9eaf4f4" testName="Validate_NameIsNull_ResultIsNameError" computerName="BURSTINI" duration="00:00:00.0185414" startTime="2013-05-28T04:22:47.2383535+02:00" endTime="2013-05-28T04:22:47.4414798+02:00" testType="13cdc9d9-ddb5-4fa4-a97d-d965ccfc6d4b" outcome="Passed" testListId="8c84fa94-04c1-424b-9868-57a2d4851a1d" relativeResultsDirectory="2ddd0609-6ba2-4ea6-b3e0-24d4db8a9cee">
        </UnitTestResult>
        <UnitTestResult executionId="779d1c9e-5c4b-4283-aab8-35c7379c1aa4" testId="6c0222eb-eefa-4962-6e34-3bb7cd4dfbc2" testName="Validate_StandardAufwandIsGreaterThan8760_ResultIsStandardAufwandError" computerName="BURSTINI" duration="00:00:00.0093003" startTime="2013-05-28T04:22:47.4414798+02:00" endTime="2013-05-28T04:22:47.4571049+02:00" testType="13cdc9d9-ddb5-4fa4-a97d-d965ccfc6d4b" outcome="Passed" testListId="8c84fa94-04c1-424b-9868-57a2d4851a1d" relativeResultsDirectory="779d1c9e-5c4b-4283-aab8-35c7379c1aa4">
        </UnitTestResult>
        <UnitTestResult executionId="f1a33027-b83c-4a07-bb55-c28a01f82d14" testId="315af571-203d-0b93-f525-0742cef6e329" testName="Validate_StandardAufwandIsLessThan0_ResultIsStandardAufwandError" computerName="BURSTINI" duration="00:00:00.0094377" startTime="2013-05-28T04:22:47.4571049+02:00" endTime="2013-05-28T04:22:47.4727300+02:00" testType="13cdc9d9-ddb5-4fa4-a97d-d965ccfc6d4b" outcome="Passed" testListId="8c84fa94-04c1-424b-9868-57a2d4851a1d" relativeResultsDirectory="f1a33027-b83c-4a07-bb55-c28a01f82d14">
        </UnitTestResult>
        <UnitTestResult executionId="cf582284-7aa3-437e-8cab-1a2cd699442f" testId="30d316b1-da60-54f3-74f3-0b39d19fa594" testName="Validate_ValidateEntity_ResultIsOk" computerName="BURSTINI" duration="00:00:00.0083750" startTime="2013-05-28T04:22:47.4727300+02:00" endTime="2013-05-28T04:22:47.4883551+02:00" testType="13cdc9d9-ddb5-4fa4-a97d-d965ccfc6d4b" outcome="Passed" testListId="8c84fa94-04c1-424b-9868-57a2d4851a1d" relativeResultsDirectory="cf582284-7aa3-437e-8cab-1a2cd699442f">
        </UnitTestResult>
        <UnitTestResult executionId="47327681-2570-4fa0-aab0-a18eb119512e" testId="b9f31d5e-aa2b-a4fc-3229-4cf34ede6a23" testName="GetMitarbeiterArbeitszeit_DecimalOk" computerName="BURSTINI" duration="00:00:04.6749807" startTime="2013-05-28T04:22:47.4883551+02:00" endTime="2013-05-28T04:22:52.3477612+02:00" testType="13cdc9d9-ddb5-4fa4-a97d-d965ccfc6d4b" outcome="Passed" testListId="8c84fa94-04c1-424b-9868-57a2d4851a1d" relativeResultsDirectory="47327681-2570-4fa0-aab0-a18eb119512e">
        </UnitTestResult>
        <UnitTestResult executionId="c8627188-0db6-4d50-8e34-962506280277" testId="12ca63d0-d37b-caa3-427a-b5c1731949fb" testName="GetMitarbeiterArbeitszeit_ListeOk" computerName="BURSTINI" duration="00:00:00.4524139" startTime="2013-05-28T04:22:52.3477612+02:00" endTime="2013-05-28T04:22:52.8008891+02:00" testType="13cdc9d9-ddb5-4fa4-a97d-d965ccfc6d4b" outcome="Passed" testListId="8c84fa94-04c1-424b-9868-57a2d4851a1d" relativeResultsDirectory="c8627188-0db6-4d50-8e34-962506280277">
        </UnitTestResult>
        <UnitTestResult executionId="e9a69e3b-6a9b-4da0-b672-66c055984124" testId="d84bf429-45e0-7652-40b6-31ef7ad671ac" testName="GetMitarbeiterArbeitszeit_NurUserMitPhase" computerName="BURSTINI" duration="00:00:00.7681666" startTime="2013-05-28T04:22:52.8008891+02:00" endTime="2013-05-28T04:22:53.5821441+02:00" testType="13cdc9d9-ddb5-4fa4-a97d-d965ccfc6d4b" outcome="Passed" testListId="8c84fa94-04c1-424b-9868-57a2d4851a1d" relativeResultsDirectory="e9a69e3b-6a9b-4da0-b672-66c055984124">
        </UnitTestResult>
        <UnitTestResult executionId="f042aa7f-fd43-4a83-8db9-f44d9b44d61b" testId="0bf00f0e-fc64-1ddf-f931-47473e44508a" testName="Validate_LaufzeitIsGreaterThan0_IsValid" computerName="BURSTINI" duration="00:00:00.0046642" startTime="2013-05-28T04:22:53.5821441+02:00" endTime="2013-05-28T04:22:53.5977692+02:00" testType="13cdc9d9-ddb5-4fa4-a97d-d965ccfc6d4b" outcome="Passed" testListId="8c84fa94-04c1-424b-9868-57a2d4851a1d" relativeResultsDirectory="f042aa7f-fd43-4a83-8db9-f44d9b44d61b">
        </UnitTestResult>
        <UnitTestResult executionId="faaab941-04ef-41e5-869f-a513eacb4b82" testId="440ed178-4184-6652-f066-58ea85b91604" testName="Validate_LaufzeitIsLessThan0_Error" computerName="BURSTINI" duration="00:00:00.0028095" startTime="2013-05-28T04:22:53.5977692+02:00" endTime="2013-05-28T04:22:53.5977692+02:00" testType="13cdc9d9-ddb5-4fa4-a97d-d965ccfc6d4b" outcome="Passed" testListId="8c84fa94-04c1-424b-9868-57a2d4851a1d" relativeResultsDirectory="faaab941-04ef-41e5-869f-a513eacb4b82">
        </UnitTestResult>
        <UnitTestResult executionId="efe9b648-d185-4f0e-aa6d-c30163171ef2" testId="946f8226-74de-bd03-37ca-c10698b1961b" testName="Validate_LaufzeitIsNull_IsValid" computerName="BURSTINI" duration="00:00:00.0014230" startTime="2013-05-28T04:22:53.5977692+02:00" endTime="2013-05-28T04:22:53.5977692+02:00" testType="13cdc9d9-ddb5-4fa4-a97d-d965ccfc6d4b" outcome="Passed" testListId="8c84fa94-04c1-424b-9868-57a2d4851a1d" relativeResultsDirectory="efe9b648-d185-4f0e-aa6d-c30163171ef2">
        </UnitTestResult>
        <UnitTestResult executionId="93c291ec-0b20-42b3-90a3-a9a9fec59fbf" testId="c43b41fb-14c2-e166-59db-ee9fc5ba0c9f" testName="Validate_NameIsEmpty_HasError" computerName="BURSTINI" duration="00:00:00.0020441" startTime="2013-05-28T04:22:53.5977692+02:00" endTime="2013-05-28T04:22:53.6133943+02:00" testType="13cdc9d9-ddb5-4fa4-a97d-d965ccfc6d4b" outcome="Passed" testListId="8c84fa94-04c1-424b-9868-57a2d4851a1d" relativeResultsDirectory="93c291ec-0b20-42b3-90a3-a9a9fec59fbf">
        </UnitTestResult>
        <UnitTestResult executionId="8f17e91b-5434-4997-a3e0-f1e1c2bffc6c" testId="43f26e08-6b91-4298-6188-79892ce10c5a" testName="Validate_NameIsSet_IsValid" computerName="BURSTINI" duration="00:00:00.0018147" startTime="2013-05-28T04:22:53.6133943+02:00" endTime="2013-05-28T04:22:53.6133943+02:00" testType="13cdc9d9-ddb5-4fa4-a97d-d965ccfc6d4b" outcome="Passed" testListId="8c84fa94-04c1-424b-9868-57a2d4851a1d" relativeResultsDirectory="8f17e91b-5434-4997-a3e0-f1e1c2bffc6c">
        </UnitTestResult>
        <UnitTestResult executionId="9629e4ae-1025-4cd4-960d-f659c848a3ba" testId="e3f1335d-2040-c5cf-0ca6-6bac4d6abd51" testName="Validate_NameIsEmpty_HasError" computerName="BURSTINI" duration="00:00:00.0033593" startTime="2013-05-28T04:22:53.6133943+02:00" endTime="2013-05-28T04:22:53.6290194+02:00" testType="13cdc9d9-ddb5-4fa4-a97d-d965ccfc6d4b" outcome="Passed" testListId="8c84fa94-04c1-424b-9868-57a2d4851a1d" relativeResultsDirectory="9629e4ae-1025-4cd4-960d-f659c848a3ba">
        </UnitTestResult>
        <UnitTestResult executionId="d323ecdb-14c7-4da2-96f6-e4c3c36324fa" testId="fc4f45f1-6ee9-323d-1c4f-39b2fcd7fcb0" testName="Validate_NameIsSet_IsValid" computerName="BURSTINI" duration="00:00:00.0014242" startTime="2013-05-28T04:22:53.6290194+02:00" endTime="2013-05-28T04:22:53.6290194+02:00" testType="13cdc9d9-ddb5-4fa4-a97d-d965ccfc6d4b" outcome="Passed" testListId="8c84fa94-04c1-424b-9868-57a2d4851a1d" relativeResultsDirectory="d323ecdb-14c7-4da2-96f6-e4c3c36324fa">
        </UnitTestResult>
        <UnitTestResult executionId="c6772194-6a8d-438d-8c5e-00e446c7656a" testId="ab306580-19ff-4db4-387e-3e16f84989d7" testName="Validate_StandardAufwandIsGreaterThan744_Error" computerName="BURSTINI" duration="00:00:00.0033479" startTime="2013-05-28T04:22:53.6290194+02:00" endTime="2013-05-28T04:22:53.6446445+02:00" testType="13cdc9d9-ddb5-4fa4-a97d-d965ccfc6d4b" outcome="Passed" testListId="8c84fa94-04c1-424b-9868-57a2d4851a1d" relativeResultsDirectory="c6772194-6a8d-438d-8c5e-00e446c7656a">
        </UnitTestResult>
        <UnitTestResult executionId="d7f184ca-b729-473d-a392-c8f4aa4b8446" testId="fbd40b1f-cd91-4fa7-11a4-cc2bbbca339d" testName="Validate_StandardAufwandIsInRange_IsValid" computerName="BURSTINI" duration="00:00:00.0036096" startTime="2013-05-28T04:22:53.6446445+02:00" endTime="2013-05-28T04:22:53.6446445+02:00" testType="13cdc9d9-ddb5-4fa4-a97d-d965ccfc6d4b" outcome="Passed" testListId="8c84fa94-04c1-424b-9868-57a2d4851a1d" relativeResultsDirectory="d7f184ca-b729-473d-a392-c8f4aa4b8446">
        </UnitTestResult>
        <UnitTestResult executionId="e0443c8a-71a7-44ef-bb34-1a2f8167b8b2" testId="638c6208-f2b0-7a19-5733-999dd64e6b05" testName="Validate_StandardAufwandIsLessThan0_Error" computerName="BURSTINI" duration="00:00:00.0015085" startTime="2013-05-28T04:22:53.6446445+02:00" endTime="2013-05-28T04:22:53.6602696+02:00" testType="13cdc9d9-ddb5-4fa4-a97d-d965ccfc6d4b" outcome="Passed" testListId="8c84fa94-04c1-424b-9868-57a2d4851a1d" relativeResultsDirectory="e0443c8a-71a7-44ef-bb34-1a2f8167b8b2">
        </UnitTestResult>
        <UnitTestResult executionId="a9a4cb04-23c3-400a-819d-7ef10b097e97" testId="62f4c7f7-c916-7381-e674-e01e1bc0b2f5" testName="Validate_NameIsEmpty_HasError" computerName="BURSTINI" duration="00:00:00.0065133" startTime="2013-05-28T04:22:53.6602696+02:00" endTime="2013-05-28T04:22:53.6758947+02:00" testType="13cdc9d9-ddb5-4fa4-a97d-d965ccfc6d4b" outcome="Passed" testListId="8c84fa94-04c1-424b-9868-57a2d4851a1d" relativeResultsDirectory="a9a4cb04-23c3-400a-819d-7ef10b097e97">
        </UnitTestResult>
        <UnitTestResult executionId="7c695468-8465-4a65-8665-98416f687227" testId="2841b54b-caf2-c415-926c-01ef6500098b" testName="Validate_NameIsSet_IsValid" computerName="BURSTINI" duration="00:00:00.0055060" startTime="2013-05-28T04:22:53.6758947+02:00" endTime="2013-05-28T04:22:53.6758947+02:00" testType="13cdc9d9-ddb5-4fa4-a97d-d965ccfc6d4b" outcome="Passed" testListId="8c84fa94-04c1-424b-9868-57a2d4851a1d" relativeResultsDirectory="7c695468-8465-4a65-8665-98416f687227">
        </UnitTestResult>
        <UnitTestResult executionId="c05063b5-eac6-4ae7-8d77-85cc0f28d430" testId="0e901f68-dff1-716c-d7b0-32b31bfeb00a" testName="Validate_NameIsEmpty_HasError" computerName="BURSTINI" duration="00:00:00.0019139" startTime="2013-05-28T04:22:53.6758947+02:00" endTime="2013-05-28T04:22:53.6915198+02:00" testType="13cdc9d9-ddb5-4fa4-a97d-d965ccfc6d4b" outcome="Passed" testListId="8c84fa94-04c1-424b-9868-57a2d4851a1d" relativeResultsDirectory="c05063b5-eac6-4ae7-8d77-85cc0f28d430">
        </UnitTestResult>
        <UnitTestResult executionId="41ad1852-a27c-4fa8-bbba-30bd72f2a59f" testId="29f524b8-703e-0c7e-caa5-dbb343a26da6" testName="Validate_NameIsSet_IsValid" computerName="BURSTINI" duration="00:00:00.0019876" startTime="2013-05-28T04:22:53.6915198+02:00" endTime="2013-05-28T04:22:53.6915198+02:00" testType="13cdc9d9-ddb5-4fa4-a97d-d965ccfc6d4b" outcome="Passed" testListId="8c84fa94-04c1-424b-9868-57a2d4851a1d" relativeResultsDirectory="41ad1852-a27c-4fa8-bbba-30bd72f2a59f">
        </UnitTestResult>
        <UnitTestResult executionId="65178190-4af0-437f-b8d1-e941301a1661" testId="6f4f7a85-42c2-1d68-4f91-cd40ccc7d9f8" testName="Validate_StandardAufwandIsGreaterThan8760_Error" computerName="BURSTINI" duration="00:00:00.0021821" startTime="2013-05-28T04:22:53.6915198+02:00" endTime="2013-05-28T04:22:53.6915198+02:00" testType="13cdc9d9-ddb5-4fa4-a97d-d965ccfc6d4b" outcome="Passed" testListId="8c84fa94-04c1-424b-9868-57a2d4851a1d" relativeResultsDirectory="65178190-4af0-437f-b8d1-e941301a1661">
        </UnitTestResult>
        <UnitTestResult executionId="9affab9e-7b07-4855-bb69-54a65d2ad1ca" testId="1dbd89f5-20fc-d67d-d64d-99bb3b817cab" testName="Validate_StandardAufwandIsInRange_IsValid" computerName="BURSTINI" duration="00:00:00.0025810" startTime="2013-05-28T04:22:53.7071449+02:00" endTime="2013-05-28T04:22:53.7071449+02:00" testType="13cdc9d9-ddb5-4fa4-a97d-d965ccfc6d4b" outcome="Passed" testListId="8c84fa94-04c1-424b-9868-57a2d4851a1d" relativeResultsDirectory="9affab9e-7b07-4855-bb69-54a65d2ad1ca">
        </UnitTestResult>
        <UnitTestResult executionId="15193ff0-c4b4-4a59-b718-a97979eb2a7c" testId="3981f4bb-ae7c-12ed-9758-dad30c960459" testName="Validate_StandardAufwandIsLessThan0_Error" computerName="BURSTINI" duration="00:00:00.0014345" startTime="2013-05-28T04:22:53.7071449+02:00" endTime="2013-05-28T04:22:53.7071449+02:00" testType="13cdc9d9-ddb5-4fa4-a97d-d965ccfc6d4b" outcome="Passed" testListId="8c84fa94-04c1-424b-9868-57a2d4851a1d" relativeResultsDirectory="15193ff0-c4b4-4a59-b718-a97979eb2a7c">
        </UnitTestResult>
        <UnitTestResult executionId="ee527ffa-e3f2-4332-9664-56e89909f351" testId="790af009-773e-3740-cba1-499e841a666e" testName="GetUserZugriffrecht_Guest_Ok" computerName="BURSTINI" duration="00:00:00.9615356" startTime="2013-05-28T04:22:53.7071449+02:00" endTime="2013-05-28T04:22:54.8634023+02:00" testType="13cdc9d9-ddb5-4fa4-a97d-d965ccfc6d4b" outcome="Passed" testListId="8c84fa94-04c1-424b-9868-57a2d4851a1d" relativeResultsDirectory="ee527ffa-e3f2-4332-9664-56e89909f351">
        </UnitTestResult>
        <UnitTestResult executionId="9d45b4fd-7224-403a-9d78-0d57a9d75a19" testId="4f124980-de29-8590-bd78-10f36825cf14" testName="GetUserZugriffrecht_Member_Ok" computerName="BURSTINI" duration="00:00:00.4124753" startTime="2013-05-28T04:22:54.8634023+02:00" endTime="2013-05-28T04:22:55.2852800+02:00" testType="13cdc9d9-ddb5-4fa4-a97d-d965ccfc6d4b" outcome="Passed" testListId="8c84fa94-04c1-424b-9868-57a2d4851a1d" relativeResultsDirectory="9d45b4fd-7224-403a-9d78-0d57a9d75a19">
        </UnitTestResult>
        <UnitTestResult executionId="77494773-990e-43ed-98e6-6ac3fda546ec" testId="b083efb9-9f7b-bd0b-47d8-d4f6e9631138" testName="GetUserZugriffrecht_Null" computerName="BURSTINI" duration="00:00:00.3210575" startTime="2013-05-28T04:22:55.2852800+02:00" endTime="2013-05-28T04:22:55.6134071+02:00" testType="13cdc9d9-ddb5-4fa4-a97d-d965ccfc6d4b" outcome="Passed" testListId="8c84fa94-04c1-424b-9868-57a2d4851a1d" relativeResultsDirectory="77494773-990e-43ed-98e6-6ac3fda546ec">
        </UnitTestResult>
        <UnitTestResult executionId="8bd3b088-3292-44d6-9a4a-f7a0d863f7d5" testId="631480e0-7a4d-bddf-754a-f7e0991b5c32" testName="GetUserZugriffrecht_Owner_Ok" computerName="BURSTINI" duration="00:00:00.3181376" startTime="2013-05-28T04:22:55.6134071+02:00" endTime="2013-05-28T04:22:55.9259091+02:00" testType="13cdc9d9-ddb5-4fa4-a97d-d965ccfc6d4b" outcome="Passed" testListId="8c84fa94-04c1-424b-9868-57a2d4851a1d" relativeResultsDirectory="8bd3b088-3292-44d6-9a4a-f7a0d863f7d5">
        </UnitTestResult>
        <UnitTestResult executionId="80fb886d-b5b4-4955-a7cd-e7a49be34231" testId="d9285925-7d6b-05a2-0876-c771423664d9" testName="GetUserZugriffrecht_UserAdmin_Ok" computerName="BURSTINI" duration="00:00:00.3685222" startTime="2013-05-28T04:22:55.9259091+02:00" endTime="2013-05-28T04:22:56.3009115+02:00" testType="13cdc9d9-ddb5-4fa4-a97d-d965ccfc6d4b" outcome="Passed" testListId="8c84fa94-04c1-424b-9868-57a2d4851a1d" relativeResultsDirectory="80fb886d-b5b4-4955-a7cd-e7a49be34231">
        </UnitTestResult>
        <UnitTestResult executionId="b6d23c7d-968b-42b4-98fe-53e057feff9c" testId="3df86408-9ef5-a4c2-7c62-99bed29f7da4" testName="HatUserSpezialrecht_NOk" computerName="BURSTINI" duration="00:00:00.3357259" startTime="2013-05-28T04:22:56.3009115+02:00" endTime="2013-05-28T04:22:56.6446637+02:00" testType="13cdc9d9-ddb5-4fa4-a97d-d965ccfc6d4b" outcome="Passed" testListId="8c84fa94-04c1-424b-9868-57a2d4851a1d" relativeResultsDirectory="b6d23c7d-968b-42b4-98fe-53e057feff9c">
        </UnitTestResult>
        <UnitTestResult executionId="f79bf2d5-82c3-4c61-a55e-7270e68d2eed" testId="c9c5fd09-8478-f66f-150f-8e5070def7a7" testName="HatUserSpezialrecht_Ok" computerName="BURSTINI" duration="00:00:00.4143730" startTime="2013-05-28T04:22:56.6446637+02:00" endTime="2013-05-28T04:22:57.0665414+02:00" testType="13cdc9d9-ddb5-4fa4-a97d-d965ccfc6d4b" outcome="Passed" testListId="8c84fa94-04c1-424b-9868-57a2d4851a1d" relativeResultsDirectory="f79bf2d5-82c3-4c61-a55e-7270e68d2eed">
        </UnitTestResult>
        <UnitTestResult executionId="e35d501c-d9f6-465c-bf7c-20eb2aa1faf0" testId="d6f02512-2fac-4e09-bf89-6af38fac761f" testName="ResolveParameter" computerName="BURSTINI" duration="00:00:00.0898332" startTime="2013-05-28T04:22:57.0665414+02:00" endTime="2013-05-28T04:22:57.1759171+02:00" testType="13cdc9d9-ddb5-4fa4-a97d-d965ccfc6d4b" outcome="Passed" testListId="8c84fa94-04c1-424b-9868-57a2d4851a1d" relativeResultsDirectory="e35d501c-d9f6-465c-bf7c-20eb2aa1faf0">
        </UnitTestResult>
        <UnitTestResult executionId="2a261898-ed3b-4795-96d0-bf96ef52a39f" testId="388fe6a8-cb0f-4daf-3974-6faeb9da8e50" testName="DeleteData_Ok" computerName="BURSTINI" duration="00:00:00.0380425" startTime="2013-05-28T04:22:57.1759171+02:00" endTime="2013-05-28T04:22:57.3946685+02:00" testType="13cdc9d9-ddb5-4fa4-a97d-d965ccfc6d4b" outcome="Passed" testListId="8c84fa94-04c1-424b-9868-57a2d4851a1d" relativeResultsDirectory="2a261898-ed3b-4795-96d0-bf96ef52a39f">
        </UnitTestResult>
        <UnitTestResult executionId="eb9b2c47-8c39-4133-83f8-c716457d17f8" testId="b94ba082-ed7a-0546-bbd2-d11d50d9c6c1" testName="SaveData_validDienstleistung_returnOk" computerName="BURSTINI" duration="00:00:00.0364412" startTime="2013-05-28T04:22:57.3946685+02:00" endTime="2013-05-28T04:22:57.4415438+02:00" testType="13cdc9d9-ddb5-4fa4-a97d-d965ccfc6d4b" outcome="Passed" testListId="8c84fa94-04c1-424b-9868-57a2d4851a1d" relativeResultsDirectory="eb9b2c47-8c39-4133-83f8-c716457d17f8">
        </UnitTestResult>
        <UnitTestResult executionId="5654ffad-f862-449e-90d9-74733ed093ac" testId="60062d34-2be9-13c9-6ac2-f824e4cefca8" testName="SaveData_validListOfDienstleistungen_returnOk" computerName="BURSTINI" duration="00:00:00.0333014" startTime="2013-05-28T04:22:57.4415438+02:00" endTime="2013-05-28T04:22:57.4727940+02:00" testType="13cdc9d9-ddb5-4fa4-a97d-d965ccfc6d4b" outcome="Passed" testListId="8c84fa94-04c1-424b-9868-57a2d4851a1d" relativeResultsDirectory="5654ffad-f862-449e-90d9-74733ed093ac">
        </UnitTestResult>
        <UnitTestResult executionId="a053cdf4-db83-45cc-be90-37b6e280225d" testId="a325cda1-d952-25d3-a1ac-cc3f9bd9deba" testName="CheckDbName_Nok" computerName="BURSTINI" duration="00:00:00.1222029" startTime="2013-05-28T04:22:57.4727940+02:00" endTime="2013-05-28T04:22:57.7852960+02:00" testType="13cdc9d9-ddb5-4fa4-a97d-d965ccfc6d4b" outcome="Passed" testListId="8c84fa94-04c1-424b-9868-57a2d4851a1d" relativeResultsDirectory="a053cdf4-db83-45cc-be90-37b6e280225d">
        </UnitTestResult>
        <UnitTestResult executionId="e6c6b916-e59d-4e8a-bfb9-0725db2ada5f" testId="fc59b09a-e63d-7fb6-296d-98c628fcc854" testName="CheckDbName_Ok" computerName="BURSTINI" duration="00:00:00.0629979" startTime="2013-05-28T04:22:57.7852960+02:00" endTime="2013-05-28T04:22:57.8477964+02:00" testType="13cdc9d9-ddb5-4fa4-a97d-d965ccfc6d4b" outcome="Passed" testListId="8c84fa94-04c1-424b-9868-57a2d4851a1d" relativeResultsDirectory="e6c6b916-e59d-4e8a-bfb9-0725db2ada5f">
        </UnitTestResult>
        <UnitTestResult executionId="1cf6d931-e5ec-427c-b11b-43283c52ab67" testId="87b364ed-0586-8b26-45c0-c5fb0af21690" testName="GetConfigValue_WithoutDefaultString_TestOk" computerName="BURSTINI" duration="00:00:00.1371459" startTime="2013-05-28T04:22:57.8477964+02:00" endTime="2013-05-28T04:22:58.1759235+02:00" testType="13cdc9d9-ddb5-4fa4-a97d-d965ccfc6d4b" outcome="Passed" testListId="8c84fa94-04c1-424b-9868-57a2d4851a1d" relativeResultsDirectory="1cf6d931-e5ec-427c-b11b-43283c52ab67">
        </UnitTestResult>
        <UnitTestResult executionId="624dfe51-a122-4e33-851f-d8c1e6101bf8" testId="e60dffb4-ca8e-0ef1-e9a7-d459cd070073" testName="GetConfigValueBitTest" computerName="BURSTINI" duration="00:00:00.3161496" startTime="2013-05-28T04:22:58.1759235+02:00" endTime="2013-05-28T04:22:58.5040506+02:00" testType="13cdc9d9-ddb5-4fa4-a97d-d965ccfc6d4b" outcome="Passed" testListId="8c84fa94-04c1-424b-9868-57a2d4851a1d" relativeResultsDirectory="624dfe51-a122-4e33-851f-d8c1e6101bf8">
        </UnitTestResult>
        <UnitTestResult executionId="ed60851c-21f1-4d4b-b9c7-049e3fbf9399" testId="2567fa0d-b7ac-884a-b9b1-606baa8cc0db" testName="GetConfigValueCsvIntTest" computerName="BURSTINI" duration="00:00:00.0803850" startTime="2013-05-28T04:22:58.5040506+02:00" endTime="2013-05-28T04:22:58.5821761+02:00" testType="13cdc9d9-ddb5-4fa4-a97d-d965ccfc6d4b" outcome="Passed" testListId="8c84fa94-04c1-424b-9868-57a2d4851a1d" relativeResultsDirectory="ed60851c-21f1-4d4b-b9c7-049e3fbf9399">
        </UnitTestResult>
        <UnitTestResult executionId="eeb686fa-829c-41db-a6c2-050b3192f9ba" testId="7723ae67-7057-de87-7a3f-051f87cbad9a" testName="GetConfigValueCsvStringTest" computerName="BURSTINI" duration="00:00:00.0752017" startTime="2013-05-28T04:22:58.5978012+02:00" endTime="2013-05-28T04:22:58.6759267+02:00" testType="13cdc9d9-ddb5-4fa4-a97d-d965ccfc6d4b" outcome="Passed" testListId="8c84fa94-04c1-424b-9868-57a2d4851a1d" relativeResultsDirectory="eeb686fa-829c-41db-a6c2-050b3192f9ba">
        </UnitTestResult>
        <UnitTestResult executionId="156ac1dd-5229-44dd-ba65-c3956f119d91" testId="9f8f3a0f-4f38-e82d-8d72-c0700cc01252" testName="GetConfigValueDateTimeTest" computerName="BURSTINI" duration="00:00:00.0796570" startTime="2013-05-28T04:22:58.6759267+02:00" endTime="2013-05-28T04:22:58.7540522+02:00" testType="13cdc9d9-ddb5-4fa4-a97d-d965ccfc6d4b" outcome="Passed" testListId="8c84fa94-04c1-424b-9868-57a2d4851a1d" relativeResultsDirectory="156ac1dd-5229-44dd-ba65-c3956f119d91">
        </UnitTestResult>
        <UnitTestResult executionId="cfc2b8d1-c18c-473d-9cdf-a6d41dc36f72" testId="f4474dff-7f75-545c-d9ba-0e0c7d61013a" testName="GetConfigValueDecimalTest" computerName="BURSTINI" duration="00:00:00.0936308" startTime="2013-05-28T04:22:58.7540522+02:00" endTime="2013-05-28T04:22:58.8478028+02:00" testType="13cdc9d9-ddb5-4fa4-a97d-d965ccfc6d4b" outcome="Passed" testListId="8c84fa94-04c1-424b-9868-57a2d4851a1d" relativeResultsDirectory="cfc2b8d1-c18c-473d-9cdf-a6d41dc36f72">
        </UnitTestResult>
        <UnitTestResult executionId="4ebaaa5d-0dae-48ce-96c8-56f9178be498" testId="954e953e-740e-ecd2-0ecb-5f4ff8832cb3" testName="GetConfigValueIntTest" computerName="BURSTINI" duration="00:00:00.0808678" startTime="2013-05-28T04:22:58.8634279+02:00" endTime="2013-05-28T04:22:58.9415534+02:00" testType="13cdc9d9-ddb5-4fa4-a97d-d965ccfc6d4b" outcome="Passed" testListId="8c84fa94-04c1-424b-9868-57a2d4851a1d" relativeResultsDirectory="4ebaaa5d-0dae-48ce-96c8-56f9178be498">
        </UnitTestResult>
        <UnitTestResult executionId="4a00e4a6-6bcf-4994-9320-f1571d0e5e1e" testId="f6411559-ce73-5d15-ab1a-e8c8cb87ffbe" testName="GetConfigValueLovCodeTest" computerName="BURSTINI" duration="00:00:00.1053832" startTime="2013-05-28T04:22:58.9415534+02:00" endTime="2013-05-28T04:22:59.0509291+02:00" testType="13cdc9d9-ddb5-4fa4-a97d-d965ccfc6d4b" outcome="Passed" testListId="8c84fa94-04c1-424b-9868-57a2d4851a1d" relativeResultsDirectory="4a00e4a6-6bcf-4994-9320-f1571d0e5e1e">
        </UnitTestResult>
        <UnitTestResult executionId="1fc9243f-e7fb-4540-993d-6a2056dbd415" testId="50e94fe0-b78a-cefc-a511-2c03c9042461" testName="GetConfigValueMoneyTest" computerName="BURSTINI" duration="00:00:00.0764625" startTime="2013-05-28T04:22:59.0509291+02:00" endTime="2013-05-28T04:22:59.1446797+02:00" testType="13cdc9d9-ddb5-4fa4-a97d-d965ccfc6d4b" outcome="Passed" testListId="8c84fa94-04c1-424b-9868-57a2d4851a1d" relativeResultsDirectory="1fc9243f-e7fb-4540-993d-6a2056dbd415">
        </UnitTestResult>
        <UnitTestResult executionId="dcb39b6b-759b-4c1f-8669-440fee015901" testId="88c8b397-ac79-5e52-f0f1-bc447209749d" testName="GetConfigValuesTest" computerName="BURSTINI" duration="00:00:00.1980679" startTime="2013-05-28T04:22:59.1446797+02:00" endTime="2013-05-28T04:22:59.3478060+02:00" testType="13cdc9d9-ddb5-4fa4-a97d-d965ccfc6d4b" outcome="Passed" testListId="8c84fa94-04c1-424b-9868-57a2d4851a1d" relativeResultsDirectory="dcb39b6b-759b-4c1f-8669-440fee015901">
        </UnitTestResult>
        <UnitTestResult executionId="a5653f55-990a-4942-be93-366fd0082b31" testId="e5798ba5-a16a-76d7-62fe-45928df92613" testName="GetConfigValueStringTest" computerName="BURSTINI" duration="00:00:00.0774073" startTime="2013-05-28T04:22:59.3478060+02:00" endTime="2013-05-28T04:22:59.4259315+02:00" testType="13cdc9d9-ddb5-4fa4-a97d-d965ccfc6d4b" outcome="Passed" testListId="8c84fa94-04c1-424b-9868-57a2d4851a1d" relativeResultsDirectory="a5653f55-990a-4942-be93-366fd0082b31">
        </UnitTestResult>
        <UnitTestResult executionId="ef0ff814-4868-4a88-9b90-b4e231e5240b" testId="149a6d5d-0af0-1c63-d473-0d8873514abf" testName="GetLov_LovExists_NameIsEqual" computerName="BURSTINI" duration="00:00:00.1807816" startTime="2013-05-28T04:22:59.4259315+02:00" endTime="2013-05-28T04:22:59.7853088+02:00" testType="13cdc9d9-ddb5-4fa4-a97d-d965ccfc6d4b" outcome="Passed" testListId="8c84fa94-04c1-424b-9868-57a2d4851a1d" relativeResultsDirectory="ef0ff814-4868-4a88-9b90-b4e231e5240b">
        </UnitTestResult>
        <UnitTestResult executionId="369aac7d-d4a9-4384-8b4a-14cf4b66c73b" testId="4ed13951-7231-8eb8-cad8-3dce4d34f272" testName="GetLovCode_LovWithCodeExists_ReturnListOfCodes" computerName="BURSTINI" duration="00:00:00.0929391" startTime="2013-05-28T04:22:59.7853088+02:00" endTime="2013-05-28T04:22:59.8790594+02:00" testType="13cdc9d9-ddb5-4fa4-a97d-d965ccfc6d4b" outcome="Passed" testListId="8c84fa94-04c1-424b-9868-57a2d4851a1d" relativeResultsDirectory="369aac7d-d4a9-4384-8b4a-14cf4b66c73b">
        </UnitTestResult>
        <UnitTestResult executionId="2a8f5120-6504-4c79-99da-2a82d441926d" testId="59edf8ba-f39e-8d8c-e7fa-7629d02c0f4a" testName="GetLovCodeByLovName_FilteredEmtyString" computerName="BURSTINI" duration="00:00:00.0525745" startTime="2013-05-28T04:22:59.8946845+02:00" endTime="2013-05-28T04:22:59.9415598+02:00" testType="13cdc9d9-ddb5-4fa4-a97d-d965ccfc6d4b" outcome="Passed" testListId="8c84fa94-04c1-424b-9868-57a2d4851a1d" relativeResultsDirectory="2a8f5120-6504-4c79-99da-2a82d441926d">
        </UnitTestResult>
        <UnitTestResult executionId="f519e5ec-64b9-4ada-afcf-a46ebf462f23" testId="be2e3067-4dc6-08c0-17a6-02495c5d82be" testName="GetLovCodeByLovName_FilterList" computerName="BURSTINI" duration="00:00:00.0757909" startTime="2013-05-28T04:22:59.9415598+02:00" endTime="2013-05-28T04:23:00.0196853+02:00" testType="13cdc9d9-ddb5-4fa4-a97d-d965ccfc6d4b" outcome="Passed" testListId="8c84fa94-04c1-424b-9868-57a2d4851a1d" relativeResultsDirectory="f519e5ec-64b9-4ada-afcf-a46ebf462f23">
        </UnitTestResult>
        <UnitTestResult executionId="c898bd8d-6a29-4661-94f9-63589ceedbe2" testId="36734ee1-5da8-0cf8-12cf-ad9234b7ec19" testName="GetLovCodeByLovName_LovEmptyFilteredNoResult_ExpectException" computerName="BURSTINI" duration="00:00:00.0508542" startTime="2013-05-28T04:23:00.0353104+02:00" endTime="2013-05-28T04:23:00.0821857+02:00" testType="13cdc9d9-ddb5-4fa4-a97d-d965ccfc6d4b" outcome="Passed" testListId="8c84fa94-04c1-424b-9868-57a2d4851a1d" relativeResultsDirectory="c898bd8d-6a29-4661-94f9-63589ceedbe2">
        </UnitTestResult>
        <UnitTestResult executionId="32a16aba-1bee-4eb2-b172-32d28d26f7f5" testId="843c5bd6-921e-77a2-9e98-a58262de2ddb" testName="GetLovCodeByLovName_LovFiltered_ResultIsFiltered" computerName="BURSTINI" duration="00:00:00.0508642" startTime="2013-05-28T04:23:00.0821857+02:00" endTime="2013-05-28T04:23:00.1446861+02:00" testType="13cdc9d9-ddb5-4fa4-a97d-d965ccfc6d4b" outcome="Passed" testListId="8c84fa94-04c1-424b-9868-57a2d4851a1d" relativeResultsDirectory="32a16aba-1bee-4eb2-b172-32d28d26f7f5">
        </UnitTestResult>
        <UnitTestResult executionId="681e7966-00e2-473a-b438-726f18cafbfd" testId="054d52ce-7662-e679-f27e-f371bc7dc7c0" testName="GetLovCodeByLovName_LovFilteredWithComma_ResultIsFiltered" computerName="BURSTINI" duration="00:00:00.0538026" startTime="2013-05-28T04:23:00.1446861+02:00" endTime="2013-05-28T04:23:00.2071865+02:00" testType="13cdc9d9-ddb5-4fa4-a97d-d965ccfc6d4b" outcome="Passed" testListId="8c84fa94-04c1-424b-9868-57a2d4851a1d" relativeResultsDirectory="681e7966-00e2-473a-b438-726f18cafbfd">
        </UnitTestResult>
        <UnitTestResult executionId="d8492614-079d-4677-9379-24c6a110e773" testId="d50c28ee-4b22-b059-f054-3776f50239fe" testName="GetLovCodeByLovName_LovNameDoesNotExist_ExpectException" computerName="BURSTINI" duration="00:00:00.0491959" startTime="2013-05-28T04:23:00.2071865+02:00" endTime="2013-05-28T04:23:00.2540618+02:00" testType="13cdc9d9-ddb5-4fa4-a97d-d965ccfc6d4b" outcome="Passed" testListId="8c84fa94-04c1-424b-9868-57a2d4851a1d" relativeResultsDirectory="d8492614-079d-4677-9379-24c6a110e773">
        </UnitTestResult>
        <UnitTestResult executionId="d1947200-099a-408b-bb1f-663ef4fb0bb8" testId="9bd9db87-da92-e011-0e7e-0053a7fad401" testName="GetLovCodeByLovName_LovNameIsNull_ExpectException" computerName="BURSTINI" duration="00:00:00.1040464" startTime="2013-05-28T04:23:00.2540618+02:00" endTime="2013-05-28T04:23:00.3634375+02:00" testType="13cdc9d9-ddb5-4fa4-a97d-d965ccfc6d4b" outcome="Passed" testListId="8c84fa94-04c1-424b-9868-57a2d4851a1d" relativeResultsDirectory="d1947200-099a-408b-bb1f-663ef4fb0bb8">
        </UnitTestResult>
        <UnitTestResult executionId="f49b2325-9d49-423b-a480-33160594ba87" testId="ef79a2c1-1487-48bd-45f0-f4f9f5abb9f1" testName="SaveChangesError" computerName="BURSTINI" duration="00:00:00.8553402" startTime="2013-05-28T04:23:00.3634375+02:00" endTime="2013-05-28T04:23:01.4103192+02:00" testType="13cdc9d9-ddb5-4fa4-a97d-d965ccfc6d4b" outcome="Passed" testListId="8c84fa94-04c1-424b-9868-57a2d4851a1d" relativeResultsDirectory="f49b2325-9d49-423b-a480-33160594ba87">
        </UnitTestResult>
        <UnitTestResult executionId="1f6f6c80-18d9-4efa-a850-5c29870757e6" testId="f94d7dc2-bd84-7a5b-8f7c-12ac24ad2ae6" testName="SaveChangesOk" computerName="BURSTINI" duration="00:00:00.0131832" startTime="2013-05-28T04:23:01.4103192+02:00" endTime="2013-05-28T04:23:01.4259443+02:00" testType="13cdc9d9-ddb5-4fa4-a97d-d965ccfc6d4b" outcome="Passed" testListId="8c84fa94-04c1-424b-9868-57a2d4851a1d" relativeResultsDirectory="1f6f6c80-18d9-4efa-a850-5c29870757e6">
        </UnitTestResult>
        <UnitTestResult executionId="d7569e88-8355-4a16-8b4b-e7b3a513fd39" testId="d050ff2d-b091-23d0-7f4b-ccf9cee7dcd1" testName="Validate_CreatedIsInRange_IsValid" computerName="BURSTINI" duration="00:00:00.0604858" startTime="2013-05-28T04:23:01.4259443+02:00" endTime="2013-05-28T04:23:01.4884447+02:00" testType="13cdc9d9-ddb5-4fa4-a97d-d965ccfc6d4b" outcome="Passed" testListId="8c84fa94-04c1-424b-9868-57a2d4851a1d" relativeResultsDirectory="d7569e88-8355-4a16-8b4b-e7b3a513fd39">
        </UnitTestResult>
        <UnitTestResult executionId="8ace15b1-aa6b-4c05-ad2a-a08068b8706a" testId="8f379138-9686-8c99-0c64-8e2159634e2b" testName="Validate_CreatedIsLessThanSqlDateTimeMin_HasError" computerName="BURSTINI" duration="00:00:00.0027400" startTime="2013-05-28T04:23:01.4884447+02:00" endTime="2013-05-28T04:23:01.5040698+02:00" testType="13cdc9d9-ddb5-4fa4-a97d-d965ccfc6d4b" outcome="Passed" testListId="8c84fa94-04c1-424b-9868-57a2d4851a1d" relativeResultsDirectory="8ace15b1-aa6b-4c05-ad2a-a08068b8706a">
        </UnitTestResult>
        <UnitTestResult executionId="61254127-c3cf-46e9-a0a0-b4653647ec28" testId="5487d224-8a71-89e6-063b-5a57a0fd2ffd" testName="Validate_CreatorIsEmpty_HasError" computerName="BURSTINI" duration="00:00:00.0012046" startTime="2013-05-28T04:23:01.5040698+02:00" endTime="2013-05-28T04:23:01.5040698+02:00" testType="13cdc9d9-ddb5-4fa4-a97d-d965ccfc6d4b" outcome="Passed" testListId="8c84fa94-04c1-424b-9868-57a2d4851a1d" relativeResultsDirectory="61254127-c3cf-46e9-a0a0-b4653647ec28">
        </UnitTestResult>
        <UnitTestResult executionId="cd702e47-e1f3-4f78-b06f-7b308214368f" testId="05de721c-b33f-8ce4-de02-627057a01278" testName="Validate_CreatorIsSet_IsValid" computerName="BURSTINI" duration="00:00:00.0008484" startTime="2013-05-28T04:23:01.5196949+02:00" endTime="2013-05-28T04:23:01.5196949+02:00" testType="13cdc9d9-ddb5-4fa4-a97d-d965ccfc6d4b" outcome="Passed" testListId="8c84fa94-04c1-424b-9868-57a2d4851a1d" relativeResultsDirectory="cd702e47-e1f3-4f78-b06f-7b308214368f">
        </UnitTestResult>
        <UnitTestResult executionId="1ff5a500-5cdc-47a3-9156-6117a705c8ac" testId="c7190297-9814-1a9e-4653-5844ce24d2c5" testName="Validate_ModifiedIsInRange_IsValid" computerName="BURSTINI" duration="00:00:00.0012082" startTime="2013-05-28T04:23:01.5196949+02:00" endTime="2013-05-28T04:23:01.5196949+02:00" testType="13cdc9d9-ddb5-4fa4-a97d-d965ccfc6d4b" outcome="Passed" testListId="8c84fa94-04c1-424b-9868-57a2d4851a1d" relativeResultsDirectory="1ff5a500-5cdc-47a3-9156-6117a705c8ac">
        </UnitTestResult>
        <UnitTestResult executionId="3af588be-6db6-4f57-be78-b3a223cad2fa" testId="b64975c0-81f9-1a7f-761d-16630dffb25b" testName="Validate_ModifiedIsLessThanSqlDateTimeMin_HasError" computerName="BURSTINI" duration="00:00:00.0007604" startTime="2013-05-28T04:23:01.5196949+02:00" endTime="2013-05-28T04:23:01.5353200+02:00" testType="13cdc9d9-ddb5-4fa4-a97d-d965ccfc6d4b" outcome="Passed" testListId="8c84fa94-04c1-424b-9868-57a2d4851a1d" relativeResultsDirectory="3af588be-6db6-4f57-be78-b3a223cad2fa">
        </UnitTestResult>
        <UnitTestResult executionId="6bd96533-07e2-432b-98df-f7667bdd4bbd" testId="76926bac-89c6-b29d-12f5-59a1309acf8d" testName="Validate_ModifierIsEmpty_HasError" computerName="BURSTINI" duration="00:00:00.0009660" startTime="2013-05-28T04:23:01.5353200+02:00" endTime="2013-05-28T04:23:01.5353200+02:00" testType="13cdc9d9-ddb5-4fa4-a97d-d965ccfc6d4b" outcome="Passed" testListId="8c84fa94-04c1-424b-9868-57a2d4851a1d" relativeResultsDirectory="6bd96533-07e2-432b-98df-f7667bdd4bbd">
        </UnitTestResult>
        <UnitTestResult executionId="4769b7e6-3349-4ca6-8ae4-f147cf22a326" testId="f89da2ae-9b5b-326c-1a3f-c9bf97fcaafd" testName="Validate_ModifierIsSet_IsValid" computerName="BURSTINI" duration="00:00:00.0008425" startTime="2013-05-28T04:23:01.5353200+02:00" endTime="2013-05-28T04:23:01.5509451+02:00" testType="13cdc9d9-ddb5-4fa4-a97d-d965ccfc6d4b" outcome="Passed" testListId="8c84fa94-04c1-424b-9868-57a2d4851a1d" relativeResultsDirectory="4769b7e6-3349-4ca6-8ae4-f147cf22a326">
        </UnitTestResult>
        <UnitTestResult executionId="54d4324a-70ad-4691-a3a6-5be1224c3976" testId="af6080a9-e9f5-07be-296d-4f3bf3ee9413" testName="Validate_NullableDecimalIsInRange_IsValid" computerName="BURSTINI" duration="00:00:00.0279901" startTime="2013-05-28T04:23:01.5509451+02:00" endTime="2013-05-28T04:23:01.5821953+02:00" testType="13cdc9d9-ddb5-4fa4-a97d-d965ccfc6d4b" outcome="Passed" testListId="8c84fa94-04c1-424b-9868-57a2d4851a1d" relativeResultsDirectory="54d4324a-70ad-4691-a3a6-5be1224c3976">
        </UnitTestResult>
        <UnitTestResult executionId="2c51ff06-dae8-46cd-b2c6-2fbbb62d8206" testId="19ae473f-6099-5227-f06d-3059e00ca763" testName="Validate_NullableDecimalIsNotInRange_HasError" computerName="BURSTINI" duration="00:00:00.0017449" startTime="2013-05-28T04:23:01.5821953+02:00" endTime="2013-05-28T04:23:01.5821953+02:00" testType="13cdc9d9-ddb5-4fa4-a97d-d965ccfc6d4b" outcome="Passed" testListId="8c84fa94-04c1-424b-9868-57a2d4851a1d" relativeResultsDirectory="2c51ff06-dae8-46cd-b2c6-2fbbb62d8206">
        </UnitTestResult>
        <UnitTestResult executionId="80fe82df-a53c-4f6e-9ac7-187ae89a8ef3" testId="8bb77ff0-1b32-6a45-7092-9a1603f97e78" testName="Validate_Empty_Entity" computerName="BURSTINI" duration="00:00:00.0225981" startTime="2013-05-28T04:23:01.5821953+02:00" endTime="2013-05-28T04:23:01.6134455+02:00" testType="13cdc9d9-ddb5-4fa4-a97d-d965ccfc6d4b" outcome="Passed" testListId="8c84fa94-04c1-424b-9868-57a2d4851a1d" relativeResultsDirectory="80fe82df-a53c-4f6e-9ac7-187ae89a8ef3">
        </UnitTestResult>
        <UnitTestResult executionId="944e4f2e-d257-4694-a5bd-67e82ce1d928" testId="358e2ca6-a0d8-fc97-0aa5-1c918a55265d" testName="Validate_Ok" computerName="BURSTINI" duration="00:00:00.0073825" startTime="2013-05-28T04:23:01.6134455+02:00" endTime="2013-05-28T04:23:01.6290706+02:00" testType="13cdc9d9-ddb5-4fa4-a97d-d965ccfc6d4b" outcome="Passed" testListId="8c84fa94-04c1-424b-9868-57a2d4851a1d" relativeResultsDirectory="944e4f2e-d257-4694-a5bd-67e82ce1d928">
        </UnitTestResult>
        <UnitTestResult executionId="f77383db-4b43-41c2-be44-b9c3d562a934" testId="396bc217-b4d6-f470-8158-8cf8b749153b" testName="Validate_ValidationErrors" computerName="BURSTINI" duration="00:00:00.0053319" startTime="2013-05-28T04:23:01.6290706+02:00" endTime="2013-05-28T04:23:01.6446957+02:00" testType="13cdc9d9-ddb5-4fa4-a97d-d965ccfc6d4b" outcome="Passed" testListId="8c84fa94-04c1-424b-9868-57a2d4851a1d" relativeResultsDirectory="f77383db-4b43-41c2-be44-b9c3d562a934">
        </UnitTestResult>
        <UnitTestResult executionId="c97b1ed1-440e-4ac2-b99b-30131ffcf9ce" testId="c57a4ff8-b0c8-a5fe-38a6-624b6048d0eb" testName="Validate_NameIsEmpty_HasError" computerName="BURSTINI" duration="00:00:00.0076959" startTime="2013-05-28T04:23:01.6446957+02:00" endTime="2013-05-28T04:23:01.6446957+02:00" testType="13cdc9d9-ddb5-4fa4-a97d-d965ccfc6d4b" outcome="Passed" testListId="8c84fa94-04c1-424b-9868-57a2d4851a1d" relativeResultsDirectory="c97b1ed1-440e-4ac2-b99b-30131ffcf9ce">
        </UnitTestResult>
        <UnitTestResult executionId="5d496130-04bc-4618-886f-92f78753cc6c" testId="3980aa0b-1b86-6253-552a-c66e46b8113c" testName="Validate_Ok" computerName="BURSTINI" duration="00:00:00.0054724" startTime="2013-05-28T04:23:01.6603208+02:00" endTime="2013-05-28T04:23:01.6603208+02:00" testType="13cdc9d9-ddb5-4fa4-a97d-d965ccfc6d4b" outcome="Passed" testListId="8c84fa94-04c1-424b-9868-57a2d4851a1d" relativeResultsDirectory="5d496130-04bc-4618-886f-92f78753cc6c">
        </UnitTestResult>
        <UnitTestResult executionId="1dcb9760-efff-4ae2-bdbe-3bf4770ea081" testId="08fd41ce-efa8-02b1-9c43-1e7f271f5126" testName="GetByFaLeistungId_BudgetExists_ReturnBudget" computerName="BURSTINI" duration="00:00:00.7606793" startTime="2013-05-28T04:23:01.6603208+02:00" endTime="2013-05-28T04:23:02.6447021+02:00" testType="13cdc9d9-ddb5-4fa4-a97d-d965ccfc6d4b" outcome="Passed" testListId="8c84fa94-04c1-424b-9868-57a2d4851a1d" relativeResultsDirectory="1dcb9760-efff-4ae2-bdbe-3bf4770ea081">
        </UnitTestResult>
        <UnitTestResult executionId="1c7f8c0c-5cbb-4ce8-83ba-2141b1ce4837" testId="ad6a5c08-3e58-043c-fe4e-0b26c7021f1d" testName="DeleteData_BudgetWithPosition_IsOk" computerName="BURSTINI" duration="00:00:00.1858632" startTime="2013-05-28T04:23:02.6447021+02:00" endTime="2013-05-28T04:23:03.0197045+02:00" testType="13cdc9d9-ddb5-4fa4-a97d-d965ccfc6d4b" outcome="Passed" testListId="8c84fa94-04c1-424b-9868-57a2d4851a1d" relativeResultsDirectory="1c7f8c0c-5cbb-4ce8-83ba-2141b1ce4837">
        </UnitTestResult>
        <UnitTestResult executionId="c396c449-023b-4c70-be37-355146ecadbf" testId="4e794b3b-ad26-1344-b0b0-5cfaf9b494b9" testName="DeleteData_NewBudgetWithPosition_IsOk" computerName="BURSTINI" duration="00:00:01.1519156" startTime="2013-05-28T04:23:03.0197045+02:00" endTime="2013-05-28T04:23:04.1759619+02:00" testType="13cdc9d9-ddb5-4fa4-a97d-d965ccfc6d4b" outcome="Passed" testListId="8c84fa94-04c1-424b-9868-57a2d4851a1d" relativeResultsDirectory="c396c449-023b-4c70-be37-355146ecadbf">
        </UnitTestResult>
        <UnitTestResult executionId="981675e2-1862-494d-b703-2fd3e4922017" testId="8e8df2da-bb44-2ede-f8dc-97f4280e5138" testName="GetByFaLeistungId_BudgetExistsForLeistungId_ReturnListOfBudget" computerName="BURSTINI" duration="00:00:00.0545069" startTime="2013-05-28T04:23:04.1759619+02:00" endTime="2013-05-28T04:23:04.2384623+02:00" testType="13cdc9d9-ddb5-4fa4-a97d-d965ccfc6d4b" outcome="Passed" testListId="8c84fa94-04c1-424b-9868-57a2d4851a1d" relativeResultsDirectory="981675e2-1862-494d-b703-2fd3e4922017">
        </UnitTestResult>
        <UnitTestResult executionId="8eed9c39-8a28-48fa-a103-a5a59b1f07e6" testId="2abbccd8-f2a0-cb90-76fa-a0dd1042cd56" testName="GetById_BudgetWithIdExists_NotNull" computerName="BURSTINI" duration="00:00:00.0502348" startTime="2013-05-28T04:23:04.2384623+02:00" endTime="2013-05-28T04:23:04.3009627+02:00" testType="13cdc9d9-ddb5-4fa4-a97d-d965ccfc6d4b" outcome="Passed" testListId="8c84fa94-04c1-424b-9868-57a2d4851a1d" relativeResultsDirectory="8eed9c39-8a28-48fa-a103-a5a59b1f07e6">
        </UnitTestResult>
        <UnitTestResult executionId="c3feb4bd-7233-49af-aaf1-34e3f9f0e55f" testId="71aa2394-9492-8bcb-ec97-d7f2fc4ee7c0" testName="NewData_KlientenbudgetUndStandardPositionenErstellt" computerName="BURSTINI" duration="00:00:00.0556263" startTime="2013-05-28T04:23:04.3009627+02:00" endTime="2013-05-28T04:23:04.3634631+02:00" testType="13cdc9d9-ddb5-4fa4-a97d-d965ccfc6d4b" outcome="Passed" testListId="8c84fa94-04c1-424b-9868-57a2d4851a1d" relativeResultsDirectory="c3feb4bd-7233-49af-aaf1-34e3f9f0e55f">
        </UnitTestResult>
        <UnitTestResult executionId="0f48e27a-2e32-4580-a2cb-6cf4cc3f6fae" testId="1b1789c9-1488-cb1b-cb2a-126653ecd022" testName="UpdateBetragSaldoOtherPositions_Vermoegen_UpdateSaldoElBerechnung" computerName="BURSTINI" duration="00:00:00.1574398" startTime="2013-05-28T04:23:04.3634631+02:00" endTime="2013-05-28T04:23:04.6915902+02:00" testType="13cdc9d9-ddb5-4fa4-a97d-d965ccfc6d4b" outcome="Passed" testListId="8c84fa94-04c1-424b-9868-57a2d4851a1d" relativeResultsDirectory="0f48e27a-2e32-4580-a2cb-6cf4cc3f6fae">
        </UnitTestResult>
        <UnitTestResult executionId="9760ead8-b40c-40f2-8999-c6f827e02c55" testId="d8424179-cd51-c009-b6fb-6ff2ed659e1d" testName="UpdateBetragSaldoOtherPositions_VermoegenElFreibetragZuGross_UpdateSaldoElBerechnung" computerName="BURSTINI" duration="00:00:00.0840799" startTime="2013-05-28T04:23:04.7072153+02:00" endTime="2013-05-28T04:23:04.7853408+02:00" testType="13cdc9d9-ddb5-4fa4-a97d-d965ccfc6d4b" outcome="Passed" testListId="8c84fa94-04c1-424b-9868-57a2d4851a1d" relativeResultsDirectory="9760ead8-b40c-40f2-8999-c6f827e02c55">
        </UnitTestResult>
        <UnitTestResult executionId="5b38182c-f16d-4dc7-b17a-18af61679238" testId="1583b418-36ff-1d9f-8799-969416e41233" testName="ImportData_BetriebskontoPositionMitFbPeriodeOhneBuchung_ImportIsOk" computerName="BURSTINI" duration="00:00:01.0437628" startTime="2013-05-28T04:23:04.7853408+02:00" endTime="2013-05-28T04:23:06.0040986+02:00" testType="13cdc9d9-ddb5-4fa4-a97d-d965ccfc6d4b" outcome="Passed" testListId="8c84fa94-04c1-424b-9868-57a2d4851a1d" relativeResultsDirectory="5b38182c-f16d-4dc7-b17a-18af61679238">
        </UnitTestResult>
        <UnitTestResult executionId="d8c20058-adfa-45a2-a6fb-bb7df37e1c01" testId="c58bfaaa-abc3-8b2f-3f60-5d33cc279565" testName="ImportData_BetriebskontoPositionOhneFbPeriode_ImportIsOk" computerName="BURSTINI" duration="00:00:00.4450839" startTime="2013-05-28T04:23:06.0040986+02:00" endTime="2013-05-28T04:23:06.4572265+02:00" testType="13cdc9d9-ddb5-4fa4-a97d-d965ccfc6d4b" outcome="Passed" testListId="8c84fa94-04c1-424b-9868-57a2d4851a1d" relativeResultsDirectory="d8c20058-adfa-45a2-a6fb-bb7df37e1c01">
        </UnitTestResult>
        <UnitTestResult executionId="4fcdf221-c048-4b3e-a579-124bc0ef2f8a" testId="a79442bb-8a9b-1b7d-d21f-876d39615fa8" testName="ImportData_KassePcPositionMitFbPeriodeUndBuchung_ImportIsOk" computerName="BURSTINI" duration="00:00:00.4519747" startTime="2013-05-28T04:23:06.4572265+02:00" endTime="2013-05-28T04:23:06.9103544+02:00" testType="13cdc9d9-ddb5-4fa4-a97d-d965ccfc6d4b" outcome="Passed" testListId="8c84fa94-04c1-424b-9868-57a2d4851a1d" relativeResultsDirectory="4fcdf221-c048-4b3e-a579-124bc0ef2f8a">
        </UnitTestResult>
        <UnitTestResult executionId="2ddd96cf-2148-4b39-854c-907f53411ec5" testId="a39a9a90-5b8c-22ff-8c3c-9ab8e635ede1" testName="ImportData_KvgPosition_ImportIsOk" computerName="BURSTINI" duration="00:00:00.5874841" startTime="2013-05-28T04:23:06.9103544+02:00" endTime="2013-05-28T04:23:07.5041082+02:00" testType="13cdc9d9-ddb5-4fa4-a97d-d965ccfc6d4b" outcome="Passed" testListId="8c84fa94-04c1-424b-9868-57a2d4851a1d" relativeResultsDirectory="2ddd96cf-2148-4b39-854c-907f53411ec5">
        </UnitTestResult>
        <UnitTestResult executionId="8196973e-d24e-4d05-abfe-ed7d01aab69f" testId="845463c6-be67-9168-aa02-32cc56abb085" testName="ImportData_VvgPosition_ImportIsOk" computerName="BURSTINI" duration="00:00:00.4537635" startTime="2013-05-28T04:23:07.5197333+02:00" endTime="2013-05-28T04:23:07.9728612+02:00" testType="13cdc9d9-ddb5-4fa4-a97d-d965ccfc6d4b" outcome="Passed" testListId="8c84fa94-04c1-424b-9868-57a2d4851a1d" relativeResultsDirectory="8196973e-d24e-4d05-abfe-ed7d01aab69f">
        </UnitTestResult>
        <UnitTestResult executionId="5d8b7984-b6fe-4392-aef6-bee68e245427" testId="de5de296-ecc5-9814-78fb-630338c9e5ca" testName="Test_GetByVmKlientenbudgetId" computerName="BURSTINI" duration="00:00:00.4442232" startTime="2013-05-28T04:23:07.9728612+02:00" endTime="2013-05-28T04:23:08.4259891+02:00" testType="13cdc9d9-ddb5-4fa4-a97d-d965ccfc6d4b" outcome="Passed" testListId="8c84fa94-04c1-424b-9868-57a2d4851a1d" relativeResultsDirectory="5d8b7984-b6fe-4392-aef6-bee68e245427">
        </UnitTestResult>
        <UnitTestResult executionId="e78454a6-c6ac-41fa-b05e-667c2e8e8516" testId="1ddb6a98-1bf0-8978-8d0a-cda08ad2bc0a" testName="Test_NonExistingPlaceholderShouldBeIgnored" computerName="BURSTINI" duration="00:00:17.9114049" startTime="2013-05-28T04:23:08.4259891+02:00" endTime="2013-05-28T04:23:28.5198677+02:00" testType="13cdc9d9-ddb5-4fa4-a97d-d965ccfc6d4b" outcome="Passed" testListId="8c84fa94-04c1-424b-9868-57a2d4851a1d" relativeResultsDirectory="e78454a6-c6ac-41fa-b05e-667c2e8e8516">
            <Output>
                <DebugTrace>
                    no configuration section &lt;common/logging&gt; found - suppressing logging output
                </DebugTrace>
            </Output>
        </UnitTestResult>
        <UnitTestResult executionId="ae2a1730-be07-4d10-a69f-d2653e244505" testId="c4a2ea83-2f17-e495-c476-f842c9caaed6" testName="Test_ReplacePlaceholder" computerName="BURSTINI" duration="00:00:00.0003374" startTime="2013-05-28T04:23:28.5198677+02:00" endTime="2013-05-28T04:23:28.5354928+02:00" testType="13cdc9d9-ddb5-4fa4-a97d-d965ccfc6d4b" outcome="Passed" testListId="8c84fa94-04c1-424b-9868-57a2d4851a1d" relativeResultsDirectory="ae2a1730-be07-4d10-a69f-d2653e244505">
        </UnitTestResult>
        <UnitTestResult executionId="353955df-e427-4fed-8ace-2102c695f632" testId="e00f8ae0-84f3-1c8a-5fb4-bb9cae76b704" testName="Test_ReplaceThePropertyName" computerName="BURSTINI" duration="00:00:00.0006710" startTime="2013-05-28T04:23:28.5354928+02:00" endTime="2013-05-28T04:23:28.5354928+02:00" testType="13cdc9d9-ddb5-4fa4-a97d-d965ccfc6d4b" outcome="Passed" testListId="8c84fa94-04c1-424b-9868-57a2d4851a1d" relativeResultsDirectory="353955df-e427-4fed-8ace-2102c695f632">
        </UnitTestResult>
        <UnitTestResult executionId="73395273-98d0-4bcb-a8d7-a54b0f5169d6" testId="ef10e83c-582f-71f7-1734-8851d9372921" testName="Autofac_ResolveNamedInstances_ShouldBeDifferentFromDefault" computerName="BURSTINI" duration="00:00:00.1176333" startTime="2013-05-28T04:23:28.5354928+02:00" endTime="2013-05-28T04:23:28.6604936+02:00" testType="13cdc9d9-ddb5-4fa4-a97d-d965ccfc6d4b" outcome="Passed" testListId="8c84fa94-04c1-424b-9868-57a2d4851a1d" relativeResultsDirectory="73395273-98d0-4bcb-a8d7-a54b0f5169d6">
        </UnitTestResult>
        <UnitTestResult executionId="cb9382ec-233c-4c20-a55f-1bad6414740a" testId="93593ee3-2ece-30e0-1e00-f34dc6afc221" testName="Autofac_TwoContainerManagedResolve_should_be_the_same" computerName="BURSTINI" duration="00:00:00.0026643" startTime="2013-05-28T04:23:28.6604936+02:00" endTime="2013-05-28T04:23:28.6761187+02:00" testType="13cdc9d9-ddb5-4fa4-a97d-d965ccfc6d4b" outcome="Passed" testListId="8c84fa94-04c1-424b-9868-57a2d4851a1d" relativeResultsDirectory="cb9382ec-233c-4c20-a55f-1bad6414740a">
        </UnitTestResult>
        <UnitTestResult executionId="07681519-cdb5-476d-956b-b936fcd42efa" testId="5130dbdd-299d-bc28-57ad-2d143f445096" testName="inner_container_created_child_instances_should_be_disposed" computerName="BURSTINI" duration="00:00:00.0406018" startTime="2013-05-28T04:23:28.6761187+02:00" endTime="2013-05-28T04:23:28.7073689+02:00" testType="13cdc9d9-ddb5-4fa4-a97d-d965ccfc6d4b" outcome="Passed" testListId="8c84fa94-04c1-424b-9868-57a2d4851a1d" relativeResultsDirectory="07681519-cdb5-476d-956b-b936fcd42efa">
        </UnitTestResult>
        <UnitTestResult executionId="2a40a846-535d-4826-88b8-e4b1f11ab7c6" testId="4f801b8c-dc30-5b57-a125-ea118d1fbe4f" testName="inner_container_created_instances_should_be_disposed_1" computerName="BURSTINI" duration="00:00:00.0008154" startTime="2013-05-28T04:23:28.7229940+02:00" endTime="2013-05-28T04:23:28.7229940+02:00" testType="13cdc9d9-ddb5-4fa4-a97d-d965ccfc6d4b" outcome="Passed" testListId="8c84fa94-04c1-424b-9868-57a2d4851a1d" relativeResultsDirectory="2a40a846-535d-4826-88b8-e4b1f11ab7c6">
        </UnitTestResult>
        <UnitTestResult executionId="37407da5-1561-428d-9bd3-a53ec2edc6ed" testId="f6d8aa19-f339-cb8d-9264-1ab5c2407048" testName="Test_Extract" computerName="BURSTINI" duration="00:00:00.2055934" startTime="2013-05-28T04:23:28.7229940+02:00" endTime="2013-05-28T04:23:28.9261203+02:00" testType="13cdc9d9-ddb5-4fa4-a97d-d965ccfc6d4b" outcome="Passed" testListId="8c84fa94-04c1-424b-9868-57a2d4851a1d" relativeResultsDirectory="37407da5-1561-428d-9bd3-a53ec2edc6ed">
        </UnitTestResult>
        <UnitTestResult executionId="86d6a918-d001-47e2-a34e-e2be117a3e5b" testId="d62c5ef3-0ea6-3597-c5a1-83faba3ce245" testName="Test_FileNotExists" computerName="BURSTINI" duration="00:00:00.0270777" startTime="2013-05-28T04:23:28.9417454+02:00" endTime="2013-05-28T04:23:28.9573705+02:00" testType="13cdc9d9-ddb5-4fa4-a97d-d965ccfc6d4b" outcome="Passed" testListId="8c84fa94-04c1-424b-9868-57a2d4851a1d" relativeResultsDirectory="86d6a918-d001-47e2-a34e-e2be117a3e5b">
        </UnitTestResult>
        <UnitTestResult executionId="2706efdb-1bcb-44aa-a665-6dc0a5930e2a" testId="042da973-6a85-8394-aee7-3d19e352f7fb" testName="Test_GetStream" computerName="BURSTINI" duration="00:00:00.0285567" startTime="2013-05-28T04:23:28.9729956+02:00" endTime="2013-05-28T04:23:29.0042458+02:00" testType="13cdc9d9-ddb5-4fa4-a97d-d965ccfc6d4b" outcome="Passed" testListId="8c84fa94-04c1-424b-9868-57a2d4851a1d" relativeResultsDirectory="2706efdb-1bcb-44aa-a665-6dc0a5930e2a">
        </UnitTestResult>
        <UnitTestResult executionId="0f988389-3de3-4aaf-a30b-74d71e243064" testId="4784fe70-2b06-ef61-fd27-07f8060294ae" testName="TryGetValue_DateTimeNull_ValueNotFound" computerName="BURSTINI" duration="00:00:00.0187920" startTime="2013-05-28T04:23:29.0042458+02:00" endTime="2013-05-28T04:23:29.7386255+02:00" testType="13cdc9d9-ddb5-4fa4-a97d-d965ccfc6d4b" outcome="Passed" testListId="8c84fa94-04c1-424b-9868-57a2d4851a1d" relativeResultsDirectory="0f988389-3de3-4aaf-a30b-74d71e243064">
        </UnitTestResult>
        <UnitTestResult executionId="931b66f3-98ee-4e79-a769-4dfc6a245e8d" testId="b5066d2c-6823-69c7-d7d6-824a48713ce0" testName="TryGetValue_DateTimeValid_ValueFound" computerName="BURSTINI" duration="00:00:00.0004975" startTime="2013-05-28T04:23:29.7386255+02:00" endTime="2013-05-28T04:23:29.7542506+02:00" testType="13cdc9d9-ddb5-4fa4-a97d-d965ccfc6d4b" outcome="Passed" testListId="8c84fa94-04c1-424b-9868-57a2d4851a1d" relativeResultsDirectory="931b66f3-98ee-4e79-a769-4dfc6a245e8d">
        </UnitTestResult>
        <UnitTestResult executionId="bdbeb8e0-d006-4e86-947e-1c688ab8f683" testId="1153aa4c-4948-fe88-6ab7-b4f206182e7c" testName="TryGetValue_IntNull_ValueNotFound" computerName="BURSTINI" duration="00:00:00.0009347" startTime="2013-05-28T04:23:29.7542506+02:00" endTime="2013-05-28T04:23:29.7542506+02:00" testType="13cdc9d9-ddb5-4fa4-a97d-d965ccfc6d4b" outcome="Passed" testListId="8c84fa94-04c1-424b-9868-57a2d4851a1d" relativeResultsDirectory="bdbeb8e0-d006-4e86-947e-1c688ab8f683">
        </UnitTestResult>
        <UnitTestResult executionId="504e0f09-1fa0-45ba-95bb-a39e0eb6cc0c" testId="30ba71cd-7345-0da0-82f9-0067a67f51cf" testName="TryGetValue_IntValid_ValueFound" computerName="BURSTINI" duration="00:00:00.0004388" startTime="2013-05-28T04:23:29.7542506+02:00" endTime="2013-05-28T04:23:29.7542506+02:00" testType="13cdc9d9-ddb5-4fa4-a97d-d965ccfc6d4b" outcome="Passed" testListId="8c84fa94-04c1-424b-9868-57a2d4851a1d" relativeResultsDirectory="504e0f09-1fa0-45ba-95bb-a39e0eb6cc0c">
        </UnitTestResult>
        <UnitTestResult executionId="6503f0ce-0be9-43f3-8800-f58a8ad2b6f5" testId="3e3fc219-99a6-d5e4-f91b-68a7833e0aa2" testName="TryGetValue_ListOfIntNull_ValueFound" computerName="BURSTINI" duration="00:00:00.0010716" startTime="2013-05-28T04:23:29.7542506+02:00" endTime="2013-05-28T04:23:29.7698757+02:00" testType="13cdc9d9-ddb5-4fa4-a97d-d965ccfc6d4b" outcome="Passed" testListId="8c84fa94-04c1-424b-9868-57a2d4851a1d" relativeResultsDirectory="6503f0ce-0be9-43f3-8800-f58a8ad2b6f5">
        </UnitTestResult>
        <UnitTestResult executionId="5338a9d1-2d9c-42b2-8d60-ecc88c207680" testId="1658fb11-50b8-c151-13dc-864f9ff21bed" testName="TryGetValue_ListOfIntValid_ValueFound" computerName="BURSTINI" duration="00:00:00.0005514" startTime="2013-05-28T04:23:29.7698757+02:00" endTime="2013-05-28T04:23:29.7698757+02:00" testType="13cdc9d9-ddb5-4fa4-a97d-d965ccfc6d4b" outcome="Passed" testListId="8c84fa94-04c1-424b-9868-57a2d4851a1d" relativeResultsDirectory="5338a9d1-2d9c-42b2-8d60-ecc88c207680">
        </UnitTestResult>
        <UnitTestResult executionId="48d57731-8cd3-4c37-8cf5-c45c2fa7a136" testId="5555d58b-fc7e-dfb7-ee34-07fd8d30afaa" testName="TryGetValue_NullableIntNull_ValueFound" computerName="BURSTINI" duration="00:00:00.0009990" startTime="2013-05-28T04:23:29.7698757+02:00" endTime="2013-05-28T04:23:29.7698757+02:00" testType="13cdc9d9-ddb5-4fa4-a97d-d965ccfc6d4b" outcome="Passed" testListId="8c84fa94-04c1-424b-9868-57a2d4851a1d" relativeResultsDirectory="48d57731-8cd3-4c37-8cf5-c45c2fa7a136">
        </UnitTestResult>
        <UnitTestResult executionId="57b47778-f988-4b93-818d-6e3f8a852614" testId="ca06887e-944f-a266-b527-59eb800dcdef" testName="TryGetValue_NullableIntValid_ValueFound" computerName="BURSTINI" duration="00:00:00.0004335" startTime="2013-05-28T04:23:29.7855008+02:00" endTime="2013-05-28T04:23:29.7855008+02:00" testType="13cdc9d9-ddb5-4fa4-a97d-d965ccfc6d4b" outcome="Passed" testListId="8c84fa94-04c1-424b-9868-57a2d4851a1d" relativeResultsDirectory="57b47778-f988-4b93-818d-6e3f8a852614">
        </UnitTestResult>
        <UnitTestResult executionId="315834b5-99e9-4430-9bb5-c3a18a2530f4" testId="044f1fa7-2da1-06f3-8e36-a085ceef9d17" testName="TryGetValue_TimestampNull_ValueFound" computerName="BURSTINI" duration="00:00:00.0004050" startTime="2013-05-28T04:23:29.7855008+02:00" endTime="2013-05-28T04:23:29.7855008+02:00" testType="13cdc9d9-ddb5-4fa4-a97d-d965ccfc6d4b" outcome="Passed" testListId="8c84fa94-04c1-424b-9868-57a2d4851a1d" relativeResultsDirectory="315834b5-99e9-4430-9bb5-c3a18a2530f4">
        </UnitTestResult>
        <UnitTestResult executionId="3ed5c4b0-73d1-4727-a1c2-e770581860ca" testId="dcc8d0e2-f154-8ddb-092d-8beb0e8671e5" testName="TryGetValue_TimestampValid_ValueFound" computerName="BURSTINI" duration="00:00:00.0004662" startTime="2013-05-28T04:23:29.7855008+02:00" endTime="2013-05-28T04:23:29.8011259+02:00" testType="13cdc9d9-ddb5-4fa4-a97d-d965ccfc6d4b" outcome="Passed" testListId="8c84fa94-04c1-424b-9868-57a2d4851a1d" relativeResultsDirectory="3ed5c4b0-73d1-4727-a1c2-e770581860ca">
        </UnitTestResult>
        <UnitTestResult executionId="be6f2d93-8180-4503-ab49-b0a503c08ec2" testId="46f37710-a920-f66b-a3f3-c6ac79c370a3" testName="InstanceScopeDefault" computerName="BURSTINI" duration="00:00:00.3279514" startTime="2013-05-28T04:23:29.8011259+02:00" endTime="2013-05-28T04:23:30.1292530+02:00" testType="13cdc9d9-ddb5-4fa4-a97d-d965ccfc6d4b" outcome="Passed" testListId="8c84fa94-04c1-424b-9868-57a2d4851a1d" relativeResultsDirectory="be6f2d93-8180-4503-ab49-b0a503c08ec2">
        </UnitTestResult>
        <UnitTestResult executionId="c47ad4dd-bae1-484a-9df1-50bea604e7d7" testId="a36ffb2b-bb13-2d62-401d-80119c6e28b0" testName="InstanceScopePerResolve" computerName="BURSTINI" duration="00:00:00.0004682" startTime="2013-05-28T04:23:30.1292530+02:00" endTime="2013-05-28T04:23:30.1292530+02:00" testType="13cdc9d9-ddb5-4fa4-a97d-d965ccfc6d4b" outcome="Passed" testListId="8c84fa94-04c1-424b-9868-57a2d4851a1d" relativeResultsDirectory="c47ad4dd-bae1-484a-9df1-50bea604e7d7">
        </UnitTestResult>
        <UnitTestResult executionId="53b5fd91-14d2-4111-9c22-ff2d101ef0f3" testId="c10bb56a-788d-931c-f501-8c76ea6a2515" testName="RegisterAndResolveInstance" computerName="BURSTINI" duration="00:00:00.0210367" startTime="2013-05-28T04:23:30.1292530+02:00" endTime="2013-05-28T04:23:30.1605032+02:00" testType="13cdc9d9-ddb5-4fa4-a97d-d965ccfc6d4b" outcome="Passed" testListId="8c84fa94-04c1-424b-9868-57a2d4851a1d" relativeResultsDirectory="53b5fd91-14d2-4111-9c22-ff2d101ef0f3">
        </UnitTestResult>
        <UnitTestResult executionId="359f52b4-d031-4683-9928-1aba1b0aa43d" testId="81e01c92-c57c-694f-83af-4933f7191d40" testName="RegisterAndResolveInstanceByInterface" computerName="BURSTINI" duration="00:00:00.0005657" startTime="2013-05-28T04:23:30.1605032+02:00" endTime="2013-05-28T04:23:30.1605032+02:00" testType="13cdc9d9-ddb5-4fa4-a97d-d965ccfc6d4b" outcome="Passed" testListId="8c84fa94-04c1-424b-9868-57a2d4851a1d" relativeResultsDirectory="359f52b4-d031-4683-9928-1aba1b0aa43d">
        </UnitTestResult>
        <UnitTestResult executionId="b4126594-0479-4f87-911f-4a2a87a67984" testId="2a9b6f5f-efa9-9b5e-cbbb-7b5e5502aafe" testName="RegisterAndResolveType" computerName="BURSTINI" duration="00:00:00.0006623" startTime="2013-05-28T04:23:30.1605032+02:00" endTime="2013-05-28T04:23:30.1761283+02:00" testType="13cdc9d9-ddb5-4fa4-a97d-d965ccfc6d4b" outcome="Passed" testListId="8c84fa94-04c1-424b-9868-57a2d4851a1d" relativeResultsDirectory="b4126594-0479-4f87-911f-4a2a87a67984">
        </UnitTestResult>
        <UnitTestResult executionId="426f0bcd-1e09-4da9-afe1-8565008d68c5" testId="07915cd5-b0b3-203d-d7cd-1957a203b6ea" testName="RegisterAndResolveTypeByInterface" computerName="BURSTINI" duration="00:00:00.0003168" startTime="2013-05-28T04:23:30.1761283+02:00" endTime="2013-05-28T04:23:30.1761283+02:00" testType="13cdc9d9-ddb5-4fa4-a97d-d965ccfc6d4b" outcome="Passed" testListId="8c84fa94-04c1-424b-9868-57a2d4851a1d" relativeResultsDirectory="426f0bcd-1e09-4da9-afe1-8565008d68c5">
        </UnitTestResult>
        <UnitTestResult executionId="89a3cc75-82bd-41c3-b77c-b2a240ce965f" testId="524ccb4d-4a6e-d8b1-0e61-fb5d56b89384" testName="RegisterAndResolveTypeWithParameter" computerName="BURSTINI" duration="00:00:00.0105896" startTime="2013-05-28T04:23:30.1761283+02:00" endTime="2013-05-28T04:23:30.1917534+02:00" testType="13cdc9d9-ddb5-4fa4-a97d-d965ccfc6d4b" outcome="Passed" testListId="8c84fa94-04c1-424b-9868-57a2d4851a1d" relativeResultsDirectory="89a3cc75-82bd-41c3-b77c-b2a240ce965f">
        </UnitTestResult>
        <UnitTestResult executionId="9d133b99-41c1-40b2-be9c-827efc3ea527" testId="d73f82ae-09ee-a682-c9aa-5a182e845d61" testName="RegisterAndResolveTypeWithSuppliedParameter" computerName="BURSTINI" duration="00:00:00.0704628" startTime="2013-05-28T04:23:30.1917534+02:00" endTime="2013-05-28T04:23:30.2698789+02:00" testType="13cdc9d9-ddb5-4fa4-a97d-d965ccfc6d4b" outcome="Passed" testListId="8c84fa94-04c1-424b-9868-57a2d4851a1d" relativeResultsDirectory="9d133b99-41c1-40b2-be9c-827efc3ea527">
        </UnitTestResult>
        <UnitTestResult executionId="2c911fca-206d-495e-85ba-214ffe48d920" testId="20d0e760-cc92-4bf1-03eb-1722be5c1a9e" testName="RegisterIoCEntry" computerName="BURSTINI" duration="00:00:00.0076213" startTime="2013-05-28T04:23:30.2698789+02:00" endTime="2013-05-28T04:23:30.2855040+02:00" testType="13cdc9d9-ddb5-4fa4-a97d-d965ccfc6d4b" outcome="Passed" testListId="8c84fa94-04c1-424b-9868-57a2d4851a1d" relativeResultsDirectory="2c911fca-206d-495e-85ba-214ffe48d920">
        </UnitTestResult>
        <UnitTestResult executionId="5ffa0cfa-0a78-4202-80b4-777af21959fc" testId="48e342bc-6a3f-6d08-cdd2-4a84f6983149" testName="GetTypesString" computerName="BURSTINI" duration="00:00:00.0015247" startTime="2013-05-28T04:23:30.2855040+02:00" endTime="2013-05-28T04:23:30.2855040+02:00" testType="13cdc9d9-ddb5-4fa4-a97d-d965ccfc6d4b" outcome="Passed" testListId="8c84fa94-04c1-424b-9868-57a2d4851a1d" relativeResultsDirectory="5ffa0cfa-0a78-4202-80b4-777af21959fc">
        </UnitTestResult>
        <UnitTestResult executionId="5fbf9fb4-d1a3-4315-bac3-7bc8028cc508" testId="7cfafa9d-0feb-0c83-85a9-ff948134e20e" testName="NonUsable" computerName="BURSTINI" duration="00:00:00.0520761" startTime="2013-05-28T04:23:30.2855040+02:00" endTime="2013-05-28T04:23:30.3480044+02:00" testType="13cdc9d9-ddb5-4fa4-a97d-d965ccfc6d4b" outcome="Passed" testListId="8c84fa94-04c1-424b-9868-57a2d4851a1d" relativeResultsDirectory="5fbf9fb4-d1a3-4315-bac3-7bc8028cc508">
        </UnitTestResult>
        <UnitTestResult executionId="0055f19e-5203-49e2-acc3-2dd5b9124897" testId="ec7198f3-312e-290e-b3d2-59e0efc30d61" testName="Usable" computerName="BURSTINI" duration="00:00:00.0013856" startTime="2013-05-28T04:23:30.3480044+02:00" endTime="2013-05-28T04:23:30.3480044+02:00" testType="13cdc9d9-ddb5-4fa4-a97d-d965ccfc6d4b" outcome="Passed" testListId="8c84fa94-04c1-424b-9868-57a2d4851a1d" relativeResultsDirectory="0055f19e-5203-49e2-acc3-2dd5b9124897">
        </UnitTestResult>
        <UnitTestResult executionId="f72090f7-a2ff-4c0e-a61d-b543ef0eb0d1" testId="823e4246-1240-3608-9118-e1f8c34ce8ea" testName="UsableUsingTypeString" computerName="BURSTINI" duration="00:00:00.0021650" startTime="2013-05-28T04:23:30.3480044+02:00" endTime="2013-05-28T04:23:30.3636295+02:00" testType="13cdc9d9-ddb5-4fa4-a97d-d965ccfc6d4b" outcome="Passed" testListId="8c84fa94-04c1-424b-9868-57a2d4851a1d" relativeResultsDirectory="f72090f7-a2ff-4c0e-a61d-b543ef0eb0d1">
        </UnitTestResult>
        <UnitTestResult executionId="a0784fe3-8cfb-43c4-bd43-6318d0a617ae" testId="510d785b-6a53-2af0-a21b-4d03701f0859" testName="Test_Addition_ToDecember" computerName="BURSTINI" duration="00:00:00.0019284" startTime="2013-05-28T04:23:30.3636295+02:00" endTime="2013-05-28T04:23:30.3636295+02:00" testType="13cdc9d9-ddb5-4fa4-a97d-d965ccfc6d4b" outcome="Passed" testListId="8c84fa94-04c1-424b-9868-57a2d4851a1d" relativeResultsDirectory="a0784fe3-8cfb-43c4-bd43-6318d0a617ae">
        </UnitTestResult>
        <UnitTestResult executionId="c94a71a7-6fc2-4936-aae8-1075c415bb75" testId="263a091e-04e4-80c2-31c0-2c80c6abb1e5" testName="Test_AdditionOverOneYear" computerName="BURSTINI" duration="00:00:00.0003880" startTime="2013-05-28T04:23:30.3636295+02:00" endTime="2013-05-28T04:23:30.3792546+02:00" testType="13cdc9d9-ddb5-4fa4-a97d-d965ccfc6d4b" outcome="Passed" testListId="8c84fa94-04c1-424b-9868-57a2d4851a1d" relativeResultsDirectory="c94a71a7-6fc2-4936-aae8-1075c415bb75">
        </UnitTestResult>
        <UnitTestResult executionId="064e4b86-67c0-4016-bb26-12a85e50fc84" testId="8eb17a3c-3ba0-3ab4-257c-d532564bf894" testName="Test_AdditionOverOneYearAndOneMonth" computerName="BURSTINI" duration="00:00:00.0003042" startTime="2013-05-28T04:23:30.3792546+02:00" endTime="2013-05-28T04:23:30.3792546+02:00" testType="13cdc9d9-ddb5-4fa4-a97d-d965ccfc6d4b" outcome="Passed" testListId="8c84fa94-04c1-424b-9868-57a2d4851a1d" relativeResultsDirectory="064e4b86-67c0-4016-bb26-12a85e50fc84">
        </UnitTestResult>
        <UnitTestResult executionId="fde2a548-99db-458b-a77a-22d0df9191e8" testId="6fe0716b-c936-6af7-a3bc-5d6332e177be" testName="Test_AdditionOverOneYearMinusOneMonth" computerName="BURSTINI" duration="00:00:00.0003486" startTime="2013-05-28T04:23:30.3792546+02:00" endTime="2013-05-28T04:23:30.3792546+02:00" testType="13cdc9d9-ddb5-4fa4-a97d-d965ccfc6d4b" outcome="Passed" testListId="8c84fa94-04c1-424b-9868-57a2d4851a1d" relativeResultsDirectory="fde2a548-99db-458b-a77a-22d0df9191e8">
        </UnitTestResult>
        <UnitTestResult executionId="a568eacb-3824-489c-9e07-25c08b0940ef" testId="6a714d3d-5f95-ba09-1e68-dd991de58b43" testName="Test_AdditionOverYear" computerName="BURSTINI" duration="00:00:00.0002863" startTime="2013-05-28T04:23:30.3792546+02:00" endTime="2013-05-28T04:23:30.3948797+02:00" testType="13cdc9d9-ddb5-4fa4-a97d-d965ccfc6d4b" outcome="Passed" testListId="8c84fa94-04c1-424b-9868-57a2d4851a1d" relativeResultsDirectory="a568eacb-3824-489c-9e07-25c08b0940ef">
        </UnitTestResult>
        <UnitTestResult executionId="d7fb9c15-bfa1-41f6-81fd-969a80507d47" testId="e2f1aea9-edbd-1f04-fc29-8b55fab441fa" testName="Test_CurrentMonth" computerName="BURSTINI" duration="00:00:00.0007129" startTime="2013-05-28T04:23:30.3948797+02:00" endTime="2013-05-28T04:23:30.3948797+02:00" testType="13cdc9d9-ddb5-4fa4-a97d-d965ccfc6d4b" outcome="Passed" testListId="8c84fa94-04c1-424b-9868-57a2d4851a1d" relativeResultsDirectory="d7fb9c15-bfa1-41f6-81fd-969a80507d47">
        </UnitTestResult>
        <UnitTestResult executionId="ec356fc1-d713-4fce-a316-a3cfa32eb050" testId="43381e01-5ec3-54e4-4ba7-09b81a341864" testName="Test_Decrement" computerName="BURSTINI" duration="00:00:00.0007260" startTime="2013-05-28T04:23:30.3948797+02:00" endTime="2013-05-28T04:23:30.3948797+02:00" testType="13cdc9d9-ddb5-4fa4-a97d-d965ccfc6d4b" outcome="Passed" testListId="8c84fa94-04c1-424b-9868-57a2d4851a1d" relativeResultsDirectory="ec356fc1-d713-4fce-a316-a3cfa32eb050">
        </UnitTestResult>
        <UnitTestResult executionId="05bffb1b-04bf-4c13-bd90-0055fdd910d2" testId="ec568631-d9bb-a368-61c0-4ec9fab82d7f" testName="Test_Equals" computerName="BURSTINI" duration="00:00:00.0007565" startTime="2013-05-28T04:23:30.3948797+02:00" endTime="2013-05-28T04:23:30.4105048+02:00" testType="13cdc9d9-ddb5-4fa4-a97d-d965ccfc6d4b" outcome="Passed" testListId="8c84fa94-04c1-424b-9868-57a2d4851a1d" relativeResultsDirectory="05bffb1b-04bf-4c13-bd90-0055fdd910d2">
        </UnitTestResult>
        <UnitTestResult executionId="109d37c9-6208-45dc-b6b1-ca871c4d1819" testId="d7704856-2c4d-a316-b45b-52bed37ec58f" testName="Test_GetMonthDiff" computerName="BURSTINI" duration="00:00:00.0004444" startTime="2013-05-28T04:23:30.4105048+02:00" endTime="2013-05-28T04:23:30.4105048+02:00" testType="13cdc9d9-ddb5-4fa4-a97d-d965ccfc6d4b" outcome="Passed" testListId="8c84fa94-04c1-424b-9868-57a2d4851a1d" relativeResultsDirectory="109d37c9-6208-45dc-b6b1-ca871c4d1819">
        </UnitTestResult>
        <UnitTestResult executionId="eb0761f0-3f45-4166-99fd-b5f6da7bc023" testId="3b81d949-8c78-8c04-719e-42e67c75d6f4" testName="Test_GetMonthDiffNegative" computerName="BURSTINI" duration="00:00:00.0002827" startTime="2013-05-28T04:23:30.4105048+02:00" endTime="2013-05-28T04:23:30.4105048+02:00" testType="13cdc9d9-ddb5-4fa4-a97d-d965ccfc6d4b" outcome="Passed" testListId="8c84fa94-04c1-424b-9868-57a2d4851a1d" relativeResultsDirectory="eb0761f0-3f45-4166-99fd-b5f6da7bc023">
        </UnitTestResult>
        <UnitTestResult executionId="0d5eb491-b45d-4579-9787-0972fd830d88" testId="4541b7dc-b52d-e62e-1cd1-ba2314f0c895" testName="Test_GetMonthDiffOverYear" computerName="BURSTINI" duration="00:00:00.0003391" startTime="2013-05-28T04:23:30.4105048+02:00" endTime="2013-05-28T04:23:30.4261299+02:00" testType="13cdc9d9-ddb5-4fa4-a97d-d965ccfc6d4b" outcome="Passed" testListId="8c84fa94-04c1-424b-9868-57a2d4851a1d" relativeResultsDirectory="0d5eb491-b45d-4579-9787-0972fd830d88">
        </UnitTestResult>
        <UnitTestResult executionId="06921201-47c4-4eb6-b735-aa48b15cb351" testId="95f71f0b-5a17-9a56-c998-c84f9e681b27" testName="Test_GetMonthList" computerName="BURSTINI" duration="00:00:00.0051199" startTime="2013-05-28T04:23:30.4261299+02:00" endTime="2013-05-28T04:23:30.4261299+02:00" testType="13cdc9d9-ddb5-4fa4-a97d-d965ccfc6d4b" outcome="Passed" testListId="8c84fa94-04c1-424b-9868-57a2d4851a1d" relativeResultsDirectory="06921201-47c4-4eb6-b735-aa48b15cb351">
        </UnitTestResult>
        <UnitTestResult executionId="b0b7533d-61a3-4bc7-a74a-f76033d1cac5" testId="fb4fe380-6bdb-48f6-cf79-36033cbf2683" testName="Test_GreaterThan" computerName="BURSTINI" duration="00:00:00.0003955" startTime="2013-05-28T04:23:30.4261299+02:00" endTime="2013-05-28T04:23:30.4417550+02:00" testType="13cdc9d9-ddb5-4fa4-a97d-d965ccfc6d4b" outcome="Passed" testListId="8c84fa94-04c1-424b-9868-57a2d4851a1d" relativeResultsDirectory="b0b7533d-61a3-4bc7-a74a-f76033d1cac5">
        </UnitTestResult>
        <UnitTestResult executionId="31e5b2ff-8e11-4133-ab22-72fac5c09050" testId="d8d9d74b-2f99-cbee-02fa-042af5e2dc03" testName="Test_Increment" computerName="BURSTINI" duration="00:00:00.0005045" startTime="2013-05-28T04:23:30.4417550+02:00" endTime="2013-05-28T04:23:30.4417550+02:00" testType="13cdc9d9-ddb5-4fa4-a97d-d965ccfc6d4b" outcome="Passed" testListId="8c84fa94-04c1-424b-9868-57a2d4851a1d" relativeResultsDirectory="31e5b2ff-8e11-4133-ab22-72fac5c09050">
        </UnitTestResult>
        <UnitTestResult executionId="485148b8-7d48-4462-a43a-de49d091e879" testId="2695fc1b-9f72-2581-e363-b4a0c021be59" testName="Test_InvalidMonth" computerName="BURSTINI" duration="00:00:00.0007322" startTime="2013-05-28T04:23:30.4417550+02:00" endTime="2013-05-28T04:23:30.4417550+02:00" testType="13cdc9d9-ddb5-4fa4-a97d-d965ccfc6d4b" outcome="Passed" testListId="8c84fa94-04c1-424b-9868-57a2d4851a1d" relativeResultsDirectory="485148b8-7d48-4462-a43a-de49d091e879">
        </UnitTestResult>
        <UnitTestResult executionId="7c2d3942-61c2-4229-8dee-12ddf3a5a44a" testId="08e4a310-6ae5-98bb-e923-0e8b0a77a3c5" testName="Test_LowerThan" computerName="BURSTINI" duration="00:00:00.0004578" startTime="2013-05-28T04:23:30.4417550+02:00" endTime="2013-05-28T04:23:30.4573801+02:00" testType="13cdc9d9-ddb5-4fa4-a97d-d965ccfc6d4b" outcome="Passed" testListId="8c84fa94-04c1-424b-9868-57a2d4851a1d" relativeResultsDirectory="7c2d3942-61c2-4229-8dee-12ddf3a5a44a">
        </UnitTestResult>
        <UnitTestResult executionId="76ac6a00-ec3d-488a-acd8-b2c2ba99165f" testId="c64b978f-0158-c869-4960-550d6936e173" testName="Test_NotEquals" computerName="BURSTINI" duration="00:00:00.0004645" startTime="2013-05-28T04:23:30.4573801+02:00" endTime="2013-05-28T04:23:30.4573801+02:00" testType="13cdc9d9-ddb5-4fa4-a97d-d965ccfc6d4b" outcome="Passed" testListId="8c84fa94-04c1-424b-9868-57a2d4851a1d" relativeResultsDirectory="76ac6a00-ec3d-488a-acd8-b2c2ba99165f">
        </UnitTestResult>
        <UnitTestResult executionId="0266ac0d-a7f7-4fb5-a3e3-306af9d76612" testId="9845afbc-9b81-137c-576a-5c0e88b537c8" testName="Test_Subtraction" computerName="BURSTINI" duration="00:00:00.0004285" startTime="2013-05-28T04:23:30.4573801+02:00" endTime="2013-05-28T04:23:30.4573801+02:00" testType="13cdc9d9-ddb5-4fa4-a97d-d965ccfc6d4b" outcome="Passed" testListId="8c84fa94-04c1-424b-9868-57a2d4851a1d" relativeResultsDirectory="0266ac0d-a7f7-4fb5-a3e3-306af9d76612">
        </UnitTestResult>
        <UnitTestResult executionId="60c5338c-ee3f-4e5f-98b5-a2a1885b4bc2" testId="8c0031d1-c860-933f-b350-7cd2e883b616" testName="Test_SubtractionOverYear" computerName="BURSTINI" duration="00:00:00.0002802" startTime="2013-05-28T04:23:30.4573801+02:00" endTime="2013-05-28T04:23:30.4730052+02:00" testType="13cdc9d9-ddb5-4fa4-a97d-d965ccfc6d4b" outcome="Passed" testListId="8c84fa94-04c1-424b-9868-57a2d4851a1d" relativeResultsDirectory="60c5338c-ee3f-4e5f-98b5-a2a1885b4bc2">
        </UnitTestResult>
        <UnitTestResult executionId="fd513b83-bf54-495b-bfce-9145d25cd814" testId="ee099727-150e-31f8-6c9a-cdb6ae333cf0" testName="Add_existing_bank_should_have_an_error_in_the_serviceResult" computerName="BURSTINI" duration="00:00:00.3929717" startTime="2013-05-28T04:23:30.4730052+02:00" endTime="2013-05-28T04:23:35.3324113+02:00" testType="13cdc9d9-ddb5-4fa4-a97d-d965ccfc6d4b" outcome="Passed" testListId="8c84fa94-04c1-424b-9868-57a2d4851a1d" relativeResultsDirectory="fd513b83-bf54-495b-bfce-9145d25cd814">
            <Output>
                <DebugTrace>
                    no configuration section &lt;common/logging&gt; found - suppressing logging output
                </DebugTrace>
            </Output>
        </UnitTestResult>
        <UnitTestResult executionId="76a629ff-ff95-45d2-8fbc-a86366942e2d" testId="9e05b7e1-9c9d-33ff-7ec0-0988fade634d" testName="Add_New_Bank" computerName="BURSTINI" duration="00:00:00.1744051" startTime="2013-05-28T04:23:35.3324113+02:00" endTime="2013-05-28T04:23:35.5042874+02:00" testType="13cdc9d9-ddb5-4fa4-a97d-d965ccfc6d4b" outcome="Passed" testListId="8c84fa94-04c1-424b-9868-57a2d4851a1d" relativeResultsDirectory="76a629ff-ff95-45d2-8fbc-a86366942e2d">
        </UnitTestResult>
        <UnitTestResult executionId="c1f98d8f-d2b1-4572-b8ee-6227c1c73f98" testId="e29510c6-352e-3b02-1a7d-8240a849491a" testName="Get_not_existing_bank_should_return_null" computerName="BURSTINI" duration="00:00:00.0054230" startTime="2013-05-28T04:23:35.5042874+02:00" endTime="2013-05-28T04:23:35.5199125+02:00" testType="13cdc9d9-ddb5-4fa4-a97d-d965ccfc6d4b" outcome="Passed" testListId="8c84fa94-04c1-424b-9868-57a2d4851a1d" relativeResultsDirectory="c1f98d8f-d2b1-4572-b8ee-6227c1c73f98">
        </UnitTestResult>
        <UnitTestResult executionId="3a9a7968-a10e-4a4f-8ff6-d54c13ef1c22" testId="a37f1836-1b78-836c-0496-9b6bee0ae308" testName="Should_not_update_bank_after_rollback" computerName="BURSTINI" duration="00:00:00.0587622" startTime="2013-05-28T04:23:35.5199125+02:00" endTime="2013-05-28T04:23:35.5824129+02:00" testType="13cdc9d9-ddb5-4fa4-a97d-d965ccfc6d4b" outcome="Passed" testListId="8c84fa94-04c1-424b-9868-57a2d4851a1d" relativeResultsDirectory="3a9a7968-a10e-4a4f-8ff6-d54c13ef1c22">
        </UnitTestResult>
        <UnitTestResult executionId="f49d5401-17ba-4f86-885d-c3576be65482" testId="583db28a-9b7e-487a-384f-c11be73e9e1d" testName="Should_update_bank" computerName="BURSTINI" duration="00:00:00.0240100" startTime="2013-05-28T04:23:35.5824129+02:00" endTime="2013-05-28T04:23:35.6136631+02:00" testType="13cdc9d9-ddb5-4fa4-a97d-d965ccfc6d4b" outcome="Passed" testListId="8c84fa94-04c1-424b-9868-57a2d4851a1d" relativeResultsDirectory="f49d5401-17ba-4f86-885d-c3576be65482">
        </UnitTestResult>
        <UnitTestResult executionId="1432f13c-8981-433e-b34d-fc4ad2601557" testId="ee3106fa-57d5-5607-e5ce-f8fdcbbe00cc" testName="Test_AddNewUpdateBank" computerName="BURSTINI" duration="00:00:00.2704606" startTime="2013-05-28T04:23:35.6136631+02:00" endTime="2013-05-28T04:23:35.8949149+02:00" testType="13cdc9d9-ddb5-4fa4-a97d-d965ccfc6d4b" outcome="Passed" testListId="8c84fa94-04c1-424b-9868-57a2d4851a1d" relativeResultsDirectory="1432f13c-8981-433e-b34d-fc4ad2601557">
        </UnitTestResult>
        <UnitTestResult executionId="9e2f303f-9950-4f58-af6d-e6bbd3a9bac8" testId="6b1049df-02fb-6a75-6b67-a5d67d261da7" testName="Test_AddTwoBankWithSameClId" computerName="BURSTINI" duration="00:00:00.0254426" startTime="2013-05-28T04:23:35.8949149+02:00" endTime="2013-05-28T04:23:35.9261651+02:00" testType="13cdc9d9-ddb5-4fa4-a97d-d965ccfc6d4b" outcome="Passed" testListId="8c84fa94-04c1-424b-9868-57a2d4851a1d" relativeResultsDirectory="9e2f303f-9950-4f58-af6d-e6bbd3a9bac8">
        </UnitTestResult>
        <UnitTestResult executionId="3aef88c1-491a-49e0-8ffc-8adad0574b6f" testId="a920ae33-66bd-65f2-a293-3436f0d6c754" testName="Test_AllIsEmpty" computerName="BURSTINI" duration="00:00:00.0096291" startTime="2013-05-28T04:23:35.9261651+02:00" endTime="2013-05-28T04:23:35.9417902+02:00" testType="13cdc9d9-ddb5-4fa4-a97d-d965ccfc6d4b" outcome="Passed" testListId="8c84fa94-04c1-424b-9868-57a2d4851a1d" relativeResultsDirectory="3aef88c1-491a-49e0-8ffc-8adad0574b6f">
        </UnitTestResult>
        <UnitTestResult executionId="aa59061c-7bd5-4565-9274-3b6d7dfebd22" testId="8db491d3-ecf4-9a34-4f89-849a3463b494" testName="Test_TwoBankWithSameIDInRepository" computerName="BURSTINI" duration="00:00:00.0314062" startTime="2013-05-28T04:23:35.9417902+02:00" endTime="2013-05-28T04:23:35.9730404+02:00" testType="13cdc9d9-ddb5-4fa4-a97d-d965ccfc6d4b" outcome="Passed" testListId="8c84fa94-04c1-424b-9868-57a2d4851a1d" relativeResultsDirectory="aa59061c-7bd5-4565-9274-3b6d7dfebd22">
        </UnitTestResult>
        <UnitTestResult executionId="db4036e5-3362-4ac1-b101-439ab88b9a84" testId="d21d20ea-7150-f630-01fc-df302848e2b7" testName="Test_UpdateBank" computerName="BURSTINI" duration="00:00:00.0244757" startTime="2013-05-28T04:23:35.9730404+02:00" endTime="2013-05-28T04:23:36.0042906+02:00" testType="13cdc9d9-ddb5-4fa4-a97d-d965ccfc6d4b" outcome="Passed" testListId="8c84fa94-04c1-424b-9868-57a2d4851a1d" relativeResultsDirectory="db4036e5-3362-4ac1-b101-439ab88b9a84">
        </UnitTestResult>
        <UnitTestResult executionId="55c34e8d-8f56-42ba-b1b0-cdb2e82a7724" testId="62e8c46b-cc01-51e3-52e2-fa37b2d32b26" testName="Test_UpdateBankName" computerName="BURSTINI" duration="00:00:00.0210169" startTime="2013-05-28T04:23:36.0042906+02:00" endTime="2013-05-28T04:23:36.0355408+02:00" testType="13cdc9d9-ddb5-4fa4-a97d-d965ccfc6d4b" outcome="Passed" testListId="8c84fa94-04c1-424b-9868-57a2d4851a1d" relativeResultsDirectory="55c34e8d-8f56-42ba-b1b0-cdb2e82a7724">
        </UnitTestResult>
        <UnitTestResult executionId="f87b38c9-4fee-4b40-885f-7d86eaf06529" testId="e6395e91-14ff-07a5-e11a-f4fd8435a836" testName="Test_UpdateBankWithInvalidAccount" computerName="BURSTINI" duration="00:00:00.0086502" startTime="2013-05-28T04:23:36.0355408+02:00" endTime="2013-05-28T04:23:36.0511659+02:00" testType="13cdc9d9-ddb5-4fa4-a97d-d965ccfc6d4b" outcome="Passed" testListId="8c84fa94-04c1-424b-9868-57a2d4851a1d" relativeResultsDirectory="f87b38c9-4fee-4b40-885f-7d86eaf06529">
        </UnitTestResult>
        <UnitTestResult executionId="794fc260-e178-4b8b-a1de-5cb05c7f7e63" testId="a82c0b63-5e26-11c5-b39a-eee73d5fc87e" testName="Test_UpdateEmptyBankList" computerName="BURSTINI" duration="00:00:00.0966150" startTime="2013-05-28T04:23:36.0511659+02:00" endTime="2013-05-28T04:23:36.1605416+02:00" testType="13cdc9d9-ddb5-4fa4-a97d-d965ccfc6d4b" outcome="Passed" testListId="8c84fa94-04c1-424b-9868-57a2d4851a1d" relativeResultsDirectory="794fc260-e178-4b8b-a1de-5cb05c7f7e63">
        </UnitTestResult>
        <UnitTestResult executionId="b0b4af6c-c27d-4c25-9678-f12f531bc31b" testId="d11709cd-2d3c-fe0e-14e3-ffe2e1f7fc2d" testName="Test_GetBankList" computerName="BURSTINI" duration="00:00:00.0264002" startTime="2013-05-28T04:23:36.1605416+02:00" endTime="2013-05-28T04:23:36.1917918+02:00" testType="13cdc9d9-ddb5-4fa4-a97d-d965ccfc6d4b" outcome="Passed" testListId="8c84fa94-04c1-424b-9868-57a2d4851a1d" relativeResultsDirectory="b0b4af6c-c27d-4c25-9678-f12f531bc31b">
        </UnitTestResult>
        <UnitTestResult executionId="b198e954-c91a-406c-8feb-b35a529158d4" testId="763a2c72-d296-3af3-dacb-0b6085723f26" testName="Test_ParseAnotherCorrectRecord" computerName="BURSTINI" duration="00:00:00.0026710" startTime="2013-05-28T04:23:36.1917918+02:00" endTime="2013-05-28T04:23:36.2074169+02:00" testType="13cdc9d9-ddb5-4fa4-a97d-d965ccfc6d4b" outcome="Passed" testListId="8c84fa94-04c1-424b-9868-57a2d4851a1d" relativeResultsDirectory="b198e954-c91a-406c-8feb-b35a529158d4">
        </UnitTestResult>
        <UnitTestResult executionId="ad0d8737-0fe1-4592-b228-e47b634cad23" testId="f1ac08be-b7ba-0081-ad6a-ca4ca44ab6e7" testName="Test_ParseAnotherIncorrectDataRecord" computerName="BURSTINI" duration="00:00:00.0007151" startTime="2013-05-28T04:23:36.2074169+02:00" endTime="2013-05-28T04:23:36.2074169+02:00" testType="13cdc9d9-ddb5-4fa4-a97d-d965ccfc6d4b" outcome="Passed" testListId="8c84fa94-04c1-424b-9868-57a2d4851a1d" relativeResultsDirectory="ad0d8737-0fe1-4592-b228-e47b634cad23">
        </UnitTestResult>
        <UnitTestResult executionId="47db5dcf-f764-42a1-8e7b-517f76e65c4c" testId="84163ca7-45c8-74d1-5210-478e3e62416e" testName="Test_ParseCorrectRecord" computerName="BURSTINI" duration="00:00:00.0020569" startTime="2013-05-28T04:23:36.2074169+02:00" endTime="2013-05-28T04:23:36.2230420+02:00" testType="13cdc9d9-ddb5-4fa4-a97d-d965ccfc6d4b" outcome="Passed" testListId="8c84fa94-04c1-424b-9868-57a2d4851a1d" relativeResultsDirectory="47db5dcf-f764-42a1-8e7b-517f76e65c4c">
        </UnitTestResult>
        <UnitTestResult executionId="3c967226-8026-4dbe-b7aa-0b5af4ba5ed8" testId="488cf8bb-7751-1ec6-6809-664670d3091b" testName="Test_ParseEmptyRecord" computerName="BURSTINI" duration="00:00:00.0004229" startTime="2013-05-28T04:23:36.2230420+02:00" endTime="2013-05-28T04:23:36.2230420+02:00" testType="13cdc9d9-ddb5-4fa4-a97d-d965ccfc6d4b" outcome="Passed" testListId="8c84fa94-04c1-424b-9868-57a2d4851a1d" relativeResultsDirectory="3c967226-8026-4dbe-b7aa-0b5af4ba5ed8">
        </UnitTestResult>
        <UnitTestResult executionId="0dfb96f7-26d1-4365-b1eb-c30c123cde8e" testId="c2dc03e7-b016-f237-d971-13efa1059936" testName="Test_ParseIncompletRecord" computerName="BURSTINI" duration="00:00:00.0006171" startTime="2013-05-28T04:23:36.2230420+02:00" endTime="2013-05-28T04:23:36.2230420+02:00" testType="13cdc9d9-ddb5-4fa4-a97d-d965ccfc6d4b" outcome="Passed" testListId="8c84fa94-04c1-424b-9868-57a2d4851a1d" relativeResultsDirectory="0dfb96f7-26d1-4365-b1eb-c30c123cde8e">
        </UnitTestResult>
        <UnitTestResult executionId="f5f40edd-10d2-4772-8298-6ee02732e43f" testId="fee9f225-e57d-bb9f-00e1-d97335e95327" testName="Test_ParseIncorrectDataRecord" computerName="BURSTINI" duration="00:00:00.0007484" startTime="2013-05-28T04:23:36.2386671+02:00" endTime="2013-05-28T04:23:36.2386671+02:00" testType="13cdc9d9-ddb5-4fa4-a97d-d965ccfc6d4b" outcome="Passed" testListId="8c84fa94-04c1-424b-9868-57a2d4851a1d" relativeResultsDirectory="f5f40edd-10d2-4772-8298-6ee02732e43f">
        </UnitTestResult>
        <UnitTestResult executionId="eaab3cfe-ba8d-45b0-bf28-d23d79df6164" testId="a5e834e3-6a47-4c0c-6c85-7e0fb36d96da" testName="Test_ParseRecordTooLong" computerName="BURSTINI" duration="00:00:00.0004908" startTime="2013-05-28T04:23:36.2386671+02:00" endTime="2013-05-28T04:23:36.2386671+02:00" testType="13cdc9d9-ddb5-4fa4-a97d-d965ccfc6d4b" outcome="Passed" testListId="8c84fa94-04c1-424b-9868-57a2d4851a1d" relativeResultsDirectory="eaab3cfe-ba8d-45b0-bf28-d23d79df6164">
        </UnitTestResult>
        <UnitTestResult executionId="c747c3e2-159b-4897-bc47-e0e4d3b024e1" testId="ef6b0973-219a-0c4c-b79d-30ab3a22bf49" testName="Test_ParseRecordTooLongAndIncorrect" computerName="BURSTINI" duration="00:00:00.0005196" startTime="2013-05-28T04:23:36.2386671+02:00" endTime="2013-05-28T04:23:36.2542922+02:00" testType="13cdc9d9-ddb5-4fa4-a97d-d965ccfc6d4b" outcome="Passed" testListId="8c84fa94-04c1-424b-9868-57a2d4851a1d" relativeResultsDirectory="c747c3e2-159b-4897-bc47-e0e4d3b024e1">
        </UnitTestResult>
        <UnitTestResult executionId="76e6fc29-97c5-49a5-b6b5-10c9e274b30e" testId="03d372f9-8f43-d168-1bad-ebbf9267bd68" testName="Test_ParseRecordTooLongWithoutEndLine" computerName="BURSTINI" duration="00:00:00.0005612" startTime="2013-05-28T04:23:36.2542922+02:00" endTime="2013-05-28T04:23:36.2542922+02:00" testType="13cdc9d9-ddb5-4fa4-a97d-d965ccfc6d4b" outcome="Passed" testListId="8c84fa94-04c1-424b-9868-57a2d4851a1d" relativeResultsDirectory="76e6fc29-97c5-49a5-b6b5-10c9e274b30e">
        </UnitTestResult>
        <UnitTestResult executionId="bce42a61-f46a-40e8-a2f2-f67737a7dc4e" testId="41f413e8-95d4-6b63-343e-a73c02ce8055" testName="Test_ParseRecordWithoutGroup" computerName="BURSTINI" duration="00:00:00.0006791" startTime="2013-05-28T04:23:36.2542922+02:00" endTime="2013-05-28T04:23:36.2699173+02:00" testType="13cdc9d9-ddb5-4fa4-a97d-d965ccfc6d4b" outcome="Passed" testListId="8c84fa94-04c1-424b-9868-57a2d4851a1d" relativeResultsDirectory="bce42a61-f46a-40e8-a2f2-f67737a7dc4e">
        </UnitTestResult>
        <UnitTestResult executionId="7da8efe7-eac9-4136-8d59-98f5dc5e2306" testId="436c37d9-48dc-cbdb-a89e-5c68b9f72041" testName="Test_ParseThreeRecordSecondTooShort" computerName="BURSTINI" duration="00:00:00.0036767" startTime="2013-05-28T04:23:36.2699173+02:00" endTime="2013-05-28T04:23:36.2699173+02:00" testType="13cdc9d9-ddb5-4fa4-a97d-d965ccfc6d4b" outcome="Passed" testListId="8c84fa94-04c1-424b-9868-57a2d4851a1d" relativeResultsDirectory="7da8efe7-eac9-4136-8d59-98f5dc5e2306">
        </UnitTestResult>
        <UnitTestResult executionId="c692f443-5f95-4f89-8cc7-3e1fbf29fbae" testId="e1bec994-c6a6-d13c-d9bf-72c89bc30ff0" testName="Test_ParseThreeRecordTwoFirstIncorrect" computerName="BURSTINI" duration="00:00:00.0020779" startTime="2013-05-28T04:23:36.2699173+02:00" endTime="2013-05-28T04:23:36.2855424+02:00" testType="13cdc9d9-ddb5-4fa4-a97d-d965ccfc6d4b" outcome="Passed" testListId="8c84fa94-04c1-424b-9868-57a2d4851a1d" relativeResultsDirectory="c692f443-5f95-4f89-8cc7-3e1fbf29fbae">
        </UnitTestResult>
        <UnitTestResult executionId="5787d5ba-1820-418f-8932-9ff7d326d953" testId="8060efb1-937f-fc07-d654-d58be3705ea3" testName="Test_ParseThreeRecordTwoFirstIncorrectAndTooShort" computerName="BURSTINI" duration="00:00:00.0021673" startTime="2013-05-28T04:23:36.2855424+02:00" endTime="2013-05-28T04:23:36.2855424+02:00" testType="13cdc9d9-ddb5-4fa4-a97d-d965ccfc6d4b" outcome="Passed" testListId="8c84fa94-04c1-424b-9868-57a2d4851a1d" relativeResultsDirectory="5787d5ba-1820-418f-8932-9ff7d326d953">
        </UnitTestResult>
        <UnitTestResult executionId="a6d3f83d-ecf9-48a6-b25f-e91006185bc3" testId="530d7ece-6beb-7191-8b54-17f34db07f34" testName="Test_ParseTwoCorrectRecord" computerName="BURSTINI" duration="00:00:00.0004863" startTime="2013-05-28T04:23:36.2855424+02:00" endTime="2013-05-28T04:23:36.2855424+02:00" testType="13cdc9d9-ddb5-4fa4-a97d-d965ccfc6d4b" outcome="Passed" testListId="8c84fa94-04c1-424b-9868-57a2d4851a1d" relativeResultsDirectory="a6d3f83d-ecf9-48a6-b25f-e91006185bc3">
        </UnitTestResult>
        <UnitTestResult executionId="e099799b-48e3-46b4-b140-f4784b515aae" testId="25015ca8-1942-7e2f-9c24-661d7bf9cd4e" testName="Test_ParseTwoRecordFirstIncorrectAndTooShort" computerName="BURSTINI" duration="00:00:00.0021941" startTime="2013-05-28T04:23:36.3011675+02:00" endTime="2013-05-28T04:23:36.3011675+02:00" testType="13cdc9d9-ddb5-4fa4-a97d-d965ccfc6d4b" outcome="Passed" testListId="8c84fa94-04c1-424b-9868-57a2d4851a1d" relativeResultsDirectory="e099799b-48e3-46b4-b140-f4784b515aae">
        </UnitTestResult>
        <UnitTestResult executionId="9dd08408-eb83-42c1-a329-a6971124cfac" testId="f1f36931-1a41-4ec5-b54e-80bb52779c10" testName="Test_ParseTwoRecordFirstTooLong" computerName="BURSTINI" duration="00:00:00.0005288" startTime="2013-05-28T04:23:36.3011675+02:00" endTime="2013-05-28T04:23:36.3011675+02:00" testType="13cdc9d9-ddb5-4fa4-a97d-d965ccfc6d4b" outcome="Passed" testListId="8c84fa94-04c1-424b-9868-57a2d4851a1d" relativeResultsDirectory="9dd08408-eb83-42c1-a329-a6971124cfac">
        </UnitTestResult>
        <UnitTestResult executionId="7ac952c4-1b22-4e73-84e4-007e73402263" testId="18905ac0-e891-5110-9989-1fc71e7e448e" testName="Test_ParseTwoRecordFirstTooLongSecondCorrectWithoutEndLine" computerName="BURSTINI" duration="00:00:00.0004374" startTime="2013-05-28T04:23:36.3011675+02:00" endTime="2013-05-28T04:23:36.3167926+02:00" testType="13cdc9d9-ddb5-4fa4-a97d-d965ccfc6d4b" outcome="Passed" testListId="8c84fa94-04c1-424b-9868-57a2d4851a1d" relativeResultsDirectory="7ac952c4-1b22-4e73-84e4-007e73402263">
        </UnitTestResult>
        <UnitTestResult executionId="379b7b78-f4f0-44f6-845a-060e2dac2249" testId="89ec15df-e80d-9335-0ec6-437c445bc34c" testName="Test_ParseTwoRecordFirstTooLongSecondWithoutEndLine" computerName="BURSTINI" duration="00:00:00.0005612" startTime="2013-05-28T04:23:36.3167926+02:00" endTime="2013-05-28T04:23:36.3167926+02:00" testType="13cdc9d9-ddb5-4fa4-a97d-d965ccfc6d4b" outcome="Passed" testListId="8c84fa94-04c1-424b-9868-57a2d4851a1d" relativeResultsDirectory="379b7b78-f4f0-44f6-845a-060e2dac2249">
        </UnitTestResult>
        <UnitTestResult executionId="6c699b86-d748-4cb8-b499-d2484e8d6449" testId="514937d2-bc7a-de20-7c33-df269f9a9dfc" testName="Test_ParseTwoRecordLastWithoutEndLine" computerName="BURSTINI" duration="00:00:00.0005707" startTime="2013-05-28T04:23:36.3167926+02:00" endTime="2013-05-28T04:23:36.3167926+02:00" testType="13cdc9d9-ddb5-4fa4-a97d-d965ccfc6d4b" outcome="Passed" testListId="8c84fa94-04c1-424b-9868-57a2d4851a1d" relativeResultsDirectory="6c699b86-d748-4cb8-b499-d2484e8d6449">
        </UnitTestResult>
        <UnitTestResult executionId="c51b1cd6-3d33-4d1b-a7ff-c0176eab097e" testId="b7eb3062-86e6-a9db-3ecb-d78b1cf12e4f" testName="Test_GetPropertyTest" computerName="BURSTINI" duration="00:00:00.0015988" startTime="2013-05-28T04:23:36.3167926+02:00" endTime="2013-05-28T04:23:36.3324177+02:00" testType="13cdc9d9-ddb5-4fa4-a97d-d965ccfc6d4b" outcome="Passed" testListId="8c84fa94-04c1-424b-9868-57a2d4851a1d" relativeResultsDirectory="c51b1cd6-3d33-4d1b-a7ff-c0176eab097e">
        </UnitTestResult>
        <UnitTestResult executionId="82baa50d-2670-47cf-8180-8300a5baaf3d" testId="869fb567-3ba3-595f-d5e1-f151cfd29e28" testName="Test_ErrorWhenClearingNrNotInRange" computerName="BURSTINI" duration="00:00:00.0097956" startTime="2013-05-28T04:23:36.3324177+02:00" endTime="2013-05-28T04:23:36.3480428+02:00" testType="13cdc9d9-ddb5-4fa4-a97d-d965ccfc6d4b" outcome="Passed" testListId="8c84fa94-04c1-424b-9868-57a2d4851a1d" relativeResultsDirectory="82baa50d-2670-47cf-8180-8300a5baaf3d">
        </UnitTestResult>
        <UnitTestResult executionId="1b42759a-18ce-446a-a158-b0175b17712c" testId="c81972b8-cafc-4304-41a1-3fe88d05d8da" testName="Test_ErrorWhenFilialeNrNotInRange" computerName="BURSTINI" duration="00:00:00.0062907" startTime="2013-05-28T04:23:36.3480428+02:00" endTime="2013-05-28T04:23:36.3480428+02:00" testType="13cdc9d9-ddb5-4fa4-a97d-d965ccfc6d4b" outcome="Passed" testListId="8c84fa94-04c1-424b-9868-57a2d4851a1d" relativeResultsDirectory="1b42759a-18ce-446a-a158-b0175b17712c">
        </UnitTestResult>
        <UnitTestResult executionId="df28e423-eeb1-40e8-a62f-5de70209cea9" testId="f2e46d1d-3acb-b0f3-3d40-6c08af0f66f1" testName="Test_ErrorWhenGueltigAbIsNull" computerName="BURSTINI" duration="00:00:00.0057403" startTime="2013-05-28T04:23:36.3636679+02:00" endTime="2013-05-28T04:23:36.3636679+02:00" testType="13cdc9d9-ddb5-4fa4-a97d-d965ccfc6d4b" outcome="Passed" testListId="8c84fa94-04c1-424b-9868-57a2d4851a1d" relativeResultsDirectory="df28e423-eeb1-40e8-a62f-5de70209cea9">
        </UnitTestResult>
        <UnitTestResult executionId="d27d99f9-7b5a-4bed-a868-14d0d5aa7800" testId="2b3f65c2-65f4-d5c6-497f-44f8dba482ee" testName="Test_ErrorWhenNameEmpty" computerName="BURSTINI" duration="00:00:00.0054643" startTime="2013-05-28T04:23:36.3636679+02:00" endTime="2013-05-28T04:23:36.3792930+02:00" testType="13cdc9d9-ddb5-4fa4-a97d-d965ccfc6d4b" outcome="Passed" testListId="8c84fa94-04c1-424b-9868-57a2d4851a1d" relativeResultsDirectory="d27d99f9-7b5a-4bed-a868-14d0d5aa7800">
        </UnitTestResult>
        <UnitTestResult executionId="29e1ee45-e162-4b4f-84a9-69826abba692" testId="186d353e-fa3c-c0e9-a38e-a92028526f51" testName="Test_OkWhenClearingNrInRange" computerName="BURSTINI" duration="00:00:00.0086647" startTime="2013-05-28T04:23:36.3792930+02:00" endTime="2013-05-28T04:23:36.3949181+02:00" testType="13cdc9d9-ddb5-4fa4-a97d-d965ccfc6d4b" outcome="Passed" testListId="8c84fa94-04c1-424b-9868-57a2d4851a1d" relativeResultsDirectory="29e1ee45-e162-4b4f-84a9-69826abba692">
        </UnitTestResult>
        <UnitTestResult executionId="b7c82d73-a641-4c98-b5b3-a8bcb4c4d35c" testId="4d37f5ce-c3e0-59f7-85fa-b4ef3d853f99" testName="Test_OkWhenFilialeNrInRange" computerName="BURSTINI" duration="00:00:00.0052649" startTime="2013-05-28T04:23:36.3949181+02:00" endTime="2013-05-28T04:23:36.4105432+02:00" testType="13cdc9d9-ddb5-4fa4-a97d-d965ccfc6d4b" outcome="Passed" testListId="8c84fa94-04c1-424b-9868-57a2d4851a1d" relativeResultsDirectory="b7c82d73-a641-4c98-b5b3-a8bcb4c4d35c">
        </UnitTestResult>
        <UnitTestResult executionId="5cc2fdf8-0a3c-48cc-aa7e-2c7f2b89a764" testId="565f04c6-b8aa-3519-5264-acbe004f5e3b" testName="Test_OkWhenGueltigAbIsNotNull" computerName="BURSTINI" duration="00:00:00.0054451" startTime="2013-05-28T04:23:36.4105432+02:00" endTime="2013-05-28T04:23:36.4105432+02:00" testType="13cdc9d9-ddb5-4fa4-a97d-d965ccfc6d4b" outcome="Passed" testListId="8c84fa94-04c1-424b-9868-57a2d4851a1d" relativeResultsDirectory="5cc2fdf8-0a3c-48cc-aa7e-2c7f2b89a764">
        </UnitTestResult>
        <UnitTestResult executionId="6054d4f9-84cc-4f89-8863-2360368ff97f" testId="48c09c38-70cd-3ea4-61ac-7aa921f8cd38" testName="Test_OkWhenNameNotEmpty" computerName="BURSTINI" duration="00:00:00.0048721" startTime="2013-05-28T04:23:36.4105432+02:00" endTime="2013-05-28T04:23:36.4261683+02:00" testType="13cdc9d9-ddb5-4fa4-a97d-d965ccfc6d4b" outcome="Passed" testListId="8c84fa94-04c1-424b-9868-57a2d4851a1d" relativeResultsDirectory="6054d4f9-84cc-4f89-8863-2360368ff97f">
        </UnitTestResult>
        <UnitTestResult executionId="10b85628-8360-408a-a6ed-af8341a5803a" testId="57e186ec-8e87-ae13-8973-761f140c08a8" testName="Test_RuleBcArt" computerName="BURSTINI" duration="00:00:00.0096336" startTime="2013-05-28T04:23:36.4261683+02:00" endTime="2013-05-28T04:23:36.4417934+02:00" testType="13cdc9d9-ddb5-4fa4-a97d-d965ccfc6d4b" outcome="Passed" testListId="8c84fa94-04c1-424b-9868-57a2d4851a1d" relativeResultsDirectory="10b85628-8360-408a-a6ed-af8341a5803a">
        </UnitTestResult>
        <UnitTestResult executionId="fb544d55-0295-4e05-b4bc-3d24da80abd4" testId="42d4cb89-70ae-b87d-3592-aae6175dec97" testName="Test_RuleClearingNr" computerName="BURSTINI" duration="00:00:00.0044653" startTime="2013-05-28T04:23:36.4417934+02:00" endTime="2013-05-28T04:23:36.4417934+02:00" testType="13cdc9d9-ddb5-4fa4-a97d-d965ccfc6d4b" outcome="Passed" testListId="8c84fa94-04c1-424b-9868-57a2d4851a1d" relativeResultsDirectory="fb544d55-0295-4e05-b4bc-3d24da80abd4">
        </UnitTestResult>
        <UnitTestResult executionId="147eb967-6f07-4d59-a89f-9322d6685a1f" testId="7db55114-2805-35eb-463d-7c8f31e8b4ca" testName="Test_RuleClearingNrNEU" computerName="BURSTINI" duration="00:00:00.0052970" startTime="2013-05-28T04:23:36.4417934+02:00" endTime="2013-05-28T04:23:36.4574185+02:00" testType="13cdc9d9-ddb5-4fa4-a97d-d965ccfc6d4b" outcome="Passed" testListId="8c84fa94-04c1-424b-9868-57a2d4851a1d" relativeResultsDirectory="147eb967-6f07-4d59-a89f-9322d6685a1f">
        </UnitTestResult>
        <UnitTestResult executionId="1da62f10-cf95-4c68-bc22-2c4e05dc0c88" testId="0dc977e6-e5fb-f6ce-9cdf-ca8965f673c1" testName="Test_RuleFilialeNr" computerName="BURSTINI" duration="00:00:00.0059798" startTime="2013-05-28T04:23:36.4574185+02:00" endTime="2013-05-28T04:23:36.4730436+02:00" testType="13cdc9d9-ddb5-4fa4-a97d-d965ccfc6d4b" outcome="Passed" testListId="8c84fa94-04c1-424b-9868-57a2d4851a1d" relativeResultsDirectory="1da62f10-cf95-4c68-bc22-2c4e05dc0c88">
        </UnitTestResult>
        <UnitTestResult executionId="4ec084fe-f458-4c78-b46e-bd24a1426aeb" testId="ea62c1f6-fcbc-f24d-8352-4ed30c0c8dbe" testName="Test_RuleGruppe" computerName="BURSTINI" duration="00:00:00.0049754" startTime="2013-05-28T04:23:36.4730436+02:00" endTime="2013-05-28T04:23:36.4730436+02:00" testType="13cdc9d9-ddb5-4fa4-a97d-d965ccfc6d4b" outcome="Passed" testListId="8c84fa94-04c1-424b-9868-57a2d4851a1d" relativeResultsDirectory="4ec084fe-f458-4c78-b46e-bd24a1426aeb">
        </UnitTestResult>
        <UnitTestResult executionId="84356d17-a263-4763-bc0d-9bdc8039e73c" testId="3a77ed93-09eb-bff6-df5c-96d5af51a483" testName="Test_RuleGueltigAb" computerName="BURSTINI" duration="00:00:00.0042522" startTime="2013-05-28T04:23:36.4730436+02:00" endTime="2013-05-28T04:23:36.4886687+02:00" testType="13cdc9d9-ddb5-4fa4-a97d-d965ccfc6d4b" outcome="Passed" testListId="8c84fa94-04c1-424b-9868-57a2d4851a1d" relativeResultsDirectory="84356d17-a263-4763-bc0d-9bdc8039e73c">
        </UnitTestResult>
        <UnitTestResult executionId="70ca2216-93ed-4099-a31b-b56e1673efd6" testId="e66cf475-76cf-2525-9edc-5365178d7bd2" testName="Test_RuleHauptsitzBcl" computerName="BURSTINI" duration="00:00:00.0051841" startTime="2013-05-28T04:23:36.4886687+02:00" endTime="2013-05-28T04:23:36.5042938+02:00" testType="13cdc9d9-ddb5-4fa4-a97d-d965ccfc6d4b" outcome="Passed" testListId="8c84fa94-04c1-424b-9868-57a2d4851a1d" relativeResultsDirectory="70ca2216-93ed-4099-a31b-b56e1673efd6">
        </UnitTestResult>
        <UnitTestResult executionId="6b8740bb-e33c-4783-b60e-a8ef04c326b2" testId="51720503-aeab-2101-9a6c-7962f42e3b4f" testName="Test_RuleLandcode" computerName="BURSTINI" duration="00:00:00.0045346" startTime="2013-05-28T04:23:36.5042938+02:00" endTime="2013-05-28T04:23:36.5042938+02:00" testType="13cdc9d9-ddb5-4fa4-a97d-d965ccfc6d4b" outcome="Passed" testListId="8c84fa94-04c1-424b-9868-57a2d4851a1d" relativeResultsDirectory="6b8740bb-e33c-4783-b60e-a8ef04c326b2">
        </UnitTestResult>
        <UnitTestResult executionId="cb5e5cd0-8d69-49ce-a641-fe7f2989feaa" testId="204f9aad-ffc6-9dac-2c59-bb8f262a8650" testName="Test_RuleName" computerName="BURSTINI" duration="00:00:00.0056099" startTime="2013-05-28T04:23:36.5042938+02:00" endTime="2013-05-28T04:23:36.5199189+02:00" testType="13cdc9d9-ddb5-4fa4-a97d-d965ccfc6d4b" outcome="Passed" testListId="8c84fa94-04c1-424b-9868-57a2d4851a1d" relativeResultsDirectory="cb5e5cd0-8d69-49ce-a641-fe7f2989feaa">
        </UnitTestResult>
        <UnitTestResult executionId="702e4758-b862-4f45-bf9e-f0ec8c359da0" testId="0488a5fb-1a6b-f214-223a-9b00f5013c63" testName="Test_RulePcKontoNr" computerName="BURSTINI" duration="00:00:00.0068416" startTime="2013-05-28T04:23:36.5199189+02:00" endTime="2013-05-28T04:23:36.5355440+02:00" testType="13cdc9d9-ddb5-4fa4-a97d-d965ccfc6d4b" outcome="Passed" testListId="8c84fa94-04c1-424b-9868-57a2d4851a1d" relativeResultsDirectory="702e4758-b862-4f45-bf9e-f0ec8c359da0">
        </UnitTestResult>
        <UnitTestResult executionId="b51ce208-5898-4d92-b764-552c0b33f98b" testId="6c950fab-8f34-d2d7-1cac-5fd0af37212f" testName="Test_RuleSicNr" computerName="BURSTINI" duration="00:00:00.0058680" startTime="2013-05-28T04:23:36.5355440+02:00" endTime="2013-05-28T04:23:36.5355440+02:00" testType="13cdc9d9-ddb5-4fa4-a97d-d965ccfc6d4b" outcome="Passed" testListId="8c84fa94-04c1-424b-9868-57a2d4851a1d" relativeResultsDirectory="b51ce208-5898-4d92-b764-552c0b33f98b">
        </UnitTestResult>
        <UnitTestResult executionId="3b9f1660-e4bb-4368-b3fd-e4459e081590" testId="878041d0-e80d-0df3-462b-f9ba7c7c1f5d" testName="Test_RuleSprachcode" computerName="BURSTINI" duration="00:00:00.0048760" startTime="2013-05-28T04:23:36.5355440+02:00" endTime="2013-05-28T04:23:36.5511691+02:00" testType="13cdc9d9-ddb5-4fa4-a97d-d965ccfc6d4b" outcome="Passed" testListId="8c84fa94-04c1-424b-9868-57a2d4851a1d" relativeResultsDirectory="3b9f1660-e4bb-4368-b3fd-e4459e081590">
        </UnitTestResult>
        <UnitTestResult executionId="3c76516b-1eb4-4e1c-9872-1d58c1296406" testId="6ba753bf-cd12-cd23-f9c6-a0a4ba935806" testName="Test_RuleSwiftAdresse" computerName="BURSTINI" duration="00:00:00.0064036" startTime="2013-05-28T04:23:36.5511691+02:00" endTime="2013-05-28T04:23:36.5667942+02:00" testType="13cdc9d9-ddb5-4fa4-a97d-d965ccfc6d4b" outcome="Passed" testListId="8c84fa94-04c1-424b-9868-57a2d4851a1d" relativeResultsDirectory="3c76516b-1eb4-4e1c-9872-1d58c1296406">
        </UnitTestResult>
        <UnitTestResult executionId="74ad51c0-a10d-4e26-9ee5-370baa54b4fe" testId="a62d1246-7dc1-9706-b940-7063f8c61254" testName="Test_RuleTeilnahmecodeChf" computerName="BURSTINI" duration="00:00:00.0049637" startTime="2013-05-28T04:23:36.5667942+02:00" endTime="2013-05-28T04:23:36.5667942+02:00" testType="13cdc9d9-ddb5-4fa4-a97d-d965ccfc6d4b" outcome="Passed" testListId="8c84fa94-04c1-424b-9868-57a2d4851a1d" relativeResultsDirectory="74ad51c0-a10d-4e26-9ee5-370baa54b4fe">
        </UnitTestResult>
        <UnitTestResult executionId="8b06b1f6-d807-402f-bc67-d26562f95c5c" testId="8202bbeb-be65-d568-06ee-09144396b041" testName="Test_RuleTeilnahmecodeEuro" computerName="BURSTINI" duration="00:00:00.0092553" startTime="2013-05-28T04:23:36.5667942+02:00" endTime="2013-05-28T04:23:36.5824193+02:00" testType="13cdc9d9-ddb5-4fa4-a97d-d965ccfc6d4b" outcome="Passed" testListId="8c84fa94-04c1-424b-9868-57a2d4851a1d" relativeResultsDirectory="8b06b1f6-d807-402f-bc67-d26562f95c5c">
        </UnitTestResult>
        <UnitTestResult executionId="2c0e3501-8c12-4f85-b9d8-5dc9b8434934" testId="94d956e8-5687-4511-0bc4-b322550bd16d" testName="Test_ValidateBankOk" computerName="BURSTINI" duration="00:00:00.0033646" startTime="2013-05-28T04:23:36.5824193+02:00" endTime="2013-05-28T04:23:36.5980444+02:00" testType="13cdc9d9-ddb5-4fa4-a97d-d965ccfc6d4b" outcome="Passed" testListId="8c84fa94-04c1-424b-9868-57a2d4851a1d" relativeResultsDirectory="2c0e3501-8c12-4f85-b9d8-5dc9b8434934">
        </UnitTestResult>
        <UnitTestResult executionId="cfae2c17-38f3-4daa-8dcb-b32d3035421c" testId="25a61415-e6ef-21a0-95db-dd23411bac86" testName="Test_ValidateBankWithClearingNrNotInRange" computerName="BURSTINI" duration="00:00:00.0049048" startTime="2013-05-28T04:23:36.5980444+02:00" endTime="2013-05-28T04:23:36.5980444+02:00" testType="13cdc9d9-ddb5-4fa4-a97d-d965ccfc6d4b" outcome="Passed" testListId="8c84fa94-04c1-424b-9868-57a2d4851a1d" relativeResultsDirectory="cfae2c17-38f3-4daa-8dcb-b32d3035421c">
        </UnitTestResult>
        <UnitTestResult executionId="949f6e4a-7462-4eb4-9456-2fc1a3913e37" testId="79e7fa07-d859-75e0-506d-06021fe6fbd1" testName="Test_ValidateBankWithInvalidMustField" computerName="BURSTINI" duration="00:00:00.0042952" startTime="2013-05-28T04:23:36.5980444+02:00" endTime="2013-05-28T04:23:36.6136695+02:00" testType="13cdc9d9-ddb5-4fa4-a97d-d965ccfc6d4b" outcome="Passed" testListId="8c84fa94-04c1-424b-9868-57a2d4851a1d" relativeResultsDirectory="949f6e4a-7462-4eb4-9456-2fc1a3913e37">
        </UnitTestResult>
        <UnitTestResult executionId="4501158e-0f83-4b77-bf7d-660af0c86c27" testId="46d1ad09-1d7a-c4ab-661a-6c01b5fd1154" testName="Test_ValidateWholeBankOk" computerName="BURSTINI" duration="00:00:00.0038683" startTime="2013-05-28T04:23:36.6136695+02:00" endTime="2013-05-28T04:23:36.6292946+02:00" testType="13cdc9d9-ddb5-4fa4-a97d-d965ccfc6d4b" outcome="Passed" testListId="8c84fa94-04c1-424b-9868-57a2d4851a1d" relativeResultsDirectory="4501158e-0f83-4b77-bf7d-660af0c86c27">
        </UnitTestResult>
        <UnitTestResult executionId="3bc69cf2-0153-4619-a473-3f7a18e0d18a" testId="b2972154-280e-595a-4452-1f4ae7d1d494" testName="Test_ValidateWholeBankWithInvalidField" computerName="BURSTINI" duration="00:00:00.0042617" startTime="2013-05-28T04:23:36.6292946+02:00" endTime="2013-05-28T04:23:36.6292946+02:00" testType="13cdc9d9-ddb5-4fa4-a97d-d965ccfc6d4b" outcome="Passed" testListId="8c84fa94-04c1-424b-9868-57a2d4851a1d" relativeResultsDirectory="3bc69cf2-0153-4619-a473-3f7a18e0d18a">
        </UnitTestResult>
        <UnitTestResult executionId="896af7a1-07a9-42bb-8c6a-087960a09e2e" testId="3851a5d6-02fa-ad7b-38c4-90d47c1eb3bb" testName="GetAlter_Geburtsdatum" computerName="BURSTINI" duration="00:00:00.0452219" startTime="2013-05-28T04:23:36.6292946+02:00" endTime="2013-05-28T04:23:36.9417966+02:00" testType="13cdc9d9-ddb5-4fa4-a97d-d965ccfc6d4b" outcome="Passed" testListId="8c84fa94-04c1-424b-9868-57a2d4851a1d" relativeResultsDirectory="896af7a1-07a9-42bb-8c6a-087960a09e2e">
        </UnitTestResult>
        <UnitTestResult executionId="b37784d2-22a5-4352-93e2-426b1dc55c4e" testId="cd083bb8-76c1-ee8e-1f45-20819147eaec" testName="GetAlter_Geburtsdatum_Berechnung_Vor_Geburtstag_Im_Jahr" computerName="BURSTINI" duration="00:00:00.0013764" startTime="2013-05-28T04:23:36.9417966+02:00" endTime="2013-05-28T04:23:36.9417966+02:00" testType="13cdc9d9-ddb5-4fa4-a97d-d965ccfc6d4b" outcome="Passed" testListId="8c84fa94-04c1-424b-9868-57a2d4851a1d" relativeResultsDirectory="b37784d2-22a5-4352-93e2-426b1dc55c4e">
        </UnitTestResult>
        <UnitTestResult executionId="25576da6-abf2-4eb3-a226-cf99056a5db5" testId="2ac17ea7-31a7-7036-ebbc-8bfb3e591fc5" testName="GetAlter_Geburtsdatum_Referenzdatum_Trotz_Sterbedatum" computerName="BURSTINI" duration="00:00:00.0022648" startTime="2013-05-28T04:23:36.9574217+02:00" endTime="2013-05-28T04:23:36.9574217+02:00" testType="13cdc9d9-ddb5-4fa4-a97d-d965ccfc6d4b" outcome="Passed" testListId="8c84fa94-04c1-424b-9868-57a2d4851a1d" relativeResultsDirectory="25576da6-abf2-4eb3-a226-cf99056a5db5">
        </UnitTestResult>
        <UnitTestResult executionId="5b2e9de9-2f38-45e0-b0fd-494a3e07d469" testId="e6bcacf8-0151-0a87-c575-f161af022554" testName="GetAlter_Geburtsdatum_Referenzdatum_Vor_Geburtsdatum" computerName="BURSTINI" duration="00:00:00.0010339" startTime="2013-05-28T04:23:36.9574217+02:00" endTime="2013-05-28T04:23:36.9574217+02:00" testType="13cdc9d9-ddb5-4fa4-a97d-d965ccfc6d4b" outcome="Passed" testListId="8c84fa94-04c1-424b-9868-57a2d4851a1d" relativeResultsDirectory="5b2e9de9-2f38-45e0-b0fd-494a3e07d469">
        </UnitTestResult>
        <UnitTestResult executionId="9fdca16a-fa48-46a6-b4a2-d9119bf10b07" testId="89ac5f19-4394-0799-2cd5-bb77cd43e77b" testName="GetAlter_Geburtsdatum_Sterbedatum_Statt_Referenzdatum" computerName="BURSTINI" duration="00:00:00.0012157" startTime="2013-05-28T04:23:36.9574217+02:00" endTime="2013-05-28T04:23:36.9730468+02:00" testType="13cdc9d9-ddb5-4fa4-a97d-d965ccfc6d4b" outcome="Passed" testListId="8c84fa94-04c1-424b-9868-57a2d4851a1d" relativeResultsDirectory="9fdca16a-fa48-46a6-b4a2-d9119bf10b07">
        </UnitTestResult>
        <UnitTestResult executionId="77fe6d2d-c05b-473a-a6f3-60a944739354" testId="918db99d-82ca-371e-9670-611648da3a4b" testName="BetragJaehrlich_SetBetragMonatlich_BetragJaehrlichIsSet" computerName="BURSTINI" duration="00:00:00.0054942" startTime="2013-05-28T04:23:36.9730468+02:00" endTime="2013-05-28T04:23:36.9730468+02:00" testType="13cdc9d9-ddb5-4fa4-a97d-d965ccfc6d4b" outcome="Passed" testListId="8c84fa94-04c1-424b-9868-57a2d4851a1d" relativeResultsDirectory="77fe6d2d-c05b-473a-a6f3-60a944739354">
        </UnitTestResult>
        <UnitTestResult executionId="89afeb8d-24e4-4e1a-b042-05df3f86e3d5" testId="fa1a11ca-aa4b-bc21-7eb9-fe48ea443c9c" testName="BetragMonatlich_SetBetragJaehrlich_BetragMonatlichIsSet" computerName="BURSTINI" duration="00:00:00.0005573" startTime="2013-05-28T04:23:36.9886719+02:00" endTime="2013-05-28T04:23:36.9886719+02:00" testType="13cdc9d9-ddb5-4fa4-a97d-d965ccfc6d4b" outcome="Passed" testListId="8c84fa94-04c1-424b-9868-57a2d4851a1d" relativeResultsDirectory="89afeb8d-24e4-4e1a-b042-05df3f86e3d5">
        </UnitTestResult>
        <UnitTestResult executionId="b8063b32-f648-4e30-8813-f52f7d8885a1" testId="b1ac53d6-b5dc-0c46-0002-5c5cbcb16283" testName="TestPostkontoUnformatiert_ConvertBackSingle" computerName="BURSTINI" duration="00:00:00.9831048" startTime="2013-05-28T04:23:36.9886719+02:00" endTime="2013-05-28T04:23:38.2855552+02:00" testType="13cdc9d9-ddb5-4fa4-a97d-d965ccfc6d4b" outcome="Passed" testListId="8c84fa94-04c1-424b-9868-57a2d4851a1d" relativeResultsDirectory="b8063b32-f648-4e30-8813-f52f7d8885a1">
        </UnitTestResult>
        <UnitTestResult executionId="6af5f135-5661-4637-8a98-938226160f3b" testId="15e1bbf6-183f-d332-6f5c-e2d979c2dd7e" testName="TestPostkontoUnformatiert_ConvertMulti_OnlyBankkonto" computerName="BURSTINI" duration="00:00:00.0014764" startTime="2013-05-28T04:23:38.2855552+02:00" endTime="2013-05-28T04:23:38.2855552+02:00" testType="13cdc9d9-ddb5-4fa4-a97d-d965ccfc6d4b" outcome="Passed" testListId="8c84fa94-04c1-424b-9868-57a2d4851a1d" relativeResultsDirectory="6af5f135-5661-4637-8a98-938226160f3b">
        </UnitTestResult>
        <UnitTestResult executionId="fdc29533-f98d-48c3-8f93-079231991e87" testId="be5a80e7-f54b-0186-60a9-4fcd68c14b21" testName="TestPostkontoUnformatiert_ConvertMulti_OnlyPostkonto" computerName="BURSTINI" duration="00:00:00.0009626" startTime="2013-05-28T04:23:38.2855552+02:00" endTime="2013-05-28T04:23:38.3011803+02:00" testType="13cdc9d9-ddb5-4fa4-a97d-d965ccfc6d4b" outcome="Passed" testListId="8c84fa94-04c1-424b-9868-57a2d4851a1d" relativeResultsDirectory="fdc29533-f98d-48c3-8f93-079231991e87">
        </UnitTestResult>
        <UnitTestResult executionId="17140fd9-cff7-43e3-bb4f-7229c55fc786" testId="73c7c0d4-3c81-5c21-ef1a-1ba891ac8e4b" testName="TestPostkontoUnformatiert_ConvertMulti_PostkontoAndBankkonto" computerName="BURSTINI" duration="00:00:00.0011526" startTime="2013-05-28T04:23:38.3011803+02:00" endTime="2013-05-28T04:23:38.3011803+02:00" testType="13cdc9d9-ddb5-4fa4-a97d-d965ccfc6d4b" outcome="Passed" testListId="8c84fa94-04c1-424b-9868-57a2d4851a1d" relativeResultsDirectory="17140fd9-cff7-43e3-bb4f-7229c55fc786">
        </UnitTestResult>
        <UnitTestResult executionId="6a1d229d-f9b4-4454-a207-3edf5ce8fdbc" testId="a69e586c-dea4-8cb4-3d2a-e578f6714ff1" testName="TestPostkontoUnformatiert_ConvertSingle" computerName="BURSTINI" duration="00:00:00.0010132" startTime="2013-05-28T04:23:38.3011803+02:00" endTime="2013-05-28T04:23:38.3168054+02:00" testType="13cdc9d9-ddb5-4fa4-a97d-d965ccfc6d4b" outcome="Passed" testListId="8c84fa94-04c1-424b-9868-57a2d4851a1d" relativeResultsDirectory="6a1d229d-f9b4-4454-a207-3edf5ce8fdbc">
        </UnitTestResult>
        <UnitTestResult executionId="5d49b539-8f2c-42d9-82ab-de7e2472481a" testId="23f561bd-1fb9-aa1a-fb84-886320f51d36" testName="Test_EscapedImport" computerName="BURSTINI" duration="00:00:00.3234953" startTime="2013-05-28T04:23:38.3168054+02:00" endTime="2013-05-28T04:23:38.9261843+02:00" testType="13cdc9d9-ddb5-4fa4-a97d-d965ccfc6d4b" outcome="Passed" testListId="8c84fa94-04c1-424b-9868-57a2d4851a1d" relativeResultsDirectory="5d49b539-8f2c-42d9-82ab-de7e2472481a">
        </UnitTestResult>
        <UnitTestResult executionId="47f919d0-322a-4f43-858d-c5acff861591" testId="52976acd-8aef-ec96-228e-dd1d1ca2e31b" testName="Test_SimpleImport" computerName="BURSTINI" duration="00:00:00.0022290" startTime="2013-05-28T04:23:38.9261843+02:00" endTime="2013-05-28T04:23:38.9418094+02:00" testType="13cdc9d9-ddb5-4fa4-a97d-d965ccfc6d4b" outcome="Passed" testListId="8c84fa94-04c1-424b-9868-57a2d4851a1d" relativeResultsDirectory="47f919d0-322a-4f43-858d-c5acff861591">
        </UnitTestResult>
        <UnitTestResult executionId="1da95f79-ec20-420d-b1a3-190e55ba132f" testId="2fb2a4a5-2eeb-7768-54ee-3db1b8bdbb7b" testName="Test_Utils_ConvertToBool" computerName="BURSTINI" duration="00:00:00.1372738" startTime="2013-05-28T04:23:38.9418094+02:00" endTime="2013-05-28T04:23:39.3636871+02:00" testType="13cdc9d9-ddb5-4fa4-a97d-d965ccfc6d4b" outcome="Passed" testListId="8c84fa94-04c1-424b-9868-57a2d4851a1d" relativeResultsDirectory="1da95f79-ec20-420d-b1a3-190e55ba132f">
        </UnitTestResult>
        <UnitTestResult executionId="9924f6f1-cd70-4c9e-a39d-c2298b132df1" testId="6952d85f-a789-56e0-c9b8-d8d42a97589b" testName="Test_Utils_ConvertToInt" computerName="BURSTINI" duration="00:00:00.0006486" startTime="2013-05-28T04:23:39.3636871+02:00" endTime="2013-05-28T04:23:39.3636871+02:00" testType="13cdc9d9-ddb5-4fa4-a97d-d965ccfc6d4b" outcome="Passed" testListId="8c84fa94-04c1-424b-9868-57a2d4851a1d" relativeResultsDirectory="9924f6f1-cd70-4c9e-a39d-c2298b132df1">
        </UnitTestResult>
        <UnitTestResult executionId="c52041d9-3548-4077-b58e-3690ed58f7e8" testId="f3c85bac-1ab0-f0e4-6d9c-ad5500f2cd9a" testName="Test_Utils_RoundMoney" computerName="BURSTINI" duration="00:00:00.0056655" startTime="2013-05-28T04:23:39.3636871+02:00" endTime="2013-05-28T04:23:39.3793122+02:00" testType="13cdc9d9-ddb5-4fa4-a97d-d965ccfc6d4b" outcome="Passed" testListId="8c84fa94-04c1-424b-9868-57a2d4851a1d" relativeResultsDirectory="c52041d9-3548-4077-b58e-3690ed58f7e8">
        </UnitTestResult>
        <UnitTestResult executionId="ecaa6519-e3fb-4f4b-8f4a-b6156fc1002b" testId="90a8f4a3-d2b5-9f6b-02ca-14c1da2d68e1" testName="Test_FavoriteNameOk" computerName="BURSTINI" duration="00:00:00.0201740" startTime="2013-05-28T04:23:39.3793122+02:00" endTime="2013-05-28T04:23:41.8012027+02:00" testType="13cdc9d9-ddb5-4fa4-a97d-d965ccfc6d4b" outcome="Passed" testListId="8c84fa94-04c1-424b-9868-57a2d4851a1d" relativeResultsDirectory="ecaa6519-e3fb-4f4b-8f4a-b6156fc1002b">
        </UnitTestResult>
        <UnitTestResult executionId="6fd14f3a-6df0-4ab7-88e2-7dea9ed6eb64" testId="f6e40c84-775e-6127-9223-5edc9d2e4606" testName="Test_FavoriteNameEmptyString" computerName="BURSTINI" duration="00:00:00.0003078" startTime="2013-05-28T04:23:41.8168278+02:00" endTime="2013-05-28T04:23:41.8168278+02:00" testType="13cdc9d9-ddb5-4fa4-a97d-d965ccfc6d4b" outcome="Passed" testListId="8c84fa94-04c1-424b-9868-57a2d4851a1d" relativeResultsDirectory="6fd14f3a-6df0-4ab7-88e2-7dea9ed6eb64">
        </UnitTestResult>
        <UnitTestResult executionId="aeef07aa-c950-4ef6-aafb-9d52bc89fbb2" testId="bc4ebe5c-231b-b2d3-077d-2a2916091a38" testName="Test_FavoriteNameOnlySpaces" computerName="BURSTINI" duration="00:00:00.0002078" startTime="2013-05-28T04:23:41.8168278+02:00" endTime="2013-05-28T04:23:41.8168278+02:00" testType="13cdc9d9-ddb5-4fa4-a97d-d965ccfc6d4b" outcome="Passed" testListId="8c84fa94-04c1-424b-9868-57a2d4851a1d" relativeResultsDirectory="aeef07aa-c950-4ef6-aafb-9d52bc89fbb2">
        </UnitTestResult>
        <UnitTestResult executionId="ab6266c0-6c5e-4926-bd07-fbefe74fd809" testId="0bef3933-3bd9-2293-329b-d48180963a9e" testName="Test_FavoriteNameTooLong" computerName="BURSTINI" duration="00:00:00.0001966" startTime="2013-05-28T04:23:41.8168278+02:00" endTime="2013-05-28T04:23:41.8324529+02:00" testType="13cdc9d9-ddb5-4fa4-a97d-d965ccfc6d4b" outcome="Passed" testListId="8c84fa94-04c1-424b-9868-57a2d4851a1d" relativeResultsDirectory="ab6266c0-6c5e-4926-bd07-fbefe74fd809">
        </UnitTestResult>
        <UnitTestResult executionId="3cb1dbd5-284e-4136-b0a9-ed025f64aa6f" testId="3ab093c9-e9bd-bd61-14af-3f410975aa33" testName="Test_FavoriteNameOk" computerName="BURSTINI" duration="00:00:00.0313294" startTime="2013-05-28T04:23:41.8324529+02:00" endTime="2013-05-28T04:23:41.8637031+02:00" testType="13cdc9d9-ddb5-4fa4-a97d-d965ccfc6d4b" outcome="Passed" testListId="8c84fa94-04c1-424b-9868-57a2d4851a1d" relativeResultsDirectory="3cb1dbd5-284e-4136-b0a9-ed025f64aa6f">
        </UnitTestResult>
        <UnitTestResult executionId="41a3f496-1758-4684-a81a-5d52be7d3289" testId="5466c26f-876d-eb47-dc22-e3ef844340e0" testName="Test_FavoriteNameEmptyString" computerName="BURSTINI" duration="00:00:00.0052291" startTime="2013-05-28T04:23:41.8637031+02:00" endTime="2013-05-28T04:23:41.8793282+02:00" testType="13cdc9d9-ddb5-4fa4-a97d-d965ccfc6d4b" outcome="Passed" testListId="8c84fa94-04c1-424b-9868-57a2d4851a1d" relativeResultsDirectory="41a3f496-1758-4684-a81a-5d52be7d3289">
        </UnitTestResult>
        <UnitTestResult executionId="4518da6a-bfeb-4baa-9f86-e5e0e2306dc9" testId="4c677963-2ba8-387d-b544-835ecd654a96" testName="Test_FavoriteNameOnlySpaces" computerName="BURSTINI" duration="00:00:00.0005713" startTime="2013-05-28T04:23:41.8793282+02:00" endTime="2013-05-28T04:23:41.8793282+02:00" testType="13cdc9d9-ddb5-4fa4-a97d-d965ccfc6d4b" outcome="Passed" testListId="8c84fa94-04c1-424b-9868-57a2d4851a1d" relativeResultsDirectory="4518da6a-bfeb-4baa-9f86-e5e0e2306dc9">
        </UnitTestResult>
        <UnitTestResult executionId="ad4f72e2-2c64-4d89-9a14-26451115c26c" testId="8128752c-b306-2d1d-1c8b-243eef322bee" testName="Test_FavoriteNameTooLong" computerName="BURSTINI" duration="00:00:00.0019234" startTime="2013-05-28T04:23:41.8793282+02:00" endTime="2013-05-28T04:23:41.8949533+02:00" testType="13cdc9d9-ddb5-4fa4-a97d-d965ccfc6d4b" outcome="Passed" testListId="8c84fa94-04c1-424b-9868-57a2d4851a1d" relativeResultsDirectory="ad4f72e2-2c64-4d89-9a14-26451115c26c">
        </UnitTestResult>
        <UnitTestResult executionId="fcb64703-6a7b-4047-acf5-55f390291458" testId="bfcb8c04-1d3f-a83f-389f-7720f1f0918f" testName="Test_FavoriteNameOk" computerName="BURSTINI" duration="00:00:00.0002662" startTime="2013-05-28T04:23:41.8949533+02:00" endTime="2013-05-28T04:23:41.8949533+02:00" testType="13cdc9d9-ddb5-4fa4-a97d-d965ccfc6d4b" outcome="Passed" testListId="8c84fa94-04c1-424b-9868-57a2d4851a1d" relativeResultsDirectory="fcb64703-6a7b-4047-acf5-55f390291458">
        </UnitTestResult>
        <UnitTestResult executionId="a954cddd-3bbb-41b8-a1af-f0e81794338a" testId="53661b11-c745-48b2-edf1-898cfa9ef740" testName="Test_FavoriteNameEmptyString" computerName="BURSTINI" duration="00:00:00.0003603" startTime="2013-05-28T04:23:41.8949533+02:00" endTime="2013-05-28T04:23:41.8949533+02:00" testType="13cdc9d9-ddb5-4fa4-a97d-d965ccfc6d4b" outcome="Passed" testListId="8c84fa94-04c1-424b-9868-57a2d4851a1d" relativeResultsDirectory="a954cddd-3bbb-41b8-a1af-f0e81794338a">
        </UnitTestResult>
        <UnitTestResult executionId="01269fe6-1eb1-45a2-ad6b-8e71c369901e" testId="7ae5cd42-f5fa-314a-7a2a-f80f7df804ba" testName="Test_FavoriteNameOnlySpaces" computerName="BURSTINI" duration="00:00:00.0002430" startTime="2013-05-28T04:23:41.8949533+02:00" endTime="2013-05-28T04:23:41.9105784+02:00" testType="13cdc9d9-ddb5-4fa4-a97d-d965ccfc6d4b" outcome="Passed" testListId="8c84fa94-04c1-424b-9868-57a2d4851a1d" relativeResultsDirectory="01269fe6-1eb1-45a2-ad6b-8e71c369901e">
        </UnitTestResult>
        <UnitTestResult executionId="1a78099c-f394-49d7-b355-126501cadd40" testId="5352e54c-8788-e7d6-5506-27d8c4b86c9a" testName="Test_FavoriteNameTooLong" computerName="BURSTINI" duration="00:00:00.0002030" startTime="2013-05-28T04:23:41.9105784+02:00" endTime="2013-05-28T04:23:41.9105784+02:00" testType="13cdc9d9-ddb5-4fa4-a97d-d965ccfc6d4b" outcome="Passed" testListId="8c84fa94-04c1-424b-9868-57a2d4851a1d" relativeResultsDirectory="1a78099c-f394-49d7-b355-126501cadd40">
        </UnitTestResult>
        <UnitTestResult executionId="cbad1955-827a-4228-b689-901314b914c7" testId="be383277-9fa2-94ff-7a15-b71a63f3983a" testName="Test_DtaRecordFactoryFibuBankIbanOK" computerName="BURSTINI" duration="00:00:00.2458320" startTime="2013-05-28T04:23:41.9105784+02:00" endTime="2013-05-28T04:23:42.4574569+02:00" testType="13cdc9d9-ddb5-4fa4-a97d-d965ccfc6d4b" outcome="Passed" testListId="8c84fa94-04c1-424b-9868-57a2d4851a1d" relativeResultsDirectory="cbad1955-827a-4228-b689-901314b914c7">
        </UnitTestResult>
        <UnitTestResult executionId="8f676b07-85e4-4914-b065-3689714684af" testId="ef49fa79-465d-21d8-98b6-d9beb9894758" testName="Test_DtaRecordFactoryFibuBankNoIbanOK" computerName="BURSTINI" duration="00:00:00.0050118" startTime="2013-05-28T04:23:42.4574569+02:00" endTime="2013-05-28T04:23:42.4574569+02:00" testType="13cdc9d9-ddb5-4fa4-a97d-d965ccfc6d4b" outcome="Passed" testListId="8c84fa94-04c1-424b-9868-57a2d4851a1d" relativeResultsDirectory="8f676b07-85e4-4914-b065-3689714684af">
        </UnitTestResult>
        <UnitTestResult executionId="cb0c113c-527c-44d0-b7a3-19e9d6bb2600" testId="29ffd185-cd79-fd5b-88f3-40e42c61732b" testName="Test_DtaRecordFactoryFibuFalsePaymentInformationNOK" computerName="BURSTINI" duration="00:00:00.0038594" startTime="2013-05-28T04:23:42.4730820+02:00" endTime="2013-05-28T04:23:42.4887071+02:00" testType="13cdc9d9-ddb5-4fa4-a97d-d965ccfc6d4b" outcome="Passed" testListId="8c84fa94-04c1-424b-9868-57a2d4851a1d" relativeResultsDirectory="cb0c113c-527c-44d0-b7a3-19e9d6bb2600">
        </UnitTestResult>
        <UnitTestResult executionId="0bfe3d23-910d-4e65-a9e0-4a462f8b6655" testId="577300b3-e1ce-0257-4d88-a2c0363ac254" testName="Test_DtaRecordFactoryKlibuBankzahlungIbanOK" computerName="BURSTINI" duration="00:00:00.0008833" startTime="2013-05-28T04:23:42.4887071+02:00" endTime="2013-05-28T04:23:42.4887071+02:00" testType="13cdc9d9-ddb5-4fa4-a97d-d965ccfc6d4b" outcome="Passed" testListId="8c84fa94-04c1-424b-9868-57a2d4851a1d" relativeResultsDirectory="0bfe3d23-910d-4e65-a9e0-4a462f8b6655">
        </UnitTestResult>
        <UnitTestResult executionId="00db78ea-1b2d-43f4-89ff-b7114edcf46d" testId="424019e2-33f0-2722-b86f-6c7ecd0b892c" testName="Test_DtaRecordFactoryKlibuNOK" computerName="BURSTINI" duration="00:00:00.0004629" startTime="2013-05-28T04:23:42.5043322+02:00" endTime="2013-05-28T04:23:42.5043322+02:00" testType="13cdc9d9-ddb5-4fa4-a97d-d965ccfc6d4b" outcome="Passed" testListId="8c84fa94-04c1-424b-9868-57a2d4851a1d" relativeResultsDirectory="00db78ea-1b2d-43f4-89ff-b7114edcf46d">
        </UnitTestResult>
        <UnitTestResult executionId="b54ebbd5-cdea-4280-8f2e-363a7d76b4a8" testId="261ee8e0-1289-32f8-f7fd-d1d88e96857e" testName="Test_DtaRecordFactoryKlibuOK" computerName="BURSTINI" duration="00:00:00.0003631" startTime="2013-05-28T04:23:42.5043322+02:00" endTime="2013-05-28T04:23:42.5043322+02:00" testType="13cdc9d9-ddb5-4fa4-a97d-d965ccfc6d4b" outcome="Passed" testListId="8c84fa94-04c1-424b-9868-57a2d4851a1d" relativeResultsDirectory="b54ebbd5-cdea-4280-8f2e-363a7d76b4a8">
        </UnitTestResult>
        <UnitTestResult executionId="5abdd411-6d51-4beb-81fc-d8b2860e1469" testId="b89e7a0e-afd4-a97a-a30b-db83b62957e0" testName="Test_DtaRecordFactoryKlibuRecordLenghtBankIbanOK" computerName="BURSTINI" duration="00:00:00.0268911" startTime="2013-05-28T04:23:42.5199573+02:00" endTime="2013-05-28T04:23:42.5512075+02:00" testType="13cdc9d9-ddb5-4fa4-a97d-d965ccfc6d4b" outcome="Passed" testListId="8c84fa94-04c1-424b-9868-57a2d4851a1d" relativeResultsDirectory="5abdd411-6d51-4beb-81fc-d8b2860e1469">
        </UnitTestResult>
        <UnitTestResult executionId="2998c336-0053-4b11-8553-a4e0ae875a20" testId="87d6c31c-fe9b-047c-1f61-cb345c9d23a3" testName="Test_DtaRecordFactoryKlibuRecordLenghtBankNoIbanOK" computerName="BURSTINI" duration="00:00:00.0033325" startTime="2013-05-28T04:23:42.5512075+02:00" endTime="2013-05-28T04:23:42.5512075+02:00" testType="13cdc9d9-ddb5-4fa4-a97d-d965ccfc6d4b" outcome="Passed" testListId="8c84fa94-04c1-424b-9868-57a2d4851a1d" relativeResultsDirectory="2998c336-0053-4b11-8553-a4e0ae875a20">
        </UnitTestResult>
        <UnitTestResult executionId="35cd65e1-5434-4bf7-885f-c4aab6d5d98a" testId="78677b6a-9216-5b31-82a3-7d8fe23f1757" testName="Test_Length826" computerName="BURSTINI" duration="00:00:00.0732523" startTime="2013-05-28T04:23:42.5512075+02:00" endTime="2013-05-28T04:23:42.6293330+02:00" testType="13cdc9d9-ddb5-4fa4-a97d-d965ccfc6d4b" outcome="Passed" testListId="8c84fa94-04c1-424b-9868-57a2d4851a1d" relativeResultsDirectory="35cd65e1-5434-4bf7-885f-c4aab6d5d98a">
        </UnitTestResult>
        <UnitTestResult executionId="42616211-853e-4aef-8eec-cee1e463cf22" testId="11c1f801-4a8b-0bcd-2c10-648e04f6c61c" testName="Test_Length827" computerName="BURSTINI" duration="00:00:00.0011562" startTime="2013-05-28T04:23:42.6293330+02:00" endTime="2013-05-28T04:23:42.6449581+02:00" testType="13cdc9d9-ddb5-4fa4-a97d-d965ccfc6d4b" outcome="Passed" testListId="8c84fa94-04c1-424b-9868-57a2d4851a1d" relativeResultsDirectory="42616211-853e-4aef-8eec-cee1e463cf22">
        </UnitTestResult>
        <UnitTestResult executionId="3657d1c3-6594-431d-b65d-457e05ed5d7d" testId="fc5741b1-d7d7-3835-afcd-cc1153f3a11d" testName="Test_Length836_Mitteilungstext" computerName="BURSTINI" duration="00:00:00.0006305" startTime="2013-05-28T04:23:42.6449581+02:00" endTime="2013-05-28T04:23:42.6449581+02:00" testType="13cdc9d9-ddb5-4fa4-a97d-d965ccfc6d4b" outcome="Passed" testListId="8c84fa94-04c1-424b-9868-57a2d4851a1d" relativeResultsDirectory="3657d1c3-6594-431d-b65d-457e05ed5d7d">
        </UnitTestResult>
        <UnitTestResult executionId="52309b7f-96d2-45b5-9d21-646839d0da3b" testId="9b2a90d4-8780-032f-1a6e-501c69ac3e9c" testName="Test_Length836_MitteilungstextZuLang" computerName="BURSTINI" duration="00:00:00.0005483" startTime="2013-05-28T04:23:42.6449581+02:00" endTime="2013-05-28T04:23:42.6449581+02:00" testType="13cdc9d9-ddb5-4fa4-a97d-d965ccfc6d4b" outcome="Passed" testListId="8c84fa94-04c1-424b-9868-57a2d4851a1d" relativeResultsDirectory="52309b7f-96d2-45b5-9d21-646839d0da3b">
        </UnitTestResult>
        <UnitTestResult executionId="cd0a78b2-d5c5-4e4c-8c4a-5fdb6d1a0fa8" testId="5bbc164c-0a70-32b7-227b-9aac8695beba" testName="Test_Length836_Referenzzeile" computerName="BURSTINI" duration="00:00:00.0011481" startTime="2013-05-28T04:23:42.6449581+02:00" endTime="2013-05-28T04:23:42.6605832+02:00" testType="13cdc9d9-ddb5-4fa4-a97d-d965ccfc6d4b" outcome="Passed" testListId="8c84fa94-04c1-424b-9868-57a2d4851a1d" relativeResultsDirectory="cd0a78b2-d5c5-4e4c-8c4a-5fdb6d1a0fa8">
        </UnitTestResult>
        <UnitTestResult executionId="7ef5f476-a520-4136-8ab8-bf6b236faad4" testId="0d491669-de44-8e9f-5aa4-45dcc22b41fb" testName="Test_Verguetungsbetrag827" computerName="BURSTINI" duration="00:00:00.0004752" startTime="2013-05-28T04:23:42.6605832+02:00" endTime="2013-05-28T04:23:42.6605832+02:00" testType="13cdc9d9-ddb5-4fa4-a97d-d965ccfc6d4b" outcome="Passed" testListId="8c84fa94-04c1-424b-9868-57a2d4851a1d" relativeResultsDirectory="7ef5f476-a520-4136-8ab8-bf6b236faad4">
        </UnitTestResult>
        <UnitTestResult executionId="eb29a916-1581-4a92-b8e6-3c07c95a797b" testId="95936405-755a-2f41-1c07-c3b2f1837b75" testName="Test_Verguetungsbetrag836" computerName="BURSTINI" duration="00:00:00.0004492" startTime="2013-05-28T04:23:42.6605832+02:00" endTime="2013-05-28T04:23:42.6605832+02:00" testType="13cdc9d9-ddb5-4fa4-a97d-d965ccfc6d4b" outcome="Passed" testListId="8c84fa94-04c1-424b-9868-57a2d4851a1d" relativeResultsDirectory="eb29a916-1581-4a92-b8e6-3c07c95a797b">
        </UnitTestResult>
        <UnitTestResult executionId="6a65fd93-33b5-4be4-a23d-d40bf93f152f" testId="eed2b637-b236-97e1-814c-240a070a5405" testName="Test_Verguetungsbetrag836FourDecimals" computerName="BURSTINI" duration="00:00:00.0005464" startTime="2013-05-28T04:23:42.6605832+02:00" endTime="2013-05-28T04:23:42.6762083+02:00" testType="13cdc9d9-ddb5-4fa4-a97d-d965ccfc6d4b" outcome="Passed" testListId="8c84fa94-04c1-424b-9868-57a2d4851a1d" relativeResultsDirectory="6a65fd93-33b5-4be4-a23d-d40bf93f152f">
        </UnitTestResult>
        <UnitTestResult executionId="1f74eedd-1229-49e4-a666-0ffba9df95c7" testId="a96657ee-3d64-1bcd-694e-46e9a6b6d27c" testName="Test_Verguetungsbetrag836FourDecimalsNok" computerName="BURSTINI" duration="00:00:00.0005151" startTime="2013-05-28T04:23:42.6762083+02:00" endTime="2013-05-28T04:23:42.6762083+02:00" testType="13cdc9d9-ddb5-4fa4-a97d-d965ccfc6d4b" outcome="Passed" testListId="8c84fa94-04c1-424b-9868-57a2d4851a1d" relativeResultsDirectory="1f74eedd-1229-49e4-a666-0ffba9df95c7">
        </UnitTestResult>
        <UnitTestResult executionId="49b279e9-7cb9-4228-a370-883037382472" testId="da8a17b7-a70a-c0b2-c06d-054e05d40867" testName="Test_Verguetungsbetrag836NoDecimals" computerName="BURSTINI" duration="00:00:00.0004352" startTime="2013-05-28T04:23:42.6762083+02:00" endTime="2013-05-28T04:23:42.6762083+02:00" testType="13cdc9d9-ddb5-4fa4-a97d-d965ccfc6d4b" outcome="Passed" testListId="8c84fa94-04c1-424b-9868-57a2d4851a1d" relativeResultsDirectory="49b279e9-7cb9-4228-a370-883037382472">
        </UnitTestResult>
        <UnitTestResult executionId="38f1e374-22b8-49a7-97e3-e02137eb2fd2" testId="290380cb-7c25-6b2e-5431-af726bc6b763" testName="InsertPendenz_JustExecuting" computerName="BURSTINI" duration="00:00:00.0834011" startTime="2013-05-28T04:23:42.6762083+02:00" endTime="2013-05-28T04:23:42.7699589+02:00" testType="13cdc9d9-ddb5-4fa4-a97d-d965ccfc6d4b" outcome="Passed" testListId="8c84fa94-04c1-424b-9868-57a2d4851a1d" relativeResultsDirectory="38f1e374-22b8-49a7-97e3-e02137eb2fd2">
        </UnitTestResult>
        <UnitTestResult executionId="a19bc0b7-721c-42e2-a310-6974baad6ffc" testId="5a93a515-6be9-9b6d-241b-c88501809c8b" testName="T01_NurGBL" computerName="BURSTINI" duration="00:00:15.3264409" startTime="2013-05-28T04:23:42.7699589+02:00" endTime="2013-05-28T04:23:58.4106840+02:00" testType="13cdc9d9-ddb5-4fa4-a97d-d965ccfc6d4b" outcome="Passed" testListId="8c84fa94-04c1-424b-9868-57a2d4851a1d" relativeResultsDirectory="a19bc0b7-721c-42e2-a310-6974baad6ffc">
            <Output>
                <DebugTrace>DBVersion: 4.5.31.0</DebugTrace>
            </Output>
        </UnitTestResult>
        <UnitTestResult executionId="675327bf-bd8c-4324-b487-4f608e2c4037" testId="097c4be9-22f6-4312-f211-52d6a83905bc" testName="T02_GblMieteKvg" computerName="BURSTINI" duration="00:00:00.8156352" startTime="2013-05-28T04:23:58.4106840+02:00" endTime="2013-05-28T04:23:59.2231892+02:00" testType="13cdc9d9-ddb5-4fa4-a97d-d965ccfc6d4b" outcome="Passed" testListId="8c84fa94-04c1-424b-9868-57a2d4851a1d" relativeResultsDirectory="675327bf-bd8c-4324-b487-4f608e2c4037">
            <Output>
                <DebugTrace>DBVersion: 4.5.31.0</DebugTrace>
            </Output>
        </UnitTestResult>
        <UnitTestResult executionId="b356034a-3b1f-4282-9233-99ef74a0a553" testId="23eb2fbb-0237-a001-bfb7-660ed8208fd1" testName="T03_NichtAbgetreteneEinnahmen" computerName="BURSTINI" duration="00:00:00.8920298" startTime="2013-05-28T04:23:59.2388143+02:00" endTime="2013-05-28T04:24:00.1294450+02:00" testType="13cdc9d9-ddb5-4fa4-a97d-d965ccfc6d4b" outcome="Passed" testListId="8c84fa94-04c1-424b-9868-57a2d4851a1d" relativeResultsDirectory="b356034a-3b1f-4282-9233-99ef74a0a553">
            <Output>
                <DebugTrace>DBVersion: 4.5.31.0</DebugTrace>
            </Output>
        </UnitTestResult>
        <UnitTestResult executionId="0ec386b3-7bab-499c-b189-14233a2501ca" testId="f41fa1f7-d2f5-dcfb-712f-8777d92d1733" testName="T04_ZweiNichtAbgetreteneEinnahmen" computerName="BURSTINI" duration="00:00:00.9134552" startTime="2013-05-28T04:24:00.1294450+02:00" endTime="2013-05-28T04:24:01.0513259+02:00" testType="13cdc9d9-ddb5-4fa4-a97d-d965ccfc6d4b" outcome="Passed" testListId="8c84fa94-04c1-424b-9868-57a2d4851a1d" relativeResultsDirectory="0ec386b3-7bab-499c-b189-14233a2501ca">
            <Output>
                <DebugTrace>DBVersion: 4.5.31.0</DebugTrace>
            </Output>
        </UnitTestResult>
        <UnitTestResult executionId="105a112a-5cc2-4f0d-a16d-33c26b33a5a4" testId="476a1207-a2f2-5701-9405-419a32bd4b48" testName="T05_Verrechnung" computerName="BURSTINI" duration="00:00:00.7585916" startTime="2013-05-28T04:24:01.0513259+02:00" endTime="2013-05-28T04:24:01.8169558+02:00" testType="13cdc9d9-ddb5-4fa4-a97d-d965ccfc6d4b" outcome="Passed" testListId="8c84fa94-04c1-424b-9868-57a2d4851a1d" relativeResultsDirectory="105a112a-5cc2-4f0d-a16d-33c26b33a5a4">
            <Output>
                <DebugTrace>DBVersion: 4.5.31.0</DebugTrace>
            </Output>
        </UnitTestResult>
        <UnitTestResult executionId="11d0d544-9f13-41a8-8986-94fb013e6f8d" testId="75467f79-0df8-d1aa-d415-656da760dbac" testName="T06_VerrechnungOhnePositionsart" computerName="BURSTINI" duration="00:00:00.8084879" startTime="2013-05-28T04:24:01.8169558+02:00" endTime="2013-05-28T04:24:02.6294610+02:00" testType="13cdc9d9-ddb5-4fa4-a97d-d965ccfc6d4b" outcome="Passed" testListId="8c84fa94-04c1-424b-9868-57a2d4851a1d" relativeResultsDirectory="11d0d544-9f13-41a8-8986-94fb013e6f8d">
            <Output>
                <DebugTrace>DBVersion: 4.5.31.0</DebugTrace>
            </Output>
        </UnitTestResult>
        <UnitTestResult executionId="a400c009-2a42-4913-808d-a908f4763b75" testId="f5c289d1-9947-8019-4237-d6894169e2ee" testName="T07_EinzelzahlungVomGbl" computerName="BURSTINI" duration="00:00:01.0131790" startTime="2013-05-28T04:24:02.6294610+02:00" endTime="2013-05-28T04:24:03.6450925+02:00" testType="13cdc9d9-ddb5-4fa4-a97d-d965ccfc6d4b" outcome="Passed" testListId="8c84fa94-04c1-424b-9868-57a2d4851a1d" relativeResultsDirectory="a400c009-2a42-4913-808d-a908f4763b75">
            <Output>
                <DebugTrace>DBVersion: 4.5.31.0</DebugTrace>
            </Output>
        </UnitTestResult>
        <UnitTestResult executionId="9291829c-aca1-4f4f-b421-6d64e06bd7cb" testId="ad347048-651a-87bb-429a-bfc5e0f08a2f" testName="T08_EinzelzahlungVomGblUndVerrechnung" computerName="BURSTINI" duration="00:00:00.4658857" startTime="2013-05-28T04:24:03.6450925+02:00" endTime="2013-05-28T04:24:04.1138455+02:00" testType="13cdc9d9-ddb5-4fa4-a97d-d965ccfc6d4b" outcome="Passed" testListId="8c84fa94-04c1-424b-9868-57a2d4851a1d" relativeResultsDirectory="9291829c-aca1-4f4f-b421-6d64e06bd7cb">
            <Output>
                <DebugTrace>DBVersion: 4.5.31.0</DebugTrace>
            </Output>
        </UnitTestResult>
        <UnitTestResult executionId="18068802-1e27-48be-a0e3-04699c9a28ed" testId="f435cbad-1293-e7b0-683f-1dca0173df0e" testName="T09_GblAufAusgabekontoUndVerrechnung" computerName="BURSTINI" duration="00:00:00.6817953" startTime="2013-05-28T04:24:04.1138455+02:00" endTime="2013-05-28T04:24:04.8013499+02:00" testType="13cdc9d9-ddb5-4fa4-a97d-d965ccfc6d4b" outcome="Passed" testListId="8c84fa94-04c1-424b-9868-57a2d4851a1d" relativeResultsDirectory="18068802-1e27-48be-a0e3-04699c9a28ed">
            <Output>
                <DebugTrace>DBVersion: 4.5.31.0</DebugTrace>
            </Output>
        </UnitTestResult>
        <UnitTestResult executionId="35f714ac-b980-4615-a2dc-b94795a70e42" testId="578beedf-15d4-d490-fa82-565220dc00c1" testName="T10_GblAufAusgabekontoUndEzVomGblUndVerrechnung" computerName="BURSTINI" duration="00:00:00.6313274" startTime="2013-05-28T04:24:04.8169750+02:00" endTime="2013-05-28T04:24:05.4419790+02:00" testType="13cdc9d9-ddb5-4fa4-a97d-d965ccfc6d4b" outcome="Passed" testListId="8c84fa94-04c1-424b-9868-57a2d4851a1d" relativeResultsDirectory="35f714ac-b980-4615-a2dc-b94795a70e42">
            <Output>
                <DebugTrace>DBVersion: 4.5.31.0</DebugTrace>
            </Output>
        </UnitTestResult>
        <UnitTestResult executionId="7b7ddcf7-ad69-49ef-b4d1-54759a770bc4" testId="c643173c-7523-55b1-4dfb-7a6e8439c5d0" testName="T11_ZweiNichtAbgetreteneEinnahmen_GblReichtNicht" computerName="BURSTINI" duration="00:00:00.5445728" startTime="2013-05-28T04:24:05.4419790+02:00" endTime="2013-05-28T04:24:06.0044826+02:00" testType="13cdc9d9-ddb5-4fa4-a97d-d965ccfc6d4b" outcome="Passed" testListId="8c84fa94-04c1-424b-9868-57a2d4851a1d" relativeResultsDirectory="7b7ddcf7-ad69-49ef-b4d1-54759a770bc4">
            <Output>
                <DebugTrace>DBVersion: 4.5.31.0</DebugTrace>
            </Output>
        </UnitTestResult>
        <UnitTestResult executionId="079e76e1-34c2-47f5-8a5e-1735f5d11578" testId="a98029ff-cfa3-ca58-86cc-d6d02ab84651" testName="T12_Sanktion_Verrechnung_Einnahme" computerName="BURSTINI" duration="00:00:00.7126388" startTime="2013-05-28T04:24:06.0044826+02:00" endTime="2013-05-28T04:24:06.7232372+02:00" testType="13cdc9d9-ddb5-4fa4-a97d-d965ccfc6d4b" outcome="Passed" testListId="8c84fa94-04c1-424b-9868-57a2d4851a1d" relativeResultsDirectory="079e76e1-34c2-47f5-8a5e-1735f5d11578">
            <Output>
                <DebugTrace>DBVersion: 4.5.31.0</DebugTrace>
            </Output>
        </UnitTestResult>
        <UnitTestResult executionId="1cd23fdb-9e88-49eb-8fb2-bc9eeb93cff0" testId="5fc833d4-5ab0-2fed-04f1-fca122446efe" testName="T13_NegativeEinnahme" computerName="BURSTINI" duration="00:00:01.0254951" startTime="2013-05-28T04:24:06.7232372+02:00" endTime="2013-05-28T04:24:07.7544938+02:00" testType="13cdc9d9-ddb5-4fa4-a97d-d965ccfc6d4b" outcome="Passed" testListId="8c84fa94-04c1-424b-9868-57a2d4851a1d" relativeResultsDirectory="1cd23fdb-9e88-49eb-8fb2-bc9eeb93cff0">
            <Output>
                <DebugTrace>DBVersion: 4.5.31.0</DebugTrace>
            </Output>
        </UnitTestResult>
    </Results>
</TestRun>